[2.323s] Invoking command in '/workspaces/ros2/ros2_ws/src/my_package': PYTHONPATH=/workspaces/ros2/ros2_ws/build/my_package/prefix_override:/workspaces/ros2/ros2_ws/install/my_package/lib/python3.10/site-packages:${PYTHONPATH} /usr/bin/python3 -W ignore:setup.py install is deprecated setup.py egg_info --egg-base ../../build/my_package build --build-base /workspaces/ros2/ros2_ws/build/my_package/build install --record /workspaces/ros2/ros2_ws/build/my_package/install.log --single-version-externally-managed install_data
[3.053s] running egg_info
[3.059s] writing ../../build/my_package/my_package.egg-info/PKG-INFO
[3.066s] writing dependency_links to ../../build/my_package/my_package.egg-info/dependency_links.txt
[3.074s] writing entry points to ../../build/my_package/my_package.egg-info/entry_points.txt
[3.079s] writing requirements to ../../build/my_package/my_package.egg-info/requires.txt
[3.083s] writing top-level names to ../../build/my_package/my_package.egg-info/top_level.txt
[3.128s] reading manifest file '../../build/my_package/my_package.egg-info/SOURCES.txt'
[3.173s] adding license file 'LICENSE'
[3.194s] writing manifest file '../../build/my_package/my_package.egg-info/SOURCES.txt'
[3.197s] running build
[3.197s] running build_py
[3.224s] running install
[3.225s] running install_lib
[3.306s] running install_data
[3.330s] copying package.xml -> /workspaces/ros2/ros2_ws/install/my_package/share/my_package
[3.344s] running install_egg_info
[3.353s] removing '/workspaces/ros2/ros2_ws/install/my_package/lib/python3.10/site-packages/my_package-0.0.0-py3.10.egg-info' (and everything under it)
[3.408s] Copying ../../build/my_package/my_package.egg-info to /workspaces/ros2/ros2_ws/install/my_package/lib/python3.10/site-packages/my_package-0.0.0-py3.10.egg-info
[3.620s] running install_scripts
[3.673s] Installing my_node script to /workspaces/ros2/ros2_ws/install/my_package/lib/my_package
[3.684s] writing list of installed files to '/workspaces/ros2/ros2_ws/build/my_package/install.log'
[3.957s] Invoked command in '/workspaces/ros2/ros2_ws/src/my_package' returned '0': PYTHONPATH=/workspaces/ros2/ros2_ws/build/my_package/prefix_override:/workspaces/ros2/ros2_ws/install/my_package/lib/python3.10/site-packages:${PYTHONPATH} /usr/bin/python3 -W ignore:setup.py install is deprecated setup.py egg_info --egg-base ../../build/my_package build --build-base /workspaces/ros2/ros2_ws/build/my_package/build install --record /workspaces/ros2/ros2_ws/build/my_package/install.log --single-version-externally-managed install_data
