[0.032s] Invoking command in '/workspaces/ros2/ros2_ws/build/turtlesim': CMAKE_PREFIX_PATH=/opt/ros/humble /usr/bin/cmake /workspaces/ros2/ros2_ws/src/ros_tutorials/turtlesim -DCMAKE_INSTALL_PREFIX=/workspaces/ros2/ros2_ws/install/turtlesim
[0.174s] -- The C compiler identification is GNU 11.4.0
[0.301s] -- The CXX compiler identification is GNU 11.4.0
[0.337s] -- Detecting C compiler ABI info
[0.649s] -- Detecting C compiler ABI info - done
[0.666s] -- Check for working C compiler: /usr/bin/cc - skipped
[0.666s] -- Detecting C compile features
[0.667s] -- Detecting C compile features - done
[0.703s] -- Detecting CXX compiler ABI info
[1.075s] -- Detecting CXX compiler ABI info - done
[1.093s] -- Check for working CXX compiler: /usr/bin/c++ - skipped
[1.093s] -- Detecting CXX compile features
[1.094s] -- Detecting CXX compile features - done
[1.126s] -- Found ament_cmake: 1.3.8 (/opt/ros/humble/share/ament_cmake/cmake)
[1.242s] -- Found Python3: /usr/bin/python3 (found version "3.10.12") found components: Interpreter 
[1.363s] -- Found ament_index_cpp: 1.4.0 (/opt/ros/humble/share/ament_index_cpp/cmake)
[1.364s] -- Found geometry_msgs: 4.2.3 (/opt/ros/humble/share/geometry_msgs/cmake)
[1.392s] -- Found rosidl_generator_c: 3.1.5 (/opt/ros/humble/share/rosidl_generator_c/cmake)
[1.396s] -- Found rosidl_adapter: 3.1.5 (/opt/ros/humble/share/rosidl_adapter/cmake)
[1.402s] -- Found rosidl_generator_cpp: 3.1.5 (/opt/ros/humble/share/rosidl_generator_cpp/cmake)
[1.413s] -- Using all available rosidl_typesupport_c: rosidl_typesupport_fastrtps_c;rosidl_typesupport_introspection_c
[1.430s] -- Using all available rosidl_typesupport_cpp: rosidl_typesupport_fastrtps_cpp;rosidl_typesupport_introspection_cpp
[1.540s] -- Found rclcpp: 16.0.8 (/opt/ros/humble/share/rclcpp/cmake)
[1.585s] -- Found rmw_implementation_cmake: 6.1.1 (/opt/ros/humble/share/rmw_implementation_cmake/cmake)
[1.588s] -- Found rmw_fastrtps_cpp: 6.2.6 (/opt/ros/humble/share/rmw_fastrtps_cpp/cmake)
[1.655s] -- Found OpenSSL: /usr/lib/x86_64-linux-gnu/libcrypto.so (found version "3.0.2")  
[1.682s] -- Found FastRTPS: /opt/ros/humble/include  
[1.725s] -- Using RMW implementation 'rmw_fastrtps_cpp' as default
[1.755s] -- Looking for pthread.h
[2.056s] -- Looking for pthread.h - found
[2.062s] -- Performing Test CMAKE_HAVE_LIBC_PTHREAD
[2.371s] -- Performing Test CMAKE_HAVE_LIBC_PTHREAD - Success
[2.374s] -- Found Threads: TRUE  
[2.480s] -- Found rclcpp_action: 16.0.8 (/opt/ros/humble/share/rclcpp_action/cmake)
[2.556s] -- Found rosidl_default_generators: 1.2.0 (/opt/ros/humble/share/rosidl_default_generators/cmake)
[2.566s] -- Found std_srvs: 4.2.3 (/opt/ros/humble/share/std_srvs/cmake)
[3.523s] -- Found ament_cmake_ros: 0.10.0 (/opt/ros/humble/share/ament_cmake_ros/cmake)
[4.351s] -- Using all available rosidl_typesupport_c: rosidl_typesupport_fastrtps_c;rosidl_typesupport_introspection_c
[4.633s] -- Using all available rosidl_typesupport_cpp: rosidl_typesupport_fastrtps_cpp;rosidl_typesupport_introspection_cpp
[4.653s] -- Found PythonInterp: /usr/bin/python3 (found suitable version "3.10.12", minimum required is "3.6") 
[4.654s] -- Found python_cmake_module: 0.10.0 (/opt/ros/humble/share/python_cmake_module/cmake)
[4.672s] -- Found PythonLibs: /usr/lib/x86_64-linux-gnu/libpython3.10.so (found suitable version "3.10.12", minimum required is "3.5") 
[4.673s] -- Using PYTHON_EXECUTABLE: /usr/bin/python3
[4.674s] -- Using PYTHON_INCLUDE_DIRS: /usr/include/python3.10
[4.674s] -- Using PYTHON_LIBRARIES: /usr/lib/x86_64-linux-gnu/libpython3.10.so
[4.689s] -- Found PythonExtra: .so  
[5.449s] -- Configuring done
[7.230s] -- Generating done
[7.410s] -- Build files have been written to: /workspaces/ros2/ros2_ws/build/turtlesim
[7.420s] Invoked command in '/workspaces/ros2/ros2_ws/build/turtlesim' returned '0': CMAKE_PREFIX_PATH=/opt/ros/humble /usr/bin/cmake /workspaces/ros2/ros2_ws/src/ros_tutorials/turtlesim -DCMAKE_INSTALL_PREFIX=/workspaces/ros2/ros2_ws/install/turtlesim
[7.429s] Invoking command in '/workspaces/ros2/ros2_ws/build/turtlesim': CMAKE_PREFIX_PATH=/opt/ros/humble /usr/bin/cmake --build /workspaces/ros2/ros2_ws/build/turtlesim -- -j16 -l16
[7.592s] [  1%] [34m[1mGenerating C code for ROS interfaces[0m
[7.609s] [  2%] [34m[1mGenerating C++ code for ROS interfaces[0m
[7.620s] [  2%] Built target ament_cmake_python_copy_turtlesim
[7.868s] running egg_info
[7.869s] creating turtlesim.egg-info
[7.871s] writing turtlesim.egg-info/PKG-INFO
[7.874s] writing dependency_links to turtlesim.egg-info/dependency_links.txt
[7.878s] writing top-level names to turtlesim.egg-info/top_level.txt
[7.881s] writing manifest file 'turtlesim.egg-info/SOURCES.txt'
[7.892s] reading manifest file 'turtlesim.egg-info/SOURCES.txt'
[7.906s] writing manifest file 'turtlesim.egg-info/SOURCES.txt'
[7.935s] [  2%] Built target ament_cmake_python_build_turtlesim_egg
[8.764s] [  2%] Built target turtlesim__cpp
[8.795s] [  4%] [34m[1mGenerating C++ introspection for ROS interfaces[0m
[8.797s] [  4%] [34m[1mGenerating C++ type support dispatch for ROS interfaces[0m
[8.802s] [  5%] [34m[1mGenerating C++ type support for eProsima Fast-RTPS[0m
[9.089s] [  6%] [32mBuilding C object CMakeFiles/turtlesim__rosidl_generator_c.dir/rosidl_generator_c/turtlesim/action/detail/rotate_absolute__functions.c.o[0m
[9.092s] [  7%] [32mBuilding C object CMakeFiles/turtlesim__rosidl_generator_c.dir/rosidl_generator_c/turtlesim/msg/detail/color__functions.c.o[0m
[9.097s] [  8%] [32mBuilding C object CMakeFiles/turtlesim__rosidl_generator_c.dir/rosidl_generator_c/turtlesim/msg/detail/pose__functions.c.o[0m
[9.104s] [  9%] [32mBuilding C object CMakeFiles/turtlesim__rosidl_generator_c.dir/rosidl_generator_c/turtlesim/srv/detail/kill__functions.c.o[0m
[9.107s] [ 10%] [32mBuilding C object CMakeFiles/turtlesim__rosidl_generator_c.dir/rosidl_generator_c/turtlesim/srv/detail/set_pen__functions.c.o[0m
[9.112s] [ 11%] [32mBuilding C object CMakeFiles/turtlesim__rosidl_generator_c.dir/rosidl_generator_c/turtlesim/srv/detail/spawn__functions.c.o[0m
[9.118s] [ 12%] [32mBuilding C object CMakeFiles/turtlesim__rosidl_generator_c.dir/rosidl_generator_c/turtlesim/srv/detail/teleport_absolute__functions.c.o[0m
[9.123s] [ 13%] [32mBuilding C object CMakeFiles/turtlesim__rosidl_generator_c.dir/rosidl_generator_c/turtlesim/srv/detail/teleport_relative__functions.c.o[0m
[9.415s] [ 14%] [32m[1mLinking C shared library libturtlesim__rosidl_generator_c.so[0m
[9.495s] [ 15%] [32mBuilding CXX object CMakeFiles/turtlesim__rosidl_typesupport_cpp.dir/rosidl_typesupport_cpp/turtlesim/action/rotate_absolute__type_support.cpp.o[0m
[9.498s] [ 16%] [32mBuilding CXX object CMakeFiles/turtlesim__rosidl_typesupport_cpp.dir/rosidl_typesupport_cpp/turtlesim/msg/color__type_support.cpp.o[0m
[9.502s] [ 17%] [32mBuilding CXX object CMakeFiles/turtlesim__rosidl_typesupport_cpp.dir/rosidl_typesupport_cpp/turtlesim/msg/pose__type_support.cpp.o[0m
[9.510s] [ 18%] [32mBuilding CXX object CMakeFiles/turtlesim__rosidl_typesupport_cpp.dir/rosidl_typesupport_cpp/turtlesim/srv/kill__type_support.cpp.o[0m
[9.514s] [ 19%] [32mBuilding CXX object CMakeFiles/turtlesim__rosidl_typesupport_cpp.dir/rosidl_typesupport_cpp/turtlesim/srv/set_pen__type_support.cpp.o[0m
[9.519s] [ 20%] [32mBuilding CXX object CMakeFiles/turtlesim__rosidl_typesupport_cpp.dir/rosidl_typesupport_cpp/turtlesim/srv/spawn__type_support.cpp.o[0m
[9.524s] [ 21%] [32mBuilding CXX object CMakeFiles/turtlesim__rosidl_typesupport_cpp.dir/rosidl_typesupport_cpp/turtlesim/srv/teleport_absolute__type_support.cpp.o[0m
[9.528s] [ 22%] [32mBuilding CXX object CMakeFiles/turtlesim__rosidl_typesupport_cpp.dir/rosidl_typesupport_cpp/turtlesim/srv/teleport_relative__type_support.cpp.o[0m
[9.655s] [ 22%] Built target turtlesim__rosidl_generator_c
[9.700s] [ 24%] [34m[1mGenerating C type support dispatch for ROS interfaces[0m
[9.701s] [ 24%] [34m[1mGenerating C type support for eProsima Fast-RTPS[0m
[9.707s] [ 25%] [34m[1mGenerating C introspection for ROS interfaces[0m
[9.861s] [ 26%] [32mBuilding CXX object CMakeFiles/turtlesim__rosidl_typesupport_introspection_cpp.dir/rosidl_typesupport_introspection_cpp/turtlesim/action/detail/rotate_absolute__type_support.cpp.o[0m
[9.878s] [ 27%] [32mBuilding CXX object CMakeFiles/turtlesim__rosidl_typesupport_introspection_cpp.dir/rosidl_typesupport_introspection_cpp/turtlesim/msg/detail/color__type_support.cpp.o[0m
[9.889s] [ 28%] [32mBuilding CXX object CMakeFiles/turtlesim__rosidl_typesupport_introspection_cpp.dir/rosidl_typesupport_introspection_cpp/turtlesim/msg/detail/pose__type_support.cpp.o[0m
[9.898s] [ 29%] [32mBuilding CXX object CMakeFiles/turtlesim__rosidl_typesupport_introspection_cpp.dir/rosidl_typesupport_introspection_cpp/turtlesim/srv/detail/kill__type_support.cpp.o[0m
[10.165s] [ 30%] [32mBuilding CXX object CMakeFiles/turtlesim__rosidl_typesupport_fastrtps_cpp.dir/rosidl_typesupport_fastrtps_cpp/turtlesim/action/detail/dds_fastrtps/rotate_absolute__type_support.cpp.o[0m
[10.344s] [ 31%] [32mBuilding CXX object CMakeFiles/turtlesim__rosidl_typesupport_introspection_cpp.dir/rosidl_typesupport_introspection_cpp/turtlesim/srv/detail/set_pen__type_support.cpp.o[0m
[10.355s] [ 32%] [32mBuilding CXX object CMakeFiles/turtlesim__rosidl_typesupport_fastrtps_cpp.dir/rosidl_typesupport_fastrtps_cpp/turtlesim/msg/detail/dds_fastrtps/color__type_support.cpp.o[0m
[10.365s] [ 34%] [32mBuilding CXX object CMakeFiles/turtlesim__rosidl_typesupport_fastrtps_cpp.dir/rosidl_typesupport_fastrtps_cpp/turtlesim/msg/detail/dds_fastrtps/pose__type_support.cpp.o[0m
[10.367s] [ 34%] [32mBuilding CXX object CMakeFiles/turtlesim__rosidl_typesupport_introspection_cpp.dir/rosidl_typesupport_introspection_cpp/turtlesim/srv/detail/spawn__type_support.cpp.o[0m
[10.375s] [ 36%] [32mBuilding CXX object CMakeFiles/turtlesim__rosidl_typesupport_introspection_cpp.dir/rosidl_typesupport_introspection_cpp/turtlesim/srv/detail/teleport_absolute__type_support.cpp.o[0m
[10.377s] [ 36%] [32mBuilding CXX object CMakeFiles/turtlesim__rosidl_typesupport_fastrtps_cpp.dir/rosidl_typesupport_fastrtps_cpp/turtlesim/srv/detail/dds_fastrtps/kill__type_support.cpp.o[0m
[10.390s] [ 37%] [32mBuilding CXX object CMakeFiles/turtlesim__rosidl_typesupport_introspection_cpp.dir/rosidl_typesupport_introspection_cpp/turtlesim/srv/detail/teleport_relative__type_support.cpp.o[0m
[10.693s] [ 38%] [32mBuilding CXX object CMakeFiles/turtlesim__rosidl_typesupport_c.dir/rosidl_typesupport_c/turtlesim/action/rotate_absolute__type_support.cpp.o[0m
[10.746s] [ 39%] [32m[1mLinking CXX shared library libturtlesim__rosidl_typesupport_cpp.so[0m
[11.007s] [ 40%] [32mBuilding CXX object CMakeFiles/turtlesim__rosidl_typesupport_c.dir/rosidl_typesupport_c/turtlesim/msg/color__type_support.cpp.o[0m
[11.018s] [ 41%] [32mBuilding CXX object CMakeFiles/turtlesim__rosidl_typesupport_c.dir/rosidl_typesupport_c/turtlesim/msg/pose__type_support.cpp.o[0m
[11.039s] [ 41%] Built target turtlesim__rosidl_typesupport_cpp
[11.086s] [ 42%] [34m[1mGenerating include/turtlesim/moc_turtle_frame.cpp[0m
[11.111s] [ 43%] [32mBuilding CXX object CMakeFiles/turtlesim__rosidl_typesupport_c.dir/rosidl_typesupport_c/turtlesim/srv/kill__type_support.cpp.o[0m
[11.147s] [ 44%] [32mBuilding CXX object CMakeFiles/turtle_teleop_key.dir/tutorials/teleop_turtle_key.cpp.o[0m
[11.188s] [ 45%] [32mBuilding CXX object CMakeFiles/turtlesim__rosidl_typesupport_c.dir/rosidl_typesupport_c/turtlesim/srv/set_pen__type_support.cpp.o[0m
[11.285s] [ 46%] [32mBuilding CXX object CMakeFiles/draw_square.dir/tutorials/draw_square.cpp.o[0m
[11.290s] [ 47%] [32mBuilding CXX object CMakeFiles/turtlesim_node.dir/src/turtlesim.cpp.o[0m
[11.372s] [ 48%] [32mBuilding C object CMakeFiles/turtlesim__rosidl_typesupport_introspection_c.dir/rosidl_typesupport_introspection_c/turtlesim/action/detail/rotate_absolute__type_support.c.o[0m
[11.407s] [ 49%] [32mBuilding CXX object CMakeFiles/turtlesim__rosidl_typesupport_fastrtps_c.dir/rosidl_typesupport_fastrtps_c/turtlesim/action/detail/rotate_absolute__type_support_c.cpp.o[0m
[11.429s] [ 51%] [32mBuilding CXX object CMakeFiles/mimic.dir/tutorials/mimic.cpp.o[0m
[11.431s] [ 51%] [32mBuilding CXX object CMakeFiles/turtlesim__rosidl_typesupport_c.dir/rosidl_typesupport_c/turtlesim/srv/spawn__type_support.cpp.o[0m
[11.465s] [ 52%] [32mBuilding CXX object CMakeFiles/turtlesim__rosidl_typesupport_c.dir/rosidl_typesupport_c/turtlesim/srv/teleport_absolute__type_support.cpp.o[0m
[11.579s] [ 54%] [32mBuilding CXX object CMakeFiles/turtlesim_node.dir/src/turtle.cpp.o[0m
[11.580s] [ 54%] [32mBuilding CXX object CMakeFiles/turtlesim__rosidl_typesupport_c.dir/rosidl_typesupport_c/turtlesim/srv/teleport_relative__type_support.cpp.o[0m
[11.587s] [ 55%] [32mBuilding CXX object CMakeFiles/turtlesim_node.dir/src/turtle_frame.cpp.o[0m
[11.640s] [ 57%] [32mBuilding CXX object CMakeFiles/turtlesim_node.dir/include/turtlesim/moc_turtle_frame.cpp.o[0m
[11.641s] [ 57%] [32mBuilding C object CMakeFiles/turtlesim__rosidl_typesupport_introspection_c.dir/rosidl_typesupport_introspection_c/turtlesim/msg/detail/color__type_support.c.o[0m
[11.664s] [ 59%] [32m[1mLinking CXX shared library libturtlesim__rosidl_typesupport_introspection_cpp.so[0m
[11.667s] [ 59%] [32mBuilding C object CMakeFiles/turtlesim__rosidl_typesupport_introspection_c.dir/rosidl_typesupport_introspection_c/turtlesim/msg/detail/pose__type_support.c.o[0m
[11.679s] [ 60%] [32mBuilding CXX object CMakeFiles/turtlesim__rosidl_typesupport_fastrtps_cpp.dir/rosidl_typesupport_fastrtps_cpp/turtlesim/srv/detail/dds_fastrtps/set_pen__type_support.cpp.o[0m
[11.804s] [ 61%] [32m[1mLinking CXX shared library libturtlesim__rosidl_typesupport_c.so[0m
[11.823s] [ 62%] [32mBuilding C object CMakeFiles/turtlesim__rosidl_typesupport_introspection_c.dir/rosidl_typesupport_introspection_c/turtlesim/srv/detail/kill__type_support.c.o[0m
[11.840s] [ 63%] [32mBuilding CXX object CMakeFiles/turtlesim__rosidl_typesupport_fastrtps_cpp.dir/rosidl_typesupport_fastrtps_cpp/turtlesim/srv/detail/dds_fastrtps/spawn__type_support.cpp.o[0m
[11.941s] [ 64%] [32mBuilding C object CMakeFiles/turtlesim__rosidl_typesupport_introspection_c.dir/rosidl_typesupport_introspection_c/turtlesim/srv/detail/set_pen__type_support.c.o[0m
[11.986s] [ 65%] [32mBuilding CXX object CMakeFiles/turtlesim__rosidl_typesupport_fastrtps_cpp.dir/rosidl_typesupport_fastrtps_cpp/turtlesim/srv/detail/dds_fastrtps/teleport_absolute__type_support.cpp.o[0m
[12.012s] [ 66%] [32mBuilding CXX object CMakeFiles/turtlesim__rosidl_typesupport_fastrtps_cpp.dir/rosidl_typesupport_fastrtps_cpp/turtlesim/srv/detail/dds_fastrtps/teleport_relative__type_support.cpp.o[0m
[12.118s] [ 66%] Built target turtlesim__rosidl_typesupport_c
[12.119s] [ 66%] Built target turtlesim__rosidl_typesupport_introspection_cpp
[12.132s] [ 68%] [32mBuilding C object CMakeFiles/turtlesim__rosidl_typesupport_introspection_c.dir/rosidl_typesupport_introspection_c/turtlesim/srv/detail/spawn__type_support.c.o[0m
[12.134s] [ 68%] [32mBuilding CXX object CMakeFiles/turtlesim__rosidl_typesupport_fastrtps_c.dir/rosidl_typesupport_fastrtps_c/turtlesim/msg/detail/color__type_support_c.cpp.o[0m
[12.194s] [ 69%] [32mBuilding C object CMakeFiles/turtlesim__rosidl_typesupport_introspection_c.dir/rosidl_typesupport_introspection_c/turtlesim/srv/detail/teleport_absolute__type_support.c.o[0m
[12.277s] [ 70%] [32mBuilding CXX object CMakeFiles/turtlesim__rosidl_typesupport_fastrtps_c.dir/rosidl_typesupport_fastrtps_c/turtlesim/msg/detail/pose__type_support_c.cpp.o[0m
[12.438s] [ 71%] [32mBuilding C object CMakeFiles/turtlesim__rosidl_typesupport_introspection_c.dir/rosidl_typesupport_introspection_c/turtlesim/srv/detail/teleport_relative__type_support.c.o[0m
[12.512s] [ 72%] [32mBuilding CXX object CMakeFiles/turtlesim__rosidl_typesupport_fastrtps_c.dir/rosidl_typesupport_fastrtps_c/turtlesim/srv/detail/kill__type_support_c.cpp.o[0m
[12.738s] [ 73%] [32mBuilding CXX object CMakeFiles/turtlesim__rosidl_typesupport_fastrtps_c.dir/rosidl_typesupport_fastrtps_c/turtlesim/srv/detail/set_pen__type_support_c.cpp.o[0m
[12.779s] [ 74%] [32m[1mLinking C shared library libturtlesim__rosidl_typesupport_introspection_c.so[0m
[13.010s] [ 75%] [32mBuilding CXX object CMakeFiles/turtlesim__rosidl_typesupport_fastrtps_c.dir/rosidl_typesupport_fastrtps_c/turtlesim/srv/detail/spawn__type_support_c.cpp.o[0m
[13.108s] [ 75%] Built target turtlesim__rosidl_typesupport_introspection_c
[13.127s] [ 76%] [32mBuilding CXX object CMakeFiles/turtlesim__rosidl_typesupport_fastrtps_c.dir/rosidl_typesupport_fastrtps_c/turtlesim/srv/detail/teleport_absolute__type_support_c.cpp.o[0m
[13.145s] [ 77%] [32mBuilding CXX object CMakeFiles/turtlesim__rosidl_typesupport_fastrtps_c.dir/rosidl_typesupport_fastrtps_c/turtlesim/srv/detail/teleport_relative__type_support_c.cpp.o[0m
[13.285s] [ 78%] [32m[1mLinking CXX shared library libturtlesim__rosidl_typesupport_fastrtps_cpp.so[0m
[13.762s] [ 78%] Built target turtlesim__rosidl_typesupport_fastrtps_cpp
[14.256s] [ 79%] [32m[1mLinking CXX shared library libturtlesim__rosidl_typesupport_fastrtps_c.so[0m
[14.570s] [ 79%] Built target turtlesim__rosidl_typesupport_fastrtps_c
[14.648s] [ 79%] Built target turtlesim
[14.734s] [ 80%] [34m[1mGenerating Python code for ROS interfaces[0m
[17.082s] [ 80%] Built target turtlesim__py
[17.158s] [ 81%] [32mBuilding C object CMakeFiles/turtlesim__rosidl_generator_py.dir/rosidl_generator_py/turtlesim/action/_rotate_absolute_s.c.o[0m
[17.164s] [ 82%] [32mBuilding C object CMakeFiles/turtlesim__rosidl_generator_py.dir/rosidl_generator_py/turtlesim/msg/_color_s.c.o[0m
[17.168s] [ 83%] [32mBuilding C object CMakeFiles/turtlesim__rosidl_generator_py.dir/rosidl_generator_py/turtlesim/msg/_pose_s.c.o[0m
[17.178s] [ 84%] [32mBuilding C object CMakeFiles/turtlesim__rosidl_generator_py.dir/rosidl_generator_py/turtlesim/srv/_kill_s.c.o[0m
[17.185s] [ 85%] [32mBuilding C object CMakeFiles/turtlesim__rosidl_generator_py.dir/rosidl_generator_py/turtlesim/srv/_set_pen_s.c.o[0m
[17.189s] [ 86%] [32mBuilding C object CMakeFiles/turtlesim__rosidl_generator_py.dir/rosidl_generator_py/turtlesim/srv/_spawn_s.c.o[0m
[17.194s] [ 88%] [32mBuilding C object CMakeFiles/turtlesim__rosidl_generator_py.dir/rosidl_generator_py/turtlesim/srv/_teleport_absolute_s.c.o[0m
[17.195s] [ 88%] [32mBuilding C object CMakeFiles/turtlesim__rosidl_generator_py.dir/rosidl_generator_py/turtlesim/srv/_teleport_relative_s.c.o[0m
[17.640s] [ 89%] [32m[1mLinking C shared library rosidl_generator_py/turtlesim/libturtlesim__rosidl_generator_py.so[0m
[17.875s] [ 89%] Built target turtlesim__rosidl_generator_py
[17.943s] [ 92%] [32mBuilding C object CMakeFiles/turtlesim__rosidl_typesupport_c__pyext.dir/rosidl_generator_py/turtlesim/_turtlesim_s.ep.rosidl_typesupport_c.c.o[0m
[17.944s] [ 92%] [32mBuilding C object CMakeFiles/turtlesim__rosidl_typesupport_introspection_c__pyext.dir/rosidl_generator_py/turtlesim/_turtlesim_s.ep.rosidl_typesupport_introspection_c.c.o[0m
[17.945s] [ 92%] [32mBuilding C object CMakeFiles/turtlesim__rosidl_typesupport_fastrtps_c__pyext.dir/rosidl_generator_py/turtlesim/_turtlesim_s.ep.rosidl_typesupport_fastrtps_c.c.o[0m
[18.494s] [ 93%] [32m[1mLinking C shared library rosidl_generator_py/turtlesim/turtlesim_s__rosidl_typesupport_c.cpython-310-x86_64-linux-gnu.so[0m
[18.540s] [ 94%] [32m[1mLinking C shared library rosidl_generator_py/turtlesim/turtlesim_s__rosidl_typesupport_introspection_c.cpython-310-x86_64-linux-gnu.so[0m
[18.555s] [ 95%] [32m[1mLinking C shared library rosidl_generator_py/turtlesim/turtlesim_s__rosidl_typesupport_fastrtps_c.cpython-310-x86_64-linux-gnu.so[0m
[18.646s] [ 95%] Built target turtlesim__rosidl_typesupport_c__pyext
[18.660s] [ 95%] Built target turtlesim__rosidl_typesupport_introspection_c__pyext
[18.664s] [ 95%] Built target turtlesim__rosidl_typesupport_fastrtps_c__pyext
[20.158s] [ 96%] [32m[1mLinking CXX executable turtle_teleop_key[0m
[21.289s] [ 96%] Built target turtle_teleop_key
[22.930s] [ 97%] [32m[1mLinking CXX executable mimic[0m
[23.727s] [ 98%] [32m[1mLinking CXX executable draw_square[0m
[24.856s] [ 98%] Built target mimic
[25.838s] [ 98%] Built target draw_square
[27.059s] [100%] [32m[1mLinking CXX executable turtlesim_node[0m
[32.153s] [100%] Built target turtlesim_node
[32.365s] Invoked command in '/workspaces/ros2/ros2_ws/build/turtlesim' returned '0': CMAKE_PREFIX_PATH=/opt/ros/humble /usr/bin/cmake --build /workspaces/ros2/ros2_ws/build/turtlesim -- -j16 -l16
[32.558s] Invoking command in '/workspaces/ros2/ros2_ws/build/turtlesim': CMAKE_PREFIX_PATH=/opt/ros/humble /usr/bin/cmake --install /workspaces/ros2/ros2_ws/build/turtlesim
[32.567s] -- Install configuration: ""
[32.590s] -- Installing: /workspaces/ros2/ros2_ws/install/turtlesim/share/ament_index/resource_index/rosidl_interfaces/turtlesim
[32.638s] -- Installing: /workspaces/ros2/ros2_ws/install/turtlesim/include/turtlesim/turtlesim
[32.654s] -- Installing: /workspaces/ros2/ros2_ws/install/turtlesim/include/turtlesim/turtlesim/action
[32.675s] -- Installing: /workspaces/ros2/ros2_ws/install/turtlesim/include/turtlesim/turtlesim/action/detail
[32.703s] -- Installing: /workspaces/ros2/ros2_ws/install/turtlesim/include/turtlesim/turtlesim/action/detail/rotate_absolute__functions.c
[32.767s] -- Installing: /workspaces/ros2/ros2_ws/install/turtlesim/include/turtlesim/turtlesim/action/detail/rotate_absolute__functions.h
[32.830s] -- Installing: /workspaces/ros2/ros2_ws/install/turtlesim/include/turtlesim/turtlesim/action/detail/rotate_absolute__struct.h
[32.890s] -- Installing: /workspaces/ros2/ros2_ws/install/turtlesim/include/turtlesim/turtlesim/action/detail/rotate_absolute__type_support.h
[32.947s] -- Installing: /workspaces/ros2/ros2_ws/install/turtlesim/include/turtlesim/turtlesim/action/rotate_absolute.h
[32.996s] -- Installing: /workspaces/ros2/ros2_ws/install/turtlesim/include/turtlesim/turtlesim/msg
[33.019s] -- Installing: /workspaces/ros2/ros2_ws/install/turtlesim/include/turtlesim/turtlesim/msg/color.h
[33.070s] -- Installing: /workspaces/ros2/ros2_ws/install/turtlesim/include/turtlesim/turtlesim/msg/detail
[33.099s] -- Installing: /workspaces/ros2/ros2_ws/install/turtlesim/include/turtlesim/turtlesim/msg/detail/color__functions.c
[33.162s] -- Installing: /workspaces/ros2/ros2_ws/install/turtlesim/include/turtlesim/turtlesim/msg/detail/color__functions.h
[33.226s] -- Installing: /workspaces/ros2/ros2_ws/install/turtlesim/include/turtlesim/turtlesim/msg/detail/color__struct.h
[33.288s] -- Installing: /workspaces/ros2/ros2_ws/install/turtlesim/include/turtlesim/turtlesim/msg/detail/color__type_support.h
[33.348s] -- Installing: /workspaces/ros2/ros2_ws/install/turtlesim/include/turtlesim/turtlesim/msg/detail/pose__functions.c
[33.409s] -- Installing: /workspaces/ros2/ros2_ws/install/turtlesim/include/turtlesim/turtlesim/msg/detail/pose__functions.h
[33.469s] -- Installing: /workspaces/ros2/ros2_ws/install/turtlesim/include/turtlesim/turtlesim/msg/detail/pose__struct.h
[33.529s] -- Installing: /workspaces/ros2/ros2_ws/install/turtlesim/include/turtlesim/turtlesim/msg/detail/pose__type_support.h
[33.591s] -- Installing: /workspaces/ros2/ros2_ws/install/turtlesim/include/turtlesim/turtlesim/msg/pose.h
[33.642s] -- Installing: /workspaces/ros2/ros2_ws/install/turtlesim/include/turtlesim/turtlesim/msg/rosidl_generator_c__visibility_control.h
[33.693s] -- Installing: /workspaces/ros2/ros2_ws/install/turtlesim/include/turtlesim/turtlesim/srv
[33.714s] -- Installing: /workspaces/ros2/ros2_ws/install/turtlesim/include/turtlesim/turtlesim/srv/detail
[33.743s] -- Installing: /workspaces/ros2/ros2_ws/install/turtlesim/include/turtlesim/turtlesim/srv/detail/kill__functions.c
[33.806s] -- Installing: /workspaces/ros2/ros2_ws/install/turtlesim/include/turtlesim/turtlesim/srv/detail/kill__functions.h
[33.868s] -- Installing: /workspaces/ros2/ros2_ws/install/turtlesim/include/turtlesim/turtlesim/srv/detail/kill__struct.h
[33.928s] -- Installing: /workspaces/ros2/ros2_ws/install/turtlesim/include/turtlesim/turtlesim/srv/detail/kill__type_support.h
[33.988s] -- Installing: /workspaces/ros2/ros2_ws/install/turtlesim/include/turtlesim/turtlesim/srv/detail/set_pen__functions.c
[34.046s] -- Installing: /workspaces/ros2/ros2_ws/install/turtlesim/include/turtlesim/turtlesim/srv/detail/set_pen__functions.h
[34.112s] -- Installing: /workspaces/ros2/ros2_ws/install/turtlesim/include/turtlesim/turtlesim/srv/detail/set_pen__struct.h
[34.178s] -- Installing: /workspaces/ros2/ros2_ws/install/turtlesim/include/turtlesim/turtlesim/srv/detail/set_pen__type_support.h
[34.239s] -- Installing: /workspaces/ros2/ros2_ws/install/turtlesim/include/turtlesim/turtlesim/srv/detail/spawn__functions.c
[34.301s] -- Installing: /workspaces/ros2/ros2_ws/install/turtlesim/include/turtlesim/turtlesim/srv/detail/spawn__functions.h
[34.362s] -- Installing: /workspaces/ros2/ros2_ws/install/turtlesim/include/turtlesim/turtlesim/srv/detail/spawn__struct.h
[34.422s] -- Installing: /workspaces/ros2/ros2_ws/install/turtlesim/include/turtlesim/turtlesim/srv/detail/spawn__type_support.h
[34.484s] -- Installing: /workspaces/ros2/ros2_ws/install/turtlesim/include/turtlesim/turtlesim/srv/detail/teleport_absolute__functions.c
[34.545s] -- Installing: /workspaces/ros2/ros2_ws/install/turtlesim/include/turtlesim/turtlesim/srv/detail/teleport_absolute__functions.h
[34.606s] -- Installing: /workspaces/ros2/ros2_ws/install/turtlesim/include/turtlesim/turtlesim/srv/detail/teleport_absolute__struct.h
[34.666s] -- Installing: /workspaces/ros2/ros2_ws/install/turtlesim/include/turtlesim/turtlesim/srv/detail/teleport_absolute__type_support.h
[34.726s] -- Installing: /workspaces/ros2/ros2_ws/install/turtlesim/include/turtlesim/turtlesim/srv/detail/teleport_relative__functions.c
[34.788s] -- Installing: /workspaces/ros2/ros2_ws/install/turtlesim/include/turtlesim/turtlesim/srv/detail/teleport_relative__functions.h
[34.851s] -- Installing: /workspaces/ros2/ros2_ws/install/turtlesim/include/turtlesim/turtlesim/srv/detail/teleport_relative__struct.h
[34.911s] -- Installing: /workspaces/ros2/ros2_ws/install/turtlesim/include/turtlesim/turtlesim/srv/detail/teleport_relative__type_support.h
[34.969s] -- Installing: /workspaces/ros2/ros2_ws/install/turtlesim/include/turtlesim/turtlesim/srv/kill.h
[35.022s] -- Installing: /workspaces/ros2/ros2_ws/install/turtlesim/include/turtlesim/turtlesim/srv/set_pen.h
[35.075s] -- Installing: /workspaces/ros2/ros2_ws/install/turtlesim/include/turtlesim/turtlesim/srv/spawn.h
[35.126s] -- Installing: /workspaces/ros2/ros2_ws/install/turtlesim/include/turtlesim/turtlesim/srv/teleport_absolute.h
[35.178s] -- Installing: /workspaces/ros2/ros2_ws/install/turtlesim/include/turtlesim/turtlesim/srv/teleport_relative.h
[35.231s] -- Installing: /workspaces/ros2/ros2_ws/install/turtlesim/share/turtlesim/environment/library_path.sh
[35.271s] -- Installing: /workspaces/ros2/ros2_ws/install/turtlesim/share/turtlesim/environment/library_path.dsv
[35.316s] -- Installing: /workspaces/ros2/ros2_ws/install/turtlesim/lib/libturtlesim__rosidl_generator_c.so
[35.373s] -- Set runtime path of "/workspaces/ros2/ros2_ws/install/turtlesim/lib/libturtlesim__rosidl_generator_c.so" to ""
[35.380s] -- Up-to-date: /workspaces/ros2/ros2_ws/install/turtlesim/include/turtlesim/turtlesim
[35.395s] -- Up-to-date: /workspaces/ros2/ros2_ws/install/turtlesim/include/turtlesim/turtlesim/action
[35.412s] -- Up-to-date: /workspaces/ros2/ros2_ws/install/turtlesim/include/turtlesim/turtlesim/action/detail
[35.434s] -- Installing: /workspaces/ros2/ros2_ws/install/turtlesim/include/turtlesim/turtlesim/action/detail/rotate_absolute__rosidl_typesupport_fastrtps_c.h
[35.493s] -- Up-to-date: /workspaces/ros2/ros2_ws/install/turtlesim/include/turtlesim/turtlesim/msg
[35.510s] -- Up-to-date: /workspaces/ros2/ros2_ws/install/turtlesim/include/turtlesim/turtlesim/msg/detail
[35.533s] -- Installing: /workspaces/ros2/ros2_ws/install/turtlesim/include/turtlesim/turtlesim/msg/detail/color__rosidl_typesupport_fastrtps_c.h
[35.596s] -- Installing: /workspaces/ros2/ros2_ws/install/turtlesim/include/turtlesim/turtlesim/msg/detail/pose__rosidl_typesupport_fastrtps_c.h
[35.654s] -- Installing: /workspaces/ros2/ros2_ws/install/turtlesim/include/turtlesim/turtlesim/msg/rosidl_typesupport_fastrtps_c__visibility_control.h
[35.704s] -- Up-to-date: /workspaces/ros2/ros2_ws/install/turtlesim/include/turtlesim/turtlesim/srv
[35.721s] -- Up-to-date: /workspaces/ros2/ros2_ws/install/turtlesim/include/turtlesim/turtlesim/srv/detail
[35.743s] -- Installing: /workspaces/ros2/ros2_ws/install/turtlesim/include/turtlesim/turtlesim/srv/detail/kill__rosidl_typesupport_fastrtps_c.h
[35.803s] -- Installing: /workspaces/ros2/ros2_ws/install/turtlesim/include/turtlesim/turtlesim/srv/detail/set_pen__rosidl_typesupport_fastrtps_c.h
[35.863s] -- Installing: /workspaces/ros2/ros2_ws/install/turtlesim/include/turtlesim/turtlesim/srv/detail/spawn__rosidl_typesupport_fastrtps_c.h
[35.922s] -- Installing: /workspaces/ros2/ros2_ws/install/turtlesim/include/turtlesim/turtlesim/srv/detail/teleport_absolute__rosidl_typesupport_fastrtps_c.h
[35.983s] -- Installing: /workspaces/ros2/ros2_ws/install/turtlesim/include/turtlesim/turtlesim/srv/detail/teleport_relative__rosidl_typesupport_fastrtps_c.h
[36.039s] -- Installing: /workspaces/ros2/ros2_ws/install/turtlesim/lib/libturtlesim__rosidl_typesupport_fastrtps_c.so
[36.094s] -- Set runtime path of "/workspaces/ros2/ros2_ws/install/turtlesim/lib/libturtlesim__rosidl_typesupport_fastrtps_c.so" to ""
[36.101s] -- Up-to-date: /workspaces/ros2/ros2_ws/install/turtlesim/include/turtlesim/turtlesim
[36.114s] -- Up-to-date: /workspaces/ros2/ros2_ws/install/turtlesim/include/turtlesim/turtlesim/action
[36.131s] -- Up-to-date: /workspaces/ros2/ros2_ws/install/turtlesim/include/turtlesim/turtlesim/action/detail
[36.153s] -- Installing: /workspaces/ros2/ros2_ws/install/turtlesim/include/turtlesim/turtlesim/action/detail/rotate_absolute__builder.hpp
[36.213s] -- Installing: /workspaces/ros2/ros2_ws/install/turtlesim/include/turtlesim/turtlesim/action/detail/rotate_absolute__struct.hpp
[36.275s] -- Installing: /workspaces/ros2/ros2_ws/install/turtlesim/include/turtlesim/turtlesim/action/detail/rotate_absolute__traits.hpp
[36.334s] -- Installing: /workspaces/ros2/ros2_ws/install/turtlesim/include/turtlesim/turtlesim/action/rotate_absolute.hpp
[36.383s] -- Up-to-date: /workspaces/ros2/ros2_ws/install/turtlesim/include/turtlesim/turtlesim/msg
[36.402s] -- Installing: /workspaces/ros2/ros2_ws/install/turtlesim/include/turtlesim/turtlesim/msg/color.hpp
[36.452s] -- Up-to-date: /workspaces/ros2/ros2_ws/install/turtlesim/include/turtlesim/turtlesim/msg/detail
[36.475s] -- Installing: /workspaces/ros2/ros2_ws/install/turtlesim/include/turtlesim/turtlesim/msg/detail/color__builder.hpp
[36.536s] -- Installing: /workspaces/ros2/ros2_ws/install/turtlesim/include/turtlesim/turtlesim/msg/detail/color__struct.hpp
[36.596s] -- Installing: /workspaces/ros2/ros2_ws/install/turtlesim/include/turtlesim/turtlesim/msg/detail/color__traits.hpp
[36.655s] -- Installing: /workspaces/ros2/ros2_ws/install/turtlesim/include/turtlesim/turtlesim/msg/detail/pose__builder.hpp
[36.717s] -- Installing: /workspaces/ros2/ros2_ws/install/turtlesim/include/turtlesim/turtlesim/msg/detail/pose__struct.hpp
[36.778s] -- Installing: /workspaces/ros2/ros2_ws/install/turtlesim/include/turtlesim/turtlesim/msg/detail/pose__traits.hpp
[36.836s] -- Installing: /workspaces/ros2/ros2_ws/install/turtlesim/include/turtlesim/turtlesim/msg/pose.hpp
[36.883s] -- Up-to-date: /workspaces/ros2/ros2_ws/install/turtlesim/include/turtlesim/turtlesim/srv
[36.901s] -- Up-to-date: /workspaces/ros2/ros2_ws/install/turtlesim/include/turtlesim/turtlesim/srv/detail
[36.923s] -- Installing: /workspaces/ros2/ros2_ws/install/turtlesim/include/turtlesim/turtlesim/srv/detail/kill__builder.hpp
[36.983s] -- Installing: /workspaces/ros2/ros2_ws/install/turtlesim/include/turtlesim/turtlesim/srv/detail/kill__struct.hpp
[37.043s] -- Installing: /workspaces/ros2/ros2_ws/install/turtlesim/include/turtlesim/turtlesim/srv/detail/kill__traits.hpp
[37.104s] -- Installing: /workspaces/ros2/ros2_ws/install/turtlesim/include/turtlesim/turtlesim/srv/detail/set_pen__builder.hpp
[37.162s] -- Installing: /workspaces/ros2/ros2_ws/install/turtlesim/include/turtlesim/turtlesim/srv/detail/set_pen__struct.hpp
[37.222s] -- Installing: /workspaces/ros2/ros2_ws/install/turtlesim/include/turtlesim/turtlesim/srv/detail/set_pen__traits.hpp
[37.282s] -- Installing: /workspaces/ros2/ros2_ws/install/turtlesim/include/turtlesim/turtlesim/srv/detail/spawn__builder.hpp
[37.344s] -- Installing: /workspaces/ros2/ros2_ws/install/turtlesim/include/turtlesim/turtlesim/srv/detail/spawn__struct.hpp
[37.410s] -- Installing: /workspaces/ros2/ros2_ws/install/turtlesim/include/turtlesim/turtlesim/srv/detail/spawn__traits.hpp
[37.484s] -- Installing: /workspaces/ros2/ros2_ws/install/turtlesim/include/turtlesim/turtlesim/srv/detail/teleport_absolute__builder.hpp
[37.547s] -- Installing: /workspaces/ros2/ros2_ws/install/turtlesim/include/turtlesim/turtlesim/srv/detail/teleport_absolute__struct.hpp
[37.613s] -- Installing: /workspaces/ros2/ros2_ws/install/turtlesim/include/turtlesim/turtlesim/srv/detail/teleport_absolute__traits.hpp
[37.677s] -- Installing: /workspaces/ros2/ros2_ws/install/turtlesim/include/turtlesim/turtlesim/srv/detail/teleport_relative__builder.hpp
[37.740s] -- Installing: /workspaces/ros2/ros2_ws/install/turtlesim/include/turtlesim/turtlesim/srv/detail/teleport_relative__struct.hpp
[37.804s] -- Installing: /workspaces/ros2/ros2_ws/install/turtlesim/include/turtlesim/turtlesim/srv/detail/teleport_relative__traits.hpp
[37.868s] -- Installing: /workspaces/ros2/ros2_ws/install/turtlesim/include/turtlesim/turtlesim/srv/kill.hpp
[37.924s] -- Installing: /workspaces/ros2/ros2_ws/install/turtlesim/include/turtlesim/turtlesim/srv/set_pen.hpp
[37.984s] -- Installing: /workspaces/ros2/ros2_ws/install/turtlesim/include/turtlesim/turtlesim/srv/spawn.hpp
[38.038s] -- Installing: /workspaces/ros2/ros2_ws/install/turtlesim/include/turtlesim/turtlesim/srv/teleport_absolute.hpp
[38.093s] -- Installing: /workspaces/ros2/ros2_ws/install/turtlesim/include/turtlesim/turtlesim/srv/teleport_relative.hpp
[38.142s] -- Up-to-date: /workspaces/ros2/ros2_ws/install/turtlesim/include/turtlesim/turtlesim
[38.156s] -- Up-to-date: /workspaces/ros2/ros2_ws/install/turtlesim/include/turtlesim/turtlesim/action
[38.174s] -- Up-to-date: /workspaces/ros2/ros2_ws/install/turtlesim/include/turtlesim/turtlesim/action/detail
[38.195s] -- Installing: /workspaces/ros2/ros2_ws/install/turtlesim/include/turtlesim/turtlesim/action/detail/dds_fastrtps
[38.228s] -- Installing: /workspaces/ros2/ros2_ws/install/turtlesim/include/turtlesim/turtlesim/action/detail/rotate_absolute__rosidl_typesupport_fastrtps_cpp.hpp
[38.289s] -- Up-to-date: /workspaces/ros2/ros2_ws/install/turtlesim/include/turtlesim/turtlesim/msg
[38.308s] -- Up-to-date: /workspaces/ros2/ros2_ws/install/turtlesim/include/turtlesim/turtlesim/msg/detail
[38.332s] -- Installing: /workspaces/ros2/ros2_ws/install/turtlesim/include/turtlesim/turtlesim/msg/detail/color__rosidl_typesupport_fastrtps_cpp.hpp
[38.396s] -- Installing: /workspaces/ros2/ros2_ws/install/turtlesim/include/turtlesim/turtlesim/msg/detail/dds_fastrtps
[38.428s] -- Installing: /workspaces/ros2/ros2_ws/install/turtlesim/include/turtlesim/turtlesim/msg/detail/pose__rosidl_typesupport_fastrtps_cpp.hpp
[38.491s] -- Installing: /workspaces/ros2/ros2_ws/install/turtlesim/include/turtlesim/turtlesim/msg/rosidl_typesupport_fastrtps_cpp__visibility_control.h
[38.543s] -- Up-to-date: /workspaces/ros2/ros2_ws/install/turtlesim/include/turtlesim/turtlesim/srv
[38.561s] -- Up-to-date: /workspaces/ros2/ros2_ws/install/turtlesim/include/turtlesim/turtlesim/srv/detail
[38.582s] -- Installing: /workspaces/ros2/ros2_ws/install/turtlesim/include/turtlesim/turtlesim/srv/detail/dds_fastrtps
[38.615s] -- Installing: /workspaces/ros2/ros2_ws/install/turtlesim/include/turtlesim/turtlesim/srv/detail/kill__rosidl_typesupport_fastrtps_cpp.hpp
[38.681s] -- Installing: /workspaces/ros2/ros2_ws/install/turtlesim/include/turtlesim/turtlesim/srv/detail/set_pen__rosidl_typesupport_fastrtps_cpp.hpp
[38.744s] -- Installing: /workspaces/ros2/ros2_ws/install/turtlesim/include/turtlesim/turtlesim/srv/detail/spawn__rosidl_typesupport_fastrtps_cpp.hpp
[38.807s] -- Installing: /workspaces/ros2/ros2_ws/install/turtlesim/include/turtlesim/turtlesim/srv/detail/teleport_absolute__rosidl_typesupport_fastrtps_cpp.hpp
[38.869s] -- Installing: /workspaces/ros2/ros2_ws/install/turtlesim/include/turtlesim/turtlesim/srv/detail/teleport_relative__rosidl_typesupport_fastrtps_cpp.hpp
[38.925s] -- Installing: /workspaces/ros2/ros2_ws/install/turtlesim/lib/libturtlesim__rosidl_typesupport_fastrtps_cpp.so
[38.982s] -- Set runtime path of "/workspaces/ros2/ros2_ws/install/turtlesim/lib/libturtlesim__rosidl_typesupport_fastrtps_cpp.so" to ""
[38.990s] -- Up-to-date: /workspaces/ros2/ros2_ws/install/turtlesim/include/turtlesim/turtlesim
[39.004s] -- Up-to-date: /workspaces/ros2/ros2_ws/install/turtlesim/include/turtlesim/turtlesim/action
[39.021s] -- Up-to-date: /workspaces/ros2/ros2_ws/install/turtlesim/include/turtlesim/turtlesim/action/detail
[39.044s] -- Installing: /workspaces/ros2/ros2_ws/install/turtlesim/include/turtlesim/turtlesim/action/detail/rotate_absolute__rosidl_typesupport_introspection_c.h
[39.110s] -- Installing: /workspaces/ros2/ros2_ws/install/turtlesim/include/turtlesim/turtlesim/action/detail/rotate_absolute__type_support.c
[39.168s] -- Up-to-date: /workspaces/ros2/ros2_ws/install/turtlesim/include/turtlesim/turtlesim/msg
[39.186s] -- Up-to-date: /workspaces/ros2/ros2_ws/install/turtlesim/include/turtlesim/turtlesim/msg/detail
[39.209s] -- Installing: /workspaces/ros2/ros2_ws/install/turtlesim/include/turtlesim/turtlesim/msg/detail/color__rosidl_typesupport_introspection_c.h
[39.270s] -- Installing: /workspaces/ros2/ros2_ws/install/turtlesim/include/turtlesim/turtlesim/msg/detail/color__type_support.c
[39.334s] -- Installing: /workspaces/ros2/ros2_ws/install/turtlesim/include/turtlesim/turtlesim/msg/detail/pose__rosidl_typesupport_introspection_c.h
[39.397s] -- Installing: /workspaces/ros2/ros2_ws/install/turtlesim/include/turtlesim/turtlesim/msg/detail/pose__type_support.c
[39.461s] -- Installing: /workspaces/ros2/ros2_ws/install/turtlesim/include/turtlesim/turtlesim/msg/rosidl_typesupport_introspection_c__visibility_control.h
[39.514s] -- Up-to-date: /workspaces/ros2/ros2_ws/install/turtlesim/include/turtlesim/turtlesim/srv
[39.531s] -- Up-to-date: /workspaces/ros2/ros2_ws/install/turtlesim/include/turtlesim/turtlesim/srv/detail
[39.554s] -- Installing: /workspaces/ros2/ros2_ws/install/turtlesim/include/turtlesim/turtlesim/srv/detail/kill__rosidl_typesupport_introspection_c.h
[39.616s] -- Installing: /workspaces/ros2/ros2_ws/install/turtlesim/include/turtlesim/turtlesim/srv/detail/kill__type_support.c
[39.678s] -- Installing: /workspaces/ros2/ros2_ws/install/turtlesim/include/turtlesim/turtlesim/srv/detail/set_pen__rosidl_typesupport_introspection_c.h
[39.737s] -- Installing: /workspaces/ros2/ros2_ws/install/turtlesim/include/turtlesim/turtlesim/srv/detail/set_pen__type_support.c
[39.798s] -- Installing: /workspaces/ros2/ros2_ws/install/turtlesim/include/turtlesim/turtlesim/srv/detail/spawn__rosidl_typesupport_introspection_c.h
[39.857s] -- Installing: /workspaces/ros2/ros2_ws/install/turtlesim/include/turtlesim/turtlesim/srv/detail/spawn__type_support.c
[39.920s] -- Installing: /workspaces/ros2/ros2_ws/install/turtlesim/include/turtlesim/turtlesim/srv/detail/teleport_absolute__rosidl_typesupport_introspection_c.h
[39.980s] -- Installing: /workspaces/ros2/ros2_ws/install/turtlesim/include/turtlesim/turtlesim/srv/detail/teleport_absolute__type_support.c
[40.041s] -- Installing: /workspaces/ros2/ros2_ws/install/turtlesim/include/turtlesim/turtlesim/srv/detail/teleport_relative__rosidl_typesupport_introspection_c.h
[40.111s] -- Installing: /workspaces/ros2/ros2_ws/install/turtlesim/include/turtlesim/turtlesim/srv/detail/teleport_relative__type_support.c
[40.167s] -- Installing: /workspaces/ros2/ros2_ws/install/turtlesim/lib/libturtlesim__rosidl_typesupport_introspection_c.so
[40.220s] -- Set runtime path of "/workspaces/ros2/ros2_ws/install/turtlesim/lib/libturtlesim__rosidl_typesupport_introspection_c.so" to ""
[40.228s] -- Installing: /workspaces/ros2/ros2_ws/install/turtlesim/lib/libturtlesim__rosidl_typesupport_c.so
[40.280s] -- Set runtime path of "/workspaces/ros2/ros2_ws/install/turtlesim/lib/libturtlesim__rosidl_typesupport_c.so" to ""
[40.287s] -- Up-to-date: /workspaces/ros2/ros2_ws/install/turtlesim/include/turtlesim/turtlesim
[40.301s] -- Up-to-date: /workspaces/ros2/ros2_ws/install/turtlesim/include/turtlesim/turtlesim/action
[40.318s] -- Up-to-date: /workspaces/ros2/ros2_ws/install/turtlesim/include/turtlesim/turtlesim/action/detail
[40.342s] -- Installing: /workspaces/ros2/ros2_ws/install/turtlesim/include/turtlesim/turtlesim/action/detail/rotate_absolute__rosidl_typesupport_introspection_cpp.hpp
[40.406s] -- Installing: /workspaces/ros2/ros2_ws/install/turtlesim/include/turtlesim/turtlesim/action/detail/rotate_absolute__type_support.cpp
[40.468s] -- Up-to-date: /workspaces/ros2/ros2_ws/install/turtlesim/include/turtlesim/turtlesim/msg
[40.486s] -- Up-to-date: /workspaces/ros2/ros2_ws/install/turtlesim/include/turtlesim/turtlesim/msg/detail
[40.509s] -- Installing: /workspaces/ros2/ros2_ws/install/turtlesim/include/turtlesim/turtlesim/msg/detail/color__rosidl_typesupport_introspection_cpp.hpp
[40.572s] -- Installing: /workspaces/ros2/ros2_ws/install/turtlesim/include/turtlesim/turtlesim/msg/detail/color__type_support.cpp
[40.636s] -- Installing: /workspaces/ros2/ros2_ws/install/turtlesim/include/turtlesim/turtlesim/msg/detail/pose__rosidl_typesupport_introspection_cpp.hpp
[40.700s] -- Installing: /workspaces/ros2/ros2_ws/install/turtlesim/include/turtlesim/turtlesim/msg/detail/pose__type_support.cpp
[40.758s] -- Up-to-date: /workspaces/ros2/ros2_ws/install/turtlesim/include/turtlesim/turtlesim/srv
[40.776s] -- Up-to-date: /workspaces/ros2/ros2_ws/install/turtlesim/include/turtlesim/turtlesim/srv/detail
[40.799s] -- Installing: /workspaces/ros2/ros2_ws/install/turtlesim/include/turtlesim/turtlesim/srv/detail/kill__rosidl_typesupport_introspection_cpp.hpp
[40.862s] -- Installing: /workspaces/ros2/ros2_ws/install/turtlesim/include/turtlesim/turtlesim/srv/detail/kill__type_support.cpp
[40.922s] -- Installing: /workspaces/ros2/ros2_ws/install/turtlesim/include/turtlesim/turtlesim/srv/detail/set_pen__rosidl_typesupport_introspection_cpp.hpp
[40.983s] -- Installing: /workspaces/ros2/ros2_ws/install/turtlesim/include/turtlesim/turtlesim/srv/detail/set_pen__type_support.cpp
[41.045s] -- Installing: /workspaces/ros2/ros2_ws/install/turtlesim/include/turtlesim/turtlesim/srv/detail/spawn__rosidl_typesupport_introspection_cpp.hpp
[41.106s] -- Installing: /workspaces/ros2/ros2_ws/install/turtlesim/include/turtlesim/turtlesim/srv/detail/spawn__type_support.cpp
[41.167s] -- Installing: /workspaces/ros2/ros2_ws/install/turtlesim/include/turtlesim/turtlesim/srv/detail/teleport_absolute__rosidl_typesupport_introspection_cpp.hpp
[41.227s] -- Installing: /workspaces/ros2/ros2_ws/install/turtlesim/include/turtlesim/turtlesim/srv/detail/teleport_absolute__type_support.cpp
[41.287s] -- Installing: /workspaces/ros2/ros2_ws/install/turtlesim/include/turtlesim/turtlesim/srv/detail/teleport_relative__rosidl_typesupport_introspection_cpp.hpp
[41.348s] -- Installing: /workspaces/ros2/ros2_ws/install/turtlesim/include/turtlesim/turtlesim/srv/detail/teleport_relative__type_support.cpp
[41.406s] -- Installing: /workspaces/ros2/ros2_ws/install/turtlesim/lib/libturtlesim__rosidl_typesupport_introspection_cpp.so
[41.460s] -- Set runtime path of "/workspaces/ros2/ros2_ws/install/turtlesim/lib/libturtlesim__rosidl_typesupport_introspection_cpp.so" to ""
[41.469s] -- Installing: /workspaces/ros2/ros2_ws/install/turtlesim/lib/libturtlesim__rosidl_typesupport_cpp.so
[41.522s] -- Set runtime path of "/workspaces/ros2/ros2_ws/install/turtlesim/lib/libturtlesim__rosidl_typesupport_cpp.so" to ""
[41.533s] -- Installing: /workspaces/ros2/ros2_ws/install/turtlesim/share/turtlesim/environment/pythonpath.sh
[41.576s] -- Installing: /workspaces/ros2/ros2_ws/install/turtlesim/share/turtlesim/environment/pythonpath.dsv
[41.614s] -- Installing: /workspaces/ros2/ros2_ws/install/turtlesim/local/lib/python3.10/dist-packages/turtlesim-1.4.2-py3.10.egg-info
[41.640s] -- Installing: /workspaces/ros2/ros2_ws/install/turtlesim/local/lib/python3.10/dist-packages/turtlesim-1.4.2-py3.10.egg-info/dependency_links.txt
[41.697s] -- Installing: /workspaces/ros2/ros2_ws/install/turtlesim/local/lib/python3.10/dist-packages/turtlesim-1.4.2-py3.10.egg-info/PKG-INFO
[41.754s] -- Installing: /workspaces/ros2/ros2_ws/install/turtlesim/local/lib/python3.10/dist-packages/turtlesim-1.4.2-py3.10.egg-info/SOURCES.txt
[41.818s] -- Installing: /workspaces/ros2/ros2_ws/install/turtlesim/local/lib/python3.10/dist-packages/turtlesim-1.4.2-py3.10.egg-info/top_level.txt
[41.870s] -- Installing: /workspaces/ros2/ros2_ws/install/turtlesim/local/lib/python3.10/dist-packages/turtlesim
[41.894s] -- Installing: /workspaces/ros2/ros2_ws/install/turtlesim/local/lib/python3.10/dist-packages/turtlesim/action
[41.925s] -- Installing: /workspaces/ros2/ros2_ws/install/turtlesim/local/lib/python3.10/dist-packages/turtlesim/action/_rotate_absolute.py
[41.990s] -- Installing: /workspaces/ros2/ros2_ws/install/turtlesim/local/lib/python3.10/dist-packages/turtlesim/action/_rotate_absolute_s.c
[42.054s] -- Installing: /workspaces/ros2/ros2_ws/install/turtlesim/local/lib/python3.10/dist-packages/turtlesim/action/__init__.py
[42.116s] -- Installing: /workspaces/ros2/ros2_ws/install/turtlesim/local/lib/python3.10/dist-packages/turtlesim/libturtlesim__rosidl_generator_py.so
[42.172s] -- Installing: /workspaces/ros2/ros2_ws/install/turtlesim/local/lib/python3.10/dist-packages/turtlesim/msg
[42.203s] -- Installing: /workspaces/ros2/ros2_ws/install/turtlesim/local/lib/python3.10/dist-packages/turtlesim/msg/_color.py
[42.266s] -- Installing: /workspaces/ros2/ros2_ws/install/turtlesim/local/lib/python3.10/dist-packages/turtlesim/msg/_color_s.c
[42.329s] -- Installing: /workspaces/ros2/ros2_ws/install/turtlesim/local/lib/python3.10/dist-packages/turtlesim/msg/_pose.py
[42.393s] -- Installing: /workspaces/ros2/ros2_ws/install/turtlesim/local/lib/python3.10/dist-packages/turtlesim/msg/_pose_s.c
[42.456s] -- Installing: /workspaces/ros2/ros2_ws/install/turtlesim/local/lib/python3.10/dist-packages/turtlesim/msg/__init__.py
[42.519s] -- Installing: /workspaces/ros2/ros2_ws/install/turtlesim/local/lib/python3.10/dist-packages/turtlesim/srv
[42.550s] -- Installing: /workspaces/ros2/ros2_ws/install/turtlesim/local/lib/python3.10/dist-packages/turtlesim/srv/_kill.py
[42.615s] -- Installing: /workspaces/ros2/ros2_ws/install/turtlesim/local/lib/python3.10/dist-packages/turtlesim/srv/_kill_s.c
[42.677s] -- Installing: /workspaces/ros2/ros2_ws/install/turtlesim/local/lib/python3.10/dist-packages/turtlesim/srv/_set_pen.py
[42.740s] -- Installing: /workspaces/ros2/ros2_ws/install/turtlesim/local/lib/python3.10/dist-packages/turtlesim/srv/_set_pen_s.c
[42.803s] -- Installing: /workspaces/ros2/ros2_ws/install/turtlesim/local/lib/python3.10/dist-packages/turtlesim/srv/_spawn.py
[42.866s] -- Installing: /workspaces/ros2/ros2_ws/install/turtlesim/local/lib/python3.10/dist-packages/turtlesim/srv/_spawn_s.c
[42.929s] -- Installing: /workspaces/ros2/ros2_ws/install/turtlesim/local/lib/python3.10/dist-packages/turtlesim/srv/_teleport_absolute.py
[42.996s] -- Installing: /workspaces/ros2/ros2_ws/install/turtlesim/local/lib/python3.10/dist-packages/turtlesim/srv/_teleport_absolute_s.c
[43.059s] -- Installing: /workspaces/ros2/ros2_ws/install/turtlesim/local/lib/python3.10/dist-packages/turtlesim/srv/_teleport_relative.py
[43.125s] -- Installing: /workspaces/ros2/ros2_ws/install/turtlesim/local/lib/python3.10/dist-packages/turtlesim/srv/_teleport_relative_s.c
[43.190s] -- Installing: /workspaces/ros2/ros2_ws/install/turtlesim/local/lib/python3.10/dist-packages/turtlesim/srv/__init__.py
[43.253s] -- Installing: /workspaces/ros2/ros2_ws/install/turtlesim/local/lib/python3.10/dist-packages/turtlesim/turtlesim_s__rosidl_typesupport_c.cpython-310-x86_64-linux-gnu.so
[43.311s] -- Installing: /workspaces/ros2/ros2_ws/install/turtlesim/local/lib/python3.10/dist-packages/turtlesim/turtlesim_s__rosidl_typesupport_fastrtps_c.cpython-310-x86_64-linux-gnu.so
[43.370s] -- Installing: /workspaces/ros2/ros2_ws/install/turtlesim/local/lib/python3.10/dist-packages/turtlesim/turtlesim_s__rosidl_typesupport_introspection_c.cpython-310-x86_64-linux-gnu.so
[43.429s] -- Installing: /workspaces/ros2/ros2_ws/install/turtlesim/local/lib/python3.10/dist-packages/turtlesim/_turtlesim_s.ep.rosidl_typesupport_c.c
[43.488s] -- Installing: /workspaces/ros2/ros2_ws/install/turtlesim/local/lib/python3.10/dist-packages/turtlesim/_turtlesim_s.ep.rosidl_typesupport_fastrtps_c.c
[43.546s] -- Installing: /workspaces/ros2/ros2_ws/install/turtlesim/local/lib/python3.10/dist-packages/turtlesim/_turtlesim_s.ep.rosidl_typesupport_introspection_c.c
[43.604s] -- Installing: /workspaces/ros2/ros2_ws/install/turtlesim/local/lib/python3.10/dist-packages/turtlesim/__init__.py
[44.261s] Listing '/workspaces/ros2/ros2_ws/install/turtlesim/local/lib/python3.10/dist-packages/turtlesim'...
[44.261s] Compiling '/workspaces/ros2/ros2_ws/install/turtlesim/local/lib/python3.10/dist-packages/turtlesim/__init__.py'...
[44.262s] Listing '/workspaces/ros2/ros2_ws/install/turtlesim/local/lib/python3.10/dist-packages/turtlesim/action'...
[44.262s] Compiling '/workspaces/ros2/ros2_ws/install/turtlesim/local/lib/python3.10/dist-packages/turtlesim/action/__init__.py'...
[44.263s] Compiling '/workspaces/ros2/ros2_ws/install/turtlesim/local/lib/python3.10/dist-packages/turtlesim/action/_rotate_absolute.py'...
[44.263s] Listing '/workspaces/ros2/ros2_ws/install/turtlesim/local/lib/python3.10/dist-packages/turtlesim/msg'...
[44.264s] Compiling '/workspaces/ros2/ros2_ws/install/turtlesim/local/lib/python3.10/dist-packages/turtlesim/msg/__init__.py'...
[44.264s] Compiling '/workspaces/ros2/ros2_ws/install/turtlesim/local/lib/python3.10/dist-packages/turtlesim/msg/_color.py'...
[44.265s] Compiling '/workspaces/ros2/ros2_ws/install/turtlesim/local/lib/python3.10/dist-packages/turtlesim/msg/_pose.py'...
[44.265s] Listing '/workspaces/ros2/ros2_ws/install/turtlesim/local/lib/python3.10/dist-packages/turtlesim/srv'...
[44.266s] Compiling '/workspaces/ros2/ros2_ws/install/turtlesim/local/lib/python3.10/dist-packages/turtlesim/srv/__init__.py'...
[44.266s] Compiling '/workspaces/ros2/ros2_ws/install/turtlesim/local/lib/python3.10/dist-packages/turtlesim/srv/_kill.py'...
[44.267s] Compiling '/workspaces/ros2/ros2_ws/install/turtlesim/local/lib/python3.10/dist-packages/turtlesim/srv/_set_pen.py'...
[44.267s] Compiling '/workspaces/ros2/ros2_ws/install/turtlesim/local/lib/python3.10/dist-packages/turtlesim/srv/_spawn.py'...
[44.267s] Compiling '/workspaces/ros2/ros2_ws/install/turtlesim/local/lib/python3.10/dist-packages/turtlesim/srv/_teleport_absolute.py'...
[44.268s] Compiling '/workspaces/ros2/ros2_ws/install/turtlesim/local/lib/python3.10/dist-packages/turtlesim/srv/_teleport_relative.py'...
[44.301s] -- Installing: /workspaces/ros2/ros2_ws/install/turtlesim/local/lib/python3.10/dist-packages/turtlesim/turtlesim_s__rosidl_typesupport_fastrtps_c.cpython-310-x86_64-linux-gnu.so
[44.383s] -- Set runtime path of "/workspaces/ros2/ros2_ws/install/turtlesim/local/lib/python3.10/dist-packages/turtlesim/turtlesim_s__rosidl_typesupport_fastrtps_c.cpython-310-x86_64-linux-gnu.so" to ""
[44.421s] -- Installing: /workspaces/ros2/ros2_ws/install/turtlesim/local/lib/python3.10/dist-packages/turtlesim/turtlesim_s__rosidl_typesupport_introspection_c.cpython-310-x86_64-linux-gnu.so
[44.505s] -- Set runtime path of "/workspaces/ros2/ros2_ws/install/turtlesim/local/lib/python3.10/dist-packages/turtlesim/turtlesim_s__rosidl_typesupport_introspection_c.cpython-310-x86_64-linux-gnu.so" to ""
[44.544s] -- Installing: /workspaces/ros2/ros2_ws/install/turtlesim/local/lib/python3.10/dist-packages/turtlesim/turtlesim_s__rosidl_typesupport_c.cpython-310-x86_64-linux-gnu.so
[44.629s] -- Set runtime path of "/workspaces/ros2/ros2_ws/install/turtlesim/local/lib/python3.10/dist-packages/turtlesim/turtlesim_s__rosidl_typesupport_c.cpython-310-x86_64-linux-gnu.so" to ""
[44.643s] -- Installing: /workspaces/ros2/ros2_ws/install/turtlesim/lib/libturtlesim__rosidl_generator_py.so
[44.702s] -- Set runtime path of "/workspaces/ros2/ros2_ws/install/turtlesim/lib/libturtlesim__rosidl_generator_py.so" to ""
[44.720s] -- Installing: /workspaces/ros2/ros2_ws/install/turtlesim/share/turtlesim/action/RotateAbsolute.idl
[44.775s] -- Installing: /workspaces/ros2/ros2_ws/install/turtlesim/share/turtlesim/msg/Color.idl
[44.825s] -- Installing: /workspaces/ros2/ros2_ws/install/turtlesim/share/turtlesim/msg/Pose.idl
[44.880s] -- Installing: /workspaces/ros2/ros2_ws/install/turtlesim/share/turtlesim/srv/Kill.idl
[44.930s] -- Installing: /workspaces/ros2/ros2_ws/install/turtlesim/share/turtlesim/srv/SetPen.idl
[44.980s] -- Installing: /workspaces/ros2/ros2_ws/install/turtlesim/share/turtlesim/srv/Spawn.idl
[45.031s] -- Installing: /workspaces/ros2/ros2_ws/install/turtlesim/share/turtlesim/srv/TeleportAbsolute.idl
[45.081s] -- Installing: /workspaces/ros2/ros2_ws/install/turtlesim/share/turtlesim/srv/TeleportRelative.idl
[45.133s] -- Installing: /workspaces/ros2/ros2_ws/install/turtlesim/share/turtlesim/action/RotateAbsolute.action
[45.186s] -- Installing: /workspaces/ros2/ros2_ws/install/turtlesim/share/turtlesim/msg/Color.msg
[45.238s] -- Installing: /workspaces/ros2/ros2_ws/install/turtlesim/share/turtlesim/msg/Pose.msg
[45.293s] -- Installing: /workspaces/ros2/ros2_ws/install/turtlesim/share/turtlesim/srv/Kill.srv
[45.344s] -- Installing: /workspaces/ros2/ros2_ws/install/turtlesim/share/turtlesim/srv/Kill_Request.msg
[45.392s] -- Installing: /workspaces/ros2/ros2_ws/install/turtlesim/share/turtlesim/srv/Kill_Response.msg
[45.442s] -- Installing: /workspaces/ros2/ros2_ws/install/turtlesim/share/turtlesim/srv/SetPen.srv
[45.491s] -- Installing: /workspaces/ros2/ros2_ws/install/turtlesim/share/turtlesim/srv/SetPen_Request.msg
[45.541s] -- Installing: /workspaces/ros2/ros2_ws/install/turtlesim/share/turtlesim/srv/SetPen_Response.msg
[45.593s] -- Installing: /workspaces/ros2/ros2_ws/install/turtlesim/share/turtlesim/srv/Spawn.srv
[45.645s] -- Installing: /workspaces/ros2/ros2_ws/install/turtlesim/share/turtlesim/srv/Spawn_Request.msg
[45.694s] -- Installing: /workspaces/ros2/ros2_ws/install/turtlesim/share/turtlesim/srv/Spawn_Response.msg
[45.744s] -- Installing: /workspaces/ros2/ros2_ws/install/turtlesim/share/turtlesim/srv/TeleportAbsolute.srv
[45.795s] -- Installing: /workspaces/ros2/ros2_ws/install/turtlesim/share/turtlesim/srv/TeleportAbsolute_Request.msg
[45.840s] -- Installing: /workspaces/ros2/ros2_ws/install/turtlesim/share/turtlesim/srv/TeleportAbsolute_Response.msg
[45.892s] -- Installing: /workspaces/ros2/ros2_ws/install/turtlesim/share/turtlesim/srv/TeleportRelative.srv
[45.943s] -- Installing: /workspaces/ros2/ros2_ws/install/turtlesim/share/turtlesim/srv/TeleportRelative_Request.msg
[45.991s] -- Installing: /workspaces/ros2/ros2_ws/install/turtlesim/share/turtlesim/srv/TeleportRelative_Response.msg
[46.040s] -- Installing: /workspaces/ros2/ros2_ws/install/turtlesim/lib/turtlesim/turtlesim_node
[46.366s] -- Set runtime path of "/workspaces/ros2/ros2_ws/install/turtlesim/lib/turtlesim/turtlesim_node" to ""
[46.377s] -- Installing: /workspaces/ros2/ros2_ws/install/turtlesim/lib/turtlesim/turtle_teleop_key
[46.485s] -- Set runtime path of "/workspaces/ros2/ros2_ws/install/turtlesim/lib/turtlesim/turtle_teleop_key" to ""
[46.497s] -- Installing: /workspaces/ros2/ros2_ws/install/turtlesim/lib/turtlesim/draw_square
[46.676s] -- Set runtime path of "/workspaces/ros2/ros2_ws/install/turtlesim/lib/turtlesim/draw_square" to ""
[46.687s] -- Installing: /workspaces/ros2/ros2_ws/install/turtlesim/lib/turtlesim/mimic
[46.857s] -- Set runtime path of "/workspaces/ros2/ros2_ws/install/turtlesim/lib/turtlesim/mimic" to ""
[46.866s] -- Installing: /workspaces/ros2/ros2_ws/install/turtlesim/share/turtlesim/images
[46.887s] -- Installing: /workspaces/ros2/ros2_ws/install/turtlesim/share/turtlesim/images/ardent.png
[46.937s] -- Installing: /workspaces/ros2/ros2_ws/install/turtlesim/share/turtlesim/images/bouncy.png
[46.987s] -- Installing: /workspaces/ros2/ros2_ws/install/turtlesim/share/turtlesim/images/crystal.png
[47.038s] -- Installing: /workspaces/ros2/ros2_ws/install/turtlesim/share/turtlesim/images/dashing.png
[47.088s] -- Installing: /workspaces/ros2/ros2_ws/install/turtlesim/share/turtlesim/images/eloquent.png
[47.137s] -- Installing: /workspaces/ros2/ros2_ws/install/turtlesim/share/turtlesim/images/foxy.png
[47.195s] -- Installing: /workspaces/ros2/ros2_ws/install/turtlesim/share/turtlesim/images/galactic.png
[47.244s] -- Installing: /workspaces/ros2/ros2_ws/install/turtlesim/share/turtlesim/images/humble.png
[47.294s] -- Installing: /workspaces/ros2/ros2_ws/install/turtlesim/share/turtlesim/images/rolling.png
[47.339s] -- Installing: /workspaces/ros2/ros2_ws/install/turtlesim/share/turtlesim/launch
[47.360s] -- Installing: /workspaces/ros2/ros2_ws/install/turtlesim/share/turtlesim/launch/multisim.launch.py
[47.424s] -- Installing: /workspaces/ros2/ros2_ws/install/turtlesim/share/ament_index/resource_index/package_run_dependencies/turtlesim
[47.493s] -- Installing: /workspaces/ros2/ros2_ws/install/turtlesim/share/ament_index/resource_index/parent_prefix_path/turtlesim
[47.544s] -- Installing: /workspaces/ros2/ros2_ws/install/turtlesim/share/turtlesim/environment/ament_prefix_path.sh
[47.582s] -- Installing: /workspaces/ros2/ros2_ws/install/turtlesim/share/turtlesim/environment/ament_prefix_path.dsv
[47.630s] -- Installing: /workspaces/ros2/ros2_ws/install/turtlesim/share/turtlesim/environment/path.sh
[47.670s] -- Installing: /workspaces/ros2/ros2_ws/install/turtlesim/share/turtlesim/environment/path.dsv
[47.715s] -- Installing: /workspaces/ros2/ros2_ws/install/turtlesim/share/turtlesim/local_setup.bash
[47.756s] -- Installing: /workspaces/ros2/ros2_ws/install/turtlesim/share/turtlesim/local_setup.sh
[47.794s] -- Installing: /workspaces/ros2/ros2_ws/install/turtlesim/share/turtlesim/local_setup.zsh
[47.832s] -- Installing: /workspaces/ros2/ros2_ws/install/turtlesim/share/turtlesim/local_setup.dsv
[47.870s] -- Installing: /workspaces/ros2/ros2_ws/install/turtlesim/share/turtlesim/package.dsv
[47.924s] -- Installing: /workspaces/ros2/ros2_ws/install/turtlesim/share/ament_index/resource_index/packages/turtlesim
[47.991s] -- Installing: /workspaces/ros2/ros2_ws/install/turtlesim/share/turtlesim/cmake/export_turtlesim__rosidl_generator_cExport.cmake
[48.050s] -- Installing: /workspaces/ros2/ros2_ws/install/turtlesim/share/turtlesim/cmake/export_turtlesim__rosidl_generator_cExport-noconfig.cmake
[48.108s] -- Installing: /workspaces/ros2/ros2_ws/install/turtlesim/share/turtlesim/cmake/export_turtlesim__rosidl_typesupport_fastrtps_cExport.cmake
[48.164s] -- Installing: /workspaces/ros2/ros2_ws/install/turtlesim/share/turtlesim/cmake/export_turtlesim__rosidl_typesupport_fastrtps_cExport-noconfig.cmake
[48.221s] -- Installing: /workspaces/ros2/ros2_ws/install/turtlesim/share/turtlesim/cmake/export_turtlesim__rosidl_generator_cppExport.cmake
[48.279s] -- Installing: /workspaces/ros2/ros2_ws/install/turtlesim/share/turtlesim/cmake/export_turtlesim__rosidl_typesupport_fastrtps_cppExport.cmake
[48.335s] -- Installing: /workspaces/ros2/ros2_ws/install/turtlesim/share/turtlesim/cmake/export_turtlesim__rosidl_typesupport_fastrtps_cppExport-noconfig.cmake
[48.394s] -- Installing: /workspaces/ros2/ros2_ws/install/turtlesim/share/turtlesim/cmake/turtlesim__rosidl_typesupport_introspection_cExport.cmake
[48.450s] -- Installing: /workspaces/ros2/ros2_ws/install/turtlesim/share/turtlesim/cmake/turtlesim__rosidl_typesupport_introspection_cExport-noconfig.cmake
[48.507s] -- Installing: /workspaces/ros2/ros2_ws/install/turtlesim/share/turtlesim/cmake/turtlesim__rosidl_typesupport_cExport.cmake
[48.564s] -- Installing: /workspaces/ros2/ros2_ws/install/turtlesim/share/turtlesim/cmake/turtlesim__rosidl_typesupport_cExport-noconfig.cmake
[48.622s] -- Installing: /workspaces/ros2/ros2_ws/install/turtlesim/share/turtlesim/cmake/turtlesim__rosidl_typesupport_introspection_cppExport.cmake
[48.679s] -- Installing: /workspaces/ros2/ros2_ws/install/turtlesim/share/turtlesim/cmake/turtlesim__rosidl_typesupport_introspection_cppExport-noconfig.cmake
[48.736s] -- Installing: /workspaces/ros2/ros2_ws/install/turtlesim/share/turtlesim/cmake/turtlesim__rosidl_typesupport_cppExport.cmake
[48.792s] -- Installing: /workspaces/ros2/ros2_ws/install/turtlesim/share/turtlesim/cmake/turtlesim__rosidl_typesupport_cppExport-noconfig.cmake
[48.850s] -- Installing: /workspaces/ros2/ros2_ws/install/turtlesim/share/turtlesim/cmake/export_turtlesim__rosidl_generator_pyExport.cmake
[48.905s] -- Installing: /workspaces/ros2/ros2_ws/install/turtlesim/share/turtlesim/cmake/export_turtlesim__rosidl_generator_pyExport-noconfig.cmake
[48.955s] -- Installing: /workspaces/ros2/ros2_ws/install/turtlesim/share/turtlesim/cmake/rosidl_cmake-extras.cmake
[48.999s] -- Installing: /workspaces/ros2/ros2_ws/install/turtlesim/share/turtlesim/cmake/ament_cmake_export_dependencies-extras.cmake
[49.042s] -- Installing: /workspaces/ros2/ros2_ws/install/turtlesim/share/turtlesim/cmake/ament_cmake_export_include_directories-extras.cmake
[49.085s] -- Installing: /workspaces/ros2/ros2_ws/install/turtlesim/share/turtlesim/cmake/ament_cmake_export_libraries-extras.cmake
[49.131s] -- Installing: /workspaces/ros2/ros2_ws/install/turtlesim/share/turtlesim/cmake/ament_cmake_export_targets-extras.cmake
[49.174s] -- Installing: /workspaces/ros2/ros2_ws/install/turtlesim/share/turtlesim/cmake/rosidl_cmake_export_typesupport_targets-extras.cmake
[49.217s] -- Installing: /workspaces/ros2/ros2_ws/install/turtlesim/share/turtlesim/cmake/rosidl_cmake_export_typesupport_libraries-extras.cmake
[49.259s] -- Installing: /workspaces/ros2/ros2_ws/install/turtlesim/share/turtlesim/cmake/turtlesimConfig.cmake
[49.300s] -- Installing: /workspaces/ros2/ros2_ws/install/turtlesim/share/turtlesim/cmake/turtlesimConfig-version.cmake
[49.344s] -- Installing: /workspaces/ros2/ros2_ws/install/turtlesim/share/turtlesim/package.xml
[49.384s] Invoked command in '/workspaces/ros2/ros2_ws/build/turtlesim' returned '0': CMAKE_PREFIX_PATH=/opt/ros/humble /usr/bin/cmake --install /workspaces/ros2/ros2_ws/build/turtlesim
