[5.998s] Invoking command in '/workspaces/ros2/ros2_ws/build/turtlesim': CMAKE_PREFIX_PATH=${CMAKE_PREFIX_PATH}:/workspaces/ros2/ros2_ws/install/py_srvcli:/workspaces/ros2/ros2_ws/install/py_pubsub:/workspaces/ros2/ros2_ws/install/my_robot_controller:/workspaces/ros2/ros2_ws/install/my_package:/opt/ros/humble /usr/bin/cmake --build /workspaces/ros2/ros2_ws/build/turtlesim -- -j16 -l16
[6.758s] [  1%] Built target turtlesim__cpp
[7.143s] [ 11%] Built target turtlesim__rosidl_generator_c
[7.300s] [ 21%] Built target turtlesim__rosidl_typesupport_cpp
[7.390s] [ 31%] Built target turtlesim__rosidl_typesupport_introspection_cpp
[7.483s] [ 41%] Built target turtlesim__rosidl_typesupport_fastrtps_cpp
[7.523s] [ 45%] Built target draw_square
[7.525s] [ 45%] Built target mimic
[7.557s] [ 47%] Built target turtle_teleop_key
[7.734s] [ 57%] Built target turtlesim__rosidl_typesupport_c
[7.754s] [ 63%] Built target turtlesim_node
[7.838s] [ 73%] Built target turtlesim__rosidl_typesupport_introspection_c
[7.874s] [ 83%] Built target turtlesim__rosidl_typesupport_fastrtps_c
[7.986s] [ 83%] Built target ament_cmake_python_copy_turtlesim
[8.060s] [ 83%] Built target turtlesim
[8.380s] [ 84%] Built target turtlesim__py
[8.771s] [ 93%] Built target turtlesim__rosidl_generator_py
[8.945s] [ 96%] Built target turtlesim__rosidl_typesupport_c__pyext
[8.949s] [ 97%] Built target turtlesim__rosidl_typesupport_introspection_c__pyext
[9.054s] [100%] Built target turtlesim__rosidl_typesupport_fastrtps_c__pyext
[9.447s] running egg_info
[9.449s] writing turtlesim.egg-info/PKG-INFO
[9.452s] writing dependency_links to turtlesim.egg-info/dependency_links.txt
[9.457s] writing top-level names to turtlesim.egg-info/top_level.txt
[9.503s] reading manifest file 'turtlesim.egg-info/SOURCES.txt'
[9.563s] writing manifest file 'turtlesim.egg-info/SOURCES.txt'
[9.682s] [100%] Built target ament_cmake_python_build_turtlesim_egg
[10.077s] Invoked command in '/workspaces/ros2/ros2_ws/build/turtlesim' returned '0': CMAKE_PREFIX_PATH=${CMAKE_PREFIX_PATH}:/workspaces/ros2/ros2_ws/install/py_srvcli:/workspaces/ros2/ros2_ws/install/py_pubsub:/workspaces/ros2/ros2_ws/install/my_robot_controller:/workspaces/ros2/ros2_ws/install/my_package:/opt/ros/humble /usr/bin/cmake --build /workspaces/ros2/ros2_ws/build/turtlesim -- -j16 -l16
[15.426s] Invoking command in '/workspaces/ros2/ros2_ws/build/turtlesim': CMAKE_PREFIX_PATH=${CMAKE_PREFIX_PATH}:/workspaces/ros2/ros2_ws/install/py_srvcli:/workspaces/ros2/ros2_ws/install/py_pubsub:/workspaces/ros2/ros2_ws/install/my_robot_controller:/workspaces/ros2/ros2_ws/install/my_package:/opt/ros/humble /usr/bin/cmake --install /workspaces/ros2/ros2_ws/build/turtlesim
[15.500s] -- Install configuration: ""
[15.518s] -- Up-to-date: /workspaces/ros2/ros2_ws/install/turtlesim/share/ament_index/resource_index/rosidl_interfaces/turtlesim
[15.528s] -- Up-to-date: /workspaces/ros2/ros2_ws/install/turtlesim/include/turtlesim/turtlesim
[15.543s] -- Up-to-date: /workspaces/ros2/ros2_ws/install/turtlesim/include/turtlesim/turtlesim/action
[15.562s] -- Up-to-date: /workspaces/ros2/ros2_ws/install/turtlesim/include/turtlesim/turtlesim/action/detail
[15.586s] -- Up-to-date: /workspaces/ros2/ros2_ws/install/turtlesim/include/turtlesim/turtlesim/action/detail/rotate_absolute__functions.c
[15.606s] -- Up-to-date: /workspaces/ros2/ros2_ws/install/turtlesim/include/turtlesim/turtlesim/action/detail/rotate_absolute__functions.h
[15.624s] -- Up-to-date: /workspaces/ros2/ros2_ws/install/turtlesim/include/turtlesim/turtlesim/action/detail/rotate_absolute__struct.h
[15.642s] -- Up-to-date: /workspaces/ros2/ros2_ws/install/turtlesim/include/turtlesim/turtlesim/action/detail/rotate_absolute__type_support.h
[15.659s] -- Up-to-date: /workspaces/ros2/ros2_ws/install/turtlesim/include/turtlesim/turtlesim/action/rotate_absolute.h
[15.670s] -- Up-to-date: /workspaces/ros2/ros2_ws/install/turtlesim/include/turtlesim/turtlesim/msg
[15.691s] -- Up-to-date: /workspaces/ros2/ros2_ws/install/turtlesim/include/turtlesim/turtlesim/msg/color.h
[15.704s] -- Up-to-date: /workspaces/ros2/ros2_ws/install/turtlesim/include/turtlesim/turtlesim/msg/detail
[15.727s] -- Up-to-date: /workspaces/ros2/ros2_ws/install/turtlesim/include/turtlesim/turtlesim/msg/detail/color__functions.c
[15.745s] -- Up-to-date: /workspaces/ros2/ros2_ws/install/turtlesim/include/turtlesim/turtlesim/msg/detail/color__functions.h
[15.763s] -- Up-to-date: /workspaces/ros2/ros2_ws/install/turtlesim/include/turtlesim/turtlesim/msg/detail/color__struct.h
[15.782s] -- Up-to-date: /workspaces/ros2/ros2_ws/install/turtlesim/include/turtlesim/turtlesim/msg/detail/color__type_support.h
[15.801s] -- Up-to-date: /workspaces/ros2/ros2_ws/install/turtlesim/include/turtlesim/turtlesim/msg/detail/pose__functions.c
[15.819s] -- Up-to-date: /workspaces/ros2/ros2_ws/install/turtlesim/include/turtlesim/turtlesim/msg/detail/pose__functions.h
[15.837s] -- Up-to-date: /workspaces/ros2/ros2_ws/install/turtlesim/include/turtlesim/turtlesim/msg/detail/pose__struct.h
[15.856s] -- Up-to-date: /workspaces/ros2/ros2_ws/install/turtlesim/include/turtlesim/turtlesim/msg/detail/pose__type_support.h
[15.872s] -- Up-to-date: /workspaces/ros2/ros2_ws/install/turtlesim/include/turtlesim/turtlesim/msg/pose.h
[15.887s] -- Up-to-date: /workspaces/ros2/ros2_ws/install/turtlesim/include/turtlesim/turtlesim/msg/rosidl_generator_c__visibility_control.h
[15.899s] -- Up-to-date: /workspaces/ros2/ros2_ws/install/turtlesim/include/turtlesim/turtlesim/srv
[15.916s] -- Up-to-date: /workspaces/ros2/ros2_ws/install/turtlesim/include/turtlesim/turtlesim/srv/detail
[15.940s] -- Up-to-date: /workspaces/ros2/ros2_ws/install/turtlesim/include/turtlesim/turtlesim/srv/detail/kill__functions.c
[15.957s] -- Up-to-date: /workspaces/ros2/ros2_ws/install/turtlesim/include/turtlesim/turtlesim/srv/detail/kill__functions.h
[15.975s] -- Up-to-date: /workspaces/ros2/ros2_ws/install/turtlesim/include/turtlesim/turtlesim/srv/detail/kill__struct.h
[15.993s] -- Up-to-date: /workspaces/ros2/ros2_ws/install/turtlesim/include/turtlesim/turtlesim/srv/detail/kill__type_support.h
[16.011s] -- Up-to-date: /workspaces/ros2/ros2_ws/install/turtlesim/include/turtlesim/turtlesim/srv/detail/set_pen__functions.c
[16.028s] -- Up-to-date: /workspaces/ros2/ros2_ws/install/turtlesim/include/turtlesim/turtlesim/srv/detail/set_pen__functions.h
[16.046s] -- Up-to-date: /workspaces/ros2/ros2_ws/install/turtlesim/include/turtlesim/turtlesim/srv/detail/set_pen__struct.h
[16.064s] -- Up-to-date: /workspaces/ros2/ros2_ws/install/turtlesim/include/turtlesim/turtlesim/srv/detail/set_pen__type_support.h
[16.082s] -- Up-to-date: /workspaces/ros2/ros2_ws/install/turtlesim/include/turtlesim/turtlesim/srv/detail/spawn__functions.c
[16.101s] -- Up-to-date: /workspaces/ros2/ros2_ws/install/turtlesim/include/turtlesim/turtlesim/srv/detail/spawn__functions.h
[16.120s] -- Up-to-date: /workspaces/ros2/ros2_ws/install/turtlesim/include/turtlesim/turtlesim/srv/detail/spawn__struct.h
[16.138s] -- Up-to-date: /workspaces/ros2/ros2_ws/install/turtlesim/include/turtlesim/turtlesim/srv/detail/spawn__type_support.h
[16.156s] -- Up-to-date: /workspaces/ros2/ros2_ws/install/turtlesim/include/turtlesim/turtlesim/srv/detail/teleport_absolute__functions.c
[16.173s] -- Up-to-date: /workspaces/ros2/ros2_ws/install/turtlesim/include/turtlesim/turtlesim/srv/detail/teleport_absolute__functions.h
[16.191s] -- Up-to-date: /workspaces/ros2/ros2_ws/install/turtlesim/include/turtlesim/turtlesim/srv/detail/teleport_absolute__struct.h
[16.209s] -- Up-to-date: /workspaces/ros2/ros2_ws/install/turtlesim/include/turtlesim/turtlesim/srv/detail/teleport_absolute__type_support.h
[16.226s] -- Up-to-date: /workspaces/ros2/ros2_ws/install/turtlesim/include/turtlesim/turtlesim/srv/detail/teleport_relative__functions.c
[16.244s] -- Up-to-date: /workspaces/ros2/ros2_ws/install/turtlesim/include/turtlesim/turtlesim/srv/detail/teleport_relative__functions.h
[16.261s] -- Up-to-date: /workspaces/ros2/ros2_ws/install/turtlesim/include/turtlesim/turtlesim/srv/detail/teleport_relative__struct.h
[16.278s] -- Up-to-date: /workspaces/ros2/ros2_ws/install/turtlesim/include/turtlesim/turtlesim/srv/detail/teleport_relative__type_support.h
[16.295s] -- Up-to-date: /workspaces/ros2/ros2_ws/install/turtlesim/include/turtlesim/turtlesim/srv/kill.h
[16.311s] -- Up-to-date: /workspaces/ros2/ros2_ws/install/turtlesim/include/turtlesim/turtlesim/srv/set_pen.h
[16.325s] -- Up-to-date: /workspaces/ros2/ros2_ws/install/turtlesim/include/turtlesim/turtlesim/srv/spawn.h
[16.340s] -- Up-to-date: /workspaces/ros2/ros2_ws/install/turtlesim/include/turtlesim/turtlesim/srv/teleport_absolute.h
[16.356s] -- Up-to-date: /workspaces/ros2/ros2_ws/install/turtlesim/include/turtlesim/turtlesim/srv/teleport_relative.h
[16.367s] -- Up-to-date: /workspaces/ros2/ros2_ws/install/turtlesim/share/turtlesim/environment/library_path.sh
[16.381s] -- Up-to-date: /workspaces/ros2/ros2_ws/install/turtlesim/share/turtlesim/environment/library_path.dsv
[16.407s] -- Up-to-date: /workspaces/ros2/ros2_ws/install/turtlesim/lib/libturtlesim__rosidl_generator_c.so
[16.433s] -- Up-to-date: /workspaces/ros2/ros2_ws/install/turtlesim/include/turtlesim/turtlesim
[16.447s] -- Up-to-date: /workspaces/ros2/ros2_ws/install/turtlesim/include/turtlesim/turtlesim/action
[16.464s] -- Up-to-date: /workspaces/ros2/ros2_ws/install/turtlesim/include/turtlesim/turtlesim/action/detail
[16.487s] -- Up-to-date: /workspaces/ros2/ros2_ws/install/turtlesim/include/turtlesim/turtlesim/action/detail/rotate_absolute__rosidl_typesupport_fastrtps_c.h
[16.500s] -- Up-to-date: /workspaces/ros2/ros2_ws/install/turtlesim/include/turtlesim/turtlesim/msg
[16.517s] -- Up-to-date: /workspaces/ros2/ros2_ws/install/turtlesim/include/turtlesim/turtlesim/msg/detail
[16.540s] -- Up-to-date: /workspaces/ros2/ros2_ws/install/turtlesim/include/turtlesim/turtlesim/msg/detail/color__rosidl_typesupport_fastrtps_c.h
[16.558s] -- Up-to-date: /workspaces/ros2/ros2_ws/install/turtlesim/include/turtlesim/turtlesim/msg/detail/pose__rosidl_typesupport_fastrtps_c.h
[16.574s] -- Up-to-date: /workspaces/ros2/ros2_ws/install/turtlesim/include/turtlesim/turtlesim/msg/rosidl_typesupport_fastrtps_c__visibility_control.h
[16.585s] -- Up-to-date: /workspaces/ros2/ros2_ws/install/turtlesim/include/turtlesim/turtlesim/srv
[16.603s] -- Up-to-date: /workspaces/ros2/ros2_ws/install/turtlesim/include/turtlesim/turtlesim/srv/detail
[16.624s] -- Up-to-date: /workspaces/ros2/ros2_ws/install/turtlesim/include/turtlesim/turtlesim/srv/detail/kill__rosidl_typesupport_fastrtps_c.h
[16.642s] -- Up-to-date: /workspaces/ros2/ros2_ws/install/turtlesim/include/turtlesim/turtlesim/srv/detail/set_pen__rosidl_typesupport_fastrtps_c.h
[16.660s] -- Up-to-date: /workspaces/ros2/ros2_ws/install/turtlesim/include/turtlesim/turtlesim/srv/detail/spawn__rosidl_typesupport_fastrtps_c.h
[16.677s] -- Up-to-date: /workspaces/ros2/ros2_ws/install/turtlesim/include/turtlesim/turtlesim/srv/detail/teleport_absolute__rosidl_typesupport_fastrtps_c.h
[16.696s] -- Up-to-date: /workspaces/ros2/ros2_ws/install/turtlesim/include/turtlesim/turtlesim/srv/detail/teleport_relative__rosidl_typesupport_fastrtps_c.h
[16.725s] -- Up-to-date: /workspaces/ros2/ros2_ws/install/turtlesim/lib/libturtlesim__rosidl_typesupport_fastrtps_c.so
[16.754s] -- Up-to-date: /workspaces/ros2/ros2_ws/install/turtlesim/include/turtlesim/turtlesim
[16.769s] -- Up-to-date: /workspaces/ros2/ros2_ws/install/turtlesim/include/turtlesim/turtlesim/action
[16.788s] -- Up-to-date: /workspaces/ros2/ros2_ws/install/turtlesim/include/turtlesim/turtlesim/action/detail
[16.813s] -- Up-to-date: /workspaces/ros2/ros2_ws/install/turtlesim/include/turtlesim/turtlesim/action/detail/rotate_absolute__builder.hpp
[16.831s] -- Up-to-date: /workspaces/ros2/ros2_ws/install/turtlesim/include/turtlesim/turtlesim/action/detail/rotate_absolute__struct.hpp
[16.852s] -- Up-to-date: /workspaces/ros2/ros2_ws/install/turtlesim/include/turtlesim/turtlesim/action/detail/rotate_absolute__traits.hpp
[16.868s] -- Up-to-date: /workspaces/ros2/ros2_ws/install/turtlesim/include/turtlesim/turtlesim/action/rotate_absolute.hpp
[16.880s] -- Up-to-date: /workspaces/ros2/ros2_ws/install/turtlesim/include/turtlesim/turtlesim/msg
[16.903s] -- Up-to-date: /workspaces/ros2/ros2_ws/install/turtlesim/include/turtlesim/turtlesim/msg/color.hpp
[16.918s] -- Up-to-date: /workspaces/ros2/ros2_ws/install/turtlesim/include/turtlesim/turtlesim/msg/detail
[16.942s] -- Up-to-date: /workspaces/ros2/ros2_ws/install/turtlesim/include/turtlesim/turtlesim/msg/detail/color__builder.hpp
[16.962s] -- Up-to-date: /workspaces/ros2/ros2_ws/install/turtlesim/include/turtlesim/turtlesim/msg/detail/color__struct.hpp
[16.981s] -- Up-to-date: /workspaces/ros2/ros2_ws/install/turtlesim/include/turtlesim/turtlesim/msg/detail/color__traits.hpp
[17.001s] -- Up-to-date: /workspaces/ros2/ros2_ws/install/turtlesim/include/turtlesim/turtlesim/msg/detail/pose__builder.hpp
[17.020s] -- Up-to-date: /workspaces/ros2/ros2_ws/install/turtlesim/include/turtlesim/turtlesim/msg/detail/pose__struct.hpp
[17.038s] -- Up-to-date: /workspaces/ros2/ros2_ws/install/turtlesim/include/turtlesim/turtlesim/msg/detail/pose__traits.hpp
[17.054s] -- Up-to-date: /workspaces/ros2/ros2_ws/install/turtlesim/include/turtlesim/turtlesim/msg/pose.hpp
[17.065s] -- Up-to-date: /workspaces/ros2/ros2_ws/install/turtlesim/include/turtlesim/turtlesim/srv
[17.082s] -- Up-to-date: /workspaces/ros2/ros2_ws/install/turtlesim/include/turtlesim/turtlesim/srv/detail
[17.107s] -- Up-to-date: /workspaces/ros2/ros2_ws/install/turtlesim/include/turtlesim/turtlesim/srv/detail/kill__builder.hpp
[17.125s] -- Up-to-date: /workspaces/ros2/ros2_ws/install/turtlesim/include/turtlesim/turtlesim/srv/detail/kill__struct.hpp
[17.143s] -- Up-to-date: /workspaces/ros2/ros2_ws/install/turtlesim/include/turtlesim/turtlesim/srv/detail/kill__traits.hpp
[17.162s] -- Up-to-date: /workspaces/ros2/ros2_ws/install/turtlesim/include/turtlesim/turtlesim/srv/detail/set_pen__builder.hpp
[17.179s] -- Up-to-date: /workspaces/ros2/ros2_ws/install/turtlesim/include/turtlesim/turtlesim/srv/detail/set_pen__struct.hpp
[17.198s] -- Up-to-date: /workspaces/ros2/ros2_ws/install/turtlesim/include/turtlesim/turtlesim/srv/detail/set_pen__traits.hpp
[17.216s] -- Up-to-date: /workspaces/ros2/ros2_ws/install/turtlesim/include/turtlesim/turtlesim/srv/detail/spawn__builder.hpp
[17.234s] -- Up-to-date: /workspaces/ros2/ros2_ws/install/turtlesim/include/turtlesim/turtlesim/srv/detail/spawn__struct.hpp
[17.252s] -- Up-to-date: /workspaces/ros2/ros2_ws/install/turtlesim/include/turtlesim/turtlesim/srv/detail/spawn__traits.hpp
[17.269s] -- Up-to-date: /workspaces/ros2/ros2_ws/install/turtlesim/include/turtlesim/turtlesim/srv/detail/teleport_absolute__builder.hpp
[17.286s] -- Up-to-date: /workspaces/ros2/ros2_ws/install/turtlesim/include/turtlesim/turtlesim/srv/detail/teleport_absolute__struct.hpp
[17.305s] -- Up-to-date: /workspaces/ros2/ros2_ws/install/turtlesim/include/turtlesim/turtlesim/srv/detail/teleport_absolute__traits.hpp
[17.322s] -- Up-to-date: /workspaces/ros2/ros2_ws/install/turtlesim/include/turtlesim/turtlesim/srv/detail/teleport_relative__builder.hpp
[17.339s] -- Up-to-date: /workspaces/ros2/ros2_ws/install/turtlesim/include/turtlesim/turtlesim/srv/detail/teleport_relative__struct.hpp
[17.357s] -- Up-to-date: /workspaces/ros2/ros2_ws/install/turtlesim/include/turtlesim/turtlesim/srv/detail/teleport_relative__traits.hpp
[17.372s] -- Up-to-date: /workspaces/ros2/ros2_ws/install/turtlesim/include/turtlesim/turtlesim/srv/kill.hpp
[17.386s] -- Up-to-date: /workspaces/ros2/ros2_ws/install/turtlesim/include/turtlesim/turtlesim/srv/set_pen.hpp
[17.402s] -- Up-to-date: /workspaces/ros2/ros2_ws/install/turtlesim/include/turtlesim/turtlesim/srv/spawn.hpp
[17.418s] -- Up-to-date: /workspaces/ros2/ros2_ws/install/turtlesim/include/turtlesim/turtlesim/srv/teleport_absolute.hpp
[17.433s] -- Up-to-date: /workspaces/ros2/ros2_ws/install/turtlesim/include/turtlesim/turtlesim/srv/teleport_relative.hpp
[17.443s] -- Up-to-date: /workspaces/ros2/ros2_ws/install/turtlesim/include/turtlesim/turtlesim
[17.458s] -- Up-to-date: /workspaces/ros2/ros2_ws/install/turtlesim/include/turtlesim/turtlesim/action
[17.476s] -- Up-to-date: /workspaces/ros2/ros2_ws/install/turtlesim/include/turtlesim/turtlesim/action/detail
[17.498s] -- Up-to-date: /workspaces/ros2/ros2_ws/install/turtlesim/include/turtlesim/turtlesim/action/detail/dds_fastrtps
[17.524s] -- Up-to-date: /workspaces/ros2/ros2_ws/install/turtlesim/include/turtlesim/turtlesim/action/detail/rotate_absolute__rosidl_typesupport_fastrtps_cpp.hpp
[17.537s] -- Up-to-date: /workspaces/ros2/ros2_ws/install/turtlesim/include/turtlesim/turtlesim/msg
[17.557s] -- Up-to-date: /workspaces/ros2/ros2_ws/install/turtlesim/include/turtlesim/turtlesim/msg/detail
[17.580s] -- Up-to-date: /workspaces/ros2/ros2_ws/install/turtlesim/include/turtlesim/turtlesim/msg/detail/color__rosidl_typesupport_fastrtps_cpp.hpp
[17.596s] -- Up-to-date: /workspaces/ros2/ros2_ws/install/turtlesim/include/turtlesim/turtlesim/msg/detail/dds_fastrtps
[17.623s] -- Up-to-date: /workspaces/ros2/ros2_ws/install/turtlesim/include/turtlesim/turtlesim/msg/detail/pose__rosidl_typesupport_fastrtps_cpp.hpp
[17.637s] -- Up-to-date: /workspaces/ros2/ros2_ws/install/turtlesim/include/turtlesim/turtlesim/msg/rosidl_typesupport_fastrtps_cpp__visibility_control.h
[17.646s] -- Up-to-date: /workspaces/ros2/ros2_ws/install/turtlesim/include/turtlesim/turtlesim/srv
[17.661s] -- Up-to-date: /workspaces/ros2/ros2_ws/install/turtlesim/include/turtlesim/turtlesim/srv/detail
[17.677s] -- Up-to-date: /workspaces/ros2/ros2_ws/install/turtlesim/include/turtlesim/turtlesim/srv/detail/dds_fastrtps
[17.699s] -- Up-to-date: /workspaces/ros2/ros2_ws/install/turtlesim/include/turtlesim/turtlesim/srv/detail/kill__rosidl_typesupport_fastrtps_cpp.hpp
[17.713s] -- Up-to-date: /workspaces/ros2/ros2_ws/install/turtlesim/include/turtlesim/turtlesim/srv/detail/set_pen__rosidl_typesupport_fastrtps_cpp.hpp
[17.727s] -- Up-to-date: /workspaces/ros2/ros2_ws/install/turtlesim/include/turtlesim/turtlesim/srv/detail/spawn__rosidl_typesupport_fastrtps_cpp.hpp
[17.741s] -- Up-to-date: /workspaces/ros2/ros2_ws/install/turtlesim/include/turtlesim/turtlesim/srv/detail/teleport_absolute__rosidl_typesupport_fastrtps_cpp.hpp
[17.756s] -- Up-to-date: /workspaces/ros2/ros2_ws/install/turtlesim/include/turtlesim/turtlesim/srv/detail/teleport_relative__rosidl_typesupport_fastrtps_cpp.hpp
[17.778s] -- Up-to-date: /workspaces/ros2/ros2_ws/install/turtlesim/lib/libturtlesim__rosidl_typesupport_fastrtps_cpp.so
[17.801s] -- Up-to-date: /workspaces/ros2/ros2_ws/install/turtlesim/include/turtlesim/turtlesim
[17.813s] -- Up-to-date: /workspaces/ros2/ros2_ws/install/turtlesim/include/turtlesim/turtlesim/action
[17.826s] -- Up-to-date: /workspaces/ros2/ros2_ws/install/turtlesim/include/turtlesim/turtlesim/action/detail
[17.845s] -- Up-to-date: /workspaces/ros2/ros2_ws/install/turtlesim/include/turtlesim/turtlesim/action/detail/rotate_absolute__rosidl_typesupport_introspection_c.h
[17.861s] -- Up-to-date: /workspaces/ros2/ros2_ws/install/turtlesim/include/turtlesim/turtlesim/action/detail/rotate_absolute__type_support.c
[17.870s] -- Up-to-date: /workspaces/ros2/ros2_ws/install/turtlesim/include/turtlesim/turtlesim/msg
[17.885s] -- Up-to-date: /workspaces/ros2/ros2_ws/install/turtlesim/include/turtlesim/turtlesim/msg/detail
[17.905s] -- Up-to-date: /workspaces/ros2/ros2_ws/install/turtlesim/include/turtlesim/turtlesim/msg/detail/color__rosidl_typesupport_introspection_c.h
[17.920s] -- Up-to-date: /workspaces/ros2/ros2_ws/install/turtlesim/include/turtlesim/turtlesim/msg/detail/color__type_support.c
[17.934s] -- Up-to-date: /workspaces/ros2/ros2_ws/install/turtlesim/include/turtlesim/turtlesim/msg/detail/pose__rosidl_typesupport_introspection_c.h
[17.949s] -- Up-to-date: /workspaces/ros2/ros2_ws/install/turtlesim/include/turtlesim/turtlesim/msg/detail/pose__type_support.c
[17.963s] -- Up-to-date: /workspaces/ros2/ros2_ws/install/turtlesim/include/turtlesim/turtlesim/msg/rosidl_typesupport_introspection_c__visibility_control.h
[17.972s] -- Up-to-date: /workspaces/ros2/ros2_ws/install/turtlesim/include/turtlesim/turtlesim/srv
[17.986s] -- Up-to-date: /workspaces/ros2/ros2_ws/install/turtlesim/include/turtlesim/turtlesim/srv/detail
[18.006s] -- Up-to-date: /workspaces/ros2/ros2_ws/install/turtlesim/include/turtlesim/turtlesim/srv/detail/kill__rosidl_typesupport_introspection_c.h
[18.020s] -- Up-to-date: /workspaces/ros2/ros2_ws/install/turtlesim/include/turtlesim/turtlesim/srv/detail/kill__type_support.c
[18.035s] -- Up-to-date: /workspaces/ros2/ros2_ws/install/turtlesim/include/turtlesim/turtlesim/srv/detail/set_pen__rosidl_typesupport_introspection_c.h
[18.050s] -- Up-to-date: /workspaces/ros2/ros2_ws/install/turtlesim/include/turtlesim/turtlesim/srv/detail/set_pen__type_support.c
[18.064s] -- Up-to-date: /workspaces/ros2/ros2_ws/install/turtlesim/include/turtlesim/turtlesim/srv/detail/spawn__rosidl_typesupport_introspection_c.h
[18.079s] -- Up-to-date: /workspaces/ros2/ros2_ws/install/turtlesim/include/turtlesim/turtlesim/srv/detail/spawn__type_support.c
[18.094s] -- Up-to-date: /workspaces/ros2/ros2_ws/install/turtlesim/include/turtlesim/turtlesim/srv/detail/teleport_absolute__rosidl_typesupport_introspection_c.h
[18.110s] -- Up-to-date: /workspaces/ros2/ros2_ws/install/turtlesim/include/turtlesim/turtlesim/srv/detail/teleport_absolute__type_support.c
[18.125s] -- Up-to-date: /workspaces/ros2/ros2_ws/install/turtlesim/include/turtlesim/turtlesim/srv/detail/teleport_relative__rosidl_typesupport_introspection_c.h
[18.140s] -- Up-to-date: /workspaces/ros2/ros2_ws/install/turtlesim/include/turtlesim/turtlesim/srv/detail/teleport_relative__type_support.c
[18.162s] -- Up-to-date: /workspaces/ros2/ros2_ws/install/turtlesim/lib/libturtlesim__rosidl_typesupport_introspection_c.so
[18.196s] -- Up-to-date: /workspaces/ros2/ros2_ws/install/turtlesim/lib/libturtlesim__rosidl_typesupport_c.so
[18.218s] -- Up-to-date: /workspaces/ros2/ros2_ws/install/turtlesim/include/turtlesim/turtlesim
[18.229s] -- Up-to-date: /workspaces/ros2/ros2_ws/install/turtlesim/include/turtlesim/turtlesim/action
[18.243s] -- Up-to-date: /workspaces/ros2/ros2_ws/install/turtlesim/include/turtlesim/turtlesim/action/detail
[18.263s] -- Up-to-date: /workspaces/ros2/ros2_ws/install/turtlesim/include/turtlesim/turtlesim/action/detail/rotate_absolute__rosidl_typesupport_introspection_cpp.hpp
[18.278s] -- Up-to-date: /workspaces/ros2/ros2_ws/install/turtlesim/include/turtlesim/turtlesim/action/detail/rotate_absolute__type_support.cpp
[18.288s] -- Up-to-date: /workspaces/ros2/ros2_ws/install/turtlesim/include/turtlesim/turtlesim/msg
[18.302s] -- Up-to-date: /workspaces/ros2/ros2_ws/install/turtlesim/include/turtlesim/turtlesim/msg/detail
[18.321s] -- Up-to-date: /workspaces/ros2/ros2_ws/install/turtlesim/include/turtlesim/turtlesim/msg/detail/color__rosidl_typesupport_introspection_cpp.hpp
[18.335s] -- Up-to-date: /workspaces/ros2/ros2_ws/install/turtlesim/include/turtlesim/turtlesim/msg/detail/color__type_support.cpp
[18.349s] -- Up-to-date: /workspaces/ros2/ros2_ws/install/turtlesim/include/turtlesim/turtlesim/msg/detail/pose__rosidl_typesupport_introspection_cpp.hpp
[18.364s] -- Up-to-date: /workspaces/ros2/ros2_ws/install/turtlesim/include/turtlesim/turtlesim/msg/detail/pose__type_support.cpp
[18.373s] -- Up-to-date: /workspaces/ros2/ros2_ws/install/turtlesim/include/turtlesim/turtlesim/srv
[18.387s] -- Up-to-date: /workspaces/ros2/ros2_ws/install/turtlesim/include/turtlesim/turtlesim/srv/detail
[18.407s] -- Up-to-date: /workspaces/ros2/ros2_ws/install/turtlesim/include/turtlesim/turtlesim/srv/detail/kill__rosidl_typesupport_introspection_cpp.hpp
[18.423s] -- Up-to-date: /workspaces/ros2/ros2_ws/install/turtlesim/include/turtlesim/turtlesim/srv/detail/kill__type_support.cpp
[18.437s] -- Up-to-date: /workspaces/ros2/ros2_ws/install/turtlesim/include/turtlesim/turtlesim/srv/detail/set_pen__rosidl_typesupport_introspection_cpp.hpp
[18.451s] -- Up-to-date: /workspaces/ros2/ros2_ws/install/turtlesim/include/turtlesim/turtlesim/srv/detail/set_pen__type_support.cpp
[18.467s] -- Up-to-date: /workspaces/ros2/ros2_ws/install/turtlesim/include/turtlesim/turtlesim/srv/detail/spawn__rosidl_typesupport_introspection_cpp.hpp
[18.480s] -- Up-to-date: /workspaces/ros2/ros2_ws/install/turtlesim/include/turtlesim/turtlesim/srv/detail/spawn__type_support.cpp
[18.495s] -- Up-to-date: /workspaces/ros2/ros2_ws/install/turtlesim/include/turtlesim/turtlesim/srv/detail/teleport_absolute__rosidl_typesupport_introspection_cpp.hpp
[18.509s] -- Up-to-date: /workspaces/ros2/ros2_ws/install/turtlesim/include/turtlesim/turtlesim/srv/detail/teleport_absolute__type_support.cpp
[18.525s] -- Up-to-date: /workspaces/ros2/ros2_ws/install/turtlesim/include/turtlesim/turtlesim/srv/detail/teleport_relative__rosidl_typesupport_introspection_cpp.hpp
[18.539s] -- Up-to-date: /workspaces/ros2/ros2_ws/install/turtlesim/include/turtlesim/turtlesim/srv/detail/teleport_relative__type_support.cpp
[18.562s] -- Up-to-date: /workspaces/ros2/ros2_ws/install/turtlesim/lib/libturtlesim__rosidl_typesupport_introspection_cpp.so
[18.597s] -- Up-to-date: /workspaces/ros2/ros2_ws/install/turtlesim/lib/libturtlesim__rosidl_typesupport_cpp.so
[18.621s] -- Up-to-date: /workspaces/ros2/ros2_ws/install/turtlesim/share/turtlesim/environment/pythonpath.sh
[18.633s] -- Up-to-date: /workspaces/ros2/ros2_ws/install/turtlesim/share/turtlesim/environment/pythonpath.dsv
[18.642s] -- Up-to-date: /workspaces/ros2/ros2_ws/install/turtlesim/local/lib/python3.10/dist-packages/turtlesim-1.4.2-py3.10.egg-info
[18.660s] -- Installing: /workspaces/ros2/ros2_ws/install/turtlesim/local/lib/python3.10/dist-packages/turtlesim-1.4.2-py3.10.egg-info/dependency_links.txt
[18.710s] -- Installing: /workspaces/ros2/ros2_ws/install/turtlesim/local/lib/python3.10/dist-packages/turtlesim-1.4.2-py3.10.egg-info/PKG-INFO
[18.762s] -- Installing: /workspaces/ros2/ros2_ws/install/turtlesim/local/lib/python3.10/dist-packages/turtlesim-1.4.2-py3.10.egg-info/SOURCES.txt
[18.812s] -- Installing: /workspaces/ros2/ros2_ws/install/turtlesim/local/lib/python3.10/dist-packages/turtlesim-1.4.2-py3.10.egg-info/top_level.txt
[18.857s] -- Up-to-date: /workspaces/ros2/ros2_ws/install/turtlesim/local/lib/python3.10/dist-packages/turtlesim
[18.872s] -- Up-to-date: /workspaces/ros2/ros2_ws/install/turtlesim/local/lib/python3.10/dist-packages/turtlesim/action
[18.895s] -- Up-to-date: /workspaces/ros2/ros2_ws/install/turtlesim/local/lib/python3.10/dist-packages/turtlesim/action/_rotate_absolute.py
[18.912s] -- Up-to-date: /workspaces/ros2/ros2_ws/install/turtlesim/local/lib/python3.10/dist-packages/turtlesim/action/_rotate_absolute_s.c
[18.927s] -- Up-to-date: /workspaces/ros2/ros2_ws/install/turtlesim/local/lib/python3.10/dist-packages/turtlesim/action/__init__.py
[18.940s] -- Up-to-date: /workspaces/ros2/ros2_ws/install/turtlesim/local/lib/python3.10/dist-packages/turtlesim/libturtlesim__rosidl_generator_py.so
[18.952s] -- Up-to-date: /workspaces/ros2/ros2_ws/install/turtlesim/local/lib/python3.10/dist-packages/turtlesim/msg
[18.975s] -- Up-to-date: /workspaces/ros2/ros2_ws/install/turtlesim/local/lib/python3.10/dist-packages/turtlesim/msg/_color.py
[18.993s] -- Up-to-date: /workspaces/ros2/ros2_ws/install/turtlesim/local/lib/python3.10/dist-packages/turtlesim/msg/_color_s.c
[19.011s] -- Up-to-date: /workspaces/ros2/ros2_ws/install/turtlesim/local/lib/python3.10/dist-packages/turtlesim/msg/_pose.py
[19.028s] -- Up-to-date: /workspaces/ros2/ros2_ws/install/turtlesim/local/lib/python3.10/dist-packages/turtlesim/msg/_pose_s.c
[19.045s] -- Up-to-date: /workspaces/ros2/ros2_ws/install/turtlesim/local/lib/python3.10/dist-packages/turtlesim/msg/__init__.py
[19.060s] -- Up-to-date: /workspaces/ros2/ros2_ws/install/turtlesim/local/lib/python3.10/dist-packages/turtlesim/srv
[19.085s] -- Up-to-date: /workspaces/ros2/ros2_ws/install/turtlesim/local/lib/python3.10/dist-packages/turtlesim/srv/_kill.py
[19.104s] -- Up-to-date: /workspaces/ros2/ros2_ws/install/turtlesim/local/lib/python3.10/dist-packages/turtlesim/srv/_kill_s.c
[19.122s] -- Up-to-date: /workspaces/ros2/ros2_ws/install/turtlesim/local/lib/python3.10/dist-packages/turtlesim/srv/_set_pen.py
[19.140s] -- Up-to-date: /workspaces/ros2/ros2_ws/install/turtlesim/local/lib/python3.10/dist-packages/turtlesim/srv/_set_pen_s.c
[19.158s] -- Up-to-date: /workspaces/ros2/ros2_ws/install/turtlesim/local/lib/python3.10/dist-packages/turtlesim/srv/_spawn.py
[19.176s] -- Up-to-date: /workspaces/ros2/ros2_ws/install/turtlesim/local/lib/python3.10/dist-packages/turtlesim/srv/_spawn_s.c
[19.195s] -- Up-to-date: /workspaces/ros2/ros2_ws/install/turtlesim/local/lib/python3.10/dist-packages/turtlesim/srv/_teleport_absolute.py
[19.213s] -- Up-to-date: /workspaces/ros2/ros2_ws/install/turtlesim/local/lib/python3.10/dist-packages/turtlesim/srv/_teleport_absolute_s.c
[19.231s] -- Up-to-date: /workspaces/ros2/ros2_ws/install/turtlesim/local/lib/python3.10/dist-packages/turtlesim/srv/_teleport_relative.py
[19.251s] -- Up-to-date: /workspaces/ros2/ros2_ws/install/turtlesim/local/lib/python3.10/dist-packages/turtlesim/srv/_teleport_relative_s.c
[19.268s] -- Up-to-date: /workspaces/ros2/ros2_ws/install/turtlesim/local/lib/python3.10/dist-packages/turtlesim/srv/__init__.py
[19.284s] -- Up-to-date: /workspaces/ros2/ros2_ws/install/turtlesim/local/lib/python3.10/dist-packages/turtlesim/turtlesim_s__rosidl_typesupport_c.cpython-310-x86_64-linux-gnu.so
[19.300s] -- Up-to-date: /workspaces/ros2/ros2_ws/install/turtlesim/local/lib/python3.10/dist-packages/turtlesim/turtlesim_s__rosidl_typesupport_fastrtps_c.cpython-310-x86_64-linux-gnu.so
[19.315s] -- Up-to-date: /workspaces/ros2/ros2_ws/install/turtlesim/local/lib/python3.10/dist-packages/turtlesim/turtlesim_s__rosidl_typesupport_introspection_c.cpython-310-x86_64-linux-gnu.so
[19.330s] -- Up-to-date: /workspaces/ros2/ros2_ws/install/turtlesim/local/lib/python3.10/dist-packages/turtlesim/_turtlesim_s.ep.rosidl_typesupport_c.c
[19.344s] -- Up-to-date: /workspaces/ros2/ros2_ws/install/turtlesim/local/lib/python3.10/dist-packages/turtlesim/_turtlesim_s.ep.rosidl_typesupport_fastrtps_c.c
[19.360s] -- Up-to-date: /workspaces/ros2/ros2_ws/install/turtlesim/local/lib/python3.10/dist-packages/turtlesim/_turtlesim_s.ep.rosidl_typesupport_introspection_c.c
[19.374s] -- Up-to-date: /workspaces/ros2/ros2_ws/install/turtlesim/local/lib/python3.10/dist-packages/turtlesim/__init__.py
[20.219s] Listing '/workspaces/ros2/ros2_ws/install/turtlesim/local/lib/python3.10/dist-packages/turtlesim'...
[20.220s] Listing '/workspaces/ros2/ros2_ws/install/turtlesim/local/lib/python3.10/dist-packages/turtlesim/action'...
[20.220s] Listing '/workspaces/ros2/ros2_ws/install/turtlesim/local/lib/python3.10/dist-packages/turtlesim/msg'...
[20.221s] Listing '/workspaces/ros2/ros2_ws/install/turtlesim/local/lib/python3.10/dist-packages/turtlesim/srv'...
[20.259s] -- Up-to-date: /workspaces/ros2/ros2_ws/install/turtlesim/local/lib/python3.10/dist-packages/turtlesim/turtlesim_s__rosidl_typesupport_fastrtps_c.cpython-310-x86_64-linux-gnu.so
[20.328s] -- Up-to-date: /workspaces/ros2/ros2_ws/install/turtlesim/local/lib/python3.10/dist-packages/turtlesim/turtlesim_s__rosidl_typesupport_introspection_c.cpython-310-x86_64-linux-gnu.so
[20.394s] -- Up-to-date: /workspaces/ros2/ros2_ws/install/turtlesim/local/lib/python3.10/dist-packages/turtlesim/turtlesim_s__rosidl_typesupport_c.cpython-310-x86_64-linux-gnu.so
[20.451s] -- Up-to-date: /workspaces/ros2/ros2_ws/install/turtlesim/lib/libturtlesim__rosidl_generator_py.so
[20.485s] -- Up-to-date: /workspaces/ros2/ros2_ws/install/turtlesim/share/turtlesim/action/RotateAbsolute.idl
[20.503s] -- Up-to-date: /workspaces/ros2/ros2_ws/install/turtlesim/share/turtlesim/msg/Color.idl
[20.521s] -- Up-to-date: /workspaces/ros2/ros2_ws/install/turtlesim/share/turtlesim/msg/Pose.idl
[20.538s] -- Up-to-date: /workspaces/ros2/ros2_ws/install/turtlesim/share/turtlesim/srv/Kill.idl
[20.556s] -- Up-to-date: /workspaces/ros2/ros2_ws/install/turtlesim/share/turtlesim/srv/SetPen.idl
[20.574s] -- Up-to-date: /workspaces/ros2/ros2_ws/install/turtlesim/share/turtlesim/srv/Spawn.idl
[20.591s] -- Up-to-date: /workspaces/ros2/ros2_ws/install/turtlesim/share/turtlesim/srv/TeleportAbsolute.idl
[20.610s] -- Up-to-date: /workspaces/ros2/ros2_ws/install/turtlesim/share/turtlesim/srv/TeleportRelative.idl
[20.628s] -- Up-to-date: /workspaces/ros2/ros2_ws/install/turtlesim/share/turtlesim/action/RotateAbsolute.action
[20.647s] -- Up-to-date: /workspaces/ros2/ros2_ws/install/turtlesim/share/turtlesim/msg/Color.msg
[20.666s] -- Up-to-date: /workspaces/ros2/ros2_ws/install/turtlesim/share/turtlesim/msg/Pose.msg
[20.685s] -- Up-to-date: /workspaces/ros2/ros2_ws/install/turtlesim/share/turtlesim/srv/Kill.srv
[20.700s] -- Up-to-date: /workspaces/ros2/ros2_ws/install/turtlesim/share/turtlesim/srv/Kill_Request.msg
[20.716s] -- Up-to-date: /workspaces/ros2/ros2_ws/install/turtlesim/share/turtlesim/srv/Kill_Response.msg
[20.734s] -- Up-to-date: /workspaces/ros2/ros2_ws/install/turtlesim/share/turtlesim/srv/SetPen.srv
[20.750s] -- Up-to-date: /workspaces/ros2/ros2_ws/install/turtlesim/share/turtlesim/srv/SetPen_Request.msg
[20.766s] -- Up-to-date: /workspaces/ros2/ros2_ws/install/turtlesim/share/turtlesim/srv/SetPen_Response.msg
[20.784s] -- Up-to-date: /workspaces/ros2/ros2_ws/install/turtlesim/share/turtlesim/srv/Spawn.srv
[20.800s] -- Up-to-date: /workspaces/ros2/ros2_ws/install/turtlesim/share/turtlesim/srv/Spawn_Request.msg
[20.816s] -- Up-to-date: /workspaces/ros2/ros2_ws/install/turtlesim/share/turtlesim/srv/Spawn_Response.msg
[20.833s] -- Up-to-date: /workspaces/ros2/ros2_ws/install/turtlesim/share/turtlesim/srv/TeleportAbsolute.srv
[20.850s] -- Up-to-date: /workspaces/ros2/ros2_ws/install/turtlesim/share/turtlesim/srv/TeleportAbsolute_Request.msg
[20.866s] -- Up-to-date: /workspaces/ros2/ros2_ws/install/turtlesim/share/turtlesim/srv/TeleportAbsolute_Response.msg
[20.885s] -- Up-to-date: /workspaces/ros2/ros2_ws/install/turtlesim/share/turtlesim/srv/TeleportRelative.srv
[20.901s] -- Up-to-date: /workspaces/ros2/ros2_ws/install/turtlesim/share/turtlesim/srv/TeleportRelative_Request.msg
[20.917s] -- Up-to-date: /workspaces/ros2/ros2_ws/install/turtlesim/share/turtlesim/srv/TeleportRelative_Response.msg
[20.947s] -- Up-to-date: /workspaces/ros2/ros2_ws/install/turtlesim/lib/turtlesim/turtlesim_node
[20.998s] -- Up-to-date: /workspaces/ros2/ros2_ws/install/turtlesim/lib/turtlesim/turtle_teleop_key
[21.051s] -- Up-to-date: /workspaces/ros2/ros2_ws/install/turtlesim/lib/turtlesim/draw_square
[21.104s] -- Up-to-date: /workspaces/ros2/ros2_ws/install/turtlesim/lib/turtlesim/mimic
[21.138s] -- Up-to-date: /workspaces/ros2/ros2_ws/install/turtlesim/share/turtlesim/images
[21.159s] -- Up-to-date: /workspaces/ros2/ros2_ws/install/turtlesim/share/turtlesim/images/ardent.png
[21.175s] -- Up-to-date: /workspaces/ros2/ros2_ws/install/turtlesim/share/turtlesim/images/bouncy.png
[21.191s] -- Up-to-date: /workspaces/ros2/ros2_ws/install/turtlesim/share/turtlesim/images/crystal.png
[21.207s] -- Up-to-date: /workspaces/ros2/ros2_ws/install/turtlesim/share/turtlesim/images/dashing.png
[21.223s] -- Up-to-date: /workspaces/ros2/ros2_ws/install/turtlesim/share/turtlesim/images/eloquent.png
[21.239s] -- Up-to-date: /workspaces/ros2/ros2_ws/install/turtlesim/share/turtlesim/images/foxy.png
[21.256s] -- Up-to-date: /workspaces/ros2/ros2_ws/install/turtlesim/share/turtlesim/images/galactic.png
[21.272s] -- Up-to-date: /workspaces/ros2/ros2_ws/install/turtlesim/share/turtlesim/images/humble.png
[21.287s] -- Up-to-date: /workspaces/ros2/ros2_ws/install/turtlesim/share/turtlesim/images/rolling.png
[21.298s] -- Up-to-date: /workspaces/ros2/ros2_ws/install/turtlesim/share/turtlesim/launch
[21.319s] -- Up-to-date: /workspaces/ros2/ros2_ws/install/turtlesim/share/turtlesim/launch/multisim.launch.py
[21.339s] -- Up-to-date: /workspaces/ros2/ros2_ws/install/turtlesim/share/ament_index/resource_index/package_run_dependencies/turtlesim
[21.362s] -- Up-to-date: /workspaces/ros2/ros2_ws/install/turtlesim/share/ament_index/resource_index/parent_prefix_path/turtlesim
[21.373s] -- Up-to-date: /workspaces/ros2/ros2_ws/install/turtlesim/share/turtlesim/environment/ament_prefix_path.sh
[21.387s] -- Up-to-date: /workspaces/ros2/ros2_ws/install/turtlesim/share/turtlesim/environment/ament_prefix_path.dsv
[21.398s] -- Up-to-date: /workspaces/ros2/ros2_ws/install/turtlesim/share/turtlesim/environment/path.sh
[21.412s] -- Up-to-date: /workspaces/ros2/ros2_ws/install/turtlesim/share/turtlesim/environment/path.dsv
[21.425s] -- Up-to-date: /workspaces/ros2/ros2_ws/install/turtlesim/share/turtlesim/local_setup.bash
[21.437s] -- Up-to-date: /workspaces/ros2/ros2_ws/install/turtlesim/share/turtlesim/local_setup.sh
[21.449s] -- Up-to-date: /workspaces/ros2/ros2_ws/install/turtlesim/share/turtlesim/local_setup.zsh
[21.461s] -- Up-to-date: /workspaces/ros2/ros2_ws/install/turtlesim/share/turtlesim/local_setup.dsv
[21.473s] -- Installing: /workspaces/ros2/ros2_ws/install/turtlesim/share/turtlesim/package.dsv
[21.523s] -- Up-to-date: /workspaces/ros2/ros2_ws/install/turtlesim/share/ament_index/resource_index/packages/turtlesim
[21.555s] -- Up-to-date: /workspaces/ros2/ros2_ws/install/turtlesim/share/turtlesim/cmake/export_turtlesim__rosidl_generator_cExport.cmake
[21.576s] -- Up-to-date: /workspaces/ros2/ros2_ws/install/turtlesim/share/turtlesim/cmake/export_turtlesim__rosidl_generator_cExport-noconfig.cmake
[21.608s] -- Up-to-date: /workspaces/ros2/ros2_ws/install/turtlesim/share/turtlesim/cmake/export_turtlesim__rosidl_typesupport_fastrtps_cExport.cmake
[21.629s] -- Up-to-date: /workspaces/ros2/ros2_ws/install/turtlesim/share/turtlesim/cmake/export_turtlesim__rosidl_typesupport_fastrtps_cExport-noconfig.cmake
[21.661s] -- Up-to-date: /workspaces/ros2/ros2_ws/install/turtlesim/share/turtlesim/cmake/export_turtlesim__rosidl_generator_cppExport.cmake
[21.692s] -- Up-to-date: /workspaces/ros2/ros2_ws/install/turtlesim/share/turtlesim/cmake/export_turtlesim__rosidl_typesupport_fastrtps_cppExport.cmake
[21.714s] -- Up-to-date: /workspaces/ros2/ros2_ws/install/turtlesim/share/turtlesim/cmake/export_turtlesim__rosidl_typesupport_fastrtps_cppExport-noconfig.cmake
[21.745s] -- Up-to-date: /workspaces/ros2/ros2_ws/install/turtlesim/share/turtlesim/cmake/turtlesim__rosidl_typesupport_introspection_cExport.cmake
[21.764s] -- Up-to-date: /workspaces/ros2/ros2_ws/install/turtlesim/share/turtlesim/cmake/turtlesim__rosidl_typesupport_introspection_cExport-noconfig.cmake
[21.794s] -- Up-to-date: /workspaces/ros2/ros2_ws/install/turtlesim/share/turtlesim/cmake/turtlesim__rosidl_typesupport_cExport.cmake
[21.814s] -- Up-to-date: /workspaces/ros2/ros2_ws/install/turtlesim/share/turtlesim/cmake/turtlesim__rosidl_typesupport_cExport-noconfig.cmake
[21.843s] -- Up-to-date: /workspaces/ros2/ros2_ws/install/turtlesim/share/turtlesim/cmake/turtlesim__rosidl_typesupport_introspection_cppExport.cmake
[21.864s] -- Up-to-date: /workspaces/ros2/ros2_ws/install/turtlesim/share/turtlesim/cmake/turtlesim__rosidl_typesupport_introspection_cppExport-noconfig.cmake
[21.893s] -- Up-to-date: /workspaces/ros2/ros2_ws/install/turtlesim/share/turtlesim/cmake/turtlesim__rosidl_typesupport_cppExport.cmake
[21.915s] -- Up-to-date: /workspaces/ros2/ros2_ws/install/turtlesim/share/turtlesim/cmake/turtlesim__rosidl_typesupport_cppExport-noconfig.cmake
[21.945s] -- Up-to-date: /workspaces/ros2/ros2_ws/install/turtlesim/share/turtlesim/cmake/export_turtlesim__rosidl_generator_pyExport.cmake
[21.965s] -- Up-to-date: /workspaces/ros2/ros2_ws/install/turtlesim/share/turtlesim/cmake/export_turtlesim__rosidl_generator_pyExport-noconfig.cmake
[21.979s] -- Up-to-date: /workspaces/ros2/ros2_ws/install/turtlesim/share/turtlesim/cmake/rosidl_cmake-extras.cmake
[21.993s] -- Up-to-date: /workspaces/ros2/ros2_ws/install/turtlesim/share/turtlesim/cmake/ament_cmake_export_dependencies-extras.cmake
[22.008s] -- Up-to-date: /workspaces/ros2/ros2_ws/install/turtlesim/share/turtlesim/cmake/ament_cmake_export_include_directories-extras.cmake
[22.022s] -- Up-to-date: /workspaces/ros2/ros2_ws/install/turtlesim/share/turtlesim/cmake/ament_cmake_export_libraries-extras.cmake
[22.035s] -- Up-to-date: /workspaces/ros2/ros2_ws/install/turtlesim/share/turtlesim/cmake/ament_cmake_export_targets-extras.cmake
[22.050s] -- Up-to-date: /workspaces/ros2/ros2_ws/install/turtlesim/share/turtlesim/cmake/rosidl_cmake_export_typesupport_targets-extras.cmake
[22.064s] -- Up-to-date: /workspaces/ros2/ros2_ws/install/turtlesim/share/turtlesim/cmake/rosidl_cmake_export_typesupport_libraries-extras.cmake
[22.078s] -- Up-to-date: /workspaces/ros2/ros2_ws/install/turtlesim/share/turtlesim/cmake/turtlesimConfig.cmake
[22.090s] -- Up-to-date: /workspaces/ros2/ros2_ws/install/turtlesim/share/turtlesim/cmake/turtlesimConfig-version.cmake
[22.106s] -- Up-to-date: /workspaces/ros2/ros2_ws/install/turtlesim/share/turtlesim/package.xml
[22.118s] Invoked command in '/workspaces/ros2/ros2_ws/build/turtlesim' returned '0': CMAKE_PREFIX_PATH=${CMAKE_PREFIX_PATH}:/workspaces/ros2/ros2_ws/install/py_srvcli:/workspaces/ros2/ros2_ws/install/py_pubsub:/workspaces/ros2/ros2_ws/install/my_robot_controller:/workspaces/ros2/ros2_ws/install/my_package:/opt/ros/humble /usr/bin/cmake --install /workspaces/ros2/ros2_ws/build/turtlesim
