[0.586s] Invoking command in '/workspaces/ros2/ros2_ws/build/turtlesim': CMAKE_PREFIX_PATH=${CMAKE_PREFIX_PATH}:/opt/ros/humble /usr/bin/cmake --build /workspaces/ros2/ros2_ws/build/turtlesim -- -j16 -l16
[1.179s] [  1%] Built target turtlesim__cpp
[1.473s] [ 11%] Built target turtlesim__rosidl_generator_c
[1.573s] [ 21%] Built target turtlesim__rosidl_typesupport_cpp
[1.656s] [ 31%] Built target turtlesim__rosidl_typesupport_introspection_cpp
[1.694s] [ 41%] Built target turtlesim__rosidl_typesupport_fastrtps_cpp
[1.710s] [35m[1mConsolidate compiler generated dependencies of target turtlesim_node[0m
[1.752s] [ 45%] Built target mimic
[1.753s] [ 45%] Built target draw_square
[1.783s] [ 47%] Built target turtle_teleop_key
[1.958s] [ 57%] Built target turtlesim__rosidl_typesupport_c
[2.018s] [ 67%] Built target turtlesim__rosidl_typesupport_introspection_c
[2.057s] [ 77%] Built target turtlesim__rosidl_typesupport_fastrtps_c
[2.098s] [ 77%] Built target ament_cmake_python_copy_turtlesim
[2.203s] [ 77%] Built target turtlesim
[2.483s] [ 78%] Built target turtlesim__py
[2.673s] running egg_info
[2.675s] writing turtlesim.egg-info/PKG-INFO
[2.678s] writing dependency_links to turtlesim.egg-info/dependency_links.txt
[2.683s] writing top-level names to turtlesim.egg-info/top_level.txt
[2.693s] [ 84%] Built target turtlesim_node
[2.726s] reading manifest file 'turtlesim.egg-info/SOURCES.txt'
[2.771s] writing manifest file 'turtlesim.egg-info/SOURCES.txt'
[2.823s] [ 93%] Built target turtlesim__rosidl_generator_py
[2.846s] [ 93%] Built target ament_cmake_python_build_turtlesim_egg
[2.965s] [ 95%] Built target turtlesim__rosidl_typesupport_introspection_c__pyext
[2.972s] [ 97%] Built target turtlesim__rosidl_typesupport_fastrtps_c__pyext
[3.058s] [100%] Built target turtlesim__rosidl_typesupport_c__pyext
[3.353s] Invoked command in '/workspaces/ros2/ros2_ws/build/turtlesim' returned '0': CMAKE_PREFIX_PATH=${CMAKE_PREFIX_PATH}:/opt/ros/humble /usr/bin/cmake --build /workspaces/ros2/ros2_ws/build/turtlesim -- -j16 -l16
[8.592s] Invoking command in '/workspaces/ros2/ros2_ws/build/turtlesim': CMAKE_PREFIX_PATH=${CMAKE_PREFIX_PATH}:/opt/ros/humble /usr/bin/cmake --install /workspaces/ros2/ros2_ws/build/turtlesim
[8.661s] -- Install configuration: ""
[8.679s] -- Up-to-date: /workspaces/ros2/ros2_ws/install/turtlesim/share/ament_index/resource_index/rosidl_interfaces/turtlesim
[8.689s] -- Up-to-date: /workspaces/ros2/ros2_ws/install/turtlesim/include/turtlesim/turtlesim
[8.703s] -- Up-to-date: /workspaces/ros2/ros2_ws/install/turtlesim/include/turtlesim/turtlesim/action
[8.719s] -- Up-to-date: /workspaces/ros2/ros2_ws/install/turtlesim/include/turtlesim/turtlesim/action/detail
[8.742s] -- Up-to-date: /workspaces/ros2/ros2_ws/install/turtlesim/include/turtlesim/turtlesim/action/detail/rotate_absolute__functions.c
[8.759s] -- Up-to-date: /workspaces/ros2/ros2_ws/install/turtlesim/include/turtlesim/turtlesim/action/detail/rotate_absolute__functions.h
[8.777s] -- Up-to-date: /workspaces/ros2/ros2_ws/install/turtlesim/include/turtlesim/turtlesim/action/detail/rotate_absolute__struct.h
[8.793s] -- Up-to-date: /workspaces/ros2/ros2_ws/install/turtlesim/include/turtlesim/turtlesim/action/detail/rotate_absolute__type_support.h
[8.808s] -- Up-to-date: /workspaces/ros2/ros2_ws/install/turtlesim/include/turtlesim/turtlesim/action/rotate_absolute.h
[8.820s] -- Up-to-date: /workspaces/ros2/ros2_ws/install/turtlesim/include/turtlesim/turtlesim/msg
[8.841s] -- Up-to-date: /workspaces/ros2/ros2_ws/install/turtlesim/include/turtlesim/turtlesim/msg/color.h
[8.853s] -- Up-to-date: /workspaces/ros2/ros2_ws/install/turtlesim/include/turtlesim/turtlesim/msg/detail
[8.876s] -- Up-to-date: /workspaces/ros2/ros2_ws/install/turtlesim/include/turtlesim/turtlesim/msg/detail/color__functions.c
[8.894s] -- Up-to-date: /workspaces/ros2/ros2_ws/install/turtlesim/include/turtlesim/turtlesim/msg/detail/color__functions.h
[8.910s] -- Up-to-date: /workspaces/ros2/ros2_ws/install/turtlesim/include/turtlesim/turtlesim/msg/detail/color__struct.h
[8.928s] -- Up-to-date: /workspaces/ros2/ros2_ws/install/turtlesim/include/turtlesim/turtlesim/msg/detail/color__type_support.h
[8.946s] -- Up-to-date: /workspaces/ros2/ros2_ws/install/turtlesim/include/turtlesim/turtlesim/msg/detail/pose__functions.c
[8.962s] -- Up-to-date: /workspaces/ros2/ros2_ws/install/turtlesim/include/turtlesim/turtlesim/msg/detail/pose__functions.h
[8.980s] -- Up-to-date: /workspaces/ros2/ros2_ws/install/turtlesim/include/turtlesim/turtlesim/msg/detail/pose__struct.h
[8.997s] -- Up-to-date: /workspaces/ros2/ros2_ws/install/turtlesim/include/turtlesim/turtlesim/msg/detail/pose__type_support.h
[9.013s] -- Up-to-date: /workspaces/ros2/ros2_ws/install/turtlesim/include/turtlesim/turtlesim/msg/pose.h
[9.027s] -- Up-to-date: /workspaces/ros2/ros2_ws/install/turtlesim/include/turtlesim/turtlesim/msg/rosidl_generator_c__visibility_control.h
[9.038s] -- Up-to-date: /workspaces/ros2/ros2_ws/install/turtlesim/include/turtlesim/turtlesim/srv
[9.055s] -- Up-to-date: /workspaces/ros2/ros2_ws/install/turtlesim/include/turtlesim/turtlesim/srv/detail
[9.078s] -- Up-to-date: /workspaces/ros2/ros2_ws/install/turtlesim/include/turtlesim/turtlesim/srv/detail/kill__functions.c
[9.095s] -- Up-to-date: /workspaces/ros2/ros2_ws/install/turtlesim/include/turtlesim/turtlesim/srv/detail/kill__functions.h
[9.112s] -- Up-to-date: /workspaces/ros2/ros2_ws/install/turtlesim/include/turtlesim/turtlesim/srv/detail/kill__struct.h
[9.129s] -- Up-to-date: /workspaces/ros2/ros2_ws/install/turtlesim/include/turtlesim/turtlesim/srv/detail/kill__type_support.h
[9.146s] -- Up-to-date: /workspaces/ros2/ros2_ws/install/turtlesim/include/turtlesim/turtlesim/srv/detail/set_pen__functions.c
[9.163s] -- Up-to-date: /workspaces/ros2/ros2_ws/install/turtlesim/include/turtlesim/turtlesim/srv/detail/set_pen__functions.h
[9.181s] -- Up-to-date: /workspaces/ros2/ros2_ws/install/turtlesim/include/turtlesim/turtlesim/srv/detail/set_pen__struct.h
[9.198s] -- Up-to-date: /workspaces/ros2/ros2_ws/install/turtlesim/include/turtlesim/turtlesim/srv/detail/set_pen__type_support.h
[9.215s] -- Up-to-date: /workspaces/ros2/ros2_ws/install/turtlesim/include/turtlesim/turtlesim/srv/detail/spawn__functions.c
[9.233s] -- Up-to-date: /workspaces/ros2/ros2_ws/install/turtlesim/include/turtlesim/turtlesim/srv/detail/spawn__functions.h
[9.251s] -- Up-to-date: /workspaces/ros2/ros2_ws/install/turtlesim/include/turtlesim/turtlesim/srv/detail/spawn__struct.h
[9.269s] -- Up-to-date: /workspaces/ros2/ros2_ws/install/turtlesim/include/turtlesim/turtlesim/srv/detail/spawn__type_support.h
[9.286s] -- Up-to-date: /workspaces/ros2/ros2_ws/install/turtlesim/include/turtlesim/turtlesim/srv/detail/teleport_absolute__functions.c
[9.302s] -- Up-to-date: /workspaces/ros2/ros2_ws/install/turtlesim/include/turtlesim/turtlesim/srv/detail/teleport_absolute__functions.h
[9.320s] -- Up-to-date: /workspaces/ros2/ros2_ws/install/turtlesim/include/turtlesim/turtlesim/srv/detail/teleport_absolute__struct.h
[9.337s] -- Up-to-date: /workspaces/ros2/ros2_ws/install/turtlesim/include/turtlesim/turtlesim/srv/detail/teleport_absolute__type_support.h
[9.355s] -- Up-to-date: /workspaces/ros2/ros2_ws/install/turtlesim/include/turtlesim/turtlesim/srv/detail/teleport_relative__functions.c
[9.373s] -- Up-to-date: /workspaces/ros2/ros2_ws/install/turtlesim/include/turtlesim/turtlesim/srv/detail/teleport_relative__functions.h
[9.390s] -- Up-to-date: /workspaces/ros2/ros2_ws/install/turtlesim/include/turtlesim/turtlesim/srv/detail/teleport_relative__struct.h
[9.407s] -- Up-to-date: /workspaces/ros2/ros2_ws/install/turtlesim/include/turtlesim/turtlesim/srv/detail/teleport_relative__type_support.h
[9.422s] -- Up-to-date: /workspaces/ros2/ros2_ws/install/turtlesim/include/turtlesim/turtlesim/srv/kill.h
[9.437s] -- Up-to-date: /workspaces/ros2/ros2_ws/install/turtlesim/include/turtlesim/turtlesim/srv/set_pen.h
[9.452s] -- Up-to-date: /workspaces/ros2/ros2_ws/install/turtlesim/include/turtlesim/turtlesim/srv/spawn.h
[9.466s] -- Up-to-date: /workspaces/ros2/ros2_ws/install/turtlesim/include/turtlesim/turtlesim/srv/teleport_absolute.h
[9.481s] -- Up-to-date: /workspaces/ros2/ros2_ws/install/turtlesim/include/turtlesim/turtlesim/srv/teleport_relative.h
[9.492s] -- Up-to-date: /workspaces/ros2/ros2_ws/install/turtlesim/share/turtlesim/environment/library_path.sh
[9.505s] -- Up-to-date: /workspaces/ros2/ros2_ws/install/turtlesim/share/turtlesim/environment/library_path.dsv
[9.530s] -- Up-to-date: /workspaces/ros2/ros2_ws/install/turtlesim/lib/libturtlesim__rosidl_generator_c.so
[9.555s] -- Up-to-date: /workspaces/ros2/ros2_ws/install/turtlesim/include/turtlesim/turtlesim
[9.570s] -- Up-to-date: /workspaces/ros2/ros2_ws/install/turtlesim/include/turtlesim/turtlesim/action
[9.587s] -- Up-to-date: /workspaces/ros2/ros2_ws/install/turtlesim/include/turtlesim/turtlesim/action/detail
[9.610s] -- Up-to-date: /workspaces/ros2/ros2_ws/install/turtlesim/include/turtlesim/turtlesim/action/detail/rotate_absolute__rosidl_typesupport_fastrtps_c.h
[9.622s] -- Up-to-date: /workspaces/ros2/ros2_ws/install/turtlesim/include/turtlesim/turtlesim/msg
[9.639s] -- Up-to-date: /workspaces/ros2/ros2_ws/install/turtlesim/include/turtlesim/turtlesim/msg/detail
[9.661s] -- Up-to-date: /workspaces/ros2/ros2_ws/install/turtlesim/include/turtlesim/turtlesim/msg/detail/color__rosidl_typesupport_fastrtps_c.h
[9.679s] -- Up-to-date: /workspaces/ros2/ros2_ws/install/turtlesim/include/turtlesim/turtlesim/msg/detail/pose__rosidl_typesupport_fastrtps_c.h
[9.694s] -- Up-to-date: /workspaces/ros2/ros2_ws/install/turtlesim/include/turtlesim/turtlesim/msg/rosidl_typesupport_fastrtps_c__visibility_control.h
[9.705s] -- Up-to-date: /workspaces/ros2/ros2_ws/install/turtlesim/include/turtlesim/turtlesim/srv
[9.721s] -- Up-to-date: /workspaces/ros2/ros2_ws/install/turtlesim/include/turtlesim/turtlesim/srv/detail
[9.744s] -- Up-to-date: /workspaces/ros2/ros2_ws/install/turtlesim/include/turtlesim/turtlesim/srv/detail/kill__rosidl_typesupport_fastrtps_c.h
[9.761s] -- Up-to-date: /workspaces/ros2/ros2_ws/install/turtlesim/include/turtlesim/turtlesim/srv/detail/set_pen__rosidl_typesupport_fastrtps_c.h
[9.779s] -- Up-to-date: /workspaces/ros2/ros2_ws/install/turtlesim/include/turtlesim/turtlesim/srv/detail/spawn__rosidl_typesupport_fastrtps_c.h
[9.796s] -- Up-to-date: /workspaces/ros2/ros2_ws/install/turtlesim/include/turtlesim/turtlesim/srv/detail/teleport_absolute__rosidl_typesupport_fastrtps_c.h
[9.814s] -- Up-to-date: /workspaces/ros2/ros2_ws/install/turtlesim/include/turtlesim/turtlesim/srv/detail/teleport_relative__rosidl_typesupport_fastrtps_c.h
[9.840s] -- Up-to-date: /workspaces/ros2/ros2_ws/install/turtlesim/lib/libturtlesim__rosidl_typesupport_fastrtps_c.so
[9.865s] -- Up-to-date: /workspaces/ros2/ros2_ws/install/turtlesim/include/turtlesim/turtlesim
[9.879s] -- Up-to-date: /workspaces/ros2/ros2_ws/install/turtlesim/include/turtlesim/turtlesim/action
[9.896s] -- Up-to-date: /workspaces/ros2/ros2_ws/install/turtlesim/include/turtlesim/turtlesim/action/detail
[9.918s] -- Up-to-date: /workspaces/ros2/ros2_ws/install/turtlesim/include/turtlesim/turtlesim/action/detail/rotate_absolute__builder.hpp
[9.935s] -- Up-to-date: /workspaces/ros2/ros2_ws/install/turtlesim/include/turtlesim/turtlesim/action/detail/rotate_absolute__struct.hpp
[9.952s] -- Up-to-date: /workspaces/ros2/ros2_ws/install/turtlesim/include/turtlesim/turtlesim/action/detail/rotate_absolute__traits.hpp
[9.966s] -- Up-to-date: /workspaces/ros2/ros2_ws/install/turtlesim/include/turtlesim/turtlesim/action/rotate_absolute.hpp
[9.978s] -- Up-to-date: /workspaces/ros2/ros2_ws/install/turtlesim/include/turtlesim/turtlesim/msg
[9.997s] -- Up-to-date: /workspaces/ros2/ros2_ws/install/turtlesim/include/turtlesim/turtlesim/msg/color.hpp
[10.009s] -- Up-to-date: /workspaces/ros2/ros2_ws/install/turtlesim/include/turtlesim/turtlesim/msg/detail
[10.032s] -- Up-to-date: /workspaces/ros2/ros2_ws/install/turtlesim/include/turtlesim/turtlesim/msg/detail/color__builder.hpp
[10.049s] -- Up-to-date: /workspaces/ros2/ros2_ws/install/turtlesim/include/turtlesim/turtlesim/msg/detail/color__struct.hpp
[10.066s] -- Up-to-date: /workspaces/ros2/ros2_ws/install/turtlesim/include/turtlesim/turtlesim/msg/detail/color__traits.hpp
[10.084s] -- Up-to-date: /workspaces/ros2/ros2_ws/install/turtlesim/include/turtlesim/turtlesim/msg/detail/pose__builder.hpp
[10.101s] -- Up-to-date: /workspaces/ros2/ros2_ws/install/turtlesim/include/turtlesim/turtlesim/msg/detail/pose__struct.hpp
[10.118s] -- Up-to-date: /workspaces/ros2/ros2_ws/install/turtlesim/include/turtlesim/turtlesim/msg/detail/pose__traits.hpp
[10.134s] -- Up-to-date: /workspaces/ros2/ros2_ws/install/turtlesim/include/turtlesim/turtlesim/msg/pose.hpp
[10.145s] -- Up-to-date: /workspaces/ros2/ros2_ws/install/turtlesim/include/turtlesim/turtlesim/srv
[10.161s] -- Up-to-date: /workspaces/ros2/ros2_ws/install/turtlesim/include/turtlesim/turtlesim/srv/detail
[10.185s] -- Up-to-date: /workspaces/ros2/ros2_ws/install/turtlesim/include/turtlesim/turtlesim/srv/detail/kill__builder.hpp
[10.202s] -- Up-to-date: /workspaces/ros2/ros2_ws/install/turtlesim/include/turtlesim/turtlesim/srv/detail/kill__struct.hpp
[10.219s] -- Up-to-date: /workspaces/ros2/ros2_ws/install/turtlesim/include/turtlesim/turtlesim/srv/detail/kill__traits.hpp
[10.237s] -- Up-to-date: /workspaces/ros2/ros2_ws/install/turtlesim/include/turtlesim/turtlesim/srv/detail/set_pen__builder.hpp
[10.254s] -- Up-to-date: /workspaces/ros2/ros2_ws/install/turtlesim/include/turtlesim/turtlesim/srv/detail/set_pen__struct.hpp
[10.271s] -- Up-to-date: /workspaces/ros2/ros2_ws/install/turtlesim/include/turtlesim/turtlesim/srv/detail/set_pen__traits.hpp
[10.289s] -- Up-to-date: /workspaces/ros2/ros2_ws/install/turtlesim/include/turtlesim/turtlesim/srv/detail/spawn__builder.hpp
[10.306s] -- Up-to-date: /workspaces/ros2/ros2_ws/install/turtlesim/include/turtlesim/turtlesim/srv/detail/spawn__struct.hpp
[10.324s] -- Up-to-date: /workspaces/ros2/ros2_ws/install/turtlesim/include/turtlesim/turtlesim/srv/detail/spawn__traits.hpp
[10.341s] -- Up-to-date: /workspaces/ros2/ros2_ws/install/turtlesim/include/turtlesim/turtlesim/srv/detail/teleport_absolute__builder.hpp
[10.359s] -- Up-to-date: /workspaces/ros2/ros2_ws/install/turtlesim/include/turtlesim/turtlesim/srv/detail/teleport_absolute__struct.hpp
[10.376s] -- Up-to-date: /workspaces/ros2/ros2_ws/install/turtlesim/include/turtlesim/turtlesim/srv/detail/teleport_absolute__traits.hpp
[10.393s] -- Up-to-date: /workspaces/ros2/ros2_ws/install/turtlesim/include/turtlesim/turtlesim/srv/detail/teleport_relative__builder.hpp
[10.411s] -- Up-to-date: /workspaces/ros2/ros2_ws/install/turtlesim/include/turtlesim/turtlesim/srv/detail/teleport_relative__struct.hpp
[10.429s] -- Up-to-date: /workspaces/ros2/ros2_ws/install/turtlesim/include/turtlesim/turtlesim/srv/detail/teleport_relative__traits.hpp
[10.446s] -- Up-to-date: /workspaces/ros2/ros2_ws/install/turtlesim/include/turtlesim/turtlesim/srv/kill.hpp
[10.460s] -- Up-to-date: /workspaces/ros2/ros2_ws/install/turtlesim/include/turtlesim/turtlesim/srv/set_pen.hpp
[10.476s] -- Up-to-date: /workspaces/ros2/ros2_ws/install/turtlesim/include/turtlesim/turtlesim/srv/spawn.hpp
[10.489s] -- Up-to-date: /workspaces/ros2/ros2_ws/install/turtlesim/include/turtlesim/turtlesim/srv/teleport_absolute.hpp
[10.504s] -- Up-to-date: /workspaces/ros2/ros2_ws/install/turtlesim/include/turtlesim/turtlesim/srv/teleport_relative.hpp
[10.513s] -- Up-to-date: /workspaces/ros2/ros2_ws/install/turtlesim/include/turtlesim/turtlesim
[10.527s] -- Up-to-date: /workspaces/ros2/ros2_ws/install/turtlesim/include/turtlesim/turtlesim/action
[10.544s] -- Up-to-date: /workspaces/ros2/ros2_ws/install/turtlesim/include/turtlesim/turtlesim/action/detail
[10.564s] -- Up-to-date: /workspaces/ros2/ros2_ws/install/turtlesim/include/turtlesim/turtlesim/action/detail/dds_fastrtps
[10.589s] -- Up-to-date: /workspaces/ros2/ros2_ws/install/turtlesim/include/turtlesim/turtlesim/action/detail/rotate_absolute__rosidl_typesupport_fastrtps_cpp.hpp
[10.600s] -- Up-to-date: /workspaces/ros2/ros2_ws/install/turtlesim/include/turtlesim/turtlesim/msg
[10.616s] -- Up-to-date: /workspaces/ros2/ros2_ws/install/turtlesim/include/turtlesim/turtlesim/msg/detail
[10.639s] -- Up-to-date: /workspaces/ros2/ros2_ws/install/turtlesim/include/turtlesim/turtlesim/msg/detail/color__rosidl_typesupport_fastrtps_cpp.hpp
[10.653s] -- Up-to-date: /workspaces/ros2/ros2_ws/install/turtlesim/include/turtlesim/turtlesim/msg/detail/dds_fastrtps
[10.678s] -- Up-to-date: /workspaces/ros2/ros2_ws/install/turtlesim/include/turtlesim/turtlesim/msg/detail/pose__rosidl_typesupport_fastrtps_cpp.hpp
[10.693s] -- Up-to-date: /workspaces/ros2/ros2_ws/install/turtlesim/include/turtlesim/turtlesim/msg/rosidl_typesupport_fastrtps_cpp__visibility_control.h
[10.704s] -- Up-to-date: /workspaces/ros2/ros2_ws/install/turtlesim/include/turtlesim/turtlesim/srv
[10.721s] -- Up-to-date: /workspaces/ros2/ros2_ws/install/turtlesim/include/turtlesim/turtlesim/srv/detail
[10.741s] -- Up-to-date: /workspaces/ros2/ros2_ws/install/turtlesim/include/turtlesim/turtlesim/srv/detail/dds_fastrtps
[10.765s] -- Up-to-date: /workspaces/ros2/ros2_ws/install/turtlesim/include/turtlesim/turtlesim/srv/detail/kill__rosidl_typesupport_fastrtps_cpp.hpp
[10.782s] -- Up-to-date: /workspaces/ros2/ros2_ws/install/turtlesim/include/turtlesim/turtlesim/srv/detail/set_pen__rosidl_typesupport_fastrtps_cpp.hpp
[10.799s] -- Up-to-date: /workspaces/ros2/ros2_ws/install/turtlesim/include/turtlesim/turtlesim/srv/detail/spawn__rosidl_typesupport_fastrtps_cpp.hpp
[10.817s] -- Up-to-date: /workspaces/ros2/ros2_ws/install/turtlesim/include/turtlesim/turtlesim/srv/detail/teleport_absolute__rosidl_typesupport_fastrtps_cpp.hpp
[10.835s] -- Up-to-date: /workspaces/ros2/ros2_ws/install/turtlesim/include/turtlesim/turtlesim/srv/detail/teleport_relative__rosidl_typesupport_fastrtps_cpp.hpp
[10.861s] -- Up-to-date: /workspaces/ros2/ros2_ws/install/turtlesim/lib/libturtlesim__rosidl_typesupport_fastrtps_cpp.so
[10.887s] -- Up-to-date: /workspaces/ros2/ros2_ws/install/turtlesim/include/turtlesim/turtlesim
[10.901s] -- Up-to-date: /workspaces/ros2/ros2_ws/install/turtlesim/include/turtlesim/turtlesim/action
[10.918s] -- Up-to-date: /workspaces/ros2/ros2_ws/install/turtlesim/include/turtlesim/turtlesim/action/detail
[10.940s] -- Up-to-date: /workspaces/ros2/ros2_ws/install/turtlesim/include/turtlesim/turtlesim/action/detail/rotate_absolute__rosidl_typesupport_introspection_c.h
[10.957s] -- Up-to-date: /workspaces/ros2/ros2_ws/install/turtlesim/include/turtlesim/turtlesim/action/detail/rotate_absolute__type_support.c
[10.969s] -- Up-to-date: /workspaces/ros2/ros2_ws/install/turtlesim/include/turtlesim/turtlesim/msg
[10.987s] -- Up-to-date: /workspaces/ros2/ros2_ws/install/turtlesim/include/turtlesim/turtlesim/msg/detail
[11.009s] -- Up-to-date: /workspaces/ros2/ros2_ws/install/turtlesim/include/turtlesim/turtlesim/msg/detail/color__rosidl_typesupport_introspection_c.h
[11.027s] -- Up-to-date: /workspaces/ros2/ros2_ws/install/turtlesim/include/turtlesim/turtlesim/msg/detail/color__type_support.c
[11.044s] -- Up-to-date: /workspaces/ros2/ros2_ws/install/turtlesim/include/turtlesim/turtlesim/msg/detail/pose__rosidl_typesupport_introspection_c.h
[11.061s] -- Up-to-date: /workspaces/ros2/ros2_ws/install/turtlesim/include/turtlesim/turtlesim/msg/detail/pose__type_support.c
[11.077s] -- Up-to-date: /workspaces/ros2/ros2_ws/install/turtlesim/include/turtlesim/turtlesim/msg/rosidl_typesupport_introspection_c__visibility_control.h
[11.087s] -- Up-to-date: /workspaces/ros2/ros2_ws/install/turtlesim/include/turtlesim/turtlesim/srv
[11.104s] -- Up-to-date: /workspaces/ros2/ros2_ws/install/turtlesim/include/turtlesim/turtlesim/srv/detail
[11.126s] -- Up-to-date: /workspaces/ros2/ros2_ws/install/turtlesim/include/turtlesim/turtlesim/srv/detail/kill__rosidl_typesupport_introspection_c.h
[11.144s] -- Up-to-date: /workspaces/ros2/ros2_ws/install/turtlesim/include/turtlesim/turtlesim/srv/detail/kill__type_support.c
[11.161s] -- Up-to-date: /workspaces/ros2/ros2_ws/install/turtlesim/include/turtlesim/turtlesim/srv/detail/set_pen__rosidl_typesupport_introspection_c.h
[11.179s] -- Up-to-date: /workspaces/ros2/ros2_ws/install/turtlesim/include/turtlesim/turtlesim/srv/detail/set_pen__type_support.c
[11.196s] -- Up-to-date: /workspaces/ros2/ros2_ws/install/turtlesim/include/turtlesim/turtlesim/srv/detail/spawn__rosidl_typesupport_introspection_c.h
[11.214s] -- Up-to-date: /workspaces/ros2/ros2_ws/install/turtlesim/include/turtlesim/turtlesim/srv/detail/spawn__type_support.c
[11.232s] -- Up-to-date: /workspaces/ros2/ros2_ws/install/turtlesim/include/turtlesim/turtlesim/srv/detail/teleport_absolute__rosidl_typesupport_introspection_c.h
[11.249s] -- Up-to-date: /workspaces/ros2/ros2_ws/install/turtlesim/include/turtlesim/turtlesim/srv/detail/teleport_absolute__type_support.c
[11.266s] -- Up-to-date: /workspaces/ros2/ros2_ws/install/turtlesim/include/turtlesim/turtlesim/srv/detail/teleport_relative__rosidl_typesupport_introspection_c.h
[11.283s] -- Up-to-date: /workspaces/ros2/ros2_ws/install/turtlesim/include/turtlesim/turtlesim/srv/detail/teleport_relative__type_support.c
[11.308s] -- Up-to-date: /workspaces/ros2/ros2_ws/install/turtlesim/lib/libturtlesim__rosidl_typesupport_introspection_c.so
[11.348s] -- Up-to-date: /workspaces/ros2/ros2_ws/install/turtlesim/lib/libturtlesim__rosidl_typesupport_c.so
[11.372s] -- Up-to-date: /workspaces/ros2/ros2_ws/install/turtlesim/include/turtlesim/turtlesim
[11.386s] -- Up-to-date: /workspaces/ros2/ros2_ws/install/turtlesim/include/turtlesim/turtlesim/action
[11.403s] -- Up-to-date: /workspaces/ros2/ros2_ws/install/turtlesim/include/turtlesim/turtlesim/action/detail
[11.426s] -- Up-to-date: /workspaces/ros2/ros2_ws/install/turtlesim/include/turtlesim/turtlesim/action/detail/rotate_absolute__rosidl_typesupport_introspection_cpp.hpp
[11.444s] -- Up-to-date: /workspaces/ros2/ros2_ws/install/turtlesim/include/turtlesim/turtlesim/action/detail/rotate_absolute__type_support.cpp
[11.455s] -- Up-to-date: /workspaces/ros2/ros2_ws/install/turtlesim/include/turtlesim/turtlesim/msg
[11.472s] -- Up-to-date: /workspaces/ros2/ros2_ws/install/turtlesim/include/turtlesim/turtlesim/msg/detail
[11.496s] -- Up-to-date: /workspaces/ros2/ros2_ws/install/turtlesim/include/turtlesim/turtlesim/msg/detail/color__rosidl_typesupport_introspection_cpp.hpp
[11.514s] -- Up-to-date: /workspaces/ros2/ros2_ws/install/turtlesim/include/turtlesim/turtlesim/msg/detail/color__type_support.cpp
[11.531s] -- Up-to-date: /workspaces/ros2/ros2_ws/install/turtlesim/include/turtlesim/turtlesim/msg/detail/pose__rosidl_typesupport_introspection_cpp.hpp
[11.548s] -- Up-to-date: /workspaces/ros2/ros2_ws/install/turtlesim/include/turtlesim/turtlesim/msg/detail/pose__type_support.cpp
[11.560s] -- Up-to-date: /workspaces/ros2/ros2_ws/install/turtlesim/include/turtlesim/turtlesim/srv
[11.577s] -- Up-to-date: /workspaces/ros2/ros2_ws/install/turtlesim/include/turtlesim/turtlesim/srv/detail
[11.599s] -- Up-to-date: /workspaces/ros2/ros2_ws/install/turtlesim/include/turtlesim/turtlesim/srv/detail/kill__rosidl_typesupport_introspection_cpp.hpp
[11.616s] -- Up-to-date: /workspaces/ros2/ros2_ws/install/turtlesim/include/turtlesim/turtlesim/srv/detail/kill__type_support.cpp
[11.633s] -- Up-to-date: /workspaces/ros2/ros2_ws/install/turtlesim/include/turtlesim/turtlesim/srv/detail/set_pen__rosidl_typesupport_introspection_cpp.hpp
[11.651s] -- Up-to-date: /workspaces/ros2/ros2_ws/install/turtlesim/include/turtlesim/turtlesim/srv/detail/set_pen__type_support.cpp
[11.668s] -- Up-to-date: /workspaces/ros2/ros2_ws/install/turtlesim/include/turtlesim/turtlesim/srv/detail/spawn__rosidl_typesupport_introspection_cpp.hpp
[11.686s] -- Up-to-date: /workspaces/ros2/ros2_ws/install/turtlesim/include/turtlesim/turtlesim/srv/detail/spawn__type_support.cpp
[11.703s] -- Up-to-date: /workspaces/ros2/ros2_ws/install/turtlesim/include/turtlesim/turtlesim/srv/detail/teleport_absolute__rosidl_typesupport_introspection_cpp.hpp
[11.721s] -- Up-to-date: /workspaces/ros2/ros2_ws/install/turtlesim/include/turtlesim/turtlesim/srv/detail/teleport_absolute__type_support.cpp
[11.738s] -- Up-to-date: /workspaces/ros2/ros2_ws/install/turtlesim/include/turtlesim/turtlesim/srv/detail/teleport_relative__rosidl_typesupport_introspection_cpp.hpp
[11.755s] -- Up-to-date: /workspaces/ros2/ros2_ws/install/turtlesim/include/turtlesim/turtlesim/srv/detail/teleport_relative__type_support.cpp
[11.782s] -- Up-to-date: /workspaces/ros2/ros2_ws/install/turtlesim/lib/libturtlesim__rosidl_typesupport_introspection_cpp.so
[11.821s] -- Up-to-date: /workspaces/ros2/ros2_ws/install/turtlesim/lib/libturtlesim__rosidl_typesupport_cpp.so
[11.851s] -- Up-to-date: /workspaces/ros2/ros2_ws/install/turtlesim/share/turtlesim/environment/pythonpath.sh
[11.864s] -- Up-to-date: /workspaces/ros2/ros2_ws/install/turtlesim/share/turtlesim/environment/pythonpath.dsv
[11.875s] -- Up-to-date: /workspaces/ros2/ros2_ws/install/turtlesim/local/lib/python3.10/dist-packages/turtlesim-1.4.2-py3.10.egg-info
[11.895s] -- Installing: /workspaces/ros2/ros2_ws/install/turtlesim/local/lib/python3.10/dist-packages/turtlesim-1.4.2-py3.10.egg-info/dependency_links.txt
[11.954s] -- Installing: /workspaces/ros2/ros2_ws/install/turtlesim/local/lib/python3.10/dist-packages/turtlesim-1.4.2-py3.10.egg-info/PKG-INFO
[12.013s] -- Installing: /workspaces/ros2/ros2_ws/install/turtlesim/local/lib/python3.10/dist-packages/turtlesim-1.4.2-py3.10.egg-info/SOURCES.txt
[12.072s] -- Installing: /workspaces/ros2/ros2_ws/install/turtlesim/local/lib/python3.10/dist-packages/turtlesim-1.4.2-py3.10.egg-info/top_level.txt
[12.127s] -- Up-to-date: /workspaces/ros2/ros2_ws/install/turtlesim/local/lib/python3.10/dist-packages/turtlesim
[12.144s] -- Up-to-date: /workspaces/ros2/ros2_ws/install/turtlesim/local/lib/python3.10/dist-packages/turtlesim/action
[12.166s] -- Up-to-date: /workspaces/ros2/ros2_ws/install/turtlesim/local/lib/python3.10/dist-packages/turtlesim/action/_rotate_absolute.py
[12.183s] -- Up-to-date: /workspaces/ros2/ros2_ws/install/turtlesim/local/lib/python3.10/dist-packages/turtlesim/action/_rotate_absolute_s.c
[12.200s] -- Up-to-date: /workspaces/ros2/ros2_ws/install/turtlesim/local/lib/python3.10/dist-packages/turtlesim/action/__init__.py
[12.214s] -- Up-to-date: /workspaces/ros2/ros2_ws/install/turtlesim/local/lib/python3.10/dist-packages/turtlesim/libturtlesim__rosidl_generator_py.so
[12.227s] -- Up-to-date: /workspaces/ros2/ros2_ws/install/turtlesim/local/lib/python3.10/dist-packages/turtlesim/msg
[12.250s] -- Up-to-date: /workspaces/ros2/ros2_ws/install/turtlesim/local/lib/python3.10/dist-packages/turtlesim/msg/_color.py
[12.266s] -- Up-to-date: /workspaces/ros2/ros2_ws/install/turtlesim/local/lib/python3.10/dist-packages/turtlesim/msg/_color_s.c
[12.284s] -- Up-to-date: /workspaces/ros2/ros2_ws/install/turtlesim/local/lib/python3.10/dist-packages/turtlesim/msg/_pose.py
[12.300s] -- Up-to-date: /workspaces/ros2/ros2_ws/install/turtlesim/local/lib/python3.10/dist-packages/turtlesim/msg/_pose_s.c
[12.317s] -- Up-to-date: /workspaces/ros2/ros2_ws/install/turtlesim/local/lib/python3.10/dist-packages/turtlesim/msg/__init__.py
[12.330s] -- Up-to-date: /workspaces/ros2/ros2_ws/install/turtlesim/local/lib/python3.10/dist-packages/turtlesim/srv
[12.353s] -- Up-to-date: /workspaces/ros2/ros2_ws/install/turtlesim/local/lib/python3.10/dist-packages/turtlesim/srv/_kill.py
[12.369s] -- Up-to-date: /workspaces/ros2/ros2_ws/install/turtlesim/local/lib/python3.10/dist-packages/turtlesim/srv/_kill_s.c
[12.387s] -- Up-to-date: /workspaces/ros2/ros2_ws/install/turtlesim/local/lib/python3.10/dist-packages/turtlesim/srv/_set_pen.py
[12.403s] -- Up-to-date: /workspaces/ros2/ros2_ws/install/turtlesim/local/lib/python3.10/dist-packages/turtlesim/srv/_set_pen_s.c
[12.420s] -- Up-to-date: /workspaces/ros2/ros2_ws/install/turtlesim/local/lib/python3.10/dist-packages/turtlesim/srv/_spawn.py
[12.438s] -- Up-to-date: /workspaces/ros2/ros2_ws/install/turtlesim/local/lib/python3.10/dist-packages/turtlesim/srv/_spawn_s.c
[12.455s] -- Up-to-date: /workspaces/ros2/ros2_ws/install/turtlesim/local/lib/python3.10/dist-packages/turtlesim/srv/_teleport_absolute.py
[12.472s] -- Up-to-date: /workspaces/ros2/ros2_ws/install/turtlesim/local/lib/python3.10/dist-packages/turtlesim/srv/_teleport_absolute_s.c
[12.489s] -- Up-to-date: /workspaces/ros2/ros2_ws/install/turtlesim/local/lib/python3.10/dist-packages/turtlesim/srv/_teleport_relative.py
[12.505s] -- Up-to-date: /workspaces/ros2/ros2_ws/install/turtlesim/local/lib/python3.10/dist-packages/turtlesim/srv/_teleport_relative_s.c
[12.522s] -- Up-to-date: /workspaces/ros2/ros2_ws/install/turtlesim/local/lib/python3.10/dist-packages/turtlesim/srv/__init__.py
[12.538s] -- Up-to-date: /workspaces/ros2/ros2_ws/install/turtlesim/local/lib/python3.10/dist-packages/turtlesim/turtlesim_s__rosidl_typesupport_c.cpython-310-x86_64-linux-gnu.so
[12.552s] -- Up-to-date: /workspaces/ros2/ros2_ws/install/turtlesim/local/lib/python3.10/dist-packages/turtlesim/turtlesim_s__rosidl_typesupport_fastrtps_c.cpython-310-x86_64-linux-gnu.so
[12.566s] -- Up-to-date: /workspaces/ros2/ros2_ws/install/turtlesim/local/lib/python3.10/dist-packages/turtlesim/turtlesim_s__rosidl_typesupport_introspection_c.cpython-310-x86_64-linux-gnu.so
[12.582s] -- Up-to-date: /workspaces/ros2/ros2_ws/install/turtlesim/local/lib/python3.10/dist-packages/turtlesim/_turtlesim_s.ep.rosidl_typesupport_c.c
[12.595s] -- Up-to-date: /workspaces/ros2/ros2_ws/install/turtlesim/local/lib/python3.10/dist-packages/turtlesim/_turtlesim_s.ep.rosidl_typesupport_fastrtps_c.c
[12.610s] -- Up-to-date: /workspaces/ros2/ros2_ws/install/turtlesim/local/lib/python3.10/dist-packages/turtlesim/_turtlesim_s.ep.rosidl_typesupport_introspection_c.c
[12.624s] -- Up-to-date: /workspaces/ros2/ros2_ws/install/turtlesim/local/lib/python3.10/dist-packages/turtlesim/__init__.py
[13.044s] Listing '/workspaces/ros2/ros2_ws/install/turtlesim/local/lib/python3.10/dist-packages/turtlesim'...
[13.045s] Listing '/workspaces/ros2/ros2_ws/install/turtlesim/local/lib/python3.10/dist-packages/turtlesim/action'...
[13.045s] Listing '/workspaces/ros2/ros2_ws/install/turtlesim/local/lib/python3.10/dist-packages/turtlesim/msg'...
[13.046s] Listing '/workspaces/ros2/ros2_ws/install/turtlesim/local/lib/python3.10/dist-packages/turtlesim/srv'...
[13.081s] -- Up-to-date: /workspaces/ros2/ros2_ws/install/turtlesim/local/lib/python3.10/dist-packages/turtlesim/turtlesim_s__rosidl_typesupport_fastrtps_c.cpython-310-x86_64-linux-gnu.so
[13.144s] -- Up-to-date: /workspaces/ros2/ros2_ws/install/turtlesim/local/lib/python3.10/dist-packages/turtlesim/turtlesim_s__rosidl_typesupport_introspection_c.cpython-310-x86_64-linux-gnu.so
[13.207s] -- Up-to-date: /workspaces/ros2/ros2_ws/install/turtlesim/local/lib/python3.10/dist-packages/turtlesim/turtlesim_s__rosidl_typesupport_c.cpython-310-x86_64-linux-gnu.so
[13.260s] -- Up-to-date: /workspaces/ros2/ros2_ws/install/turtlesim/lib/libturtlesim__rosidl_generator_py.so
[13.293s] -- Up-to-date: /workspaces/ros2/ros2_ws/install/turtlesim/share/turtlesim/action/RotateAbsolute.idl
[13.310s] -- Up-to-date: /workspaces/ros2/ros2_ws/install/turtlesim/share/turtlesim/msg/Color.idl
[13.327s] -- Up-to-date: /workspaces/ros2/ros2_ws/install/turtlesim/share/turtlesim/msg/Pose.idl
[13.344s] -- Up-to-date: /workspaces/ros2/ros2_ws/install/turtlesim/share/turtlesim/srv/Kill.idl
[13.360s] -- Up-to-date: /workspaces/ros2/ros2_ws/install/turtlesim/share/turtlesim/srv/SetPen.idl
[13.377s] -- Up-to-date: /workspaces/ros2/ros2_ws/install/turtlesim/share/turtlesim/srv/Spawn.idl
[13.394s] -- Up-to-date: /workspaces/ros2/ros2_ws/install/turtlesim/share/turtlesim/srv/TeleportAbsolute.idl
[13.410s] -- Up-to-date: /workspaces/ros2/ros2_ws/install/turtlesim/share/turtlesim/srv/TeleportRelative.idl
[13.428s] -- Up-to-date: /workspaces/ros2/ros2_ws/install/turtlesim/share/turtlesim/action/RotateAbsolute.action
[13.447s] -- Up-to-date: /workspaces/ros2/ros2_ws/install/turtlesim/share/turtlesim/msg/Color.msg
[13.464s] -- Up-to-date: /workspaces/ros2/ros2_ws/install/turtlesim/share/turtlesim/msg/Pose.msg
[13.483s] -- Up-to-date: /workspaces/ros2/ros2_ws/install/turtlesim/share/turtlesim/srv/Kill.srv
[13.498s] -- Up-to-date: /workspaces/ros2/ros2_ws/install/turtlesim/share/turtlesim/srv/Kill_Request.msg
[13.514s] -- Up-to-date: /workspaces/ros2/ros2_ws/install/turtlesim/share/turtlesim/srv/Kill_Response.msg
[13.532s] -- Up-to-date: /workspaces/ros2/ros2_ws/install/turtlesim/share/turtlesim/srv/SetPen.srv
[13.547s] -- Up-to-date: /workspaces/ros2/ros2_ws/install/turtlesim/share/turtlesim/srv/SetPen_Request.msg
[13.562s] -- Up-to-date: /workspaces/ros2/ros2_ws/install/turtlesim/share/turtlesim/srv/SetPen_Response.msg
[13.581s] -- Up-to-date: /workspaces/ros2/ros2_ws/install/turtlesim/share/turtlesim/srv/Spawn.srv
[13.595s] -- Up-to-date: /workspaces/ros2/ros2_ws/install/turtlesim/share/turtlesim/srv/Spawn_Request.msg
[13.610s] -- Up-to-date: /workspaces/ros2/ros2_ws/install/turtlesim/share/turtlesim/srv/Spawn_Response.msg
[13.628s] -- Up-to-date: /workspaces/ros2/ros2_ws/install/turtlesim/share/turtlesim/srv/TeleportAbsolute.srv
[13.643s] -- Up-to-date: /workspaces/ros2/ros2_ws/install/turtlesim/share/turtlesim/srv/TeleportAbsolute_Request.msg
[13.658s] -- Up-to-date: /workspaces/ros2/ros2_ws/install/turtlesim/share/turtlesim/srv/TeleportAbsolute_Response.msg
[13.677s] -- Up-to-date: /workspaces/ros2/ros2_ws/install/turtlesim/share/turtlesim/srv/TeleportRelative.srv
[13.692s] -- Up-to-date: /workspaces/ros2/ros2_ws/install/turtlesim/share/turtlesim/srv/TeleportRelative_Request.msg
[13.707s] -- Up-to-date: /workspaces/ros2/ros2_ws/install/turtlesim/share/turtlesim/srv/TeleportRelative_Response.msg
[13.737s] -- Up-to-date: /workspaces/ros2/ros2_ws/install/turtlesim/lib/turtlesim/turtlesim_node
[13.785s] -- Up-to-date: /workspaces/ros2/ros2_ws/install/turtlesim/lib/turtlesim/turtle_teleop_key
[13.833s] -- Up-to-date: /workspaces/ros2/ros2_ws/install/turtlesim/lib/turtlesim/draw_square
[13.881s] -- Up-to-date: /workspaces/ros2/ros2_ws/install/turtlesim/lib/turtlesim/mimic
[13.913s] -- Up-to-date: /workspaces/ros2/ros2_ws/install/turtlesim/share/turtlesim/images
[13.931s] -- Up-to-date: /workspaces/ros2/ros2_ws/install/turtlesim/share/turtlesim/images/ardent.png
[13.946s] -- Up-to-date: /workspaces/ros2/ros2_ws/install/turtlesim/share/turtlesim/images/bouncy.png
[13.961s] -- Up-to-date: /workspaces/ros2/ros2_ws/install/turtlesim/share/turtlesim/images/crystal.png
[13.976s] -- Up-to-date: /workspaces/ros2/ros2_ws/install/turtlesim/share/turtlesim/images/dashing.png
[13.992s] -- Up-to-date: /workspaces/ros2/ros2_ws/install/turtlesim/share/turtlesim/images/eloquent.png
[14.006s] -- Up-to-date: /workspaces/ros2/ros2_ws/install/turtlesim/share/turtlesim/images/foxy.png
[14.020s] -- Up-to-date: /workspaces/ros2/ros2_ws/install/turtlesim/share/turtlesim/images/galactic.png
[14.035s] -- Up-to-date: /workspaces/ros2/ros2_ws/install/turtlesim/share/turtlesim/images/humble.png
[14.050s] -- Up-to-date: /workspaces/ros2/ros2_ws/install/turtlesim/share/turtlesim/images/rolling.png
[14.061s] -- Up-to-date: /workspaces/ros2/ros2_ws/install/turtlesim/share/turtlesim/launch
[14.081s] -- Up-to-date: /workspaces/ros2/ros2_ws/install/turtlesim/share/turtlesim/launch/multisim.launch.py
[14.101s] -- Up-to-date: /workspaces/ros2/ros2_ws/install/turtlesim/share/ament_index/resource_index/package_run_dependencies/turtlesim
[14.122s] -- Up-to-date: /workspaces/ros2/ros2_ws/install/turtlesim/share/ament_index/resource_index/parent_prefix_path/turtlesim
[14.132s] -- Up-to-date: /workspaces/ros2/ros2_ws/install/turtlesim/share/turtlesim/environment/ament_prefix_path.sh
[14.147s] -- Up-to-date: /workspaces/ros2/ros2_ws/install/turtlesim/share/turtlesim/environment/ament_prefix_path.dsv
[14.157s] -- Up-to-date: /workspaces/ros2/ros2_ws/install/turtlesim/share/turtlesim/environment/path.sh
[14.170s] -- Up-to-date: /workspaces/ros2/ros2_ws/install/turtlesim/share/turtlesim/environment/path.dsv
[14.183s] -- Up-to-date: /workspaces/ros2/ros2_ws/install/turtlesim/share/turtlesim/local_setup.bash
[14.195s] -- Up-to-date: /workspaces/ros2/ros2_ws/install/turtlesim/share/turtlesim/local_setup.sh
[14.207s] -- Up-to-date: /workspaces/ros2/ros2_ws/install/turtlesim/share/turtlesim/local_setup.zsh
[14.219s] -- Up-to-date: /workspaces/ros2/ros2_ws/install/turtlesim/share/turtlesim/local_setup.dsv
[14.231s] -- Installing: /workspaces/ros2/ros2_ws/install/turtlesim/share/turtlesim/package.dsv
[14.279s] -- Up-to-date: /workspaces/ros2/ros2_ws/install/turtlesim/share/ament_index/resource_index/packages/turtlesim
[14.308s] -- Up-to-date: /workspaces/ros2/ros2_ws/install/turtlesim/share/turtlesim/cmake/export_turtlesim__rosidl_generator_cExport.cmake
[14.328s] -- Up-to-date: /workspaces/ros2/ros2_ws/install/turtlesim/share/turtlesim/cmake/export_turtlesim__rosidl_generator_cExport-noconfig.cmake
[14.357s] -- Up-to-date: /workspaces/ros2/ros2_ws/install/turtlesim/share/turtlesim/cmake/export_turtlesim__rosidl_typesupport_fastrtps_cExport.cmake
[14.377s] -- Up-to-date: /workspaces/ros2/ros2_ws/install/turtlesim/share/turtlesim/cmake/export_turtlesim__rosidl_typesupport_fastrtps_cExport-noconfig.cmake
[14.406s] -- Up-to-date: /workspaces/ros2/ros2_ws/install/turtlesim/share/turtlesim/cmake/export_turtlesim__rosidl_generator_cppExport.cmake
[14.436s] -- Up-to-date: /workspaces/ros2/ros2_ws/install/turtlesim/share/turtlesim/cmake/export_turtlesim__rosidl_typesupport_fastrtps_cppExport.cmake
[14.455s] -- Up-to-date: /workspaces/ros2/ros2_ws/install/turtlesim/share/turtlesim/cmake/export_turtlesim__rosidl_typesupport_fastrtps_cppExport-noconfig.cmake
[14.485s] -- Up-to-date: /workspaces/ros2/ros2_ws/install/turtlesim/share/turtlesim/cmake/turtlesim__rosidl_typesupport_introspection_cExport.cmake
[14.505s] -- Up-to-date: /workspaces/ros2/ros2_ws/install/turtlesim/share/turtlesim/cmake/turtlesim__rosidl_typesupport_introspection_cExport-noconfig.cmake
[14.534s] -- Up-to-date: /workspaces/ros2/ros2_ws/install/turtlesim/share/turtlesim/cmake/turtlesim__rosidl_typesupport_cExport.cmake
[14.554s] -- Up-to-date: /workspaces/ros2/ros2_ws/install/turtlesim/share/turtlesim/cmake/turtlesim__rosidl_typesupport_cExport-noconfig.cmake
[14.584s] -- Up-to-date: /workspaces/ros2/ros2_ws/install/turtlesim/share/turtlesim/cmake/turtlesim__rosidl_typesupport_introspection_cppExport.cmake
[14.603s] -- Up-to-date: /workspaces/ros2/ros2_ws/install/turtlesim/share/turtlesim/cmake/turtlesim__rosidl_typesupport_introspection_cppExport-noconfig.cmake
[14.631s] -- Up-to-date: /workspaces/ros2/ros2_ws/install/turtlesim/share/turtlesim/cmake/turtlesim__rosidl_typesupport_cppExport.cmake
[14.650s] -- Up-to-date: /workspaces/ros2/ros2_ws/install/turtlesim/share/turtlesim/cmake/turtlesim__rosidl_typesupport_cppExport-noconfig.cmake
[14.680s] -- Up-to-date: /workspaces/ros2/ros2_ws/install/turtlesim/share/turtlesim/cmake/export_turtlesim__rosidl_generator_pyExport.cmake
[14.699s] -- Up-to-date: /workspaces/ros2/ros2_ws/install/turtlesim/share/turtlesim/cmake/export_turtlesim__rosidl_generator_pyExport-noconfig.cmake
[14.713s] -- Up-to-date: /workspaces/ros2/ros2_ws/install/turtlesim/share/turtlesim/cmake/rosidl_cmake-extras.cmake
[14.726s] -- Up-to-date: /workspaces/ros2/ros2_ws/install/turtlesim/share/turtlesim/cmake/ament_cmake_export_dependencies-extras.cmake
[14.741s] -- Up-to-date: /workspaces/ros2/ros2_ws/install/turtlesim/share/turtlesim/cmake/ament_cmake_export_include_directories-extras.cmake
[14.754s] -- Up-to-date: /workspaces/ros2/ros2_ws/install/turtlesim/share/turtlesim/cmake/ament_cmake_export_libraries-extras.cmake
[14.767s] -- Up-to-date: /workspaces/ros2/ros2_ws/install/turtlesim/share/turtlesim/cmake/ament_cmake_export_targets-extras.cmake
[14.783s] -- Up-to-date: /workspaces/ros2/ros2_ws/install/turtlesim/share/turtlesim/cmake/rosidl_cmake_export_typesupport_targets-extras.cmake
[14.797s] -- Up-to-date: /workspaces/ros2/ros2_ws/install/turtlesim/share/turtlesim/cmake/rosidl_cmake_export_typesupport_libraries-extras.cmake
[14.813s] -- Up-to-date: /workspaces/ros2/ros2_ws/install/turtlesim/share/turtlesim/cmake/turtlesimConfig.cmake
[14.825s] -- Up-to-date: /workspaces/ros2/ros2_ws/install/turtlesim/share/turtlesim/cmake/turtlesimConfig-version.cmake
[14.842s] -- Up-to-date: /workspaces/ros2/ros2_ws/install/turtlesim/share/turtlesim/package.xml
[14.855s] Invoked command in '/workspaces/ros2/ros2_ws/build/turtlesim' returned '0': CMAKE_PREFIX_PATH=${CMAKE_PREFIX_PATH}:/opt/ros/humble /usr/bin/cmake --install /workspaces/ros2/ros2_ws/build/turtlesim
