[6.108s] Invoking command in '/workspaces/ros2/ros2_ws/build/py_pubsub': PYTHONPATH=/workspaces/ros2/ros2_ws/build/py_pubsub/prefix_override:/workspaces/ros2/ros2_ws/install/py_pubsub/lib/python3.10/site-packages:${PYTHONPATH} /usr/bin/python3 -W ignore:setup.py install is deprecated setup.py develop --uninstall --editable --build-directory /workspaces/ros2/ros2_ws/build/py_pubsub/build
[7.596s] running develop
[8.018s] Removing /workspaces/ros2/ros2_ws/install/py_pubsub/lib/python3.10/site-packages/py-pubsub.egg-link (link to .)
[8.066s] Invoked command in '/workspaces/ros2/ros2_ws/build/py_pubsub' returned '0': PYTHONPATH=/workspaces/ros2/ros2_ws/build/py_pubsub/prefix_override:/workspaces/ros2/ros2_ws/install/py_pubsub/lib/python3.10/site-packages:${PYTHONPATH} /usr/bin/python3 -W ignore:setup.py install is deprecated setup.py develop --uninstall --editable --build-directory /workspaces/ros2/ros2_ws/build/py_pubsub/build
[8.074s] Invoking command in '/workspaces/ros2/ros2_ws/src/py_pubsub': PYTHONPATH=/workspaces/ros2/ros2_ws/build/py_pubsub/prefix_override:/workspaces/ros2/ros2_ws/install/py_pubsub/lib/python3.10/site-packages:${PYTHONPATH} /usr/bin/python3 -W ignore:setup.py install is deprecated setup.py egg_info --egg-base ../../build/py_pubsub build --build-base /workspaces/ros2/ros2_ws/build/py_pubsub/build install --record /workspaces/ros2/ros2_ws/build/py_pubsub/install.log --single-version-externally-managed install_data --force
[9.561s] running egg_info
[9.566s] writing ../../build/py_pubsub/py_pubsub.egg-info/PKG-INFO
[9.571s] writing dependency_links to ../../build/py_pubsub/py_pubsub.egg-info/dependency_links.txt
[9.576s] writing entry points to ../../build/py_pubsub/py_pubsub.egg-info/entry_points.txt
[9.580s] writing requirements to ../../build/py_pubsub/py_pubsub.egg-info/requires.txt
[9.583s] writing top-level names to ../../build/py_pubsub/py_pubsub.egg-info/top_level.txt
[9.615s] reading manifest file '../../build/py_pubsub/py_pubsub.egg-info/SOURCES.txt'
[9.651s] adding license file 'LICENSE'
[9.669s] writing manifest file '../../build/py_pubsub/py_pubsub.egg-info/SOURCES.txt'
[9.673s] running build
[9.674s] running build_py
[9.712s] running install
[9.713s] running install_lib
[9.732s] creating /workspaces/ros2/ros2_ws/install/py_pubsub/lib/python3.10/site-packages/py_pubsub
[9.746s] copying /workspaces/ros2/ros2_ws/build/py_pubsub/build/lib/py_pubsub/publisher_member_function.py -> /workspaces/ros2/ros2_ws/install/py_pubsub/lib/python3.10/site-packages/py_pubsub
[9.776s] copying /workspaces/ros2/ros2_ws/build/py_pubsub/build/lib/py_pubsub/subscriber_member_function.py -> /workspaces/ros2/ros2_ws/install/py_pubsub/lib/python3.10/site-packages/py_pubsub
[9.803s] copying /workspaces/ros2/ros2_ws/build/py_pubsub/build/lib/py_pubsub/__init__.py -> /workspaces/ros2/ros2_ws/install/py_pubsub/lib/python3.10/site-packages/py_pubsub
[9.841s] byte-compiling /workspaces/ros2/ros2_ws/install/py_pubsub/lib/python3.10/site-packages/py_pubsub/publisher_member_function.py to publisher_member_function.cpython-310.pyc
[9.875s] byte-compiling /workspaces/ros2/ros2_ws/install/py_pubsub/lib/python3.10/site-packages/py_pubsub/subscriber_member_function.py to subscriber_member_function.cpython-310.pyc
[9.908s] byte-compiling /workspaces/ros2/ros2_ws/install/py_pubsub/lib/python3.10/site-packages/py_pubsub/__init__.py to __init__.cpython-310.pyc
[9.936s] running install_data
[9.943s] copying resource/py_pubsub -> /workspaces/ros2/ros2_ws/install/py_pubsub/share/ament_index/resource_index/packages
[9.964s] copying package.xml -> /workspaces/ros2/ros2_ws/install/py_pubsub/share/py_pubsub
[9.979s] running install_egg_info
[10.003s] Copying ../../build/py_pubsub/py_pubsub.egg-info to /workspaces/ros2/ros2_ws/install/py_pubsub/lib/python3.10/site-packages/py_pubsub-0.0.0-py3.10.egg-info
[10.185s] running install_scripts
[10.326s] Installing listener script to /workspaces/ros2/ros2_ws/install/py_pubsub/lib/py_pubsub
[10.335s] Installing talker script to /workspaces/ros2/ros2_ws/install/py_pubsub/lib/py_pubsub
[10.344s] writing list of installed files to '/workspaces/ros2/ros2_ws/build/py_pubsub/install.log'
[10.632s] Invoked command in '/workspaces/ros2/ros2_ws/src/py_pubsub' returned '0': PYTHONPATH=/workspaces/ros2/ros2_ws/build/py_pubsub/prefix_override:/workspaces/ros2/ros2_ws/install/py_pubsub/lib/python3.10/site-packages:${PYTHONPATH} /usr/bin/python3 -W ignore:setup.py install is deprecated setup.py egg_info --egg-base ../../build/py_pubsub build --build-base /workspaces/ros2/ros2_ws/build/py_pubsub/build install --record /workspaces/ros2/ros2_ws/build/py_pubsub/install.log --single-version-externally-managed install_data --force
