[0.733s] DEBUG:colcon:Command line arguments: ['/usr/bin/colcon', 'build', '--symlink-install']
[0.734s] DEBUG:colcon:Parsed command line arguments: Namespace(log_base=None, log_level=None, verb_name='build', build_base='build', install_base='install', merge_install=False, symlink_install=True, test_result_base=None, continue_on_error=False, executor='parallel', parallel_workers=16, event_handlers=None, ignore_user_meta=False, metas=['./colcon.meta'], base_paths=['.'], packages_ignore=None, packages_ignore_regex=None, paths=None, packages_up_to=None, packages_up_to_regex=None, packages_above=None, packages_above_and_dependencies=None, packages_above_depth=None, packages_select_by_dep=None, packages_skip_by_dep=None, packages_skip_up_to=None, packages_select_build_failed=False, packages_skip_build_finished=False, packages_select_test_failures=False, packages_skip_test_passed=False, packages_select=None, packages_skip=None, packages_select_regex=None, packages_skip_regex=None, packages_start=None, packages_end=None, cmake_args=None, cmake_target=None, cmake_target_skip_unavailable=False, cmake_clean_cache=False, cmake_clean_first=False, cmake_force_configure=False, ament_cmake_args=None, catkin_cmake_args=None, catkin_skip_building_tests=False, mixin_files=None, mixin=None, verb_parser=<colcon_mixin.mixin.mixin_argument.MixinArgumentDecorator object at 0x7fd2cdd7d1b0>, verb_extension=<colcon_core.verb.build.BuildVerb object at 0x7fd2cde89870>, main=<bound method BuildVerb.main of <colcon_core.verb.build.BuildVerb object at 0x7fd2cde89870>>, mixin_verb=('build',))
[1.191s] Level 1:colcon.colcon_core.package_discovery:discover_packages(colcon_meta) check parameters
[1.192s] INFO:colcon.colcon_metadata.package_discovery.colcon_meta:Using configuration from '/root/.colcon/metadata/default/Gazebo.meta'
[1.193s] INFO:colcon.colcon_metadata.package_discovery.colcon_meta:Using configuration from '/root/.colcon/metadata/default/fastrtps.meta'
[1.193s] Level 1:colcon.colcon_core.package_discovery:discover_packages(recursive) check parameters
[1.193s] Level 1:colcon.colcon_core.package_discovery:discover_packages(ignore) check parameters
[1.193s] Level 1:colcon.colcon_core.package_discovery:discover_packages(path) check parameters
[1.194s] Level 1:colcon.colcon_core.package_discovery:discover_packages(colcon_meta) discover
[1.194s] Level 1:colcon.colcon_core.package_discovery:discover_packages(recursive) discover
[1.194s] INFO:colcon.colcon_core.package_discovery:Crawling recursively for packages in '/workspaces/ros2/ros2_ws'
[1.195s] Level 1:colcon.colcon_core.package_identification:_identify(.) by extensions ['ignore', 'ignore_ament_install']
[1.195s] Level 1:colcon.colcon_core.package_identification:_identify(.) by extension 'ignore'
[1.195s] Level 1:colcon.colcon_core.package_identification:_identify(.) by extension 'ignore_ament_install'
[1.196s] Level 1:colcon.colcon_core.package_identification:_identify(.) by extensions ['colcon_pkg']
[1.196s] Level 1:colcon.colcon_core.package_identification:_identify(.) by extension 'colcon_pkg'
[1.196s] Level 1:colcon.colcon_core.package_identification:_identify(.) by extensions ['colcon_meta']
[1.196s] Level 1:colcon.colcon_core.package_identification:_identify(.) by extension 'colcon_meta'
[1.197s] Level 1:colcon.colcon_core.package_identification:_identify(.) by extensions ['ros']
[1.197s] Level 1:colcon.colcon_core.package_identification:_identify(.) by extension 'ros'
[1.219s] Level 1:colcon.colcon_core.package_identification:_identify(.) by extensions ['cmake', 'python']
[1.220s] Level 1:colcon.colcon_core.package_identification:_identify(.) by extension 'cmake'
[1.220s] Level 1:colcon.colcon_core.package_identification:_identify(.) by extension 'python'
[1.220s] Level 1:colcon.colcon_core.package_identification:_identify(.) by extensions ['python_setup_py']
[1.220s] Level 1:colcon.colcon_core.package_identification:_identify(.) by extension 'python_setup_py'
[1.222s] Level 1:colcon.colcon_core.package_identification:_identify(build) by extensions ['ignore', 'ignore_ament_install']
[1.223s] Level 1:colcon.colcon_core.package_identification:_identify(build) by extension 'ignore'
[1.224s] Level 1:colcon.colcon_core.package_identification:_identify(build) ignored
[1.225s] Level 1:colcon.colcon_core.package_identification:_identify(install) by extensions ['ignore', 'ignore_ament_install']
[1.226s] Level 1:colcon.colcon_core.package_identification:_identify(install) by extension 'ignore'
[1.226s] Level 1:colcon.colcon_core.package_identification:_identify(install) ignored
[1.229s] Level 1:colcon.colcon_core.package_identification:_identify(log) by extensions ['ignore', 'ignore_ament_install']
[1.229s] Level 1:colcon.colcon_core.package_identification:_identify(log) by extension 'ignore'
[1.230s] Level 1:colcon.colcon_core.package_identification:_identify(log) ignored
[1.232s] Level 1:colcon.colcon_core.package_identification:_identify(src) by extensions ['ignore', 'ignore_ament_install']
[1.232s] Level 1:colcon.colcon_core.package_identification:_identify(src) by extension 'ignore'
[1.232s] Level 1:colcon.colcon_core.package_identification:_identify(src) by extension 'ignore_ament_install'
[1.234s] Level 1:colcon.colcon_core.package_identification:_identify(src) by extensions ['colcon_pkg']
[1.234s] Level 1:colcon.colcon_core.package_identification:_identify(src) by extension 'colcon_pkg'
[1.234s] Level 1:colcon.colcon_core.package_identification:_identify(src) by extensions ['colcon_meta']
[1.234s] Level 1:colcon.colcon_core.package_identification:_identify(src) by extension 'colcon_meta'
[1.235s] Level 1:colcon.colcon_core.package_identification:_identify(src) by extensions ['ros']
[1.235s] Level 1:colcon.colcon_core.package_identification:_identify(src) by extension 'ros'
[1.237s] Level 1:colcon.colcon_core.package_identification:_identify(src) by extensions ['cmake', 'python']
[1.237s] Level 1:colcon.colcon_core.package_identification:_identify(src) by extension 'cmake'
[1.238s] Level 1:colcon.colcon_core.package_identification:_identify(src) by extension 'python'
[1.239s] Level 1:colcon.colcon_core.package_identification:_identify(src) by extensions ['python_setup_py']
[1.239s] Level 1:colcon.colcon_core.package_identification:_identify(src) by extension 'python_setup_py'
[1.242s] Level 1:colcon.colcon_core.package_identification:_identify(src/my_package) by extensions ['ignore', 'ignore_ament_install']
[1.243s] Level 1:colcon.colcon_core.package_identification:_identify(src/my_package) by extension 'ignore'
[1.244s] Level 1:colcon.colcon_core.package_identification:_identify(src/my_package) by extension 'ignore_ament_install'
[1.246s] Level 1:colcon.colcon_core.package_identification:_identify(src/my_package) by extensions ['colcon_pkg']
[1.246s] Level 1:colcon.colcon_core.package_identification:_identify(src/my_package) by extension 'colcon_pkg'
[1.247s] Level 1:colcon.colcon_core.package_identification:_identify(src/my_package) by extensions ['colcon_meta']
[1.247s] Level 1:colcon.colcon_core.package_identification:_identify(src/my_package) by extension 'colcon_meta'
[1.248s] Level 1:colcon.colcon_core.package_identification:_identify(src/my_package) by extensions ['ros']
[1.248s] Level 1:colcon.colcon_core.package_identification:_identify(src/my_package) by extension 'ros'
[1.260s] DEBUG:colcon.colcon_core.package_identification:Package 'src/my_package' with type 'ros.ament_python' and name 'my_package'
[1.263s] Level 1:colcon.colcon_core.package_identification:_identify(src/my_robot_controller) by extensions ['ignore', 'ignore_ament_install']
[1.263s] Level 1:colcon.colcon_core.package_identification:_identify(src/my_robot_controller) by extension 'ignore'
[1.264s] Level 1:colcon.colcon_core.package_identification:_identify(src/my_robot_controller) by extension 'ignore_ament_install'
[1.266s] Level 1:colcon.colcon_core.package_identification:_identify(src/my_robot_controller) by extensions ['colcon_pkg']
[1.266s] Level 1:colcon.colcon_core.package_identification:_identify(src/my_robot_controller) by extension 'colcon_pkg'
[1.267s] Level 1:colcon.colcon_core.package_identification:_identify(src/my_robot_controller) by extensions ['colcon_meta']
[1.267s] Level 1:colcon.colcon_core.package_identification:_identify(src/my_robot_controller) by extension 'colcon_meta'
[1.268s] Level 1:colcon.colcon_core.package_identification:_identify(src/my_robot_controller) by extensions ['ros']
[1.268s] Level 1:colcon.colcon_core.package_identification:_identify(src/my_robot_controller) by extension 'ros'
[1.278s] DEBUG:colcon.colcon_core.package_identification:Package 'src/my_robot_controller' with type 'ros.ament_python' and name 'my_robot_controller'
[1.279s] Level 1:colcon.colcon_core.package_discovery:discover_packages(recursive) using defaults
[1.279s] Level 1:colcon.colcon_core.package_discovery:discover_packages(ignore) discover
[1.279s] Level 1:colcon.colcon_core.package_discovery:discover_packages(ignore) using defaults
[1.279s] Level 1:colcon.colcon_core.package_discovery:discover_packages(path) discover
[1.279s] Level 1:colcon.colcon_core.package_discovery:discover_packages(path) using defaults
[1.447s] Level 5:colcon.colcon_core.verb:set package 'my_package' build argument 'cmake_args' from command line to 'None'
[1.447s] Level 5:colcon.colcon_core.verb:set package 'my_package' build argument 'cmake_target' from command line to 'None'
[1.447s] Level 5:colcon.colcon_core.verb:set package 'my_package' build argument 'cmake_target_skip_unavailable' from command line to 'False'
[1.448s] Level 5:colcon.colcon_core.verb:set package 'my_package' build argument 'cmake_clean_cache' from command line to 'False'
[1.448s] Level 5:colcon.colcon_core.verb:set package 'my_package' build argument 'cmake_clean_first' from command line to 'False'
[1.448s] Level 5:colcon.colcon_core.verb:set package 'my_package' build argument 'cmake_force_configure' from command line to 'False'
[1.448s] Level 5:colcon.colcon_core.verb:set package 'my_package' build argument 'ament_cmake_args' from command line to 'None'
[1.448s] Level 5:colcon.colcon_core.verb:set package 'my_package' build argument 'catkin_cmake_args' from command line to 'None'
[1.449s] Level 5:colcon.colcon_core.verb:set package 'my_package' build argument 'catkin_skip_building_tests' from command line to 'False'
[1.449s] DEBUG:colcon.colcon_core.verb:Building package 'my_package' with the following arguments: {'ament_cmake_args': None, 'build_base': '/workspaces/ros2/ros2_ws/build/my_package', 'catkin_cmake_args': None, 'catkin_skip_building_tests': False, 'cmake_args': None, 'cmake_clean_cache': False, 'cmake_clean_first': False, 'cmake_force_configure': False, 'cmake_target': None, 'cmake_target_skip_unavailable': False, 'install_base': '/workspaces/ros2/ros2_ws/install/my_package', 'merge_install': False, 'path': '/workspaces/ros2/ros2_ws/src/my_package', 'symlink_install': True, 'test_result_base': None}
[1.449s] Level 5:colcon.colcon_core.verb:set package 'my_robot_controller' build argument 'cmake_args' from command line to 'None'
[1.449s] Level 5:colcon.colcon_core.verb:set package 'my_robot_controller' build argument 'cmake_target' from command line to 'None'
[1.450s] Level 5:colcon.colcon_core.verb:set package 'my_robot_controller' build argument 'cmake_target_skip_unavailable' from command line to 'False'
[1.450s] Level 5:colcon.colcon_core.verb:set package 'my_robot_controller' build argument 'cmake_clean_cache' from command line to 'False'
[1.450s] Level 5:colcon.colcon_core.verb:set package 'my_robot_controller' build argument 'cmake_clean_first' from command line to 'False'
[1.450s] Level 5:colcon.colcon_core.verb:set package 'my_robot_controller' build argument 'cmake_force_configure' from command line to 'False'
[1.450s] Level 5:colcon.colcon_core.verb:set package 'my_robot_controller' build argument 'ament_cmake_args' from command line to 'None'
[1.450s] Level 5:colcon.colcon_core.verb:set package 'my_robot_controller' build argument 'catkin_cmake_args' from command line to 'None'
[1.451s] Level 5:colcon.colcon_core.verb:set package 'my_robot_controller' build argument 'catkin_skip_building_tests' from command line to 'False'
[1.451s] DEBUG:colcon.colcon_core.verb:Building package 'my_robot_controller' with the following arguments: {'ament_cmake_args': None, 'build_base': '/workspaces/ros2/ros2_ws/build/my_robot_controller', 'catkin_cmake_args': None, 'catkin_skip_building_tests': False, 'cmake_args': None, 'cmake_clean_cache': False, 'cmake_clean_first': False, 'cmake_force_configure': False, 'cmake_target': None, 'cmake_target_skip_unavailable': False, 'install_base': '/workspaces/ros2/ros2_ws/install/my_robot_controller', 'merge_install': False, 'path': '/workspaces/ros2/ros2_ws/src/my_robot_controller', 'symlink_install': True, 'test_result_base': None}
[1.451s] INFO:colcon.colcon_core.executor:Executing jobs using 'parallel' executor
[1.452s] DEBUG:colcon.colcon_parallel_executor.executor.parallel:run_until_complete
[1.452s] INFO:colcon.colcon_ros.task.ament_python.build:Building ROS package in '/workspaces/ros2/ros2_ws/src/my_package' with build type 'ament_python'
[1.453s] Level 1:colcon.colcon_core.shell:create_environment_hook('my_package', 'ament_prefix_path')
[1.476s] INFO:colcon.colcon_core.plugin_system:Skipping extension 'colcon_core.shell.bat': Not used on non-Windows systems
[1.476s] INFO:colcon.colcon_core.shell:Creating environment hook '/workspaces/ros2/ros2_ws/install/my_package/share/my_package/hook/ament_prefix_path.ps1'
[1.485s] INFO:colcon.colcon_core.shell:Creating environment descriptor '/workspaces/ros2/ros2_ws/install/my_package/share/my_package/hook/ament_prefix_path.dsv'
[1.493s] INFO:colcon.colcon_core.shell:Creating environment hook '/workspaces/ros2/ros2_ws/install/my_package/share/my_package/hook/ament_prefix_path.sh'
[1.502s] INFO:colcon.colcon_core.shell:Skip shell extension 'powershell' for command environment: Not usable outside of PowerShell
[1.502s] DEBUG:colcon.colcon_core.shell:Skip shell extension 'dsv' for command environment
[1.548s] INFO:colcon.colcon_ros.task.ament_python.build:Building ROS package in '/workspaces/ros2/ros2_ws/src/my_robot_controller' with build type 'ament_python'
[1.548s] Level 1:colcon.colcon_core.shell:create_environment_hook('my_robot_controller', 'ament_prefix_path')
[1.549s] INFO:colcon.colcon_core.shell:Creating environment hook '/workspaces/ros2/ros2_ws/install/my_robot_controller/share/my_robot_controller/hook/ament_prefix_path.ps1'
[1.557s] INFO:colcon.colcon_core.shell:Creating environment descriptor '/workspaces/ros2/ros2_ws/install/my_robot_controller/share/my_robot_controller/hook/ament_prefix_path.dsv'
[1.567s] INFO:colcon.colcon_core.shell:Creating environment hook '/workspaces/ros2/ros2_ws/install/my_robot_controller/share/my_robot_controller/hook/ament_prefix_path.sh'
[1.576s] INFO:colcon.colcon_core.shell:Skip shell extension 'powershell' for command environment: Not usable outside of PowerShell
[1.576s] DEBUG:colcon.colcon_core.shell:Skip shell extension 'dsv' for command environment
[3.132s] INFO:colcon.colcon_core.task.python.build:Building Python package in '/workspaces/ros2/ros2_ws/src/my_package'
[3.132s] INFO:colcon.colcon_core.shell:Skip shell extension 'powershell' for command environment: Not usable outside of PowerShell
[3.133s] DEBUG:colcon.colcon_core.shell:Skip shell extension 'dsv' for command environment
[4.744s] INFO:colcon.colcon_core.task.python.build:Building Python package in '/workspaces/ros2/ros2_ws/src/my_robot_controller'
[4.744s] INFO:colcon.colcon_core.shell:Skip shell extension 'powershell' for command environment: Not usable outside of PowerShell
[4.744s] DEBUG:colcon.colcon_core.shell:Skip shell extension 'dsv' for command environment
[6.825s] DEBUG:colcon.colcon_core.event_handler.log_command:Invoking command in '/workspaces/ros2/ros2_ws/build/my_robot_controller': PYTHONPATH=/workspaces/ros2/ros2_ws/build/my_robot_controller/prefix_override:/workspaces/ros2/ros2_ws/install/my_robot_controller/lib/python3.10/site-packages:${PYTHONPATH} /usr/bin/python3 -W ignore:setup.py install is deprecated setup.py develop --editable --build-directory /workspaces/ros2/ros2_ws/build/my_robot_controller/build --no-deps symlink_data
[6.910s] DEBUG:colcon.colcon_core.event_handler.log_command:Invoking command in '/workspaces/ros2/ros2_ws/build/my_package': PYTHONPATH=/workspaces/ros2/ros2_ws/build/my_package/prefix_override:/workspaces/ros2/ros2_ws/install/my_package/lib/python3.10/site-packages:${PYTHONPATH} /usr/bin/python3 -W ignore:setup.py install is deprecated setup.py develop --editable --build-directory /workspaces/ros2/ros2_ws/build/my_package/build --no-deps symlink_data
[9.183s] Level 1:colcon.colcon_core.shell:create_environment_hook('my_robot_controller', 'pythonpath_develop')
[9.184s] INFO:colcon.colcon_core.shell:Creating environment hook '/workspaces/ros2/ros2_ws/build/my_robot_controller/share/my_robot_controller/hook/pythonpath_develop.ps1'
[9.184s] DEBUG:colcon.colcon_core.event_handler.log_command:Invoked command in '/workspaces/ros2/ros2_ws/build/my_robot_controller' returned '0': PYTHONPATH=/workspaces/ros2/ros2_ws/build/my_robot_controller/prefix_override:/workspaces/ros2/ros2_ws/install/my_robot_controller/lib/python3.10/site-packages:${PYTHONPATH} /usr/bin/python3 -W ignore:setup.py install is deprecated setup.py develop --editable --build-directory /workspaces/ros2/ros2_ws/build/my_robot_controller/build --no-deps symlink_data
[9.193s] INFO:colcon.colcon_core.shell:Creating environment descriptor '/workspaces/ros2/ros2_ws/build/my_robot_controller/share/my_robot_controller/hook/pythonpath_develop.dsv'
[9.203s] INFO:colcon.colcon_core.shell:Creating environment hook '/workspaces/ros2/ros2_ws/build/my_robot_controller/share/my_robot_controller/hook/pythonpath_develop.sh'
[9.234s] Level 1:colcon.colcon_core.environment:checking '/workspaces/ros2/ros2_ws/install/my_robot_controller' for CMake module files
[9.268s] Level 1:colcon.colcon_core.environment:checking '/workspaces/ros2/ros2_ws/install/my_robot_controller' for CMake config files
[9.312s] Level 1:colcon.colcon_core.environment:checking '/workspaces/ros2/ros2_ws/install/my_robot_controller/lib'
[9.314s] Level 1:colcon.colcon_core.environment:checking '/workspaces/ros2/ros2_ws/install/my_robot_controller/bin'
[9.315s] Level 1:colcon.colcon_core.environment:checking '/workspaces/ros2/ros2_ws/install/my_robot_controller/lib/pkgconfig/my_robot_controller.pc'
[9.316s] Level 1:colcon.colcon_core.environment:checking '/workspaces/ros2/ros2_ws/install/my_robot_controller/lib/python3.10/site-packages'
[9.317s] Level 1:colcon.colcon_core.shell:create_environment_hook('my_robot_controller', 'pythonpath')
[9.318s] INFO:colcon.colcon_core.shell:Creating environment hook '/workspaces/ros2/ros2_ws/install/my_robot_controller/share/my_robot_controller/hook/pythonpath.ps1'
[9.326s] INFO:colcon.colcon_core.shell:Creating environment descriptor '/workspaces/ros2/ros2_ws/install/my_robot_controller/share/my_robot_controller/hook/pythonpath.dsv'
[9.335s] INFO:colcon.colcon_core.shell:Creating environment hook '/workspaces/ros2/ros2_ws/install/my_robot_controller/share/my_robot_controller/hook/pythonpath.sh'
[9.344s] Level 1:colcon.colcon_core.environment:checking '/workspaces/ros2/ros2_ws/install/my_robot_controller/bin'
[9.345s] Level 1:colcon.colcon_core.environment:create_environment_scripts_only(my_robot_controller)
[9.345s] INFO:colcon.colcon_core.shell:Creating package script '/workspaces/ros2/ros2_ws/install/my_robot_controller/share/my_robot_controller/package.ps1'
[9.354s] INFO:colcon.colcon_core.shell:Creating package descriptor '/workspaces/ros2/ros2_ws/install/my_robot_controller/share/my_robot_controller/package.dsv'
[9.362s] INFO:colcon.colcon_core.shell:Creating package script '/workspaces/ros2/ros2_ws/install/my_robot_controller/share/my_robot_controller/package.sh'
[9.370s] INFO:colcon.colcon_core.shell:Creating package script '/workspaces/ros2/ros2_ws/install/my_robot_controller/share/my_robot_controller/package.bash'
[9.377s] INFO:colcon.colcon_core.shell:Creating package script '/workspaces/ros2/ros2_ws/install/my_robot_controller/share/my_robot_controller/package.zsh'
[9.385s] Level 1:colcon.colcon_core.environment:create_file_with_runtime_dependencies(/workspaces/ros2/ros2_ws/install/my_robot_controller/share/colcon-core/packages/my_robot_controller)
[9.391s] Level 1:colcon.colcon_core.shell:create_environment_hook('my_package', 'pythonpath_develop')
[9.392s] INFO:colcon.colcon_core.shell:Creating environment hook '/workspaces/ros2/ros2_ws/build/my_package/share/my_package/hook/pythonpath_develop.ps1'
[9.398s] DEBUG:colcon.colcon_core.event_handler.log_command:Invoked command in '/workspaces/ros2/ros2_ws/build/my_package' returned '0': PYTHONPATH=/workspaces/ros2/ros2_ws/build/my_package/prefix_override:/workspaces/ros2/ros2_ws/install/my_package/lib/python3.10/site-packages:${PYTHONPATH} /usr/bin/python3 -W ignore:setup.py install is deprecated setup.py develop --editable --build-directory /workspaces/ros2/ros2_ws/build/my_package/build --no-deps symlink_data
[9.404s] INFO:colcon.colcon_core.shell:Creating environment descriptor '/workspaces/ros2/ros2_ws/build/my_package/share/my_package/hook/pythonpath_develop.dsv'
[9.414s] INFO:colcon.colcon_core.shell:Creating environment hook '/workspaces/ros2/ros2_ws/build/my_package/share/my_package/hook/pythonpath_develop.sh'
[9.425s] Level 1:colcon.colcon_core.environment:checking '/workspaces/ros2/ros2_ws/install/my_package' for CMake module files
[9.456s] Level 1:colcon.colcon_core.environment:checking '/workspaces/ros2/ros2_ws/install/my_package' for CMake config files
[9.501s] Level 1:colcon.colcon_core.environment:checking '/workspaces/ros2/ros2_ws/install/my_package/lib'
[9.504s] Level 1:colcon.colcon_core.environment:checking '/workspaces/ros2/ros2_ws/install/my_package/bin'
[9.504s] Level 1:colcon.colcon_core.environment:checking '/workspaces/ros2/ros2_ws/install/my_package/lib/pkgconfig/my_package.pc'
[9.506s] Level 1:colcon.colcon_core.environment:checking '/workspaces/ros2/ros2_ws/install/my_package/lib/python3.10/site-packages'
[9.507s] Level 1:colcon.colcon_core.shell:create_environment_hook('my_package', 'pythonpath')
[9.508s] INFO:colcon.colcon_core.shell:Creating environment hook '/workspaces/ros2/ros2_ws/install/my_package/share/my_package/hook/pythonpath.ps1'
[9.516s] INFO:colcon.colcon_core.shell:Creating environment descriptor '/workspaces/ros2/ros2_ws/install/my_package/share/my_package/hook/pythonpath.dsv'
[9.524s] INFO:colcon.colcon_core.shell:Creating environment hook '/workspaces/ros2/ros2_ws/install/my_package/share/my_package/hook/pythonpath.sh'
[9.533s] Level 1:colcon.colcon_core.environment:checking '/workspaces/ros2/ros2_ws/install/my_package/bin'
[9.533s] Level 1:colcon.colcon_core.environment:create_environment_scripts_only(my_package)
[9.534s] INFO:colcon.colcon_core.shell:Creating package script '/workspaces/ros2/ros2_ws/install/my_package/share/my_package/package.ps1'
[9.540s] INFO:colcon.colcon_core.shell:Creating package descriptor '/workspaces/ros2/ros2_ws/install/my_package/share/my_package/package.dsv'
[9.548s] INFO:colcon.colcon_core.shell:Creating package script '/workspaces/ros2/ros2_ws/install/my_package/share/my_package/package.sh'
[9.555s] INFO:colcon.colcon_core.shell:Creating package script '/workspaces/ros2/ros2_ws/install/my_package/share/my_package/package.bash'
[9.562s] INFO:colcon.colcon_core.shell:Creating package script '/workspaces/ros2/ros2_ws/install/my_package/share/my_package/package.zsh'
[9.569s] Level 1:colcon.colcon_core.environment:create_file_with_runtime_dependencies(/workspaces/ros2/ros2_ws/install/my_package/share/colcon-core/packages/my_package)
[9.574s] DEBUG:colcon.colcon_parallel_executor.executor.parallel:closing loop
[9.575s] DEBUG:colcon.colcon_parallel_executor.executor.parallel:loop closed
[9.575s] DEBUG:colcon.colcon_parallel_executor.executor.parallel:run_until_complete finished with '0'
[9.575s] DEBUG:colcon.colcon_core.event_reactor:joining thread
[9.619s] INFO:colcon.colcon_core.plugin_system:Skipping extension 'colcon_notification.desktop_notification.notify_send': Could not find 'notify-send'
[9.619s] INFO:colcon.colcon_core.plugin_system:Skipping extension 'colcon_notification.desktop_notification.terminal_notifier': Not used on non-Darwin systems
[9.619s] INFO:colcon.colcon_core.plugin_system:Skipping extension 'colcon_notification.desktop_notification.win32': Not used on non-Windows systems
[9.619s] INFO:colcon.colcon_notification.desktop_notification:Sending desktop notification using 'notify2'
[9.628s] DEBUG:colcon.colcon_notification.desktop_notification.notify2:Failed to initialize notify2: org.freedesktop.DBus.Error.ServiceUnknown: The name org.freedesktop.Notifications was not provided by any .service files
[9.628s] DEBUG:colcon.colcon_core.event_reactor:joined thread
[9.629s] INFO:colcon.colcon_core.shell:Creating prefix script '/workspaces/ros2/ros2_ws/install/local_setup.ps1'
[9.632s] INFO:colcon.colcon_core.shell:Creating prefix util module '/workspaces/ros2/ros2_ws/install/_local_setup_util_ps1.py'
[9.635s] INFO:colcon.colcon_core.shell:Creating prefix chain script '/workspaces/ros2/ros2_ws/install/setup.ps1'
[9.654s] INFO:colcon.colcon_core.shell:Creating prefix script '/workspaces/ros2/ros2_ws/install/local_setup.sh'
[9.657s] INFO:colcon.colcon_core.shell:Creating prefix util module '/workspaces/ros2/ros2_ws/install/_local_setup_util_sh.py'
[9.660s] INFO:colcon.colcon_core.shell:Creating prefix chain script '/workspaces/ros2/ros2_ws/install/setup.sh'
[9.679s] INFO:colcon.colcon_core.shell:Creating prefix script '/workspaces/ros2/ros2_ws/install/local_setup.bash'
[9.682s] INFO:colcon.colcon_core.shell:Creating prefix chain script '/workspaces/ros2/ros2_ws/install/setup.bash'
[9.701s] INFO:colcon.colcon_core.shell:Creating prefix script '/workspaces/ros2/ros2_ws/install/local_setup.zsh'
[9.704s] INFO:colcon.colcon_core.shell:Creating prefix chain script '/workspaces/ros2/ros2_ws/install/setup.zsh'
