[1.040s] Invoking command in '/workspaces/ros2/ros2_ws/build/turtlesim': CMAKE_PREFIX_PATH=/opt/ros/humble /usr/bin/cmake --build /workspaces/ros2/ros2_ws/build/turtlesim -- -j16 -l16
[1.485s] [  1%] Built target turtlesim__cpp
[1.810s] [ 19%] Built target turtlesim__rosidl_generator_c
[1.818s] [ 21%] Built target turtlesim__rosidl_typesupport_cpp
[1.984s] [ 34%] Built target mimic
[1.987s] [ 35%] Built target draw_square
[1.992s] [ 37%] Built target turtlesim__rosidl_typesupport_introspection_cpp
[1.994s] [ 37%] Built target turtle_teleop_key
[2.077s] [ 47%] Built target turtlesim__rosidl_typesupport_fastrtps_cpp
[2.181s] [ 53%] Built target turtlesim_node
[2.259s] [ 63%] Built target turtlesim__rosidl_typesupport_c
[2.373s] [ 73%] Built target turtlesim__rosidl_typesupport_introspection_c
[2.412s] [ 83%] Built target turtlesim__rosidl_typesupport_fastrtps_c
[2.492s] [ 83%] Built target turtlesim
[2.574s] [ 83%] Built target ament_cmake_python_copy_turtlesim
[2.635s] [ 84%] Built target turtlesim__py
[2.855s] [ 93%] Built target turtlesim__rosidl_generator_py
[2.896s] running egg_info
[2.900s] writing turtlesim.egg-info/PKG-INFO
[2.903s] writing dependency_links to turtlesim.egg-info/dependency_links.txt
[2.912s] writing top-level names to turtlesim.egg-info/top_level.txt
[2.978s] [ 98%] Built target turtlesim__rosidl_typesupport_c__pyext
[2.979s] reading manifest file 'turtlesim.egg-info/SOURCES.txt'
[2.979s] [100%] Built target turtlesim__rosidl_typesupport_introspection_c__pyext
[2.980s] [100%] Built target turtlesim__rosidl_typesupport_fastrtps_c__pyext
[3.037s] writing manifest file 'turtlesim.egg-info/SOURCES.txt'
[3.070s] [100%] Built target ament_cmake_python_build_turtlesim_egg
[3.398s] Invoked command in '/workspaces/ros2/ros2_ws/build/turtlesim' returned '0': CMAKE_PREFIX_PATH=/opt/ros/humble /usr/bin/cmake --build /workspaces/ros2/ros2_ws/build/turtlesim -- -j16 -l16
[4.183s] Invoking command in '/workspaces/ros2/ros2_ws/build/turtlesim': CMAKE_PREFIX_PATH=/opt/ros/humble /usr/bin/cmake --install /workspaces/ros2/ros2_ws/build/turtlesim
[4.192s] -- Install configuration: ""
[4.210s] -- Up-to-date: /workspaces/ros2/ros2_ws/install/turtlesim/share/ament_index/resource_index/rosidl_interfaces/turtlesim
[4.219s] -- Up-to-date: /workspaces/ros2/ros2_ws/install/turtlesim/include/turtlesim/turtlesim
[4.233s] -- Up-to-date: /workspaces/ros2/ros2_ws/install/turtlesim/include/turtlesim/turtlesim/action
[4.252s] -- Up-to-date: /workspaces/ros2/ros2_ws/install/turtlesim/include/turtlesim/turtlesim/action/detail
[4.275s] -- Up-to-date: /workspaces/ros2/ros2_ws/install/turtlesim/include/turtlesim/turtlesim/action/detail/rotate_absolute__functions.c
[4.293s] -- Up-to-date: /workspaces/ros2/ros2_ws/install/turtlesim/include/turtlesim/turtlesim/action/detail/rotate_absolute__functions.h
[4.311s] -- Up-to-date: /workspaces/ros2/ros2_ws/install/turtlesim/include/turtlesim/turtlesim/action/detail/rotate_absolute__struct.h
[4.329s] -- Up-to-date: /workspaces/ros2/ros2_ws/install/turtlesim/include/turtlesim/turtlesim/action/detail/rotate_absolute__type_support.h
[4.344s] -- Up-to-date: /workspaces/ros2/ros2_ws/install/turtlesim/include/turtlesim/turtlesim/action/rotate_absolute.h
[4.357s] -- Up-to-date: /workspaces/ros2/ros2_ws/install/turtlesim/include/turtlesim/turtlesim/msg
[4.377s] -- Up-to-date: /workspaces/ros2/ros2_ws/install/turtlesim/include/turtlesim/turtlesim/msg/color.h
[4.389s] -- Up-to-date: /workspaces/ros2/ros2_ws/install/turtlesim/include/turtlesim/turtlesim/msg/detail
[4.412s] -- Up-to-date: /workspaces/ros2/ros2_ws/install/turtlesim/include/turtlesim/turtlesim/msg/detail/color__functions.c
[4.431s] -- Up-to-date: /workspaces/ros2/ros2_ws/install/turtlesim/include/turtlesim/turtlesim/msg/detail/color__functions.h
[4.450s] -- Up-to-date: /workspaces/ros2/ros2_ws/install/turtlesim/include/turtlesim/turtlesim/msg/detail/color__struct.h
[4.468s] -- Up-to-date: /workspaces/ros2/ros2_ws/install/turtlesim/include/turtlesim/turtlesim/msg/detail/color__type_support.h
[4.485s] -- Up-to-date: /workspaces/ros2/ros2_ws/install/turtlesim/include/turtlesim/turtlesim/msg/detail/pose__functions.c
[4.503s] -- Up-to-date: /workspaces/ros2/ros2_ws/install/turtlesim/include/turtlesim/turtlesim/msg/detail/pose__functions.h
[4.521s] -- Up-to-date: /workspaces/ros2/ros2_ws/install/turtlesim/include/turtlesim/turtlesim/msg/detail/pose__struct.h
[4.540s] -- Up-to-date: /workspaces/ros2/ros2_ws/install/turtlesim/include/turtlesim/turtlesim/msg/detail/pose__type_support.h
[4.557s] -- Up-to-date: /workspaces/ros2/ros2_ws/install/turtlesim/include/turtlesim/turtlesim/msg/pose.h
[4.572s] -- Up-to-date: /workspaces/ros2/ros2_ws/install/turtlesim/include/turtlesim/turtlesim/msg/rosidl_generator_c__visibility_control.h
[4.584s] -- Up-to-date: /workspaces/ros2/ros2_ws/install/turtlesim/include/turtlesim/turtlesim/srv
[4.602s] -- Up-to-date: /workspaces/ros2/ros2_ws/install/turtlesim/include/turtlesim/turtlesim/srv/detail
[4.625s] -- Up-to-date: /workspaces/ros2/ros2_ws/install/turtlesim/include/turtlesim/turtlesim/srv/detail/kill__functions.c
[4.643s] -- Up-to-date: /workspaces/ros2/ros2_ws/install/turtlesim/include/turtlesim/turtlesim/srv/detail/kill__functions.h
[4.662s] -- Up-to-date: /workspaces/ros2/ros2_ws/install/turtlesim/include/turtlesim/turtlesim/srv/detail/kill__struct.h
[4.680s] -- Up-to-date: /workspaces/ros2/ros2_ws/install/turtlesim/include/turtlesim/turtlesim/srv/detail/kill__type_support.h
[4.699s] -- Up-to-date: /workspaces/ros2/ros2_ws/install/turtlesim/include/turtlesim/turtlesim/srv/detail/set_pen__functions.c
[4.717s] -- Up-to-date: /workspaces/ros2/ros2_ws/install/turtlesim/include/turtlesim/turtlesim/srv/detail/set_pen__functions.h
[4.735s] -- Up-to-date: /workspaces/ros2/ros2_ws/install/turtlesim/include/turtlesim/turtlesim/srv/detail/set_pen__struct.h
[4.755s] -- Up-to-date: /workspaces/ros2/ros2_ws/install/turtlesim/include/turtlesim/turtlesim/srv/detail/set_pen__type_support.h
[4.773s] -- Up-to-date: /workspaces/ros2/ros2_ws/install/turtlesim/include/turtlesim/turtlesim/srv/detail/spawn__functions.c
[4.790s] -- Up-to-date: /workspaces/ros2/ros2_ws/install/turtlesim/include/turtlesim/turtlesim/srv/detail/spawn__functions.h
[4.809s] -- Up-to-date: /workspaces/ros2/ros2_ws/install/turtlesim/include/turtlesim/turtlesim/srv/detail/spawn__struct.h
[4.826s] -- Up-to-date: /workspaces/ros2/ros2_ws/install/turtlesim/include/turtlesim/turtlesim/srv/detail/spawn__type_support.h
[4.843s] -- Up-to-date: /workspaces/ros2/ros2_ws/install/turtlesim/include/turtlesim/turtlesim/srv/detail/teleport_absolute__functions.c
[4.863s] -- Up-to-date: /workspaces/ros2/ros2_ws/install/turtlesim/include/turtlesim/turtlesim/srv/detail/teleport_absolute__functions.h
[4.882s] -- Up-to-date: /workspaces/ros2/ros2_ws/install/turtlesim/include/turtlesim/turtlesim/srv/detail/teleport_absolute__struct.h
[4.900s] -- Up-to-date: /workspaces/ros2/ros2_ws/install/turtlesim/include/turtlesim/turtlesim/srv/detail/teleport_absolute__type_support.h
[4.918s] -- Up-to-date: /workspaces/ros2/ros2_ws/install/turtlesim/include/turtlesim/turtlesim/srv/detail/teleport_relative__functions.c
[4.936s] -- Up-to-date: /workspaces/ros2/ros2_ws/install/turtlesim/include/turtlesim/turtlesim/srv/detail/teleport_relative__functions.h
[4.955s] -- Up-to-date: /workspaces/ros2/ros2_ws/install/turtlesim/include/turtlesim/turtlesim/srv/detail/teleport_relative__struct.h
[4.973s] -- Up-to-date: /workspaces/ros2/ros2_ws/install/turtlesim/include/turtlesim/turtlesim/srv/detail/teleport_relative__type_support.h
[4.988s] -- Up-to-date: /workspaces/ros2/ros2_ws/install/turtlesim/include/turtlesim/turtlesim/srv/kill.h
[5.004s] -- Up-to-date: /workspaces/ros2/ros2_ws/install/turtlesim/include/turtlesim/turtlesim/srv/set_pen.h
[5.020s] -- Up-to-date: /workspaces/ros2/ros2_ws/install/turtlesim/include/turtlesim/turtlesim/srv/spawn.h
[5.035s] -- Up-to-date: /workspaces/ros2/ros2_ws/install/turtlesim/include/turtlesim/turtlesim/srv/teleport_absolute.h
[5.051s] -- Up-to-date: /workspaces/ros2/ros2_ws/install/turtlesim/include/turtlesim/turtlesim/srv/teleport_relative.h
[5.063s] -- Up-to-date: /workspaces/ros2/ros2_ws/install/turtlesim/share/turtlesim/environment/library_path.sh
[5.078s] -- Up-to-date: /workspaces/ros2/ros2_ws/install/turtlesim/share/turtlesim/environment/library_path.dsv
[5.105s] -- Up-to-date: /workspaces/ros2/ros2_ws/install/turtlesim/lib/libturtlesim__rosidl_generator_c.so
[5.131s] -- Up-to-date: /workspaces/ros2/ros2_ws/install/turtlesim/include/turtlesim/turtlesim
[5.146s] -- Up-to-date: /workspaces/ros2/ros2_ws/install/turtlesim/include/turtlesim/turtlesim/action
[5.165s] -- Up-to-date: /workspaces/ros2/ros2_ws/install/turtlesim/include/turtlesim/turtlesim/action/detail
[5.188s] -- Up-to-date: /workspaces/ros2/ros2_ws/install/turtlesim/include/turtlesim/turtlesim/action/detail/rotate_absolute__rosidl_typesupport_fastrtps_c.h
[5.200s] -- Up-to-date: /workspaces/ros2/ros2_ws/install/turtlesim/include/turtlesim/turtlesim/msg
[5.217s] -- Up-to-date: /workspaces/ros2/ros2_ws/install/turtlesim/include/turtlesim/turtlesim/msg/detail
[5.240s] -- Up-to-date: /workspaces/ros2/ros2_ws/install/turtlesim/include/turtlesim/turtlesim/msg/detail/color__rosidl_typesupport_fastrtps_c.h
[5.259s] -- Up-to-date: /workspaces/ros2/ros2_ws/install/turtlesim/include/turtlesim/turtlesim/msg/detail/pose__rosidl_typesupport_fastrtps_c.h
[5.275s] -- Up-to-date: /workspaces/ros2/ros2_ws/install/turtlesim/include/turtlesim/turtlesim/msg/rosidl_typesupport_fastrtps_c__visibility_control.h
[5.285s] -- Up-to-date: /workspaces/ros2/ros2_ws/install/turtlesim/include/turtlesim/turtlesim/srv
[5.302s] -- Up-to-date: /workspaces/ros2/ros2_ws/install/turtlesim/include/turtlesim/turtlesim/srv/detail
[5.326s] -- Up-to-date: /workspaces/ros2/ros2_ws/install/turtlesim/include/turtlesim/turtlesim/srv/detail/kill__rosidl_typesupport_fastrtps_c.h
[5.343s] -- Up-to-date: /workspaces/ros2/ros2_ws/install/turtlesim/include/turtlesim/turtlesim/srv/detail/set_pen__rosidl_typesupport_fastrtps_c.h
[5.363s] -- Up-to-date: /workspaces/ros2/ros2_ws/install/turtlesim/include/turtlesim/turtlesim/srv/detail/spawn__rosidl_typesupport_fastrtps_c.h
[5.381s] -- Up-to-date: /workspaces/ros2/ros2_ws/install/turtlesim/include/turtlesim/turtlesim/srv/detail/teleport_absolute__rosidl_typesupport_fastrtps_c.h
[5.401s] -- Up-to-date: /workspaces/ros2/ros2_ws/install/turtlesim/include/turtlesim/turtlesim/srv/detail/teleport_relative__rosidl_typesupport_fastrtps_c.h
[5.428s] -- Up-to-date: /workspaces/ros2/ros2_ws/install/turtlesim/lib/libturtlesim__rosidl_typesupport_fastrtps_c.so
[5.455s] -- Up-to-date: /workspaces/ros2/ros2_ws/install/turtlesim/include/turtlesim/turtlesim
[5.470s] -- Up-to-date: /workspaces/ros2/ros2_ws/install/turtlesim/include/turtlesim/turtlesim/action
[5.486s] -- Up-to-date: /workspaces/ros2/ros2_ws/install/turtlesim/include/turtlesim/turtlesim/action/detail
[5.510s] -- Up-to-date: /workspaces/ros2/ros2_ws/install/turtlesim/include/turtlesim/turtlesim/action/detail/rotate_absolute__builder.hpp
[5.528s] -- Up-to-date: /workspaces/ros2/ros2_ws/install/turtlesim/include/turtlesim/turtlesim/action/detail/rotate_absolute__struct.hpp
[5.547s] -- Up-to-date: /workspaces/ros2/ros2_ws/install/turtlesim/include/turtlesim/turtlesim/action/detail/rotate_absolute__traits.hpp
[5.564s] -- Up-to-date: /workspaces/ros2/ros2_ws/install/turtlesim/include/turtlesim/turtlesim/action/rotate_absolute.hpp
[5.575s] -- Up-to-date: /workspaces/ros2/ros2_ws/install/turtlesim/include/turtlesim/turtlesim/msg
[5.597s] -- Up-to-date: /workspaces/ros2/ros2_ws/install/turtlesim/include/turtlesim/turtlesim/msg/color.hpp
[5.610s] -- Up-to-date: /workspaces/ros2/ros2_ws/install/turtlesim/include/turtlesim/turtlesim/msg/detail
[5.634s] -- Up-to-date: /workspaces/ros2/ros2_ws/install/turtlesim/include/turtlesim/turtlesim/msg/detail/color__builder.hpp
[5.653s] -- Up-to-date: /workspaces/ros2/ros2_ws/install/turtlesim/include/turtlesim/turtlesim/msg/detail/color__struct.hpp
[5.671s] -- Up-to-date: /workspaces/ros2/ros2_ws/install/turtlesim/include/turtlesim/turtlesim/msg/detail/color__traits.hpp
[5.690s] -- Up-to-date: /workspaces/ros2/ros2_ws/install/turtlesim/include/turtlesim/turtlesim/msg/detail/pose__builder.hpp
[5.709s] -- Up-to-date: /workspaces/ros2/ros2_ws/install/turtlesim/include/turtlesim/turtlesim/msg/detail/pose__struct.hpp
[5.728s] -- Up-to-date: /workspaces/ros2/ros2_ws/install/turtlesim/include/turtlesim/turtlesim/msg/detail/pose__traits.hpp
[5.744s] -- Up-to-date: /workspaces/ros2/ros2_ws/install/turtlesim/include/turtlesim/turtlesim/msg/pose.hpp
[5.756s] -- Up-to-date: /workspaces/ros2/ros2_ws/install/turtlesim/include/turtlesim/turtlesim/srv
[5.773s] -- Up-to-date: /workspaces/ros2/ros2_ws/install/turtlesim/include/turtlesim/turtlesim/srv/detail
[5.796s] -- Up-to-date: /workspaces/ros2/ros2_ws/install/turtlesim/include/turtlesim/turtlesim/srv/detail/kill__builder.hpp
[5.814s] -- Up-to-date: /workspaces/ros2/ros2_ws/install/turtlesim/include/turtlesim/turtlesim/srv/detail/kill__struct.hpp
[5.832s] -- Up-to-date: /workspaces/ros2/ros2_ws/install/turtlesim/include/turtlesim/turtlesim/srv/detail/kill__traits.hpp
[5.851s] -- Up-to-date: /workspaces/ros2/ros2_ws/install/turtlesim/include/turtlesim/turtlesim/srv/detail/set_pen__builder.hpp
[5.870s] -- Up-to-date: /workspaces/ros2/ros2_ws/install/turtlesim/include/turtlesim/turtlesim/srv/detail/set_pen__struct.hpp
[5.889s] -- Up-to-date: /workspaces/ros2/ros2_ws/install/turtlesim/include/turtlesim/turtlesim/srv/detail/set_pen__traits.hpp
[5.908s] -- Up-to-date: /workspaces/ros2/ros2_ws/install/turtlesim/include/turtlesim/turtlesim/srv/detail/spawn__builder.hpp
[5.927s] -- Up-to-date: /workspaces/ros2/ros2_ws/install/turtlesim/include/turtlesim/turtlesim/srv/detail/spawn__struct.hpp
[5.944s] -- Up-to-date: /workspaces/ros2/ros2_ws/install/turtlesim/include/turtlesim/turtlesim/srv/detail/spawn__traits.hpp
[5.964s] -- Up-to-date: /workspaces/ros2/ros2_ws/install/turtlesim/include/turtlesim/turtlesim/srv/detail/teleport_absolute__builder.hpp
[5.982s] -- Up-to-date: /workspaces/ros2/ros2_ws/install/turtlesim/include/turtlesim/turtlesim/srv/detail/teleport_absolute__struct.hpp
[6.000s] -- Up-to-date: /workspaces/ros2/ros2_ws/install/turtlesim/include/turtlesim/turtlesim/srv/detail/teleport_absolute__traits.hpp
[6.019s] -- Up-to-date: /workspaces/ros2/ros2_ws/install/turtlesim/include/turtlesim/turtlesim/srv/detail/teleport_relative__builder.hpp
[6.037s] -- Up-to-date: /workspaces/ros2/ros2_ws/install/turtlesim/include/turtlesim/turtlesim/srv/detail/teleport_relative__struct.hpp
[6.056s] -- Up-to-date: /workspaces/ros2/ros2_ws/install/turtlesim/include/turtlesim/turtlesim/srv/detail/teleport_relative__traits.hpp
[6.073s] -- Up-to-date: /workspaces/ros2/ros2_ws/install/turtlesim/include/turtlesim/turtlesim/srv/kill.hpp
[6.087s] -- Up-to-date: /workspaces/ros2/ros2_ws/install/turtlesim/include/turtlesim/turtlesim/srv/set_pen.hpp
[6.104s] -- Up-to-date: /workspaces/ros2/ros2_ws/install/turtlesim/include/turtlesim/turtlesim/srv/spawn.hpp
[6.119s] -- Up-to-date: /workspaces/ros2/ros2_ws/install/turtlesim/include/turtlesim/turtlesim/srv/teleport_absolute.hpp
[6.134s] -- Up-to-date: /workspaces/ros2/ros2_ws/install/turtlesim/include/turtlesim/turtlesim/srv/teleport_relative.hpp
[6.143s] -- Up-to-date: /workspaces/ros2/ros2_ws/install/turtlesim/include/turtlesim/turtlesim
[6.159s] -- Up-to-date: /workspaces/ros2/ros2_ws/install/turtlesim/include/turtlesim/turtlesim/action
[6.175s] -- Up-to-date: /workspaces/ros2/ros2_ws/install/turtlesim/include/turtlesim/turtlesim/action/detail
[6.195s] -- Up-to-date: /workspaces/ros2/ros2_ws/install/turtlesim/include/turtlesim/turtlesim/action/detail/dds_fastrtps
[6.219s] -- Up-to-date: /workspaces/ros2/ros2_ws/install/turtlesim/include/turtlesim/turtlesim/action/detail/rotate_absolute__rosidl_typesupport_fastrtps_cpp.hpp
[6.231s] -- Up-to-date: /workspaces/ros2/ros2_ws/install/turtlesim/include/turtlesim/turtlesim/msg
[6.248s] -- Up-to-date: /workspaces/ros2/ros2_ws/install/turtlesim/include/turtlesim/turtlesim/msg/detail
[6.272s] -- Up-to-date: /workspaces/ros2/ros2_ws/install/turtlesim/include/turtlesim/turtlesim/msg/detail/color__rosidl_typesupport_fastrtps_cpp.hpp
[6.286s] -- Up-to-date: /workspaces/ros2/ros2_ws/install/turtlesim/include/turtlesim/turtlesim/msg/detail/dds_fastrtps
[6.312s] -- Up-to-date: /workspaces/ros2/ros2_ws/install/turtlesim/include/turtlesim/turtlesim/msg/detail/pose__rosidl_typesupport_fastrtps_cpp.hpp
[6.327s] -- Up-to-date: /workspaces/ros2/ros2_ws/install/turtlesim/include/turtlesim/turtlesim/msg/rosidl_typesupport_fastrtps_cpp__visibility_control.h
[6.338s] -- Up-to-date: /workspaces/ros2/ros2_ws/install/turtlesim/include/turtlesim/turtlesim/srv
[6.357s] -- Up-to-date: /workspaces/ros2/ros2_ws/install/turtlesim/include/turtlesim/turtlesim/srv/detail
[6.378s] -- Up-to-date: /workspaces/ros2/ros2_ws/install/turtlesim/include/turtlesim/turtlesim/srv/detail/dds_fastrtps
[6.405s] -- Up-to-date: /workspaces/ros2/ros2_ws/install/turtlesim/include/turtlesim/turtlesim/srv/detail/kill__rosidl_typesupport_fastrtps_cpp.hpp
[6.424s] -- Up-to-date: /workspaces/ros2/ros2_ws/install/turtlesim/include/turtlesim/turtlesim/srv/detail/set_pen__rosidl_typesupport_fastrtps_cpp.hpp
[6.442s] -- Up-to-date: /workspaces/ros2/ros2_ws/install/turtlesim/include/turtlesim/turtlesim/srv/detail/spawn__rosidl_typesupport_fastrtps_cpp.hpp
[6.461s] -- Up-to-date: /workspaces/ros2/ros2_ws/install/turtlesim/include/turtlesim/turtlesim/srv/detail/teleport_absolute__rosidl_typesupport_fastrtps_cpp.hpp
[6.480s] -- Up-to-date: /workspaces/ros2/ros2_ws/install/turtlesim/include/turtlesim/turtlesim/srv/detail/teleport_relative__rosidl_typesupport_fastrtps_cpp.hpp
[6.510s] -- Up-to-date: /workspaces/ros2/ros2_ws/install/turtlesim/lib/libturtlesim__rosidl_typesupport_fastrtps_cpp.so
[6.537s] -- Up-to-date: /workspaces/ros2/ros2_ws/install/turtlesim/include/turtlesim/turtlesim
[6.552s] -- Up-to-date: /workspaces/ros2/ros2_ws/install/turtlesim/include/turtlesim/turtlesim/action
[6.570s] -- Up-to-date: /workspaces/ros2/ros2_ws/install/turtlesim/include/turtlesim/turtlesim/action/detail
[6.596s] -- Up-to-date: /workspaces/ros2/ros2_ws/install/turtlesim/include/turtlesim/turtlesim/action/detail/rotate_absolute__rosidl_typesupport_introspection_c.h
[6.616s] -- Up-to-date: /workspaces/ros2/ros2_ws/install/turtlesim/include/turtlesim/turtlesim/action/detail/rotate_absolute__type_support.c
[6.629s] -- Up-to-date: /workspaces/ros2/ros2_ws/install/turtlesim/include/turtlesim/turtlesim/msg
[6.648s] -- Up-to-date: /workspaces/ros2/ros2_ws/install/turtlesim/include/turtlesim/turtlesim/msg/detail
[6.677s] -- Up-to-date: /workspaces/ros2/ros2_ws/install/turtlesim/include/turtlesim/turtlesim/msg/detail/color__rosidl_typesupport_introspection_c.h
[6.696s] -- Up-to-date: /workspaces/ros2/ros2_ws/install/turtlesim/include/turtlesim/turtlesim/msg/detail/color__type_support.c
[6.715s] -- Up-to-date: /workspaces/ros2/ros2_ws/install/turtlesim/include/turtlesim/turtlesim/msg/detail/pose__rosidl_typesupport_introspection_c.h
[6.733s] -- Up-to-date: /workspaces/ros2/ros2_ws/install/turtlesim/include/turtlesim/turtlesim/msg/detail/pose__type_support.c
[6.750s] -- Up-to-date: /workspaces/ros2/ros2_ws/install/turtlesim/include/turtlesim/turtlesim/msg/rosidl_typesupport_introspection_c__visibility_control.h
[6.762s] -- Up-to-date: /workspaces/ros2/ros2_ws/install/turtlesim/include/turtlesim/turtlesim/srv
[6.780s] -- Up-to-date: /workspaces/ros2/ros2_ws/install/turtlesim/include/turtlesim/turtlesim/srv/detail
[6.805s] -- Up-to-date: /workspaces/ros2/ros2_ws/install/turtlesim/include/turtlesim/turtlesim/srv/detail/kill__rosidl_typesupport_introspection_c.h
[6.824s] -- Up-to-date: /workspaces/ros2/ros2_ws/install/turtlesim/include/turtlesim/turtlesim/srv/detail/kill__type_support.c
[6.842s] -- Up-to-date: /workspaces/ros2/ros2_ws/install/turtlesim/include/turtlesim/turtlesim/srv/detail/set_pen__rosidl_typesupport_introspection_c.h
[6.861s] -- Up-to-date: /workspaces/ros2/ros2_ws/install/turtlesim/include/turtlesim/turtlesim/srv/detail/set_pen__type_support.c
[6.879s] -- Up-to-date: /workspaces/ros2/ros2_ws/install/turtlesim/include/turtlesim/turtlesim/srv/detail/spawn__rosidl_typesupport_introspection_c.h
[6.897s] -- Up-to-date: /workspaces/ros2/ros2_ws/install/turtlesim/include/turtlesim/turtlesim/srv/detail/spawn__type_support.c
[6.915s] -- Up-to-date: /workspaces/ros2/ros2_ws/install/turtlesim/include/turtlesim/turtlesim/srv/detail/teleport_absolute__rosidl_typesupport_introspection_c.h
[6.934s] -- Up-to-date: /workspaces/ros2/ros2_ws/install/turtlesim/include/turtlesim/turtlesim/srv/detail/teleport_absolute__type_support.c
[6.953s] -- Up-to-date: /workspaces/ros2/ros2_ws/install/turtlesim/include/turtlesim/turtlesim/srv/detail/teleport_relative__rosidl_typesupport_introspection_c.h
[6.972s] -- Up-to-date: /workspaces/ros2/ros2_ws/install/turtlesim/include/turtlesim/turtlesim/srv/detail/teleport_relative__type_support.c
[6.998s] -- Up-to-date: /workspaces/ros2/ros2_ws/install/turtlesim/lib/libturtlesim__rosidl_typesupport_introspection_c.so
[7.039s] -- Up-to-date: /workspaces/ros2/ros2_ws/install/turtlesim/lib/libturtlesim__rosidl_typesupport_c.so
[7.065s] -- Up-to-date: /workspaces/ros2/ros2_ws/install/turtlesim/include/turtlesim/turtlesim
[7.082s] -- Up-to-date: /workspaces/ros2/ros2_ws/install/turtlesim/include/turtlesim/turtlesim/action
[7.101s] -- Up-to-date: /workspaces/ros2/ros2_ws/install/turtlesim/include/turtlesim/turtlesim/action/detail
[7.124s] -- Up-to-date: /workspaces/ros2/ros2_ws/install/turtlesim/include/turtlesim/turtlesim/action/detail/rotate_absolute__rosidl_typesupport_introspection_cpp.hpp
[7.141s] -- Up-to-date: /workspaces/ros2/ros2_ws/install/turtlesim/include/turtlesim/turtlesim/action/detail/rotate_absolute__type_support.cpp
[7.154s] -- Up-to-date: /workspaces/ros2/ros2_ws/install/turtlesim/include/turtlesim/turtlesim/msg
[7.172s] -- Up-to-date: /workspaces/ros2/ros2_ws/install/turtlesim/include/turtlesim/turtlesim/msg/detail
[7.196s] -- Up-to-date: /workspaces/ros2/ros2_ws/install/turtlesim/include/turtlesim/turtlesim/msg/detail/color__rosidl_typesupport_introspection_cpp.hpp
[7.214s] -- Up-to-date: /workspaces/ros2/ros2_ws/install/turtlesim/include/turtlesim/turtlesim/msg/detail/color__type_support.cpp
[7.232s] -- Up-to-date: /workspaces/ros2/ros2_ws/install/turtlesim/include/turtlesim/turtlesim/msg/detail/pose__rosidl_typesupport_introspection_cpp.hpp
[7.250s] -- Up-to-date: /workspaces/ros2/ros2_ws/install/turtlesim/include/turtlesim/turtlesim/msg/detail/pose__type_support.cpp
[7.262s] -- Up-to-date: /workspaces/ros2/ros2_ws/install/turtlesim/include/turtlesim/turtlesim/srv
[7.280s] -- Up-to-date: /workspaces/ros2/ros2_ws/install/turtlesim/include/turtlesim/turtlesim/srv/detail
[7.303s] -- Up-to-date: /workspaces/ros2/ros2_ws/install/turtlesim/include/turtlesim/turtlesim/srv/detail/kill__rosidl_typesupport_introspection_cpp.hpp
[7.321s] -- Up-to-date: /workspaces/ros2/ros2_ws/install/turtlesim/include/turtlesim/turtlesim/srv/detail/kill__type_support.cpp
[7.339s] -- Up-to-date: /workspaces/ros2/ros2_ws/install/turtlesim/include/turtlesim/turtlesim/srv/detail/set_pen__rosidl_typesupport_introspection_cpp.hpp
[7.358s] -- Up-to-date: /workspaces/ros2/ros2_ws/install/turtlesim/include/turtlesim/turtlesim/srv/detail/set_pen__type_support.cpp
[7.376s] -- Up-to-date: /workspaces/ros2/ros2_ws/install/turtlesim/include/turtlesim/turtlesim/srv/detail/spawn__rosidl_typesupport_introspection_cpp.hpp
[7.395s] -- Up-to-date: /workspaces/ros2/ros2_ws/install/turtlesim/include/turtlesim/turtlesim/srv/detail/spawn__type_support.cpp
[7.414s] -- Up-to-date: /workspaces/ros2/ros2_ws/install/turtlesim/include/turtlesim/turtlesim/srv/detail/teleport_absolute__rosidl_typesupport_introspection_cpp.hpp
[7.432s] -- Up-to-date: /workspaces/ros2/ros2_ws/install/turtlesim/include/turtlesim/turtlesim/srv/detail/teleport_absolute__type_support.cpp
[7.450s] -- Up-to-date: /workspaces/ros2/ros2_ws/install/turtlesim/include/turtlesim/turtlesim/srv/detail/teleport_relative__rosidl_typesupport_introspection_cpp.hpp
[7.469s] -- Up-to-date: /workspaces/ros2/ros2_ws/install/turtlesim/include/turtlesim/turtlesim/srv/detail/teleport_relative__type_support.cpp
[7.496s] -- Up-to-date: /workspaces/ros2/ros2_ws/install/turtlesim/lib/libturtlesim__rosidl_typesupport_introspection_cpp.so
[7.539s] -- Up-to-date: /workspaces/ros2/ros2_ws/install/turtlesim/lib/libturtlesim__rosidl_typesupport_cpp.so
[7.571s] -- Up-to-date: /workspaces/ros2/ros2_ws/install/turtlesim/share/turtlesim/environment/pythonpath.sh
[7.587s] -- Up-to-date: /workspaces/ros2/ros2_ws/install/turtlesim/share/turtlesim/environment/pythonpath.dsv
[7.598s] -- Up-to-date: /workspaces/ros2/ros2_ws/install/turtlesim/local/lib/python3.10/dist-packages/turtlesim-1.4.2-py3.10.egg-info
[7.621s] -- Installing: /workspaces/ros2/ros2_ws/install/turtlesim/local/lib/python3.10/dist-packages/turtlesim-1.4.2-py3.10.egg-info/dependency_links.txt
[7.685s] -- Installing: /workspaces/ros2/ros2_ws/install/turtlesim/local/lib/python3.10/dist-packages/turtlesim-1.4.2-py3.10.egg-info/PKG-INFO
[7.746s] -- Installing: /workspaces/ros2/ros2_ws/install/turtlesim/local/lib/python3.10/dist-packages/turtlesim-1.4.2-py3.10.egg-info/SOURCES.txt
[7.808s] -- Installing: /workspaces/ros2/ros2_ws/install/turtlesim/local/lib/python3.10/dist-packages/turtlesim-1.4.2-py3.10.egg-info/top_level.txt
[7.863s] -- Up-to-date: /workspaces/ros2/ros2_ws/install/turtlesim/local/lib/python3.10/dist-packages/turtlesim
[7.882s] -- Up-to-date: /workspaces/ros2/ros2_ws/install/turtlesim/local/lib/python3.10/dist-packages/turtlesim/action
[7.904s] -- Up-to-date: /workspaces/ros2/ros2_ws/install/turtlesim/local/lib/python3.10/dist-packages/turtlesim/action/_rotate_absolute.py
[7.922s] -- Up-to-date: /workspaces/ros2/ros2_ws/install/turtlesim/local/lib/python3.10/dist-packages/turtlesim/action/_rotate_absolute_s.c
[7.940s] -- Up-to-date: /workspaces/ros2/ros2_ws/install/turtlesim/local/lib/python3.10/dist-packages/turtlesim/action/__init__.py
[7.956s] -- Up-to-date: /workspaces/ros2/ros2_ws/install/turtlesim/local/lib/python3.10/dist-packages/turtlesim/libturtlesim__rosidl_generator_py.so
[7.970s] -- Up-to-date: /workspaces/ros2/ros2_ws/install/turtlesim/local/lib/python3.10/dist-packages/turtlesim/msg
[7.992s] -- Up-to-date: /workspaces/ros2/ros2_ws/install/turtlesim/local/lib/python3.10/dist-packages/turtlesim/msg/_color.py
[8.010s] -- Up-to-date: /workspaces/ros2/ros2_ws/install/turtlesim/local/lib/python3.10/dist-packages/turtlesim/msg/_color_s.c
[8.028s] -- Up-to-date: /workspaces/ros2/ros2_ws/install/turtlesim/local/lib/python3.10/dist-packages/turtlesim/msg/_pose.py
[8.045s] -- Up-to-date: /workspaces/ros2/ros2_ws/install/turtlesim/local/lib/python3.10/dist-packages/turtlesim/msg/_pose_s.c
[8.064s] -- Up-to-date: /workspaces/ros2/ros2_ws/install/turtlesim/local/lib/python3.10/dist-packages/turtlesim/msg/__init__.py
[8.078s] -- Up-to-date: /workspaces/ros2/ros2_ws/install/turtlesim/local/lib/python3.10/dist-packages/turtlesim/srv
[8.101s] -- Up-to-date: /workspaces/ros2/ros2_ws/install/turtlesim/local/lib/python3.10/dist-packages/turtlesim/srv/_kill.py
[8.119s] -- Up-to-date: /workspaces/ros2/ros2_ws/install/turtlesim/local/lib/python3.10/dist-packages/turtlesim/srv/_kill_s.c
[8.137s] -- Up-to-date: /workspaces/ros2/ros2_ws/install/turtlesim/local/lib/python3.10/dist-packages/turtlesim/srv/_set_pen.py
[8.155s] -- Up-to-date: /workspaces/ros2/ros2_ws/install/turtlesim/local/lib/python3.10/dist-packages/turtlesim/srv/_set_pen_s.c
[8.173s] -- Up-to-date: /workspaces/ros2/ros2_ws/install/turtlesim/local/lib/python3.10/dist-packages/turtlesim/srv/_spawn.py
[8.190s] -- Up-to-date: /workspaces/ros2/ros2_ws/install/turtlesim/local/lib/python3.10/dist-packages/turtlesim/srv/_spawn_s.c
[8.208s] -- Up-to-date: /workspaces/ros2/ros2_ws/install/turtlesim/local/lib/python3.10/dist-packages/turtlesim/srv/_teleport_absolute.py
[8.226s] -- Up-to-date: /workspaces/ros2/ros2_ws/install/turtlesim/local/lib/python3.10/dist-packages/turtlesim/srv/_teleport_absolute_s.c
[8.242s] -- Up-to-date: /workspaces/ros2/ros2_ws/install/turtlesim/local/lib/python3.10/dist-packages/turtlesim/srv/_teleport_relative.py
[8.261s] -- Up-to-date: /workspaces/ros2/ros2_ws/install/turtlesim/local/lib/python3.10/dist-packages/turtlesim/srv/_teleport_relative_s.c
[8.278s] -- Up-to-date: /workspaces/ros2/ros2_ws/install/turtlesim/local/lib/python3.10/dist-packages/turtlesim/srv/__init__.py
[8.294s] -- Up-to-date: /workspaces/ros2/ros2_ws/install/turtlesim/local/lib/python3.10/dist-packages/turtlesim/turtlesim_s__rosidl_typesupport_c.cpython-310-x86_64-linux-gnu.so
[8.308s] -- Up-to-date: /workspaces/ros2/ros2_ws/install/turtlesim/local/lib/python3.10/dist-packages/turtlesim/turtlesim_s__rosidl_typesupport_fastrtps_c.cpython-310-x86_64-linux-gnu.so
[8.323s] -- Up-to-date: /workspaces/ros2/ros2_ws/install/turtlesim/local/lib/python3.10/dist-packages/turtlesim/turtlesim_s__rosidl_typesupport_introspection_c.cpython-310-x86_64-linux-gnu.so
[8.338s] -- Up-to-date: /workspaces/ros2/ros2_ws/install/turtlesim/local/lib/python3.10/dist-packages/turtlesim/_turtlesim_s.ep.rosidl_typesupport_c.c
[8.354s] -- Up-to-date: /workspaces/ros2/ros2_ws/install/turtlesim/local/lib/python3.10/dist-packages/turtlesim/_turtlesim_s.ep.rosidl_typesupport_fastrtps_c.c
[8.369s] -- Up-to-date: /workspaces/ros2/ros2_ws/install/turtlesim/local/lib/python3.10/dist-packages/turtlesim/_turtlesim_s.ep.rosidl_typesupport_introspection_c.c
[8.383s] -- Up-to-date: /workspaces/ros2/ros2_ws/install/turtlesim/local/lib/python3.10/dist-packages/turtlesim/__init__.py
[8.678s] Listing '/workspaces/ros2/ros2_ws/install/turtlesim/local/lib/python3.10/dist-packages/turtlesim'...
[8.679s] Listing '/workspaces/ros2/ros2_ws/install/turtlesim/local/lib/python3.10/dist-packages/turtlesim/action'...
[8.679s] Listing '/workspaces/ros2/ros2_ws/install/turtlesim/local/lib/python3.10/dist-packages/turtlesim/msg'...
[8.680s] Listing '/workspaces/ros2/ros2_ws/install/turtlesim/local/lib/python3.10/dist-packages/turtlesim/srv'...
[8.716s] -- Up-to-date: /workspaces/ros2/ros2_ws/install/turtlesim/local/lib/python3.10/dist-packages/turtlesim/turtlesim_s__rosidl_typesupport_fastrtps_c.cpython-310-x86_64-linux-gnu.so
[8.782s] -- Up-to-date: /workspaces/ros2/ros2_ws/install/turtlesim/local/lib/python3.10/dist-packages/turtlesim/turtlesim_s__rosidl_typesupport_introspection_c.cpython-310-x86_64-linux-gnu.so
[8.848s] -- Up-to-date: /workspaces/ros2/ros2_ws/install/turtlesim/local/lib/python3.10/dist-packages/turtlesim/turtlesim_s__rosidl_typesupport_c.cpython-310-x86_64-linux-gnu.so
[8.907s] -- Up-to-date: /workspaces/ros2/ros2_ws/install/turtlesim/lib/libturtlesim__rosidl_generator_py.so
[8.941s] -- Up-to-date: /workspaces/ros2/ros2_ws/install/turtlesim/share/turtlesim/action/RotateAbsolute.idl
[8.960s] -- Up-to-date: /workspaces/ros2/ros2_ws/install/turtlesim/share/turtlesim/msg/Color.idl
[8.977s] -- Up-to-date: /workspaces/ros2/ros2_ws/install/turtlesim/share/turtlesim/msg/Pose.idl
[8.995s] -- Up-to-date: /workspaces/ros2/ros2_ws/install/turtlesim/share/turtlesim/srv/Kill.idl
[9.012s] -- Up-to-date: /workspaces/ros2/ros2_ws/install/turtlesim/share/turtlesim/srv/SetPen.idl
[9.029s] -- Up-to-date: /workspaces/ros2/ros2_ws/install/turtlesim/share/turtlesim/srv/Spawn.idl
[9.046s] -- Up-to-date: /workspaces/ros2/ros2_ws/install/turtlesim/share/turtlesim/srv/TeleportAbsolute.idl
[9.065s] -- Up-to-date: /workspaces/ros2/ros2_ws/install/turtlesim/share/turtlesim/srv/TeleportRelative.idl
[9.084s] -- Up-to-date: /workspaces/ros2/ros2_ws/install/turtlesim/share/turtlesim/action/RotateAbsolute.action
[9.104s] -- Up-to-date: /workspaces/ros2/ros2_ws/install/turtlesim/share/turtlesim/msg/Color.msg
[9.124s] -- Up-to-date: /workspaces/ros2/ros2_ws/install/turtlesim/share/turtlesim/msg/Pose.msg
[9.144s] -- Up-to-date: /workspaces/ros2/ros2_ws/install/turtlesim/share/turtlesim/srv/Kill.srv
[9.162s] -- Up-to-date: /workspaces/ros2/ros2_ws/install/turtlesim/share/turtlesim/srv/Kill_Request.msg
[9.178s] -- Up-to-date: /workspaces/ros2/ros2_ws/install/turtlesim/share/turtlesim/srv/Kill_Response.msg
[9.198s] -- Up-to-date: /workspaces/ros2/ros2_ws/install/turtlesim/share/turtlesim/srv/SetPen.srv
[9.215s] -- Up-to-date: /workspaces/ros2/ros2_ws/install/turtlesim/share/turtlesim/srv/SetPen_Request.msg
[9.230s] -- Up-to-date: /workspaces/ros2/ros2_ws/install/turtlesim/share/turtlesim/srv/SetPen_Response.msg
[9.249s] -- Up-to-date: /workspaces/ros2/ros2_ws/install/turtlesim/share/turtlesim/srv/Spawn.srv
[9.266s] -- Up-to-date: /workspaces/ros2/ros2_ws/install/turtlesim/share/turtlesim/srv/Spawn_Request.msg
[9.281s] -- Up-to-date: /workspaces/ros2/ros2_ws/install/turtlesim/share/turtlesim/srv/Spawn_Response.msg
[9.299s] -- Up-to-date: /workspaces/ros2/ros2_ws/install/turtlesim/share/turtlesim/srv/TeleportAbsolute.srv
[9.315s] -- Up-to-date: /workspaces/ros2/ros2_ws/install/turtlesim/share/turtlesim/srv/TeleportAbsolute_Request.msg
[9.330s] -- Up-to-date: /workspaces/ros2/ros2_ws/install/turtlesim/share/turtlesim/srv/TeleportAbsolute_Response.msg
[9.348s] -- Up-to-date: /workspaces/ros2/ros2_ws/install/turtlesim/share/turtlesim/srv/TeleportRelative.srv
[9.365s] -- Up-to-date: /workspaces/ros2/ros2_ws/install/turtlesim/share/turtlesim/srv/TeleportRelative_Request.msg
[9.381s] -- Up-to-date: /workspaces/ros2/ros2_ws/install/turtlesim/share/turtlesim/srv/TeleportRelative_Response.msg
[9.412s] -- Up-to-date: /workspaces/ros2/ros2_ws/install/turtlesim/lib/turtlesim/turtlesim_node
[9.464s] -- Up-to-date: /workspaces/ros2/ros2_ws/install/turtlesim/lib/turtlesim/turtle_teleop_key
[9.514s] -- Up-to-date: /workspaces/ros2/ros2_ws/install/turtlesim/lib/turtlesim/draw_square
[9.564s] -- Up-to-date: /workspaces/ros2/ros2_ws/install/turtlesim/lib/turtlesim/mimic
[9.598s] -- Up-to-date: /workspaces/ros2/ros2_ws/install/turtlesim/share/turtlesim/images
[9.618s] -- Up-to-date: /workspaces/ros2/ros2_ws/install/turtlesim/share/turtlesim/images/ardent.png
[9.634s] -- Up-to-date: /workspaces/ros2/ros2_ws/install/turtlesim/share/turtlesim/images/bouncy.png
[9.649s] -- Up-to-date: /workspaces/ros2/ros2_ws/install/turtlesim/share/turtlesim/images/crystal.png
[9.665s] -- Up-to-date: /workspaces/ros2/ros2_ws/install/turtlesim/share/turtlesim/images/dashing.png
[9.680s] -- Up-to-date: /workspaces/ros2/ros2_ws/install/turtlesim/share/turtlesim/images/eloquent.png
[9.696s] -- Up-to-date: /workspaces/ros2/ros2_ws/install/turtlesim/share/turtlesim/images/foxy.png
[9.711s] -- Up-to-date: /workspaces/ros2/ros2_ws/install/turtlesim/share/turtlesim/images/galactic.png
[9.727s] -- Up-to-date: /workspaces/ros2/ros2_ws/install/turtlesim/share/turtlesim/images/humble.png
[9.742s] -- Up-to-date: /workspaces/ros2/ros2_ws/install/turtlesim/share/turtlesim/images/rolling.png
[9.754s] -- Up-to-date: /workspaces/ros2/ros2_ws/install/turtlesim/share/turtlesim/launch
[9.775s] -- Up-to-date: /workspaces/ros2/ros2_ws/install/turtlesim/share/turtlesim/launch/multisim.launch.py
[9.796s] -- Up-to-date: /workspaces/ros2/ros2_ws/install/turtlesim/share/ament_index/resource_index/package_run_dependencies/turtlesim
[9.818s] -- Up-to-date: /workspaces/ros2/ros2_ws/install/turtlesim/share/ament_index/resource_index/parent_prefix_path/turtlesim
[9.830s] -- Up-to-date: /workspaces/ros2/ros2_ws/install/turtlesim/share/turtlesim/environment/ament_prefix_path.sh
[9.844s] -- Up-to-date: /workspaces/ros2/ros2_ws/install/turtlesim/share/turtlesim/environment/ament_prefix_path.dsv
[9.855s] -- Up-to-date: /workspaces/ros2/ros2_ws/install/turtlesim/share/turtlesim/environment/path.sh
[9.870s] -- Up-to-date: /workspaces/ros2/ros2_ws/install/turtlesim/share/turtlesim/environment/path.dsv
[9.883s] -- Up-to-date: /workspaces/ros2/ros2_ws/install/turtlesim/share/turtlesim/local_setup.bash
[9.895s] -- Up-to-date: /workspaces/ros2/ros2_ws/install/turtlesim/share/turtlesim/local_setup.sh
[9.907s] -- Up-to-date: /workspaces/ros2/ros2_ws/install/turtlesim/share/turtlesim/local_setup.zsh
[9.920s] -- Up-to-date: /workspaces/ros2/ros2_ws/install/turtlesim/share/turtlesim/local_setup.dsv
[9.933s] -- Installing: /workspaces/ros2/ros2_ws/install/turtlesim/share/turtlesim/package.dsv
[9.988s] -- Up-to-date: /workspaces/ros2/ros2_ws/install/turtlesim/share/ament_index/resource_index/packages/turtlesim
[10.018s] -- Up-to-date: /workspaces/ros2/ros2_ws/install/turtlesim/share/turtlesim/cmake/export_turtlesim__rosidl_generator_cExport.cmake
[10.037s] -- Up-to-date: /workspaces/ros2/ros2_ws/install/turtlesim/share/turtlesim/cmake/export_turtlesim__rosidl_generator_cExport-noconfig.cmake
[10.067s] -- Up-to-date: /workspaces/ros2/ros2_ws/install/turtlesim/share/turtlesim/cmake/export_turtlesim__rosidl_typesupport_fastrtps_cExport.cmake
[10.087s] -- Up-to-date: /workspaces/ros2/ros2_ws/install/turtlesim/share/turtlesim/cmake/export_turtlesim__rosidl_typesupport_fastrtps_cExport-noconfig.cmake
[10.117s] -- Up-to-date: /workspaces/ros2/ros2_ws/install/turtlesim/share/turtlesim/cmake/export_turtlesim__rosidl_generator_cppExport.cmake
[10.148s] -- Up-to-date: /workspaces/ros2/ros2_ws/install/turtlesim/share/turtlesim/cmake/export_turtlesim__rosidl_typesupport_fastrtps_cppExport.cmake
[10.170s] -- Up-to-date: /workspaces/ros2/ros2_ws/install/turtlesim/share/turtlesim/cmake/export_turtlesim__rosidl_typesupport_fastrtps_cppExport-noconfig.cmake
[10.201s] -- Up-to-date: /workspaces/ros2/ros2_ws/install/turtlesim/share/turtlesim/cmake/turtlesim__rosidl_typesupport_introspection_cExport.cmake
[10.221s] -- Up-to-date: /workspaces/ros2/ros2_ws/install/turtlesim/share/turtlesim/cmake/turtlesim__rosidl_typesupport_introspection_cExport-noconfig.cmake
[10.250s] -- Up-to-date: /workspaces/ros2/ros2_ws/install/turtlesim/share/turtlesim/cmake/turtlesim__rosidl_typesupport_cExport.cmake
[10.271s] -- Up-to-date: /workspaces/ros2/ros2_ws/install/turtlesim/share/turtlesim/cmake/turtlesim__rosidl_typesupport_cExport-noconfig.cmake
[10.301s] -- Up-to-date: /workspaces/ros2/ros2_ws/install/turtlesim/share/turtlesim/cmake/turtlesim__rosidl_typesupport_introspection_cppExport.cmake
[10.322s] -- Up-to-date: /workspaces/ros2/ros2_ws/install/turtlesim/share/turtlesim/cmake/turtlesim__rosidl_typesupport_introspection_cppExport-noconfig.cmake
[10.352s] -- Up-to-date: /workspaces/ros2/ros2_ws/install/turtlesim/share/turtlesim/cmake/turtlesim__rosidl_typesupport_cppExport.cmake
[10.374s] -- Up-to-date: /workspaces/ros2/ros2_ws/install/turtlesim/share/turtlesim/cmake/turtlesim__rosidl_typesupport_cppExport-noconfig.cmake
[10.403s] -- Up-to-date: /workspaces/ros2/ros2_ws/install/turtlesim/share/turtlesim/cmake/export_turtlesim__rosidl_generator_pyExport.cmake
[10.423s] -- Up-to-date: /workspaces/ros2/ros2_ws/install/turtlesim/share/turtlesim/cmake/export_turtlesim__rosidl_generator_pyExport-noconfig.cmake
[10.437s] -- Up-to-date: /workspaces/ros2/ros2_ws/install/turtlesim/share/turtlesim/cmake/rosidl_cmake-extras.cmake
[10.452s] -- Up-to-date: /workspaces/ros2/ros2_ws/install/turtlesim/share/turtlesim/cmake/ament_cmake_export_dependencies-extras.cmake
[10.467s] -- Up-to-date: /workspaces/ros2/ros2_ws/install/turtlesim/share/turtlesim/cmake/ament_cmake_export_include_directories-extras.cmake
[10.480s] -- Up-to-date: /workspaces/ros2/ros2_ws/install/turtlesim/share/turtlesim/cmake/ament_cmake_export_libraries-extras.cmake
[10.495s] -- Up-to-date: /workspaces/ros2/ros2_ws/install/turtlesim/share/turtlesim/cmake/ament_cmake_export_targets-extras.cmake
[10.509s] -- Up-to-date: /workspaces/ros2/ros2_ws/install/turtlesim/share/turtlesim/cmake/rosidl_cmake_export_typesupport_targets-extras.cmake
[10.523s] -- Up-to-date: /workspaces/ros2/ros2_ws/install/turtlesim/share/turtlesim/cmake/rosidl_cmake_export_typesupport_libraries-extras.cmake
[10.537s] -- Up-to-date: /workspaces/ros2/ros2_ws/install/turtlesim/share/turtlesim/cmake/turtlesimConfig.cmake
[10.548s] -- Up-to-date: /workspaces/ros2/ros2_ws/install/turtlesim/share/turtlesim/cmake/turtlesimConfig-version.cmake
[10.565s] -- Up-to-date: /workspaces/ros2/ros2_ws/install/turtlesim/share/turtlesim/package.xml
[10.577s] Invoked command in '/workspaces/ros2/ros2_ws/build/turtlesim' returned '0': CMAKE_PREFIX_PATH=/opt/ros/humble /usr/bin/cmake --install /workspaces/ros2/ros2_ws/build/turtlesim
