[5.276s] Invoking command in '/workspaces/ros2/ros2_ws/build/my_robot_controller': PYTHONPATH=/workspaces/ros2/ros2_ws/build/my_robot_controller/prefix_override:/workspaces/ros2/ros2_ws/install/my_robot_controller/lib/python3.10/site-packages:${PYTHONPATH} /usr/bin/python3 -W ignore:setup.py install is deprecated setup.py develop --editable --build-directory /workspaces/ros2/ros2_ws/build/my_robot_controller/build --no-deps symlink_data
[6.897s] running develop
[7.373s] running egg_info
[7.374s] writing my_robot_controller.egg-info/PKG-INFO
[7.377s] writing dependency_links to my_robot_controller.egg-info/dependency_links.txt
[7.380s] writing entry points to my_robot_controller.egg-info/entry_points.txt
[7.382s] writing requirements to my_robot_controller.egg-info/requires.txt
[7.384s] writing top-level names to my_robot_controller.egg-info/top_level.txt
[7.423s] reading manifest file 'my_robot_controller.egg-info/SOURCES.txt'
[7.491s] writing manifest file 'my_robot_controller.egg-info/SOURCES.txt'
[7.513s] running build_ext
[7.514s] Creating /workspaces/ros2/ros2_ws/install/my_robot_controller/lib/python3.10/site-packages/my-robot-controller.egg-link (link to .)
[7.527s] Installing draw_circle script to /workspaces/ros2/ros2_ws/install/my_robot_controller/lib/my_robot_controller
[7.538s] Installing pose_subscriber script to /workspaces/ros2/ros2_ws/install/my_robot_controller/lib/my_robot_controller
[7.549s] Installing test_node script to /workspaces/ros2/ros2_ws/install/my_robot_controller/lib/my_robot_controller
[7.561s] Installing turtle_controller script to /workspaces/ros2/ros2_ws/install/my_robot_controller/lib/my_robot_controller
[7.573s] 
[7.574s] Installed /workspaces/ros2/ros2_ws/build/my_robot_controller
[7.576s] running symlink_data
[7.636s] Invoked command in '/workspaces/ros2/ros2_ws/build/my_robot_controller' returned '0': PYTHONPATH=/workspaces/ros2/ros2_ws/build/my_robot_controller/prefix_override:/workspaces/ros2/ros2_ws/install/my_robot_controller/lib/python3.10/site-packages:${PYTHONPATH} /usr/bin/python3 -W ignore:setup.py install is deprecated setup.py develop --editable --build-directory /workspaces/ros2/ros2_ws/build/my_robot_controller/build --no-deps symlink_data
