[0.775s] DEBUG:colcon:Command line arguments: ['/usr/bin/colcon', 'build', '--symlink-install']
[0.775s] DEBUG:colcon:Parsed command line arguments: Namespace(log_base=None, log_level=None, verb_name='build', build_base='build', install_base='install', merge_install=False, symlink_install=True, test_result_base=None, continue_on_error=False, executor='parallel', parallel_workers=16, event_handlers=None, ignore_user_meta=False, metas=['./colcon.meta'], base_paths=['.'], packages_ignore=None, packages_ignore_regex=None, paths=None, packages_up_to=None, packages_up_to_regex=None, packages_above=None, packages_above_and_dependencies=None, packages_above_depth=None, packages_select_by_dep=None, packages_skip_by_dep=None, packages_skip_up_to=None, packages_select_build_failed=False, packages_skip_build_finished=False, packages_select_test_failures=False, packages_skip_test_passed=False, packages_select=None, packages_skip=None, packages_select_regex=None, packages_skip_regex=None, packages_start=None, packages_end=None, cmake_args=None, cmake_target=None, cmake_target_skip_unavailable=False, cmake_clean_cache=False, cmake_clean_first=False, cmake_force_configure=False, ament_cmake_args=None, catkin_cmake_args=None, catkin_skip_building_tests=False, mixin_files=None, mixin=None, verb_parser=<colcon_mixin.mixin.mixin_argument.MixinArgumentDecorator object at 0x7fae5f4f9150>, verb_extension=<colcon_core.verb.build.BuildVerb object at 0x7fae5f601810>, main=<bound method BuildVerb.main of <colcon_core.verb.build.BuildVerb object at 0x7fae5f601810>>, mixin_verb=('build',))
[1.333s] Level 1:colcon.colcon_core.package_discovery:discover_packages(colcon_meta) check parameters
[1.334s] INFO:colcon.colcon_metadata.package_discovery.colcon_meta:Using configuration from '/root/.colcon/metadata/default/Gazebo.meta'
[1.334s] INFO:colcon.colcon_metadata.package_discovery.colcon_meta:Using configuration from '/root/.colcon/metadata/default/fastrtps.meta'
[1.335s] Level 1:colcon.colcon_core.package_discovery:discover_packages(recursive) check parameters
[1.335s] Level 1:colcon.colcon_core.package_discovery:discover_packages(ignore) check parameters
[1.335s] Level 1:colcon.colcon_core.package_discovery:discover_packages(path) check parameters
[1.335s] Level 1:colcon.colcon_core.package_discovery:discover_packages(colcon_meta) discover
[1.335s] Level 1:colcon.colcon_core.package_discovery:discover_packages(recursive) discover
[1.336s] INFO:colcon.colcon_core.package_discovery:Crawling recursively for packages in '/workspaces/ros2/ros2_ws'
[1.336s] Level 1:colcon.colcon_core.package_identification:_identify(.) by extensions ['ignore', 'ignore_ament_install']
[1.337s] Level 1:colcon.colcon_core.package_identification:_identify(.) by extension 'ignore'
[1.337s] Level 1:colcon.colcon_core.package_identification:_identify(.) by extension 'ignore_ament_install'
[1.337s] Level 1:colcon.colcon_core.package_identification:_identify(.) by extensions ['colcon_pkg']
[1.337s] Level 1:colcon.colcon_core.package_identification:_identify(.) by extension 'colcon_pkg'
[1.338s] Level 1:colcon.colcon_core.package_identification:_identify(.) by extensions ['colcon_meta']
[1.338s] Level 1:colcon.colcon_core.package_identification:_identify(.) by extension 'colcon_meta'
[1.338s] Level 1:colcon.colcon_core.package_identification:_identify(.) by extensions ['ros']
[1.338s] Level 1:colcon.colcon_core.package_identification:_identify(.) by extension 'ros'
[1.359s] Level 1:colcon.colcon_core.package_identification:_identify(.) by extensions ['cmake', 'python']
[1.360s] Level 1:colcon.colcon_core.package_identification:_identify(.) by extension 'cmake'
[1.360s] Level 1:colcon.colcon_core.package_identification:_identify(.) by extension 'python'
[1.360s] Level 1:colcon.colcon_core.package_identification:_identify(.) by extensions ['python_setup_py']
[1.360s] Level 1:colcon.colcon_core.package_identification:_identify(.) by extension 'python_setup_py'
[1.362s] Level 1:colcon.colcon_core.package_identification:_identify(build) by extensions ['ignore', 'ignore_ament_install']
[1.362s] Level 1:colcon.colcon_core.package_identification:_identify(build) by extension 'ignore'
[1.363s] Level 1:colcon.colcon_core.package_identification:_identify(build) ignored
[1.365s] Level 1:colcon.colcon_core.package_identification:_identify(install) by extensions ['ignore', 'ignore_ament_install']
[1.365s] Level 1:colcon.colcon_core.package_identification:_identify(install) by extension 'ignore'
[1.366s] Level 1:colcon.colcon_core.package_identification:_identify(install) ignored
[1.369s] Level 1:colcon.colcon_core.package_identification:_identify(log) by extensions ['ignore', 'ignore_ament_install']
[1.369s] Level 1:colcon.colcon_core.package_identification:_identify(log) by extension 'ignore'
[1.370s] Level 1:colcon.colcon_core.package_identification:_identify(log) ignored
[1.371s] Level 1:colcon.colcon_core.package_identification:_identify(src) by extensions ['ignore', 'ignore_ament_install']
[1.372s] Level 1:colcon.colcon_core.package_identification:_identify(src) by extension 'ignore'
[1.372s] Level 1:colcon.colcon_core.package_identification:_identify(src) by extension 'ignore_ament_install'
[1.373s] Level 1:colcon.colcon_core.package_identification:_identify(src) by extensions ['colcon_pkg']
[1.373s] Level 1:colcon.colcon_core.package_identification:_identify(src) by extension 'colcon_pkg'
[1.374s] Level 1:colcon.colcon_core.package_identification:_identify(src) by extensions ['colcon_meta']
[1.374s] Level 1:colcon.colcon_core.package_identification:_identify(src) by extension 'colcon_meta'
[1.375s] Level 1:colcon.colcon_core.package_identification:_identify(src) by extensions ['ros']
[1.375s] Level 1:colcon.colcon_core.package_identification:_identify(src) by extension 'ros'
[1.377s] Level 1:colcon.colcon_core.package_identification:_identify(src) by extensions ['cmake', 'python']
[1.377s] Level 1:colcon.colcon_core.package_identification:_identify(src) by extension 'cmake'
[1.377s] Level 1:colcon.colcon_core.package_identification:_identify(src) by extension 'python'
[1.378s] Level 1:colcon.colcon_core.package_identification:_identify(src) by extensions ['python_setup_py']
[1.378s] Level 1:colcon.colcon_core.package_identification:_identify(src) by extension 'python_setup_py'
[1.381s] Level 1:colcon.colcon_core.package_identification:_identify(src/my_package) by extensions ['ignore', 'ignore_ament_install']
[1.381s] Level 1:colcon.colcon_core.package_identification:_identify(src/my_package) by extension 'ignore'
[1.382s] Level 1:colcon.colcon_core.package_identification:_identify(src/my_package) by extension 'ignore_ament_install'
[1.384s] Level 1:colcon.colcon_core.package_identification:_identify(src/my_package) by extensions ['colcon_pkg']
[1.384s] Level 1:colcon.colcon_core.package_identification:_identify(src/my_package) by extension 'colcon_pkg'
[1.385s] Level 1:colcon.colcon_core.package_identification:_identify(src/my_package) by extensions ['colcon_meta']
[1.385s] Level 1:colcon.colcon_core.package_identification:_identify(src/my_package) by extension 'colcon_meta'
[1.386s] Level 1:colcon.colcon_core.package_identification:_identify(src/my_package) by extensions ['ros']
[1.386s] Level 1:colcon.colcon_core.package_identification:_identify(src/my_package) by extension 'ros'
[1.396s] DEBUG:colcon.colcon_core.package_identification:Package 'src/my_package' with type 'ros.ament_python' and name 'my_package'
[1.399s] Level 1:colcon.colcon_core.package_identification:_identify(src/my_robot_controller) by extensions ['ignore', 'ignore_ament_install']
[1.400s] Level 1:colcon.colcon_core.package_identification:_identify(src/my_robot_controller) by extension 'ignore'
[1.401s] Level 1:colcon.colcon_core.package_identification:_identify(src/my_robot_controller) by extension 'ignore_ament_install'
[1.402s] Level 1:colcon.colcon_core.package_identification:_identify(src/my_robot_controller) by extensions ['colcon_pkg']
[1.403s] Level 1:colcon.colcon_core.package_identification:_identify(src/my_robot_controller) by extension 'colcon_pkg'
[1.403s] Level 1:colcon.colcon_core.package_identification:_identify(src/my_robot_controller) by extensions ['colcon_meta']
[1.404s] Level 1:colcon.colcon_core.package_identification:_identify(src/my_robot_controller) by extension 'colcon_meta'
[1.405s] Level 1:colcon.colcon_core.package_identification:_identify(src/my_robot_controller) by extensions ['ros']
[1.405s] Level 1:colcon.colcon_core.package_identification:_identify(src/my_robot_controller) by extension 'ros'
[1.414s] DEBUG:colcon.colcon_core.package_identification:Package 'src/my_robot_controller' with type 'ros.ament_python' and name 'my_robot_controller'
[1.417s] Level 1:colcon.colcon_core.package_identification:_identify(src/py_pubsub) by extensions ['ignore', 'ignore_ament_install']
[1.417s] Level 1:colcon.colcon_core.package_identification:_identify(src/py_pubsub) by extension 'ignore'
[1.418s] Level 1:colcon.colcon_core.package_identification:_identify(src/py_pubsub) by extension 'ignore_ament_install'
[1.419s] Level 1:colcon.colcon_core.package_identification:_identify(src/py_pubsub) by extensions ['colcon_pkg']
[1.419s] Level 1:colcon.colcon_core.package_identification:_identify(src/py_pubsub) by extension 'colcon_pkg'
[1.420s] Level 1:colcon.colcon_core.package_identification:_identify(src/py_pubsub) by extensions ['colcon_meta']
[1.420s] Level 1:colcon.colcon_core.package_identification:_identify(src/py_pubsub) by extension 'colcon_meta'
[1.422s] Level 1:colcon.colcon_core.package_identification:_identify(src/py_pubsub) by extensions ['ros']
[1.422s] Level 1:colcon.colcon_core.package_identification:_identify(src/py_pubsub) by extension 'ros'
[1.431s] DEBUG:colcon.colcon_core.package_identification:Package 'src/py_pubsub' with type 'ros.ament_python' and name 'py_pubsub'
[1.433s] Level 1:colcon.colcon_core.package_identification:_identify(src/py_srvcli) by extensions ['ignore', 'ignore_ament_install']
[1.433s] Level 1:colcon.colcon_core.package_identification:_identify(src/py_srvcli) by extension 'ignore'
[1.435s] Level 1:colcon.colcon_core.package_identification:_identify(src/py_srvcli) by extension 'ignore_ament_install'
[1.436s] Level 1:colcon.colcon_core.package_identification:_identify(src/py_srvcli) by extensions ['colcon_pkg']
[1.436s] Level 1:colcon.colcon_core.package_identification:_identify(src/py_srvcli) by extension 'colcon_pkg'
[1.437s] Level 1:colcon.colcon_core.package_identification:_identify(src/py_srvcli) by extensions ['colcon_meta']
[1.437s] Level 1:colcon.colcon_core.package_identification:_identify(src/py_srvcli) by extension 'colcon_meta'
[1.439s] Level 1:colcon.colcon_core.package_identification:_identify(src/py_srvcli) by extensions ['ros']
[1.439s] Level 1:colcon.colcon_core.package_identification:_identify(src/py_srvcli) by extension 'ros'
[1.448s] DEBUG:colcon.colcon_core.package_identification:Package 'src/py_srvcli' with type 'ros.ament_python' and name 'py_srvcli'
[1.450s] Level 1:colcon.colcon_core.package_identification:_identify(src/ros_tutorials) by extensions ['ignore', 'ignore_ament_install']
[1.450s] Level 1:colcon.colcon_core.package_identification:_identify(src/ros_tutorials) by extension 'ignore'
[1.451s] Level 1:colcon.colcon_core.package_identification:_identify(src/ros_tutorials) by extension 'ignore_ament_install'
[1.453s] Level 1:colcon.colcon_core.package_identification:_identify(src/ros_tutorials) by extensions ['colcon_pkg']
[1.453s] Level 1:colcon.colcon_core.package_identification:_identify(src/ros_tutorials) by extension 'colcon_pkg'
[1.454s] Level 1:colcon.colcon_core.package_identification:_identify(src/ros_tutorials) by extensions ['colcon_meta']
[1.454s] Level 1:colcon.colcon_core.package_identification:_identify(src/ros_tutorials) by extension 'colcon_meta'
[1.455s] Level 1:colcon.colcon_core.package_identification:_identify(src/ros_tutorials) by extensions ['ros']
[1.455s] Level 1:colcon.colcon_core.package_identification:_identify(src/ros_tutorials) by extension 'ros'
[1.459s] Level 1:colcon.colcon_core.package_identification:_identify(src/ros_tutorials) by extensions ['cmake', 'python']
[1.459s] Level 1:colcon.colcon_core.package_identification:_identify(src/ros_tutorials) by extension 'cmake'
[1.460s] Level 1:colcon.colcon_core.package_identification:_identify(src/ros_tutorials) by extension 'python'
[1.461s] Level 1:colcon.colcon_core.package_identification:_identify(src/ros_tutorials) by extensions ['python_setup_py']
[1.461s] Level 1:colcon.colcon_core.package_identification:_identify(src/ros_tutorials) by extension 'python_setup_py'
[1.466s] Level 1:colcon.colcon_core.package_identification:_identify(src/ros_tutorials/ros_tutorials) by extensions ['ignore', 'ignore_ament_install']
[1.466s] Level 1:colcon.colcon_core.package_identification:_identify(src/ros_tutorials/ros_tutorials) by extension 'ignore'
[1.467s] Level 1:colcon.colcon_core.package_identification:_identify(src/ros_tutorials/ros_tutorials) ignored
[1.471s] Level 1:colcon.colcon_core.package_identification:_identify(src/ros_tutorials/roscpp_tutorials) by extensions ['ignore', 'ignore_ament_install']
[1.471s] Level 1:colcon.colcon_core.package_identification:_identify(src/ros_tutorials/roscpp_tutorials) by extension 'ignore'
[1.472s] Level 1:colcon.colcon_core.package_identification:_identify(src/ros_tutorials/roscpp_tutorials) ignored
[1.476s] Level 1:colcon.colcon_core.package_identification:_identify(src/ros_tutorials/rospy_tutorials) by extensions ['ignore', 'ignore_ament_install']
[1.476s] Level 1:colcon.colcon_core.package_identification:_identify(src/ros_tutorials/rospy_tutorials) by extension 'ignore'
[1.478s] Level 1:colcon.colcon_core.package_identification:_identify(src/ros_tutorials/rospy_tutorials) ignored
[1.482s] Level 1:colcon.colcon_core.package_identification:_identify(src/ros_tutorials/turtlesim) by extensions ['ignore', 'ignore_ament_install']
[1.482s] Level 1:colcon.colcon_core.package_identification:_identify(src/ros_tutorials/turtlesim) by extension 'ignore'
[1.483s] Level 1:colcon.colcon_core.package_identification:_identify(src/ros_tutorials/turtlesim) by extension 'ignore_ament_install'
[1.485s] Level 1:colcon.colcon_core.package_identification:_identify(src/ros_tutorials/turtlesim) by extensions ['colcon_pkg']
[1.485s] Level 1:colcon.colcon_core.package_identification:_identify(src/ros_tutorials/turtlesim) by extension 'colcon_pkg'
[1.486s] Level 1:colcon.colcon_core.package_identification:_identify(src/ros_tutorials/turtlesim) by extensions ['colcon_meta']
[1.487s] Level 1:colcon.colcon_core.package_identification:_identify(src/ros_tutorials/turtlesim) by extension 'colcon_meta'
[1.489s] Level 1:colcon.colcon_core.package_identification:_identify(src/ros_tutorials/turtlesim) by extensions ['ros']
[1.489s] Level 1:colcon.colcon_core.package_identification:_identify(src/ros_tutorials/turtlesim) by extension 'ros'
[1.501s] DEBUG:colcon.colcon_core.package_identification:Package 'src/ros_tutorials/turtlesim' with type 'ros.ament_cmake' and name 'turtlesim'
[1.501s] Level 1:colcon.colcon_core.package_discovery:discover_packages(recursive) using defaults
[1.502s] Level 1:colcon.colcon_core.package_discovery:discover_packages(ignore) discover
[1.502s] Level 1:colcon.colcon_core.package_discovery:discover_packages(ignore) using defaults
[1.502s] Level 1:colcon.colcon_core.package_discovery:discover_packages(path) discover
[1.502s] Level 1:colcon.colcon_core.package_discovery:discover_packages(path) using defaults
[1.700s] Level 5:colcon.colcon_core.verb:set package 'my_package' build argument 'cmake_args' from command line to 'None'
[1.700s] Level 5:colcon.colcon_core.verb:set package 'my_package' build argument 'cmake_target' from command line to 'None'
[1.700s] Level 5:colcon.colcon_core.verb:set package 'my_package' build argument 'cmake_target_skip_unavailable' from command line to 'False'
[1.700s] Level 5:colcon.colcon_core.verb:set package 'my_package' build argument 'cmake_clean_cache' from command line to 'False'
[1.701s] Level 5:colcon.colcon_core.verb:set package 'my_package' build argument 'cmake_clean_first' from command line to 'False'
[1.701s] Level 5:colcon.colcon_core.verb:set package 'my_package' build argument 'cmake_force_configure' from command line to 'False'
[1.701s] Level 5:colcon.colcon_core.verb:set package 'my_package' build argument 'ament_cmake_args' from command line to 'None'
[1.701s] Level 5:colcon.colcon_core.verb:set package 'my_package' build argument 'catkin_cmake_args' from command line to 'None'
[1.701s] Level 5:colcon.colcon_core.verb:set package 'my_package' build argument 'catkin_skip_building_tests' from command line to 'False'
[1.701s] DEBUG:colcon.colcon_core.verb:Building package 'my_package' with the following arguments: {'ament_cmake_args': None, 'build_base': '/workspaces/ros2/ros2_ws/build/my_package', 'catkin_cmake_args': None, 'catkin_skip_building_tests': False, 'cmake_args': None, 'cmake_clean_cache': False, 'cmake_clean_first': False, 'cmake_force_configure': False, 'cmake_target': None, 'cmake_target_skip_unavailable': False, 'install_base': '/workspaces/ros2/ros2_ws/install/my_package', 'merge_install': False, 'path': '/workspaces/ros2/ros2_ws/src/my_package', 'symlink_install': True, 'test_result_base': None}
[1.702s] Level 5:colcon.colcon_core.verb:set package 'py_pubsub' build argument 'cmake_args' from command line to 'None'
[1.702s] Level 5:colcon.colcon_core.verb:set package 'py_pubsub' build argument 'cmake_target' from command line to 'None'
[1.702s] Level 5:colcon.colcon_core.verb:set package 'py_pubsub' build argument 'cmake_target_skip_unavailable' from command line to 'False'
[1.702s] Level 5:colcon.colcon_core.verb:set package 'py_pubsub' build argument 'cmake_clean_cache' from command line to 'False'
[1.702s] Level 5:colcon.colcon_core.verb:set package 'py_pubsub' build argument 'cmake_clean_first' from command line to 'False'
[1.702s] Level 5:colcon.colcon_core.verb:set package 'py_pubsub' build argument 'cmake_force_configure' from command line to 'False'
[1.702s] Level 5:colcon.colcon_core.verb:set package 'py_pubsub' build argument 'ament_cmake_args' from command line to 'None'
[1.703s] Level 5:colcon.colcon_core.verb:set package 'py_pubsub' build argument 'catkin_cmake_args' from command line to 'None'
[1.703s] Level 5:colcon.colcon_core.verb:set package 'py_pubsub' build argument 'catkin_skip_building_tests' from command line to 'False'
[1.703s] DEBUG:colcon.colcon_core.verb:Building package 'py_pubsub' with the following arguments: {'ament_cmake_args': None, 'build_base': '/workspaces/ros2/ros2_ws/build/py_pubsub', 'catkin_cmake_args': None, 'catkin_skip_building_tests': False, 'cmake_args': None, 'cmake_clean_cache': False, 'cmake_clean_first': False, 'cmake_force_configure': False, 'cmake_target': None, 'cmake_target_skip_unavailable': False, 'install_base': '/workspaces/ros2/ros2_ws/install/py_pubsub', 'merge_install': False, 'path': '/workspaces/ros2/ros2_ws/src/py_pubsub', 'symlink_install': True, 'test_result_base': None}
[1.703s] Level 5:colcon.colcon_core.verb:set package 'py_srvcli' build argument 'cmake_args' from command line to 'None'
[1.703s] Level 5:colcon.colcon_core.verb:set package 'py_srvcli' build argument 'cmake_target' from command line to 'None'
[1.704s] Level 5:colcon.colcon_core.verb:set package 'py_srvcli' build argument 'cmake_target_skip_unavailable' from command line to 'False'
[1.704s] Level 5:colcon.colcon_core.verb:set package 'py_srvcli' build argument 'cmake_clean_cache' from command line to 'False'
[1.704s] Level 5:colcon.colcon_core.verb:set package 'py_srvcli' build argument 'cmake_clean_first' from command line to 'False'
[1.704s] Level 5:colcon.colcon_core.verb:set package 'py_srvcli' build argument 'cmake_force_configure' from command line to 'False'
[1.704s] Level 5:colcon.colcon_core.verb:set package 'py_srvcli' build argument 'ament_cmake_args' from command line to 'None'
[1.704s] Level 5:colcon.colcon_core.verb:set package 'py_srvcli' build argument 'catkin_cmake_args' from command line to 'None'
[1.704s] Level 5:colcon.colcon_core.verb:set package 'py_srvcli' build argument 'catkin_skip_building_tests' from command line to 'False'
[1.704s] DEBUG:colcon.colcon_core.verb:Building package 'py_srvcli' with the following arguments: {'ament_cmake_args': None, 'build_base': '/workspaces/ros2/ros2_ws/build/py_srvcli', 'catkin_cmake_args': None, 'catkin_skip_building_tests': False, 'cmake_args': None, 'cmake_clean_cache': False, 'cmake_clean_first': False, 'cmake_force_configure': False, 'cmake_target': None, 'cmake_target_skip_unavailable': False, 'install_base': '/workspaces/ros2/ros2_ws/install/py_srvcli', 'merge_install': False, 'path': '/workspaces/ros2/ros2_ws/src/py_srvcli', 'symlink_install': True, 'test_result_base': None}
[1.705s] Level 5:colcon.colcon_core.verb:set package 'turtlesim' build argument 'cmake_args' from command line to 'None'
[1.705s] Level 5:colcon.colcon_core.verb:set package 'turtlesim' build argument 'cmake_target' from command line to 'None'
[1.705s] Level 5:colcon.colcon_core.verb:set package 'turtlesim' build argument 'cmake_target_skip_unavailable' from command line to 'False'
[1.705s] Level 5:colcon.colcon_core.verb:set package 'turtlesim' build argument 'cmake_clean_cache' from command line to 'False'
[1.705s] Level 5:colcon.colcon_core.verb:set package 'turtlesim' build argument 'cmake_clean_first' from command line to 'False'
[1.706s] Level 5:colcon.colcon_core.verb:set package 'turtlesim' build argument 'cmake_force_configure' from command line to 'False'
[1.706s] Level 5:colcon.colcon_core.verb:set package 'turtlesim' build argument 'ament_cmake_args' from command line to 'None'
[1.706s] Level 5:colcon.colcon_core.verb:set package 'turtlesim' build argument 'catkin_cmake_args' from command line to 'None'
[1.706s] Level 5:colcon.colcon_core.verb:set package 'turtlesim' build argument 'catkin_skip_building_tests' from command line to 'False'
[1.706s] DEBUG:colcon.colcon_core.verb:Building package 'turtlesim' with the following arguments: {'ament_cmake_args': None, 'build_base': '/workspaces/ros2/ros2_ws/build/turtlesim', 'catkin_cmake_args': None, 'catkin_skip_building_tests': False, 'cmake_args': None, 'cmake_clean_cache': False, 'cmake_clean_first': False, 'cmake_force_configure': False, 'cmake_target': None, 'cmake_target_skip_unavailable': False, 'install_base': '/workspaces/ros2/ros2_ws/install/turtlesim', 'merge_install': False, 'path': '/workspaces/ros2/ros2_ws/src/ros_tutorials/turtlesim', 'symlink_install': True, 'test_result_base': None}
[1.706s] Level 5:colcon.colcon_core.verb:set package 'my_robot_controller' build argument 'cmake_args' from command line to 'None'
[1.707s] Level 5:colcon.colcon_core.verb:set package 'my_robot_controller' build argument 'cmake_target' from command line to 'None'
[1.707s] Level 5:colcon.colcon_core.verb:set package 'my_robot_controller' build argument 'cmake_target_skip_unavailable' from command line to 'False'
[1.707s] Level 5:colcon.colcon_core.verb:set package 'my_robot_controller' build argument 'cmake_clean_cache' from command line to 'False'
[1.707s] Level 5:colcon.colcon_core.verb:set package 'my_robot_controller' build argument 'cmake_clean_first' from command line to 'False'
[1.707s] Level 5:colcon.colcon_core.verb:set package 'my_robot_controller' build argument 'cmake_force_configure' from command line to 'False'
[1.707s] Level 5:colcon.colcon_core.verb:set package 'my_robot_controller' build argument 'ament_cmake_args' from command line to 'None'
[1.707s] Level 5:colcon.colcon_core.verb:set package 'my_robot_controller' build argument 'catkin_cmake_args' from command line to 'None'
[1.707s] Level 5:colcon.colcon_core.verb:set package 'my_robot_controller' build argument 'catkin_skip_building_tests' from command line to 'False'
[1.708s] DEBUG:colcon.colcon_core.verb:Building package 'my_robot_controller' with the following arguments: {'ament_cmake_args': None, 'build_base': '/workspaces/ros2/ros2_ws/build/my_robot_controller', 'catkin_cmake_args': None, 'catkin_skip_building_tests': False, 'cmake_args': None, 'cmake_clean_cache': False, 'cmake_clean_first': False, 'cmake_force_configure': False, 'cmake_target': None, 'cmake_target_skip_unavailable': False, 'install_base': '/workspaces/ros2/ros2_ws/install/my_robot_controller', 'merge_install': False, 'path': '/workspaces/ros2/ros2_ws/src/my_robot_controller', 'symlink_install': True, 'test_result_base': None}
[1.708s] INFO:colcon.colcon_core.executor:Executing jobs using 'parallel' executor
[1.709s] DEBUG:colcon.colcon_parallel_executor.executor.parallel:run_until_complete
[1.709s] INFO:colcon.colcon_ros.task.ament_cmake.build:Building ROS package in '/workspaces/ros2/ros2_ws/src/ros_tutorials/turtlesim' with build type 'ament_cmake'
[1.709s] INFO:colcon.colcon_cmake.task.cmake.build:Building CMake package in '/workspaces/ros2/ros2_ws/src/ros_tutorials/turtlesim'
[1.736s] INFO:colcon.colcon_core.plugin_system:Skipping extension 'colcon_core.shell.bat': Not used on non-Windows systems
[1.737s] INFO:colcon.colcon_core.shell:Skip shell extension 'powershell' for command environment: Not usable outside of PowerShell
[1.737s] DEBUG:colcon.colcon_core.shell:Skip shell extension 'dsv' for command environment
[1.800s] INFO:colcon.colcon_ros.task.ament_python.build:Building ROS package in '/workspaces/ros2/ros2_ws/src/my_package' with build type 'ament_python'
[1.800s] Level 1:colcon.colcon_core.shell:create_environment_hook('my_package', 'ament_prefix_path')
[1.801s] INFO:colcon.colcon_core.shell:Creating environment hook '/workspaces/ros2/ros2_ws/install/my_package/share/my_package/hook/ament_prefix_path.ps1'
[1.810s] INFO:colcon.colcon_core.shell:Creating environment descriptor '/workspaces/ros2/ros2_ws/install/my_package/share/my_package/hook/ament_prefix_path.dsv'
[1.820s] INFO:colcon.colcon_core.shell:Creating environment hook '/workspaces/ros2/ros2_ws/install/my_package/share/my_package/hook/ament_prefix_path.sh'
[1.831s] INFO:colcon.colcon_core.shell:Skip shell extension 'powershell' for command environment: Not usable outside of PowerShell
[1.831s] DEBUG:colcon.colcon_core.shell:Skip shell extension 'dsv' for command environment
[1.888s] INFO:colcon.colcon_ros.task.ament_python.build:Building ROS package in '/workspaces/ros2/ros2_ws/src/py_pubsub' with build type 'ament_python'
[1.889s] Level 1:colcon.colcon_core.shell:create_environment_hook('py_pubsub', 'ament_prefix_path')
[1.889s] INFO:colcon.colcon_core.shell:Creating environment hook '/workspaces/ros2/ros2_ws/install/py_pubsub/share/py_pubsub/hook/ament_prefix_path.ps1'
[1.898s] INFO:colcon.colcon_core.shell:Creating environment descriptor '/workspaces/ros2/ros2_ws/install/py_pubsub/share/py_pubsub/hook/ament_prefix_path.dsv'
[1.907s] INFO:colcon.colcon_core.shell:Creating environment hook '/workspaces/ros2/ros2_ws/install/py_pubsub/share/py_pubsub/hook/ament_prefix_path.sh'
[1.917s] INFO:colcon.colcon_core.shell:Skip shell extension 'powershell' for command environment: Not usable outside of PowerShell
[1.917s] DEBUG:colcon.colcon_core.shell:Skip shell extension 'dsv' for command environment
[1.976s] INFO:colcon.colcon_ros.task.ament_python.build:Building ROS package in '/workspaces/ros2/ros2_ws/src/py_srvcli' with build type 'ament_python'
[1.976s] Level 1:colcon.colcon_core.shell:create_environment_hook('py_srvcli', 'ament_prefix_path')
[1.977s] INFO:colcon.colcon_core.shell:Creating environment hook '/workspaces/ros2/ros2_ws/install/py_srvcli/share/py_srvcli/hook/ament_prefix_path.ps1'
[1.986s] INFO:colcon.colcon_core.shell:Creating environment descriptor '/workspaces/ros2/ros2_ws/install/py_srvcli/share/py_srvcli/hook/ament_prefix_path.dsv'
[1.995s] INFO:colcon.colcon_core.shell:Creating environment hook '/workspaces/ros2/ros2_ws/install/py_srvcli/share/py_srvcli/hook/ament_prefix_path.sh'
[2.004s] INFO:colcon.colcon_core.shell:Skip shell extension 'powershell' for command environment: Not usable outside of PowerShell
[2.004s] DEBUG:colcon.colcon_core.shell:Skip shell extension 'dsv' for command environment
[2.085s] DEBUG:colcon.colcon_core.event_handler.log_command:Invoking command in '/workspaces/ros2/ros2_ws/build/turtlesim': CMAKE_PREFIX_PATH=${CMAKE_PREFIX_PATH}:/workspaces/ros2/ros2_ws/install/py_srvcli:/workspaces/ros2/ros2_ws/install/py_pubsub:/workspaces/ros2/ros2_ws/install/my_robot_controller:/workspaces/ros2/ros2_ws/install/my_package:/opt/ros/humble /usr/bin/cmake /workspaces/ros2/ros2_ws/src/ros_tutorials/turtlesim -DAMENT_CMAKE_SYMLINK_INSTALL=1 -DCMAKE_INSTALL_PREFIX=/workspaces/ros2/ros2_ws/install/turtlesim
[3.574s] INFO:colcon.colcon_core.task.python.build:Building Python package in '/workspaces/ros2/ros2_ws/src/my_package'
[3.575s] INFO:colcon.colcon_core.shell:Skip shell extension 'powershell' for command environment: Not usable outside of PowerShell
[3.575s] DEBUG:colcon.colcon_core.shell:Skip shell extension 'dsv' for command environment
[5.170s] INFO:colcon.colcon_core.task.python.build:Building Python package in '/workspaces/ros2/ros2_ws/src/py_pubsub'
[5.170s] INFO:colcon.colcon_core.shell:Skip shell extension 'powershell' for command environment: Not usable outside of PowerShell
[5.170s] DEBUG:colcon.colcon_core.shell:Skip shell extension 'dsv' for command environment
[6.712s] INFO:colcon.colcon_core.task.python.build:Building Python package in '/workspaces/ros2/ros2_ws/src/py_srvcli'
[6.713s] INFO:colcon.colcon_core.shell:Skip shell extension 'powershell' for command environment: Not usable outside of PowerShell
[6.713s] DEBUG:colcon.colcon_core.shell:Skip shell extension 'dsv' for command environment
[8.832s] DEBUG:colcon.colcon_core.task.python.build:While undoing a previous installation files outside the Python library path are being ignored: /workspaces/ros2/ros2_ws/install/my_package/share/ament_index/resource_index/packages/my_package
[8.833s] DEBUG:colcon.colcon_core.task.python.build:While undoing a previous installation files outside the Python library path are being ignored: /workspaces/ros2/ros2_ws/install/my_package/share/my_package/package.xml
[8.890s] DEBUG:colcon.colcon_core.task.python.build:While undoing a previous installation files outside the Python library path are being ignored: /workspaces/ros2/ros2_ws/install/my_package/lib/my_package/my_node
[8.962s] DEBUG:colcon.colcon_core.event_handler.log_command:Invoking command in '/workspaces/ros2/ros2_ws/build/my_package': PYTHONPATH=/workspaces/ros2/ros2_ws/build/my_package/prefix_override:/workspaces/ros2/ros2_ws/install/my_package/lib/python3.10/site-packages:${PYTHONPATH} /usr/bin/python3 -W ignore:setup.py install is deprecated setup.py develop --editable --build-directory /workspaces/ros2/ros2_ws/build/my_package/build --no-deps symlink_data --force
[8.971s] DEBUG:colcon.colcon_core.task.python.build:While undoing a previous installation files outside the Python library path are being ignored: /workspaces/ros2/ros2_ws/install/py_srvcli/share/ament_index/resource_index/packages/py_srvcli
[8.973s] DEBUG:colcon.colcon_core.task.python.build:While undoing a previous installation files outside the Python library path are being ignored: /workspaces/ros2/ros2_ws/install/py_srvcli/share/py_srvcli/package.xml
[9.082s] DEBUG:colcon.colcon_core.event_handler.log_command:Invoking command in '/workspaces/ros2/ros2_ws/build/py_srvcli': PYTHONPATH=/workspaces/ros2/ros2_ws/build/py_srvcli/prefix_override:/workspaces/ros2/ros2_ws/install/py_srvcli/lib/python3.10/site-packages:${PYTHONPATH} /usr/bin/python3 -W ignore:setup.py install is deprecated setup.py develop --editable --build-directory /workspaces/ros2/ros2_ws/build/py_srvcli/build --no-deps symlink_data --force
[9.126s] DEBUG:colcon.colcon_core.task.python.build:While undoing a previous installation files outside the Python library path are being ignored: /workspaces/ros2/ros2_ws/install/py_pubsub/share/ament_index/resource_index/packages/py_pubsub
[9.128s] DEBUG:colcon.colcon_core.task.python.build:While undoing a previous installation files outside the Python library path are being ignored: /workspaces/ros2/ros2_ws/install/py_pubsub/share/py_pubsub/package.xml
[9.180s] DEBUG:colcon.colcon_core.task.python.build:While undoing a previous installation files outside the Python library path are being ignored: /workspaces/ros2/ros2_ws/install/py_pubsub/lib/py_pubsub/listener
[9.181s] DEBUG:colcon.colcon_core.task.python.build:While undoing a previous installation files outside the Python library path are being ignored: /workspaces/ros2/ros2_ws/install/py_pubsub/lib/py_pubsub/talker
[9.247s] DEBUG:colcon.colcon_core.event_handler.log_command:Invoking command in '/workspaces/ros2/ros2_ws/build/py_pubsub': PYTHONPATH=/workspaces/ros2/ros2_ws/build/py_pubsub/prefix_override:/workspaces/ros2/ros2_ws/install/py_pubsub/lib/python3.10/site-packages:${PYTHONPATH} /usr/bin/python3 -W ignore:setup.py install is deprecated setup.py develop --editable --build-directory /workspaces/ros2/ros2_ws/build/py_pubsub/build --no-deps symlink_data --force
[11.168s] Level 1:colcon.colcon_core.shell:create_environment_hook('my_package', 'pythonpath_develop')
[11.168s] INFO:colcon.colcon_core.shell:Creating environment hook '/workspaces/ros2/ros2_ws/build/my_package/share/my_package/hook/pythonpath_develop.ps1'
[11.169s] DEBUG:colcon.colcon_core.event_handler.log_command:Invoked command in '/workspaces/ros2/ros2_ws/build/my_package' returned '0': PYTHONPATH=/workspaces/ros2/ros2_ws/build/my_package/prefix_override:/workspaces/ros2/ros2_ws/install/my_package/lib/python3.10/site-packages:${PYTHONPATH} /usr/bin/python3 -W ignore:setup.py install is deprecated setup.py develop --editable --build-directory /workspaces/ros2/ros2_ws/build/my_package/build --no-deps symlink_data --force
[11.178s] INFO:colcon.colcon_core.shell:Creating environment descriptor '/workspaces/ros2/ros2_ws/build/my_package/share/my_package/hook/pythonpath_develop.dsv'
[11.188s] INFO:colcon.colcon_core.shell:Creating environment hook '/workspaces/ros2/ros2_ws/build/my_package/share/my_package/hook/pythonpath_develop.sh'
[11.228s] Level 1:colcon.colcon_core.environment:checking '/workspaces/ros2/ros2_ws/install/my_package' for CMake module files
[11.265s] Level 1:colcon.colcon_core.environment:checking '/workspaces/ros2/ros2_ws/install/my_package' for CMake config files
[11.311s] Level 1:colcon.colcon_core.environment:checking '/workspaces/ros2/ros2_ws/install/my_package/lib'
[11.314s] Level 1:colcon.colcon_core.environment:checking '/workspaces/ros2/ros2_ws/install/my_package/bin'
[11.314s] Level 1:colcon.colcon_core.environment:checking '/workspaces/ros2/ros2_ws/install/my_package/lib/pkgconfig/my_package.pc'
[11.314s] Level 1:colcon.colcon_core.environment:checking '/workspaces/ros2/ros2_ws/install/my_package/lib/python3.10/site-packages'
[11.315s] Level 1:colcon.colcon_core.shell:create_environment_hook('my_package', 'pythonpath')
[11.315s] INFO:colcon.colcon_core.shell:Creating environment hook '/workspaces/ros2/ros2_ws/install/my_package/share/my_package/hook/pythonpath.ps1'
[11.325s] INFO:colcon.colcon_core.shell:Creating environment descriptor '/workspaces/ros2/ros2_ws/install/my_package/share/my_package/hook/pythonpath.dsv'
[11.336s] INFO:colcon.colcon_core.shell:Creating environment hook '/workspaces/ros2/ros2_ws/install/my_package/share/my_package/hook/pythonpath.sh'
[11.346s] Level 1:colcon.colcon_core.environment:checking '/workspaces/ros2/ros2_ws/install/my_package/bin'
[11.346s] Level 1:colcon.colcon_core.environment:create_environment_scripts_only(my_package)
[11.347s] INFO:colcon.colcon_core.shell:Creating package script '/workspaces/ros2/ros2_ws/install/my_package/share/my_package/package.ps1'
[11.355s] INFO:colcon.colcon_core.shell:Creating package descriptor '/workspaces/ros2/ros2_ws/install/my_package/share/my_package/package.dsv'
[11.363s] INFO:colcon.colcon_core.shell:Creating package script '/workspaces/ros2/ros2_ws/install/my_package/share/my_package/package.sh'
[11.373s] INFO:colcon.colcon_core.shell:Creating package script '/workspaces/ros2/ros2_ws/install/my_package/share/my_package/package.bash'
[11.382s] INFO:colcon.colcon_core.shell:Creating package script '/workspaces/ros2/ros2_ws/install/my_package/share/my_package/package.zsh'
[11.391s] Level 1:colcon.colcon_core.environment:create_file_with_runtime_dependencies(/workspaces/ros2/ros2_ws/install/my_package/share/colcon-core/packages/my_package)
[11.398s] Level 1:colcon.colcon_core.shell:create_environment_hook('py_srvcli', 'pythonpath_develop')
[11.399s] INFO:colcon.colcon_core.shell:Creating environment hook '/workspaces/ros2/ros2_ws/build/py_srvcli/share/py_srvcli/hook/pythonpath_develop.ps1'
[11.404s] DEBUG:colcon.colcon_core.event_handler.log_command:Invoked command in '/workspaces/ros2/ros2_ws/build/py_srvcli' returned '0': PYTHONPATH=/workspaces/ros2/ros2_ws/build/py_srvcli/prefix_override:/workspaces/ros2/ros2_ws/install/py_srvcli/lib/python3.10/site-packages:${PYTHONPATH} /usr/bin/python3 -W ignore:setup.py install is deprecated setup.py develop --editable --build-directory /workspaces/ros2/ros2_ws/build/py_srvcli/build --no-deps symlink_data --force
[11.409s] INFO:colcon.colcon_core.shell:Creating environment descriptor '/workspaces/ros2/ros2_ws/build/py_srvcli/share/py_srvcli/hook/pythonpath_develop.dsv'
[11.419s] INFO:colcon.colcon_core.shell:Creating environment hook '/workspaces/ros2/ros2_ws/build/py_srvcli/share/py_srvcli/hook/pythonpath_develop.sh'
[11.429s] Level 1:colcon.colcon_core.environment:checking '/workspaces/ros2/ros2_ws/install/py_srvcli' for CMake module files
[11.457s] Level 1:colcon.colcon_core.environment:checking '/workspaces/ros2/ros2_ws/install/py_srvcli' for CMake config files
[11.508s] Level 1:colcon.colcon_core.environment:checking '/workspaces/ros2/ros2_ws/install/py_srvcli/lib'
[11.511s] Level 1:colcon.colcon_core.environment:checking '/workspaces/ros2/ros2_ws/install/py_srvcli/bin'
[11.512s] Level 1:colcon.colcon_core.environment:checking '/workspaces/ros2/ros2_ws/install/py_srvcli/lib/pkgconfig/py_srvcli.pc'
[11.513s] Level 1:colcon.colcon_core.environment:checking '/workspaces/ros2/ros2_ws/install/py_srvcli/lib/python3.10/site-packages'
[11.514s] Level 1:colcon.colcon_core.shell:create_environment_hook('py_srvcli', 'pythonpath')
[11.514s] INFO:colcon.colcon_core.shell:Creating environment hook '/workspaces/ros2/ros2_ws/install/py_srvcli/share/py_srvcli/hook/pythonpath.ps1'
[11.524s] INFO:colcon.colcon_core.shell:Creating environment descriptor '/workspaces/ros2/ros2_ws/install/py_srvcli/share/py_srvcli/hook/pythonpath.dsv'
[11.534s] INFO:colcon.colcon_core.shell:Creating environment hook '/workspaces/ros2/ros2_ws/install/py_srvcli/share/py_srvcli/hook/pythonpath.sh'
[11.543s] Level 1:colcon.colcon_core.environment:checking '/workspaces/ros2/ros2_ws/install/py_srvcli/bin'
[11.543s] Level 1:colcon.colcon_core.environment:create_environment_scripts_only(py_srvcli)
[11.544s] INFO:colcon.colcon_core.shell:Creating package script '/workspaces/ros2/ros2_ws/install/py_srvcli/share/py_srvcli/package.ps1'
[11.551s] INFO:colcon.colcon_core.shell:Creating package descriptor '/workspaces/ros2/ros2_ws/install/py_srvcli/share/py_srvcli/package.dsv'
[11.559s] INFO:colcon.colcon_core.shell:Creating package script '/workspaces/ros2/ros2_ws/install/py_srvcli/share/py_srvcli/package.sh'
[11.567s] INFO:colcon.colcon_core.shell:Creating package script '/workspaces/ros2/ros2_ws/install/py_srvcli/share/py_srvcli/package.bash'
[11.575s] INFO:colcon.colcon_core.shell:Creating package script '/workspaces/ros2/ros2_ws/install/py_srvcli/share/py_srvcli/package.zsh'
[11.583s] Level 1:colcon.colcon_core.environment:create_file_with_runtime_dependencies(/workspaces/ros2/ros2_ws/install/py_srvcli/share/colcon-core/packages/py_srvcli)
[11.590s] Level 1:colcon.colcon_core.shell:create_environment_hook('py_pubsub', 'pythonpath_develop')
[11.591s] INFO:colcon.colcon_core.shell:Creating environment hook '/workspaces/ros2/ros2_ws/build/py_pubsub/share/py_pubsub/hook/pythonpath_develop.ps1'
[11.595s] DEBUG:colcon.colcon_core.event_handler.log_command:Invoked command in '/workspaces/ros2/ros2_ws/build/py_pubsub' returned '0': PYTHONPATH=/workspaces/ros2/ros2_ws/build/py_pubsub/prefix_override:/workspaces/ros2/ros2_ws/install/py_pubsub/lib/python3.10/site-packages:${PYTHONPATH} /usr/bin/python3 -W ignore:setup.py install is deprecated setup.py develop --editable --build-directory /workspaces/ros2/ros2_ws/build/py_pubsub/build --no-deps symlink_data --force
[11.601s] INFO:colcon.colcon_core.shell:Creating environment descriptor '/workspaces/ros2/ros2_ws/build/py_pubsub/share/py_pubsub/hook/pythonpath_develop.dsv'
[11.610s] INFO:colcon.colcon_core.shell:Creating environment hook '/workspaces/ros2/ros2_ws/build/py_pubsub/share/py_pubsub/hook/pythonpath_develop.sh'
[11.620s] Level 1:colcon.colcon_core.environment:checking '/workspaces/ros2/ros2_ws/install/py_pubsub' for CMake module files
[11.652s] Level 1:colcon.colcon_core.environment:checking '/workspaces/ros2/ros2_ws/install/py_pubsub' for CMake config files
[11.709s] Level 1:colcon.colcon_core.environment:checking '/workspaces/ros2/ros2_ws/install/py_pubsub/lib'
[11.712s] Level 1:colcon.colcon_core.environment:checking '/workspaces/ros2/ros2_ws/install/py_pubsub/bin'
[11.713s] Level 1:colcon.colcon_core.environment:checking '/workspaces/ros2/ros2_ws/install/py_pubsub/lib/pkgconfig/py_pubsub.pc'
[11.714s] Level 1:colcon.colcon_core.environment:checking '/workspaces/ros2/ros2_ws/install/py_pubsub/lib/python3.10/site-packages'
[11.716s] Level 1:colcon.colcon_core.shell:create_environment_hook('py_pubsub', 'pythonpath')
[11.717s] INFO:colcon.colcon_core.shell:Creating environment hook '/workspaces/ros2/ros2_ws/install/py_pubsub/share/py_pubsub/hook/pythonpath.ps1'
[11.728s] INFO:colcon.colcon_core.shell:Creating environment descriptor '/workspaces/ros2/ros2_ws/install/py_pubsub/share/py_pubsub/hook/pythonpath.dsv'
[11.738s] INFO:colcon.colcon_core.shell:Creating environment hook '/workspaces/ros2/ros2_ws/install/py_pubsub/share/py_pubsub/hook/pythonpath.sh'
[11.748s] Level 1:colcon.colcon_core.environment:checking '/workspaces/ros2/ros2_ws/install/py_pubsub/bin'
[11.749s] Level 1:colcon.colcon_core.environment:create_environment_scripts_only(py_pubsub)
[11.750s] INFO:colcon.colcon_core.shell:Creating package script '/workspaces/ros2/ros2_ws/install/py_pubsub/share/py_pubsub/package.ps1'
[11.759s] INFO:colcon.colcon_core.shell:Creating package descriptor '/workspaces/ros2/ros2_ws/install/py_pubsub/share/py_pubsub/package.dsv'
[11.769s] INFO:colcon.colcon_core.shell:Creating package script '/workspaces/ros2/ros2_ws/install/py_pubsub/share/py_pubsub/package.sh'
[11.780s] INFO:colcon.colcon_core.shell:Creating package script '/workspaces/ros2/ros2_ws/install/py_pubsub/share/py_pubsub/package.bash'
[11.789s] INFO:colcon.colcon_core.shell:Creating package script '/workspaces/ros2/ros2_ws/install/py_pubsub/share/py_pubsub/package.zsh'
[11.796s] Level 1:colcon.colcon_core.environment:create_file_with_runtime_dependencies(/workspaces/ros2/ros2_ws/install/py_pubsub/share/colcon-core/packages/py_pubsub)
[17.829s] DEBUG:colcon.colcon_core.event_handler.log_command:Invoked command in '/workspaces/ros2/ros2_ws/build/turtlesim' returned '0': CMAKE_PREFIX_PATH=${CMAKE_PREFIX_PATH}:/workspaces/ros2/ros2_ws/install/py_srvcli:/workspaces/ros2/ros2_ws/install/py_pubsub:/workspaces/ros2/ros2_ws/install/my_robot_controller:/workspaces/ros2/ros2_ws/install/my_package:/opt/ros/humble /usr/bin/cmake /workspaces/ros2/ros2_ws/src/ros_tutorials/turtlesim -DAMENT_CMAKE_SYMLINK_INSTALL=1 -DCMAKE_INSTALL_PREFIX=/workspaces/ros2/ros2_ws/install/turtlesim
[17.837s] DEBUG:colcon.colcon_core.event_handler.log_command:Invoking command in '/workspaces/ros2/ros2_ws/build/turtlesim': CMAKE_PREFIX_PATH=${CMAKE_PREFIX_PATH}:/workspaces/ros2/ros2_ws/install/py_srvcli:/workspaces/ros2/ros2_ws/install/py_pubsub:/workspaces/ros2/ros2_ws/install/my_robot_controller:/workspaces/ros2/ros2_ws/install/my_package:/opt/ros/humble /usr/bin/cmake --build /workspaces/ros2/ros2_ws/build/turtlesim -- -j16 -l16
[18.825s] DEBUG:colcon.colcon_core.event_handler.log_command:Invoked command in '/workspaces/ros2/ros2_ws/build/turtlesim' returned '2': CMAKE_PREFIX_PATH=${CMAKE_PREFIX_PATH}:/workspaces/ros2/ros2_ws/install/py_srvcli:/workspaces/ros2/ros2_ws/install/py_pubsub:/workspaces/ros2/ros2_ws/install/my_robot_controller:/workspaces/ros2/ros2_ws/install/my_package:/opt/ros/humble /usr/bin/cmake --build /workspaces/ros2/ros2_ws/build/turtlesim -- -j16 -l16
[24.144s] Level 1:colcon.colcon_core.environment:create_environment_scripts_only(turtlesim)
[24.144s] Level 1:colcon.colcon_core.environment:checking '/workspaces/ros2/ros2_ws/install/turtlesim' for CMake module files
[24.305s] Level 1:colcon.colcon_core.environment:checking '/workspaces/ros2/ros2_ws/install/turtlesim' for CMake config files
[24.475s] Level 1:colcon.colcon_core.shell:create_environment_hook('turtlesim', 'cmake_prefix_path')
[24.475s] INFO:colcon.colcon_core.shell:Creating environment hook '/workspaces/ros2/ros2_ws/install/turtlesim/share/turtlesim/hook/cmake_prefix_path.ps1'
[24.485s] INFO:colcon.colcon_core.shell:Creating environment descriptor '/workspaces/ros2/ros2_ws/install/turtlesim/share/turtlesim/hook/cmake_prefix_path.dsv'
[24.494s] INFO:colcon.colcon_core.shell:Creating environment hook '/workspaces/ros2/ros2_ws/install/turtlesim/share/turtlesim/hook/cmake_prefix_path.sh'
[24.505s] Level 1:colcon.colcon_core.environment:checking '/workspaces/ros2/ros2_ws/install/turtlesim/lib'
[24.508s] Level 1:colcon.colcon_core.shell:create_environment_hook('turtlesim', 'ld_library_path_lib')
[24.509s] INFO:colcon.colcon_core.shell:Creating environment hook '/workspaces/ros2/ros2_ws/install/turtlesim/share/turtlesim/hook/ld_library_path_lib.ps1'
[24.518s] INFO:colcon.colcon_core.shell:Creating environment descriptor '/workspaces/ros2/ros2_ws/install/turtlesim/share/turtlesim/hook/ld_library_path_lib.dsv'
[24.528s] INFO:colcon.colcon_core.shell:Creating environment hook '/workspaces/ros2/ros2_ws/install/turtlesim/share/turtlesim/hook/ld_library_path_lib.sh'
[24.538s] Level 1:colcon.colcon_core.environment:checking '/workspaces/ros2/ros2_ws/install/turtlesim/bin'
[24.539s] Level 1:colcon.colcon_core.environment:checking '/workspaces/ros2/ros2_ws/install/turtlesim/lib/pkgconfig/turtlesim.pc'
[24.540s] Level 1:colcon.colcon_core.environment:checking '/workspaces/ros2/ros2_ws/install/turtlesim/lib/python3.10/site-packages'
[24.541s] Level 1:colcon.colcon_core.environment:checking '/workspaces/ros2/ros2_ws/install/turtlesim/bin'
[24.542s] INFO:colcon.colcon_core.shell:Creating package script '/workspaces/ros2/ros2_ws/install/turtlesim/share/turtlesim/package.ps1'
[24.550s] INFO:colcon.colcon_core.shell:Creating package descriptor '/workspaces/ros2/ros2_ws/install/turtlesim/share/turtlesim/package.dsv'
[24.558s] INFO:colcon.colcon_core.shell:Creating package script '/workspaces/ros2/ros2_ws/install/turtlesim/share/turtlesim/package.sh'
[24.566s] INFO:colcon.colcon_core.shell:Creating package script '/workspaces/ros2/ros2_ws/install/turtlesim/share/turtlesim/package.bash'
[24.575s] INFO:colcon.colcon_core.shell:Creating package script '/workspaces/ros2/ros2_ws/install/turtlesim/share/turtlesim/package.zsh'
[24.583s] Level 1:colcon.colcon_core.environment:create_file_with_runtime_dependencies(/workspaces/ros2/ros2_ws/install/turtlesim/share/colcon-core/packages/turtlesim)
[24.599s] DEBUG:colcon.colcon_parallel_executor.executor.parallel:closing loop
[24.600s] DEBUG:colcon.colcon_parallel_executor.executor.parallel:loop closed
[24.600s] DEBUG:colcon.colcon_parallel_executor.executor.parallel:run_until_complete finished with '2'
[24.600s] DEBUG:colcon.colcon_core.event_reactor:joining thread
[24.655s] INFO:colcon.colcon_core.plugin_system:Skipping extension 'colcon_notification.desktop_notification.notify_send': Could not find 'notify-send'
[24.655s] INFO:colcon.colcon_core.plugin_system:Skipping extension 'colcon_notification.desktop_notification.terminal_notifier': Not used on non-Darwin systems
[24.655s] INFO:colcon.colcon_core.plugin_system:Skipping extension 'colcon_notification.desktop_notification.win32': Not used on non-Windows systems
[24.655s] INFO:colcon.colcon_notification.desktop_notification:Sending desktop notification using 'notify2'
[24.692s] DEBUG:colcon.colcon_notification.desktop_notification.notify2:Failed to initialize notify2: org.freedesktop.DBus.Error.ServiceUnknown: The name org.freedesktop.Notifications was not provided by any .service files
[24.693s] DEBUG:colcon.colcon_core.event_reactor:joined thread
[24.693s] INFO:colcon.colcon_core.shell:Creating prefix script '/workspaces/ros2/ros2_ws/install/local_setup.ps1'
[24.697s] INFO:colcon.colcon_core.shell:Creating prefix util module '/workspaces/ros2/ros2_ws/install/_local_setup_util_ps1.py'
[24.701s] INFO:colcon.colcon_core.shell:Creating prefix chain script '/workspaces/ros2/ros2_ws/install/setup.ps1'
[24.728s] INFO:colcon.colcon_core.shell:Creating prefix script '/workspaces/ros2/ros2_ws/install/local_setup.sh'
[24.731s] INFO:colcon.colcon_core.shell:Creating prefix util module '/workspaces/ros2/ros2_ws/install/_local_setup_util_sh.py'
[24.735s] INFO:colcon.colcon_core.shell:Creating prefix chain script '/workspaces/ros2/ros2_ws/install/setup.sh'
[24.762s] INFO:colcon.colcon_core.shell:Creating prefix script '/workspaces/ros2/ros2_ws/install/local_setup.bash'
[24.765s] INFO:colcon.colcon_core.shell:Creating prefix chain script '/workspaces/ros2/ros2_ws/install/setup.bash'
[24.791s] INFO:colcon.colcon_core.shell:Creating prefix script '/workspaces/ros2/ros2_ws/install/local_setup.zsh'
[24.795s] INFO:colcon.colcon_core.shell:Creating prefix chain script '/workspaces/ros2/ros2_ws/install/setup.zsh'
