[7.490s] Invoking command in '/workspaces/ros2/ros2_ws/src/py_pubsub': PYTHONPATH=/workspaces/ros2/ros2_ws/build/py_pubsub/prefix_override:/workspaces/ros2/ros2_ws/install/py_pubsub/lib/python3.10/site-packages:${PYTHONPATH} /usr/bin/python3 -W ignore:setup.py install is deprecated setup.py egg_info --egg-base ../../build/py_pubsub build --build-base /workspaces/ros2/ros2_ws/build/py_pubsub/build install --record /workspaces/ros2/ros2_ws/build/py_pubsub/install.log --single-version-externally-managed install_data
[9.131s] running egg_info
[9.136s] writing ../../build/py_pubsub/py_pubsub.egg-info/PKG-INFO
[9.141s] writing dependency_links to ../../build/py_pubsub/py_pubsub.egg-info/dependency_links.txt
[9.145s] writing entry points to ../../build/py_pubsub/py_pubsub.egg-info/entry_points.txt
[9.149s] writing requirements to ../../build/py_pubsub/py_pubsub.egg-info/requires.txt
[9.151s] writing top-level names to ../../build/py_pubsub/py_pubsub.egg-info/top_level.txt
[9.183s] reading manifest file '../../build/py_pubsub/py_pubsub.egg-info/SOURCES.txt'
[9.220s] adding license file 'LICENSE'
[9.240s] writing manifest file '../../build/py_pubsub/py_pubsub.egg-info/SOURCES.txt'
[9.242s] running build
[9.243s] running build_py
[9.279s] running install
[9.280s] running install_lib
[9.387s] running install_data
[9.408s] running install_egg_info
[9.429s] removing '/workspaces/ros2/ros2_ws/install/py_pubsub/lib/python3.10/site-packages/py_pubsub-0.0.0-py3.10.egg-info' (and everything under it)
[9.476s] Copying ../../build/py_pubsub/py_pubsub.egg-info to /workspaces/ros2/ros2_ws/install/py_pubsub/lib/python3.10/site-packages/py_pubsub-0.0.0-py3.10.egg-info
[9.660s] running install_scripts
[9.800s] Installing listener script to /workspaces/ros2/ros2_ws/install/py_pubsub/lib/py_pubsub
[9.807s] Installing talker script to /workspaces/ros2/ros2_ws/install/py_pubsub/lib/py_pubsub
[9.815s] writing list of installed files to '/workspaces/ros2/ros2_ws/build/py_pubsub/install.log'
