[2.268s] Invoking command in '/workspaces/ros2/ros2_ws/src/py_pubsub': PYTHONPATH=/workspaces/ros2/ros2_ws/build/py_pubsub/prefix_override:/workspaces/ros2/ros2_ws/install/py_pubsub/lib/python3.10/site-packages:${PYTHONPATH} /usr/bin/python3 -W ignore:setup.py install is deprecated setup.py egg_info --egg-base ../../build/py_pubsub build --build-base /workspaces/ros2/ros2_ws/build/py_pubsub/build install --record /workspaces/ros2/ros2_ws/build/py_pubsub/install.log --single-version-externally-managed install_data
[2.980s] running egg_info
[2.987s] writing ../../build/py_pubsub/py_pubsub.egg-info/PKG-INFO
[2.994s] writing dependency_links to ../../build/py_pubsub/py_pubsub.egg-info/dependency_links.txt
[3.002s] writing entry points to ../../build/py_pubsub/py_pubsub.egg-info/entry_points.txt
[3.007s] writing requirements to ../../build/py_pubsub/py_pubsub.egg-info/requires.txt
[3.012s] writing top-level names to ../../build/py_pubsub/py_pubsub.egg-info/top_level.txt
[3.054s] reading manifest file '../../build/py_pubsub/py_pubsub.egg-info/SOURCES.txt'
[3.099s] adding license file 'LICENSE'
[3.121s] writing manifest file '../../build/py_pubsub/py_pubsub.egg-info/SOURCES.txt'
[3.124s] running build
[3.125s] running build_py
[3.164s] running install
[3.165s] running install_lib
[3.278s] running install_data
[3.303s] running install_egg_info
[3.313s] removing '/workspaces/ros2/ros2_ws/install/py_pubsub/lib/python3.10/site-packages/py_pubsub-0.0.0-py3.10.egg-info' (and everything under it)
[3.368s] Copying ../../build/py_pubsub/py_pubsub.egg-info to /workspaces/ros2/ros2_ws/install/py_pubsub/lib/python3.10/site-packages/py_pubsub-0.0.0-py3.10.egg-info
[3.573s] running install_scripts
[3.626s] Installing listener script to /workspaces/ros2/ros2_ws/install/py_pubsub/lib/py_pubsub
[3.635s] Installing talker script to /workspaces/ros2/ros2_ws/install/py_pubsub/lib/py_pubsub
[3.645s] writing list of installed files to '/workspaces/ros2/ros2_ws/build/py_pubsub/install.log'
[4.063s] Invoked command in '/workspaces/ros2/ros2_ws/src/py_pubsub' returned '0': PYTHONPATH=/workspaces/ros2/ros2_ws/build/py_pubsub/prefix_override:/workspaces/ros2/ros2_ws/install/py_pubsub/lib/python3.10/site-packages:${PYTHONPATH} /usr/bin/python3 -W ignore:setup.py install is deprecated setup.py egg_info --egg-base ../../build/py_pubsub build --build-base /workspaces/ros2/ros2_ws/build/py_pubsub/build install --record /workspaces/ros2/ros2_ws/build/py_pubsub/install.log --single-version-externally-managed install_data
