[8.458s] Invoking command in '/workspaces/ros2/ros2_ws/src/py_pubsub': PYTHONPATH=/workspaces/ros2/ros2_ws/build/py_pubsub/prefix_override:/workspaces/ros2/ros2_ws/install/py_pubsub/lib/python3.10/site-packages:${PYTHONPATH} /usr/bin/python3 -W ignore:setup.py install is deprecated setup.py egg_info --egg-base ../../build/py_pubsub build --build-base /workspaces/ros2/ros2_ws/build/py_pubsub/build install --record /workspaces/ros2/ros2_ws/build/py_pubsub/install.log --single-version-externally-managed install_data
[9.905s] running egg_info
[9.909s] writing ../../build/py_pubsub/py_pubsub.egg-info/PKG-INFO
[9.915s] writing dependency_links to ../../build/py_pubsub/py_pubsub.egg-info/dependency_links.txt
[9.920s] writing entry points to ../../build/py_pubsub/py_pubsub.egg-info/entry_points.txt
[9.924s] writing requirements to ../../build/py_pubsub/py_pubsub.egg-info/requires.txt
[9.927s] writing top-level names to ../../build/py_pubsub/py_pubsub.egg-info/top_level.txt
[9.964s] reading manifest file '../../build/py_pubsub/py_pubsub.egg-info/SOURCES.txt'
[10.005s] adding license file 'LICENSE'
[10.027s] writing manifest file '../../build/py_pubsub/py_pubsub.egg-info/SOURCES.txt'
[10.029s] running build
[10.031s] running build_py
[10.074s] running install
[10.076s] running install_lib
[10.204s] running install_data
[10.228s] running install_egg_info
[10.242s] removing '/workspaces/ros2/ros2_ws/install/py_pubsub/lib/python3.10/site-packages/py_pubsub-0.0.0-py3.10.egg-info' (and everything under it)
[10.298s] Copying ../../build/py_pubsub/py_pubsub.egg-info to /workspaces/ros2/ros2_ws/install/py_pubsub/lib/python3.10/site-packages/py_pubsub-0.0.0-py3.10.egg-info
[10.516s] running install_scripts
[10.635s] Installing listener script to /workspaces/ros2/ros2_ws/install/py_pubsub/lib/py_pubsub
[10.644s] Installing talker script to /workspaces/ros2/ros2_ws/install/py_pubsub/lib/py_pubsub
[10.655s] writing list of installed files to '/workspaces/ros2/ros2_ws/build/py_pubsub/install.log'
[10.858s] Invoked command in '/workspaces/ros2/ros2_ws/src/py_pubsub' returned '0': PYTHONPATH=/workspaces/ros2/ros2_ws/build/py_pubsub/prefix_override:/workspaces/ros2/ros2_ws/install/py_pubsub/lib/python3.10/site-packages:${PYTHONPATH} /usr/bin/python3 -W ignore:setup.py install is deprecated setup.py egg_info --egg-base ../../build/py_pubsub build --build-base /workspaces/ros2/ros2_ws/build/py_pubsub/build install --record /workspaces/ros2/ros2_ws/build/py_pubsub/install.log --single-version-externally-managed install_data
