[0.123s] DEBUG:colcon:Command line arguments: ['/usr/bin/colcon', 'build']
[0.124s] DEBUG:colcon:Parsed command line arguments: Namespace(log_base=None, log_level=None, verb_name='build', build_base='build', install_base='install', merge_install=False, symlink_install=False, test_result_base=None, continue_on_error=False, executor='parallel', parallel_workers=16, event_handlers=None, ignore_user_meta=False, metas=['./colcon.meta'], base_paths=['.'], packages_ignore=None, packages_ignore_regex=None, paths=None, packages_up_to=None, packages_up_to_regex=None, packages_above=None, packages_above_and_dependencies=None, packages_above_depth=None, packages_select_by_dep=None, packages_skip_by_dep=None, packages_skip_up_to=None, packages_select_build_failed=False, packages_skip_build_finished=False, packages_select_test_failures=False, packages_skip_test_passed=False, packages_select=None, packages_skip=None, packages_select_regex=None, packages_skip_regex=None, packages_start=None, packages_end=None, cmake_args=None, cmake_target=None, cmake_target_skip_unavailable=False, cmake_clean_cache=False, cmake_clean_first=False, cmake_force_configure=False, ament_cmake_args=None, catkin_cmake_args=None, catkin_skip_building_tests=False, mixin_files=None, mixin=None, verb_parser=<colcon_mixin.mixin.mixin_argument.MixinArgumentDecorator object at 0x7fd61088bdf0>, verb_extension=<colcon_core.verb.build.BuildVerb object at 0x7fd6109c8460>, main=<bound method BuildVerb.main of <colcon_core.verb.build.BuildVerb object at 0x7fd6109c8460>>, mixin_verb=('build',))
[0.275s] Level 1:colcon.colcon_core.package_discovery:discover_packages(colcon_meta) check parameters
[0.276s] INFO:colcon.colcon_metadata.package_discovery.colcon_meta:Using configuration from '/root/.colcon/metadata/default/Gazebo.meta'
[0.276s] INFO:colcon.colcon_metadata.package_discovery.colcon_meta:Using configuration from '/root/.colcon/metadata/default/fastrtps.meta'
[0.277s] Level 1:colcon.colcon_core.package_discovery:discover_packages(recursive) check parameters
[0.277s] Level 1:colcon.colcon_core.package_discovery:discover_packages(ignore) check parameters
[0.277s] Level 1:colcon.colcon_core.package_discovery:discover_packages(path) check parameters
[0.277s] Level 1:colcon.colcon_core.package_discovery:discover_packages(colcon_meta) discover
[0.277s] Level 1:colcon.colcon_core.package_discovery:discover_packages(recursive) discover
[0.277s] INFO:colcon.colcon_core.package_discovery:Crawling recursively for packages in '/workspaces/ros2/ros2_ws'
[0.278s] Level 1:colcon.colcon_core.package_identification:_identify(.) by extensions ['ignore', 'ignore_ament_install']
[0.279s] Level 1:colcon.colcon_core.package_identification:_identify(.) by extension 'ignore'
[0.279s] Level 1:colcon.colcon_core.package_identification:_identify(.) by extension 'ignore_ament_install'
[0.279s] Level 1:colcon.colcon_core.package_identification:_identify(.) by extensions ['colcon_pkg']
[0.279s] Level 1:colcon.colcon_core.package_identification:_identify(.) by extension 'colcon_pkg'
[0.280s] Level 1:colcon.colcon_core.package_identification:_identify(.) by extensions ['colcon_meta']
[0.280s] Level 1:colcon.colcon_core.package_identification:_identify(.) by extension 'colcon_meta'
[0.280s] Level 1:colcon.colcon_core.package_identification:_identify(.) by extensions ['ros']
[0.280s] Level 1:colcon.colcon_core.package_identification:_identify(.) by extension 'ros'
[0.290s] Level 1:colcon.colcon_core.package_identification:_identify(.) by extensions ['cmake', 'python']
[0.290s] Level 1:colcon.colcon_core.package_identification:_identify(.) by extension 'cmake'
[0.291s] Level 1:colcon.colcon_core.package_identification:_identify(.) by extension 'python'
[0.291s] Level 1:colcon.colcon_core.package_identification:_identify(.) by extensions ['python_setup_py']
[0.291s] Level 1:colcon.colcon_core.package_identification:_identify(.) by extension 'python_setup_py'
[0.293s] Level 1:colcon.colcon_core.package_identification:_identify(build) by extensions ['ignore', 'ignore_ament_install']
[0.293s] Level 1:colcon.colcon_core.package_identification:_identify(build) by extension 'ignore'
[0.294s] Level 1:colcon.colcon_core.package_identification:_identify(build) ignored
[0.295s] Level 1:colcon.colcon_core.package_identification:_identify(install) by extensions ['ignore', 'ignore_ament_install']
[0.295s] Level 1:colcon.colcon_core.package_identification:_identify(install) by extension 'ignore'
[0.296s] Level 1:colcon.colcon_core.package_identification:_identify(install) ignored
[0.298s] Level 1:colcon.colcon_core.package_identification:_identify(log) by extensions ['ignore', 'ignore_ament_install']
[0.298s] Level 1:colcon.colcon_core.package_identification:_identify(log) by extension 'ignore'
[0.299s] Level 1:colcon.colcon_core.package_identification:_identify(log) ignored
[0.300s] Level 1:colcon.colcon_core.package_identification:_identify(src) by extensions ['ignore', 'ignore_ament_install']
[0.301s] Level 1:colcon.colcon_core.package_identification:_identify(src) by extension 'ignore'
[0.301s] Level 1:colcon.colcon_core.package_identification:_identify(src) by extension 'ignore_ament_install'
[0.302s] Level 1:colcon.colcon_core.package_identification:_identify(src) by extensions ['colcon_pkg']
[0.302s] Level 1:colcon.colcon_core.package_identification:_identify(src) by extension 'colcon_pkg'
[0.302s] Level 1:colcon.colcon_core.package_identification:_identify(src) by extensions ['colcon_meta']
[0.302s] Level 1:colcon.colcon_core.package_identification:_identify(src) by extension 'colcon_meta'
[0.303s] Level 1:colcon.colcon_core.package_identification:_identify(src) by extensions ['ros']
[0.303s] Level 1:colcon.colcon_core.package_identification:_identify(src) by extension 'ros'
[0.305s] Level 1:colcon.colcon_core.package_identification:_identify(src) by extensions ['cmake', 'python']
[0.305s] Level 1:colcon.colcon_core.package_identification:_identify(src) by extension 'cmake'
[0.306s] Level 1:colcon.colcon_core.package_identification:_identify(src) by extension 'python'
[0.306s] Level 1:colcon.colcon_core.package_identification:_identify(src) by extensions ['python_setup_py']
[0.306s] Level 1:colcon.colcon_core.package_identification:_identify(src) by extension 'python_setup_py'
[0.308s] Level 1:colcon.colcon_core.package_identification:_identify(src/ros_tutorials) by extensions ['ignore', 'ignore_ament_install']
[0.309s] Level 1:colcon.colcon_core.package_identification:_identify(src/ros_tutorials) by extension 'ignore'
[0.309s] Level 1:colcon.colcon_core.package_identification:_identify(src/ros_tutorials) by extension 'ignore_ament_install'
[0.311s] Level 1:colcon.colcon_core.package_identification:_identify(src/ros_tutorials) by extensions ['colcon_pkg']
[0.311s] Level 1:colcon.colcon_core.package_identification:_identify(src/ros_tutorials) by extension 'colcon_pkg'
[0.311s] Level 1:colcon.colcon_core.package_identification:_identify(src/ros_tutorials) by extensions ['colcon_meta']
[0.312s] Level 1:colcon.colcon_core.package_identification:_identify(src/ros_tutorials) by extension 'colcon_meta'
[0.313s] Level 1:colcon.colcon_core.package_identification:_identify(src/ros_tutorials) by extensions ['ros']
[0.313s] Level 1:colcon.colcon_core.package_identification:_identify(src/ros_tutorials) by extension 'ros'
[0.316s] Level 1:colcon.colcon_core.package_identification:_identify(src/ros_tutorials) by extensions ['cmake', 'python']
[0.316s] Level 1:colcon.colcon_core.package_identification:_identify(src/ros_tutorials) by extension 'cmake'
[0.317s] Level 1:colcon.colcon_core.package_identification:_identify(src/ros_tutorials) by extension 'python'
[0.317s] Level 1:colcon.colcon_core.package_identification:_identify(src/ros_tutorials) by extensions ['python_setup_py']
[0.317s] Level 1:colcon.colcon_core.package_identification:_identify(src/ros_tutorials) by extension 'python_setup_py'
[0.321s] Level 1:colcon.colcon_core.package_identification:_identify(src/ros_tutorials/ros_tutorials) by extensions ['ignore', 'ignore_ament_install']
[0.321s] Level 1:colcon.colcon_core.package_identification:_identify(src/ros_tutorials/ros_tutorials) by extension 'ignore'
[0.322s] Level 1:colcon.colcon_core.package_identification:_identify(src/ros_tutorials/ros_tutorials) ignored
[0.325s] Level 1:colcon.colcon_core.package_identification:_identify(src/ros_tutorials/roscpp_tutorials) by extensions ['ignore', 'ignore_ament_install']
[0.326s] Level 1:colcon.colcon_core.package_identification:_identify(src/ros_tutorials/roscpp_tutorials) by extension 'ignore'
[0.327s] Level 1:colcon.colcon_core.package_identification:_identify(src/ros_tutorials/roscpp_tutorials) ignored
[0.330s] Level 1:colcon.colcon_core.package_identification:_identify(src/ros_tutorials/rospy_tutorials) by extensions ['ignore', 'ignore_ament_install']
[0.330s] Level 1:colcon.colcon_core.package_identification:_identify(src/ros_tutorials/rospy_tutorials) by extension 'ignore'
[0.331s] Level 1:colcon.colcon_core.package_identification:_identify(src/ros_tutorials/rospy_tutorials) ignored
[0.335s] Level 1:colcon.colcon_core.package_identification:_identify(src/ros_tutorials/turtlesim) by extensions ['ignore', 'ignore_ament_install']
[0.335s] Level 1:colcon.colcon_core.package_identification:_identify(src/ros_tutorials/turtlesim) by extension 'ignore'
[0.336s] Level 1:colcon.colcon_core.package_identification:_identify(src/ros_tutorials/turtlesim) by extension 'ignore_ament_install'
[0.337s] Level 1:colcon.colcon_core.package_identification:_identify(src/ros_tutorials/turtlesim) by extensions ['colcon_pkg']
[0.338s] Level 1:colcon.colcon_core.package_identification:_identify(src/ros_tutorials/turtlesim) by extension 'colcon_pkg'
[0.338s] Level 1:colcon.colcon_core.package_identification:_identify(src/ros_tutorials/turtlesim) by extensions ['colcon_meta']
[0.339s] Level 1:colcon.colcon_core.package_identification:_identify(src/ros_tutorials/turtlesim) by extension 'colcon_meta'
[0.340s] Level 1:colcon.colcon_core.package_identification:_identify(src/ros_tutorials/turtlesim) by extensions ['ros']
[0.340s] Level 1:colcon.colcon_core.package_identification:_identify(src/ros_tutorials/turtlesim) by extension 'ros'
[0.352s] DEBUG:colcon.colcon_core.package_identification:Package 'src/ros_tutorials/turtlesim' with type 'ros.ament_cmake' and name 'turtlesim'
[0.352s] Level 1:colcon.colcon_core.package_discovery:discover_packages(recursive) using defaults
[0.352s] Level 1:colcon.colcon_core.package_discovery:discover_packages(ignore) discover
[0.352s] Level 1:colcon.colcon_core.package_discovery:discover_packages(ignore) using defaults
[0.353s] Level 1:colcon.colcon_core.package_discovery:discover_packages(path) discover
[0.353s] Level 1:colcon.colcon_core.package_discovery:discover_packages(path) using defaults
[0.380s] Level 5:colcon.colcon_core.verb:set package 'turtlesim' build argument 'cmake_args' from command line to 'None'
[0.380s] Level 5:colcon.colcon_core.verb:set package 'turtlesim' build argument 'cmake_target' from command line to 'None'
[0.380s] Level 5:colcon.colcon_core.verb:set package 'turtlesim' build argument 'cmake_target_skip_unavailable' from command line to 'False'
[0.381s] Level 5:colcon.colcon_core.verb:set package 'turtlesim' build argument 'cmake_clean_cache' from command line to 'False'
[0.381s] Level 5:colcon.colcon_core.verb:set package 'turtlesim' build argument 'cmake_clean_first' from command line to 'False'
[0.381s] Level 5:colcon.colcon_core.verb:set package 'turtlesim' build argument 'cmake_force_configure' from command line to 'False'
[0.381s] Level 5:colcon.colcon_core.verb:set package 'turtlesim' build argument 'ament_cmake_args' from command line to 'None'
[0.381s] Level 5:colcon.colcon_core.verb:set package 'turtlesim' build argument 'catkin_cmake_args' from command line to 'None'
[0.381s] Level 5:colcon.colcon_core.verb:set package 'turtlesim' build argument 'catkin_skip_building_tests' from command line to 'False'
[0.381s] DEBUG:colcon.colcon_core.verb:Building package 'turtlesim' with the following arguments: {'ament_cmake_args': None, 'build_base': '/workspaces/ros2/ros2_ws/build/turtlesim', 'catkin_cmake_args': None, 'catkin_skip_building_tests': False, 'cmake_args': None, 'cmake_clean_cache': False, 'cmake_clean_first': False, 'cmake_force_configure': False, 'cmake_target': None, 'cmake_target_skip_unavailable': False, 'install_base': '/workspaces/ros2/ros2_ws/install/turtlesim', 'merge_install': False, 'path': '/workspaces/ros2/ros2_ws/src/ros_tutorials/turtlesim', 'symlink_install': False, 'test_result_base': None}
[0.382s] INFO:colcon.colcon_core.executor:Executing jobs using 'parallel' executor
[0.383s] DEBUG:colcon.colcon_parallel_executor.executor.parallel:run_until_complete
[0.383s] INFO:colcon.colcon_ros.task.ament_cmake.build:Building ROS package in '/workspaces/ros2/ros2_ws/src/ros_tutorials/turtlesim' with build type 'ament_cmake'
[0.383s] INFO:colcon.colcon_cmake.task.cmake.build:Building CMake package in '/workspaces/ros2/ros2_ws/src/ros_tutorials/turtlesim'
[0.385s] INFO:colcon.colcon_core.plugin_system:Skipping extension 'colcon_core.shell.bat': Not used on non-Windows systems
[0.386s] INFO:colcon.colcon_core.shell:Skip shell extension 'powershell' for command environment: Not usable outside of PowerShell
[0.386s] DEBUG:colcon.colcon_core.shell:Skip shell extension 'dsv' for command environment
[0.422s] DEBUG:colcon.colcon_core.event_handler.log_command:Invoking command in '/workspaces/ros2/ros2_ws/build/turtlesim': CMAKE_PREFIX_PATH=/opt/ros/humble /usr/bin/cmake --build /workspaces/ros2/ros2_ws/build/turtlesim -- -j16 -l16
[19.544s] DEBUG:colcon.colcon_core.event_handler.log_command:Invoked command in '/workspaces/ros2/ros2_ws/build/turtlesim' returned '0': CMAKE_PREFIX_PATH=/opt/ros/humble /usr/bin/cmake --build /workspaces/ros2/ros2_ws/build/turtlesim -- -j16 -l16
[19.740s] DEBUG:colcon.colcon_core.event_handler.log_command:Invoking command in '/workspaces/ros2/ros2_ws/build/turtlesim': CMAKE_PREFIX_PATH=/opt/ros/humble /usr/bin/cmake --install /workspaces/ros2/ros2_ws/build/turtlesim
[26.156s] Level 1:colcon.colcon_core.environment:create_environment_scripts_only(turtlesim)
[26.158s] Level 1:colcon.colcon_core.environment:checking '/workspaces/ros2/ros2_ws/install/turtlesim' for CMake module files
[26.159s] DEBUG:colcon.colcon_core.event_handler.log_command:Invoked command in '/workspaces/ros2/ros2_ws/build/turtlesim' returned '0': CMAKE_PREFIX_PATH=/opt/ros/humble /usr/bin/cmake --install /workspaces/ros2/ros2_ws/build/turtlesim
[26.287s] Level 1:colcon.colcon_core.environment:checking '/workspaces/ros2/ros2_ws/install/turtlesim' for CMake config files
[26.424s] Level 1:colcon.colcon_core.shell:create_environment_hook('turtlesim', 'cmake_prefix_path')
[26.425s] INFO:colcon.colcon_core.shell:Creating environment hook '/workspaces/ros2/ros2_ws/install/turtlesim/share/turtlesim/hook/cmake_prefix_path.ps1'
[26.432s] INFO:colcon.colcon_core.shell:Creating environment descriptor '/workspaces/ros2/ros2_ws/install/turtlesim/share/turtlesim/hook/cmake_prefix_path.dsv'
[26.440s] INFO:colcon.colcon_core.shell:Creating environment hook '/workspaces/ros2/ros2_ws/install/turtlesim/share/turtlesim/hook/cmake_prefix_path.sh'
[26.450s] Level 1:colcon.colcon_core.environment:checking '/workspaces/ros2/ros2_ws/install/turtlesim/lib'
[26.452s] Level 1:colcon.colcon_core.shell:create_environment_hook('turtlesim', 'ld_library_path_lib')
[26.453s] INFO:colcon.colcon_core.shell:Creating environment hook '/workspaces/ros2/ros2_ws/install/turtlesim/share/turtlesim/hook/ld_library_path_lib.ps1'
[26.460s] INFO:colcon.colcon_core.shell:Creating environment descriptor '/workspaces/ros2/ros2_ws/install/turtlesim/share/turtlesim/hook/ld_library_path_lib.dsv'
[26.469s] INFO:colcon.colcon_core.shell:Creating environment hook '/workspaces/ros2/ros2_ws/install/turtlesim/share/turtlesim/hook/ld_library_path_lib.sh'
[26.477s] Level 1:colcon.colcon_core.environment:checking '/workspaces/ros2/ros2_ws/install/turtlesim/bin'
[26.477s] Level 1:colcon.colcon_core.environment:checking '/workspaces/ros2/ros2_ws/install/turtlesim/lib/pkgconfig/turtlesim.pc'
[26.480s] Level 1:colcon.colcon_core.environment:checking '/workspaces/ros2/ros2_ws/install/turtlesim/lib/python3.10/site-packages'
[26.481s] Level 1:colcon.colcon_core.environment:checking '/workspaces/ros2/ros2_ws/install/turtlesim/bin'
[26.482s] INFO:colcon.colcon_core.shell:Creating package script '/workspaces/ros2/ros2_ws/install/turtlesim/share/turtlesim/package.ps1'
[26.488s] INFO:colcon.colcon_core.shell:Creating package descriptor '/workspaces/ros2/ros2_ws/install/turtlesim/share/turtlesim/package.dsv'
[26.495s] INFO:colcon.colcon_core.shell:Creating package script '/workspaces/ros2/ros2_ws/install/turtlesim/share/turtlesim/package.sh'
[26.503s] INFO:colcon.colcon_core.shell:Creating package script '/workspaces/ros2/ros2_ws/install/turtlesim/share/turtlesim/package.bash'
[26.510s] INFO:colcon.colcon_core.shell:Creating package script '/workspaces/ros2/ros2_ws/install/turtlesim/share/turtlesim/package.zsh'
[26.517s] Level 1:colcon.colcon_core.environment:create_file_with_runtime_dependencies(/workspaces/ros2/ros2_ws/install/turtlesim/share/colcon-core/packages/turtlesim)
[26.706s] Level 1:colcon.colcon_core.environment:create_environment_scripts_only(turtlesim)
[26.706s] Level 1:colcon.colcon_core.environment:checking '/workspaces/ros2/ros2_ws/install/turtlesim' for CMake module files
[26.865s] Level 1:colcon.colcon_core.environment:checking '/workspaces/ros2/ros2_ws/install/turtlesim' for CMake config files
[27.033s] Level 1:colcon.colcon_core.shell:create_environment_hook('turtlesim', 'cmake_prefix_path')
[27.034s] INFO:colcon.colcon_core.shell:Creating environment hook '/workspaces/ros2/ros2_ws/install/turtlesim/share/turtlesim/hook/cmake_prefix_path.ps1'
[27.043s] INFO:colcon.colcon_core.shell:Creating environment descriptor '/workspaces/ros2/ros2_ws/install/turtlesim/share/turtlesim/hook/cmake_prefix_path.dsv'
[27.053s] INFO:colcon.colcon_core.shell:Creating environment hook '/workspaces/ros2/ros2_ws/install/turtlesim/share/turtlesim/hook/cmake_prefix_path.sh'
[27.066s] Level 1:colcon.colcon_core.environment:checking '/workspaces/ros2/ros2_ws/install/turtlesim/lib'
[27.069s] Level 1:colcon.colcon_core.shell:create_environment_hook('turtlesim', 'ld_library_path_lib')
[27.069s] INFO:colcon.colcon_core.shell:Creating environment hook '/workspaces/ros2/ros2_ws/install/turtlesim/share/turtlesim/hook/ld_library_path_lib.ps1'
[27.079s] INFO:colcon.colcon_core.shell:Creating environment descriptor '/workspaces/ros2/ros2_ws/install/turtlesim/share/turtlesim/hook/ld_library_path_lib.dsv'
[27.089s] INFO:colcon.colcon_core.shell:Creating environment hook '/workspaces/ros2/ros2_ws/install/turtlesim/share/turtlesim/hook/ld_library_path_lib.sh'
[27.098s] Level 1:colcon.colcon_core.environment:checking '/workspaces/ros2/ros2_ws/install/turtlesim/bin'
[27.099s] Level 1:colcon.colcon_core.environment:checking '/workspaces/ros2/ros2_ws/install/turtlesim/lib/pkgconfig/turtlesim.pc'
[27.101s] Level 1:colcon.colcon_core.environment:checking '/workspaces/ros2/ros2_ws/install/turtlesim/lib/python3.10/site-packages'
[27.102s] Level 1:colcon.colcon_core.environment:checking '/workspaces/ros2/ros2_ws/install/turtlesim/bin'
[27.103s] INFO:colcon.colcon_core.shell:Creating package script '/workspaces/ros2/ros2_ws/install/turtlesim/share/turtlesim/package.ps1'
[27.112s] INFO:colcon.colcon_core.shell:Creating package descriptor '/workspaces/ros2/ros2_ws/install/turtlesim/share/turtlesim/package.dsv'
[27.121s] INFO:colcon.colcon_core.shell:Creating package script '/workspaces/ros2/ros2_ws/install/turtlesim/share/turtlesim/package.sh'
[27.130s] INFO:colcon.colcon_core.shell:Creating package script '/workspaces/ros2/ros2_ws/install/turtlesim/share/turtlesim/package.bash'
[27.138s] INFO:colcon.colcon_core.shell:Creating package script '/workspaces/ros2/ros2_ws/install/turtlesim/share/turtlesim/package.zsh'
[27.146s] Level 1:colcon.colcon_core.environment:create_file_with_runtime_dependencies(/workspaces/ros2/ros2_ws/install/turtlesim/share/colcon-core/packages/turtlesim)
[27.152s] DEBUG:colcon.colcon_parallel_executor.executor.parallel:closing loop
[27.153s] DEBUG:colcon.colcon_parallel_executor.executor.parallel:loop closed
[27.153s] DEBUG:colcon.colcon_parallel_executor.executor.parallel:run_until_complete finished with '0'
[27.153s] DEBUG:colcon.colcon_core.event_reactor:joining thread
[27.165s] INFO:colcon.colcon_core.plugin_system:Skipping extension 'colcon_notification.desktop_notification.notify_send': Could not find 'notify-send'
[27.165s] INFO:colcon.colcon_core.plugin_system:Skipping extension 'colcon_notification.desktop_notification.terminal_notifier': Not used on non-Darwin systems
[27.165s] INFO:colcon.colcon_core.plugin_system:Skipping extension 'colcon_notification.desktop_notification.win32': Not used on non-Windows systems
[27.165s] INFO:colcon.colcon_notification.desktop_notification:Sending desktop notification using 'notify2'
[27.170s] DEBUG:colcon.colcon_notification.desktop_notification.notify2:Failed to initialize notify2: org.freedesktop.DBus.Error.ServiceUnknown: The name org.freedesktop.Notifications was not provided by any .service files
[27.170s] DEBUG:colcon.colcon_core.event_reactor:joined thread
[27.171s] INFO:colcon.colcon_core.shell:Creating prefix script '/workspaces/ros2/ros2_ws/install/local_setup.ps1'
[27.176s] INFO:colcon.colcon_core.shell:Creating prefix util module '/workspaces/ros2/ros2_ws/install/_local_setup_util_ps1.py'
[27.181s] INFO:colcon.colcon_core.shell:Creating prefix chain script '/workspaces/ros2/ros2_ws/install/setup.ps1'
[27.186s] INFO:colcon.colcon_core.shell:Creating prefix script '/workspaces/ros2/ros2_ws/install/local_setup.sh'
[27.190s] INFO:colcon.colcon_core.shell:Creating prefix util module '/workspaces/ros2/ros2_ws/install/_local_setup_util_sh.py'
[27.194s] INFO:colcon.colcon_core.shell:Creating prefix chain script '/workspaces/ros2/ros2_ws/install/setup.sh'
[27.198s] INFO:colcon.colcon_core.shell:Creating prefix script '/workspaces/ros2/ros2_ws/install/local_setup.bash'
[27.202s] INFO:colcon.colcon_core.shell:Creating prefix chain script '/workspaces/ros2/ros2_ws/install/setup.bash'
[27.206s] INFO:colcon.colcon_core.shell:Creating prefix script '/workspaces/ros2/ros2_ws/install/local_setup.zsh'
[27.210s] INFO:colcon.colcon_core.shell:Creating prefix chain script '/workspaces/ros2/ros2_ws/install/setup.zsh'
