[7.587s] Invoking command in '/workspaces/ros2/ros2_ws/src/my_package': PYTHONPATH=/workspaces/ros2/ros2_ws/build/my_package/prefix_override:/workspaces/ros2/ros2_ws/install/my_package/lib/python3.10/site-packages:${PYTHONPATH} /usr/bin/python3 -W ignore:setup.py install is deprecated setup.py egg_info --egg-base ../../build/my_package build --build-base /workspaces/ros2/ros2_ws/build/my_package/build install --record /workspaces/ros2/ros2_ws/build/my_package/install.log --single-version-externally-managed install_data
[9.159s] running egg_info
[9.163s] writing ../../build/my_package/my_package.egg-info/PKG-INFO
[9.169s] writing dependency_links to ../../build/my_package/my_package.egg-info/dependency_links.txt
[9.172s] writing entry points to ../../build/my_package/my_package.egg-info/entry_points.txt
[9.175s] writing requirements to ../../build/my_package/my_package.egg-info/requires.txt
[9.178s] writing top-level names to ../../build/my_package/my_package.egg-info/top_level.txt
[9.205s] reading manifest file '../../build/my_package/my_package.egg-info/SOURCES.txt'
[9.244s] adding license file 'LICENSE'
[9.263s] writing manifest file '../../build/my_package/my_package.egg-info/SOURCES.txt'
[9.265s] running build
[9.266s] running build_py
[9.290s] running install
[9.291s] running install_lib
[9.374s] running install_data
[9.394s] running install_egg_info
[9.410s] removing '/workspaces/ros2/ros2_ws/install/my_package/lib/python3.10/site-packages/my_package-0.0.0-py3.10.egg-info' (and everything under it)
[9.456s] Copying ../../build/my_package/my_package.egg-info to /workspaces/ros2/ros2_ws/install/my_package/lib/python3.10/site-packages/my_package-0.0.0-py3.10.egg-info
[9.649s] running install_scripts
[9.781s] Installing my_node script to /workspaces/ros2/ros2_ws/install/my_package/lib/my_package
[9.791s] writing list of installed files to '/workspaces/ros2/ros2_ws/build/my_package/install.log'
[10.011s] Invoked command in '/workspaces/ros2/ros2_ws/src/my_package' returned '0': PYTHONPATH=/workspaces/ros2/ros2_ws/build/my_package/prefix_override:/workspaces/ros2/ros2_ws/install/my_package/lib/python3.10/site-packages:${PYTHONPATH} /usr/bin/python3 -W ignore:setup.py install is deprecated setup.py egg_info --egg-base ../../build/my_package build --build-base /workspaces/ros2/ros2_ws/build/my_package/build install --record /workspaces/ros2/ros2_ws/build/my_package/install.log --single-version-externally-managed install_data
