[8.192s] Invoking command in '/workspaces/ros2/ros2_ws/build/py_pubsub': PYTHONPATH=/workspaces/ros2/ros2_ws/build/py_pubsub/prefix_override:/workspaces/ros2/ros2_ws/install/py_pubsub/lib/python3.10/site-packages:${PYTHONPATH} /usr/bin/python3 -W ignore:setup.py install is deprecated setup.py develop --editable --build-directory /workspaces/ros2/ros2_ws/build/py_pubsub/build --no-deps symlink_data --force
[9.613s] running develop
[9.944s] running egg_info
[9.946s] writing py_pubsub.egg-info/PKG-INFO
[9.949s] writing dependency_links to py_pubsub.egg-info/dependency_links.txt
[9.952s] writing entry points to py_pubsub.egg-info/entry_points.txt
[9.955s] writing requirements to py_pubsub.egg-info/requires.txt
[9.958s] writing top-level names to py_pubsub.egg-info/top_level.txt
[9.997s] reading manifest file 'py_pubsub.egg-info/SOURCES.txt'
[10.065s] writing manifest file 'py_pubsub.egg-info/SOURCES.txt'
[10.092s] running build_ext
[10.093s] Creating /workspaces/ros2/ros2_ws/install/py_pubsub/lib/python3.10/site-packages/py-pubsub.egg-link (link to .)
[10.107s] Installing listener script to /workspaces/ros2/ros2_ws/install/py_pubsub/lib/py_pubsub
[10.119s] Installing talker script to /workspaces/ros2/ros2_ws/install/py_pubsub/lib/py_pubsub
[10.134s] 
[10.135s] Installed /workspaces/ros2/ros2_ws/build/py_pubsub
[10.137s] running symlink_data
[10.152s] symbolically linking /workspaces/ros2/ros2_ws/build/py_pubsub/resource/py_pubsub -> /workspaces/ros2/ros2_ws/install/py_pubsub/share/ament_index/resource_index/packages
[10.168s] symbolically linking /workspaces/ros2/ros2_ws/build/py_pubsub/package.xml -> /workspaces/ros2/ros2_ws/install/py_pubsub/share/py_pubsub
[10.433s] Invoked command in '/workspaces/ros2/ros2_ws/build/py_pubsub' returned '0': PYTHONPATH=/workspaces/ros2/ros2_ws/build/py_pubsub/prefix_override:/workspaces/ros2/ros2_ws/install/py_pubsub/lib/python3.10/site-packages:${PYTHONPATH} /usr/bin/python3 -W ignore:setup.py install is deprecated setup.py develop --editable --build-directory /workspaces/ros2/ros2_ws/build/py_pubsub/build --no-deps symlink_data --force
