[6.050s] Invoking command in '/workspaces/ros2/ros2_ws/build/py_srvcli': PYTHONPATH=/workspaces/ros2/ros2_ws/build/py_srvcli/prefix_override:/workspaces/ros2/ros2_ws/install/py_srvcli/lib/python3.10/site-packages:${PYTHONPATH} /usr/bin/python3 -W ignore:setup.py install is deprecated setup.py develop --uninstall --editable --build-directory /workspaces/ros2/ros2_ws/build/py_srvcli/build
[7.564s] running develop
[8.020s] Removing /workspaces/ros2/ros2_ws/install/py_srvcli/lib/python3.10/site-packages/py-srvcli.egg-link (link to .)
[8.055s] Invoked command in '/workspaces/ros2/ros2_ws/build/py_srvcli' returned '0': PYTHONPATH=/workspaces/ros2/ros2_ws/build/py_srvcli/prefix_override:/workspaces/ros2/ros2_ws/install/py_srvcli/lib/python3.10/site-packages:${PYTHONPATH} /usr/bin/python3 -W ignore:setup.py install is deprecated setup.py develop --uninstall --editable --build-directory /workspaces/ros2/ros2_ws/build/py_srvcli/build
[8.063s] Invoking command in '/workspaces/ros2/ros2_ws/src/py_srvcli': PYTHONPATH=/workspaces/ros2/ros2_ws/build/py_srvcli/prefix_override:/workspaces/ros2/ros2_ws/install/py_srvcli/lib/python3.10/site-packages:${PYTHONPATH} /usr/bin/python3 -W ignore:setup.py install is deprecated setup.py egg_info --egg-base ../../build/py_srvcli build --build-base /workspaces/ros2/ros2_ws/build/py_srvcli/build install --record /workspaces/ros2/ros2_ws/build/py_srvcli/install.log --single-version-externally-managed install_data --force
[9.629s] running egg_info
[9.634s] writing ../../build/py_srvcli/py_srvcli.egg-info/PKG-INFO
[9.640s] writing dependency_links to ../../build/py_srvcli/py_srvcli.egg-info/dependency_links.txt
[9.645s] writing entry points to ../../build/py_srvcli/py_srvcli.egg-info/entry_points.txt
[9.649s] writing requirements to ../../build/py_srvcli/py_srvcli.egg-info/requires.txt
[9.652s] writing top-level names to ../../build/py_srvcli/py_srvcli.egg-info/top_level.txt
[9.686s] reading manifest file '../../build/py_srvcli/py_srvcli.egg-info/SOURCES.txt'
[9.722s] adding license file 'LICENSE'
[9.742s] writing manifest file '../../build/py_srvcli/py_srvcli.egg-info/SOURCES.txt'
[9.745s] running build
[9.745s] running build_py
[9.760s] running install
[9.761s] running install_lib
[9.779s] creating /workspaces/ros2/ros2_ws/install/py_srvcli/lib/python3.10/site-packages/py_srvcli
[9.793s] copying /workspaces/ros2/ros2_ws/build/py_srvcli/build/lib/py_srvcli/__init__.py -> /workspaces/ros2/ros2_ws/install/py_srvcli/lib/python3.10/site-packages/py_srvcli
[9.830s] byte-compiling /workspaces/ros2/ros2_ws/install/py_srvcli/lib/python3.10/site-packages/py_srvcli/__init__.py to __init__.cpython-310.pyc
[9.858s] running install_data
[9.864s] copying resource/py_srvcli -> /workspaces/ros2/ros2_ws/install/py_srvcli/share/ament_index/resource_index/packages
[9.885s] copying package.xml -> /workspaces/ros2/ros2_ws/install/py_srvcli/share/py_srvcli
[9.899s] running install_egg_info
[9.915s] Copying ../../build/py_srvcli/py_srvcli.egg-info to /workspaces/ros2/ros2_ws/install/py_srvcli/lib/python3.10/site-packages/py_srvcli-0.0.0-py3.10.egg-info
[10.096s] running install_scripts
[10.237s] writing list of installed files to '/workspaces/ros2/ros2_ws/build/py_srvcli/install.log'
[10.410s] Invoked command in '/workspaces/ros2/ros2_ws/src/py_srvcli' returned '0': PYTHONPATH=/workspaces/ros2/ros2_ws/build/py_srvcli/prefix_override:/workspaces/ros2/ros2_ws/install/py_srvcli/lib/python3.10/site-packages:${PYTHONPATH} /usr/bin/python3 -W ignore:setup.py install is deprecated setup.py egg_info --egg-base ../../build/py_srvcli build --build-base /workspaces/ros2/ros2_ws/build/py_srvcli/build install --record /workspaces/ros2/ros2_ws/build/py_srvcli/install.log --single-version-externally-managed install_data --force
