[7.359s] Invoking command in '/workspaces/ros2/ros2_ws/build/py_pubsub': PYTHONPATH=/workspaces/ros2/ros2_ws/build/py_pubsub/prefix_override:/workspaces/ros2/ros2_ws/install/py_pubsub/lib/python3.10/site-packages:${PYTHONPATH} /usr/bin/python3 -W ignore:setup.py install is deprecated setup.py develop --editable --build-directory /workspaces/ros2/ros2_ws/build/py_pubsub/build --no-deps symlink_data --force
[9.034s] running develop
[9.435s] running egg_info
[9.437s] writing py_pubsub.egg-info/PKG-INFO
[9.440s] writing dependency_links to py_pubsub.egg-info/dependency_links.txt
[9.443s] writing entry points to py_pubsub.egg-info/entry_points.txt
[9.446s] writing requirements to py_pubsub.egg-info/requires.txt
[9.448s] writing top-level names to py_pubsub.egg-info/top_level.txt
[9.487s] reading manifest file 'py_pubsub.egg-info/SOURCES.txt'
[9.553s] writing manifest file 'py_pubsub.egg-info/SOURCES.txt'
[9.584s] running build_ext
[9.585s] Creating /workspaces/ros2/ros2_ws/install/py_pubsub/lib/python3.10/site-packages/py-pubsub.egg-link (link to .)
[9.601s] Installing listener script to /workspaces/ros2/ros2_ws/install/py_pubsub/lib/py_pubsub
[9.615s] Installing talker script to /workspaces/ros2/ros2_ws/install/py_pubsub/lib/py_pubsub
[9.627s] 
[9.628s] Installed /workspaces/ros2/ros2_ws/build/py_pubsub
[9.630s] running symlink_data
[9.645s] symbolically linking /workspaces/ros2/ros2_ws/build/py_pubsub/resource/py_pubsub -> /workspaces/ros2/ros2_ws/install/py_pubsub/share/ament_index/resource_index/packages
[9.659s] symbolically linking /workspaces/ros2/ros2_ws/build/py_pubsub/package.xml -> /workspaces/ros2/ros2_ws/install/py_pubsub/share/py_pubsub
[9.708s] Invoked command in '/workspaces/ros2/ros2_ws/build/py_pubsub' returned '0': PYTHONPATH=/workspaces/ros2/ros2_ws/build/py_pubsub/prefix_override:/workspaces/ros2/ros2_ws/install/py_pubsub/lib/python3.10/site-packages:${PYTHONPATH} /usr/bin/python3 -W ignore:setup.py install is deprecated setup.py develop --editable --build-directory /workspaces/ros2/ros2_ws/build/py_pubsub/build --no-deps symlink_data --force
