[2.231s] Invoking command in '/workspaces/ros2/ros2_ws/src/my_robot_controller': PYTHONPATH=/workspaces/ros2/ros2_ws/build/my_robot_controller/prefix_override:/workspaces/ros2/ros2_ws/install/my_robot_controller/lib/python3.10/site-packages:${PYTHONPATH} /usr/bin/python3 -W ignore:setup.py install is deprecated setup.py egg_info --egg-base ../../build/my_robot_controller build --build-base /workspaces/ros2/ros2_ws/build/my_robot_controller/build install --record /workspaces/ros2/ros2_ws/build/my_robot_controller/install.log --single-version-externally-managed install_data
[2.928s] running egg_info
[2.931s] creating ../../build/my_robot_controller/my_robot_controller.egg-info
[2.934s] writing ../../build/my_robot_controller/my_robot_controller.egg-info/PKG-INFO
[2.941s] writing dependency_links to ../../build/my_robot_controller/my_robot_controller.egg-info/dependency_links.txt
[2.946s] writing entry points to ../../build/my_robot_controller/my_robot_controller.egg-info/entry_points.txt
[2.949s] writing requirements to ../../build/my_robot_controller/my_robot_controller.egg-info/requires.txt
[2.952s] writing top-level names to ../../build/my_robot_controller/my_robot_controller.egg-info/top_level.txt
[2.957s] writing manifest file '../../build/my_robot_controller/my_robot_controller.egg-info/SOURCES.txt'
[2.985s] reading manifest file '../../build/my_robot_controller/my_robot_controller.egg-info/SOURCES.txt'
[3.046s] writing manifest file '../../build/my_robot_controller/my_robot_controller.egg-info/SOURCES.txt'
[3.050s] running build
[3.051s] running build_py
[3.056s] creating /workspaces/ros2/ros2_ws/build/my_robot_controller/build
[3.057s] creating /workspaces/ros2/ros2_ws/build/my_robot_controller/build/lib
[3.060s] creating /workspaces/ros2/ros2_ws/build/my_robot_controller/build/lib/my_robot_controller
[3.071s] copying my_robot_controller/__init__.py -> /workspaces/ros2/ros2_ws/build/my_robot_controller/build/lib/my_robot_controller
[3.086s] running install
[3.088s] running install_lib
[3.112s] creating /workspaces/ros2/ros2_ws/install/my_robot_controller/lib/python3.10/site-packages/my_robot_controller
[3.128s] copying /workspaces/ros2/ros2_ws/build/my_robot_controller/build/lib/my_robot_controller/__init__.py -> /workspaces/ros2/ros2_ws/install/my_robot_controller/lib/python3.10/site-packages/my_robot_controller
[3.160s] byte-compiling /workspaces/ros2/ros2_ws/install/my_robot_controller/lib/python3.10/site-packages/my_robot_controller/__init__.py to __init__.cpython-310.pyc
[3.190s] running install_data
[3.195s] creating /workspaces/ros2/ros2_ws/install/my_robot_controller/share/ament_index
[3.197s] creating /workspaces/ros2/ros2_ws/install/my_robot_controller/share/ament_index/resource_index
[3.199s] creating /workspaces/ros2/ros2_ws/install/my_robot_controller/share/ament_index/resource_index/packages
[3.208s] copying resource/my_robot_controller -> /workspaces/ros2/ros2_ws/install/my_robot_controller/share/ament_index/resource_index/packages
[3.228s] copying package.xml -> /workspaces/ros2/ros2_ws/install/my_robot_controller/share/my_robot_controller
[3.239s] running install_egg_info
[3.253s] Copying ../../build/my_robot_controller/my_robot_controller.egg-info to /workspaces/ros2/ros2_ws/install/my_robot_controller/lib/python3.10/site-packages/my_robot_controller-0.0.0-py3.10.egg-info
[3.471s] running install_scripts
[3.532s] writing list of installed files to '/workspaces/ros2/ros2_ws/build/my_robot_controller/install.log'
[3.558s] Invoked command in '/workspaces/ros2/ros2_ws/src/my_robot_controller' returned '0': PYTHONPATH=/workspaces/ros2/ros2_ws/build/my_robot_controller/prefix_override:/workspaces/ros2/ros2_ws/install/my_robot_controller/lib/python3.10/site-packages:${PYTHONPATH} /usr/bin/python3 -W ignore:setup.py install is deprecated setup.py egg_info --egg-base ../../build/my_robot_controller build --build-base /workspaces/ros2/ros2_ws/build/my_robot_controller/build install --record /workspaces/ros2/ros2_ws/build/my_robot_controller/install.log --single-version-externally-managed install_data
