[0.118s] DEBUG:colcon:Command line arguments: ['/usr/bin/colcon', 'build']
[0.118s] DEBUG:colcon:Parsed command line arguments: Namespace(log_base=None, log_level=None, verb_name='build', build_base='build', install_base='install', merge_install=False, symlink_install=False, test_result_base=None, continue_on_error=False, executor='parallel', parallel_workers=16, event_handlers=None, ignore_user_meta=False, metas=['./colcon.meta'], base_paths=['.'], packages_ignore=None, packages_ignore_regex=None, paths=None, packages_up_to=None, packages_up_to_regex=None, packages_above=None, packages_above_and_dependencies=None, packages_above_depth=None, packages_select_by_dep=None, packages_skip_by_dep=None, packages_skip_up_to=None, packages_select_build_failed=False, packages_skip_build_finished=False, packages_select_test_failures=False, packages_skip_test_passed=False, packages_select=None, packages_skip=None, packages_select_regex=None, packages_skip_regex=None, packages_start=None, packages_end=None, cmake_args=None, cmake_target=None, cmake_target_skip_unavailable=False, cmake_clean_cache=False, cmake_clean_first=False, cmake_force_configure=False, ament_cmake_args=None, catkin_cmake_args=None, catkin_skip_building_tests=False, mixin_files=None, mixin=None, verb_parser=<colcon_mixin.mixin.mixin_argument.MixinArgumentDecorator object at 0x7ff428cfbdf0>, verb_extension=<colcon_core.verb.build.BuildVerb object at 0x7ff428c3c460>, main=<bound method BuildVerb.main of <colcon_core.verb.build.BuildVerb object at 0x7ff428c3c460>>, mixin_verb=('build',))
[0.264s] Level 1:colcon.colcon_core.package_discovery:discover_packages(colcon_meta) check parameters
[0.265s] INFO:colcon.colcon_metadata.package_discovery.colcon_meta:Using configuration from '/root/.colcon/metadata/default/Gazebo.meta'
[0.266s] INFO:colcon.colcon_metadata.package_discovery.colcon_meta:Using configuration from '/root/.colcon/metadata/default/fastrtps.meta'
[0.266s] Level 1:colcon.colcon_core.package_discovery:discover_packages(recursive) check parameters
[0.267s] Level 1:colcon.colcon_core.package_discovery:discover_packages(ignore) check parameters
[0.267s] Level 1:colcon.colcon_core.package_discovery:discover_packages(path) check parameters
[0.267s] Level 1:colcon.colcon_core.package_discovery:discover_packages(colcon_meta) discover
[0.267s] Level 1:colcon.colcon_core.package_discovery:discover_packages(recursive) discover
[0.268s] INFO:colcon.colcon_core.package_discovery:Crawling recursively for packages in '/workspaces/ros2/ros2_ws'
[0.269s] Level 1:colcon.colcon_core.package_identification:_identify(.) by extensions ['ignore', 'ignore_ament_install']
[0.269s] Level 1:colcon.colcon_core.package_identification:_identify(.) by extension 'ignore'
[0.270s] Level 1:colcon.colcon_core.package_identification:_identify(.) by extension 'ignore_ament_install'
[0.270s] Level 1:colcon.colcon_core.package_identification:_identify(.) by extensions ['colcon_pkg']
[0.270s] Level 1:colcon.colcon_core.package_identification:_identify(.) by extension 'colcon_pkg'
[0.271s] Level 1:colcon.colcon_core.package_identification:_identify(.) by extensions ['colcon_meta']
[0.271s] Level 1:colcon.colcon_core.package_identification:_identify(.) by extension 'colcon_meta'
[0.271s] Level 1:colcon.colcon_core.package_identification:_identify(.) by extensions ['ros']
[0.271s] Level 1:colcon.colcon_core.package_identification:_identify(.) by extension 'ros'
[0.281s] Level 1:colcon.colcon_core.package_identification:_identify(.) by extensions ['cmake', 'python']
[0.282s] Level 1:colcon.colcon_core.package_identification:_identify(.) by extension 'cmake'
[0.282s] Level 1:colcon.colcon_core.package_identification:_identify(.) by extension 'python'
[0.282s] Level 1:colcon.colcon_core.package_identification:_identify(.) by extensions ['python_setup_py']
[0.283s] Level 1:colcon.colcon_core.package_identification:_identify(.) by extension 'python_setup_py'
[0.285s] Level 1:colcon.colcon_core.package_identification:_identify(build) by extensions ['ignore', 'ignore_ament_install']
[0.285s] Level 1:colcon.colcon_core.package_identification:_identify(build) by extension 'ignore'
[0.286s] Level 1:colcon.colcon_core.package_identification:_identify(build) ignored
[0.288s] Level 1:colcon.colcon_core.package_identification:_identify(install) by extensions ['ignore', 'ignore_ament_install']
[0.288s] Level 1:colcon.colcon_core.package_identification:_identify(install) by extension 'ignore'
[0.289s] Level 1:colcon.colcon_core.package_identification:_identify(install) ignored
[0.291s] Level 1:colcon.colcon_core.package_identification:_identify(log) by extensions ['ignore', 'ignore_ament_install']
[0.292s] Level 1:colcon.colcon_core.package_identification:_identify(log) by extension 'ignore'
[0.292s] Level 1:colcon.colcon_core.package_identification:_identify(log) ignored
[0.294s] Level 1:colcon.colcon_core.package_identification:_identify(src) by extensions ['ignore', 'ignore_ament_install']
[0.294s] Level 1:colcon.colcon_core.package_identification:_identify(src) by extension 'ignore'
[0.294s] Level 1:colcon.colcon_core.package_identification:_identify(src) by extension 'ignore_ament_install'
[0.295s] Level 1:colcon.colcon_core.package_identification:_identify(src) by extensions ['colcon_pkg']
[0.296s] Level 1:colcon.colcon_core.package_identification:_identify(src) by extension 'colcon_pkg'
[0.296s] Level 1:colcon.colcon_core.package_identification:_identify(src) by extensions ['colcon_meta']
[0.296s] Level 1:colcon.colcon_core.package_identification:_identify(src) by extension 'colcon_meta'
[0.297s] Level 1:colcon.colcon_core.package_identification:_identify(src) by extensions ['ros']
[0.297s] Level 1:colcon.colcon_core.package_identification:_identify(src) by extension 'ros'
[0.299s] Level 1:colcon.colcon_core.package_identification:_identify(src) by extensions ['cmake', 'python']
[0.299s] Level 1:colcon.colcon_core.package_identification:_identify(src) by extension 'cmake'
[0.300s] Level 1:colcon.colcon_core.package_identification:_identify(src) by extension 'python'
[0.300s] Level 1:colcon.colcon_core.package_identification:_identify(src) by extensions ['python_setup_py']
[0.300s] Level 1:colcon.colcon_core.package_identification:_identify(src) by extension 'python_setup_py'
[0.303s] Level 1:colcon.colcon_core.package_identification:_identify(src/ros_tutorials) by extensions ['ignore', 'ignore_ament_install']
[0.303s] Level 1:colcon.colcon_core.package_identification:_identify(src/ros_tutorials) by extension 'ignore'
[0.304s] Level 1:colcon.colcon_core.package_identification:_identify(src/ros_tutorials) by extension 'ignore_ament_install'
[0.305s] Level 1:colcon.colcon_core.package_identification:_identify(src/ros_tutorials) by extensions ['colcon_pkg']
[0.306s] Level 1:colcon.colcon_core.package_identification:_identify(src/ros_tutorials) by extension 'colcon_pkg'
[0.306s] Level 1:colcon.colcon_core.package_identification:_identify(src/ros_tutorials) by extensions ['colcon_meta']
[0.306s] Level 1:colcon.colcon_core.package_identification:_identify(src/ros_tutorials) by extension 'colcon_meta'
[0.308s] Level 1:colcon.colcon_core.package_identification:_identify(src/ros_tutorials) by extensions ['ros']
[0.308s] Level 1:colcon.colcon_core.package_identification:_identify(src/ros_tutorials) by extension 'ros'
[0.311s] Level 1:colcon.colcon_core.package_identification:_identify(src/ros_tutorials) by extensions ['cmake', 'python']
[0.311s] Level 1:colcon.colcon_core.package_identification:_identify(src/ros_tutorials) by extension 'cmake'
[0.312s] Level 1:colcon.colcon_core.package_identification:_identify(src/ros_tutorials) by extension 'python'
[0.313s] Level 1:colcon.colcon_core.package_identification:_identify(src/ros_tutorials) by extensions ['python_setup_py']
[0.313s] Level 1:colcon.colcon_core.package_identification:_identify(src/ros_tutorials) by extension 'python_setup_py'
[0.317s] Level 1:colcon.colcon_core.package_identification:_identify(src/ros_tutorials/ros_tutorials) by extensions ['ignore', 'ignore_ament_install']
[0.317s] Level 1:colcon.colcon_core.package_identification:_identify(src/ros_tutorials/ros_tutorials) by extension 'ignore'
[0.319s] Level 1:colcon.colcon_core.package_identification:_identify(src/ros_tutorials/ros_tutorials) ignored
[0.322s] Level 1:colcon.colcon_core.package_identification:_identify(src/ros_tutorials/roscpp_tutorials) by extensions ['ignore', 'ignore_ament_install']
[0.322s] Level 1:colcon.colcon_core.package_identification:_identify(src/ros_tutorials/roscpp_tutorials) by extension 'ignore'
[0.324s] Level 1:colcon.colcon_core.package_identification:_identify(src/ros_tutorials/roscpp_tutorials) ignored
[0.327s] Level 1:colcon.colcon_core.package_identification:_identify(src/ros_tutorials/rospy_tutorials) by extensions ['ignore', 'ignore_ament_install']
[0.328s] Level 1:colcon.colcon_core.package_identification:_identify(src/ros_tutorials/rospy_tutorials) by extension 'ignore'
[0.329s] Level 1:colcon.colcon_core.package_identification:_identify(src/ros_tutorials/rospy_tutorials) ignored
[0.333s] Level 1:colcon.colcon_core.package_identification:_identify(src/ros_tutorials/turtlesim) by extensions ['ignore', 'ignore_ament_install']
[0.333s] Level 1:colcon.colcon_core.package_identification:_identify(src/ros_tutorials/turtlesim) by extension 'ignore'
[0.334s] Level 1:colcon.colcon_core.package_identification:_identify(src/ros_tutorials/turtlesim) by extension 'ignore_ament_install'
[0.336s] Level 1:colcon.colcon_core.package_identification:_identify(src/ros_tutorials/turtlesim) by extensions ['colcon_pkg']
[0.336s] Level 1:colcon.colcon_core.package_identification:_identify(src/ros_tutorials/turtlesim) by extension 'colcon_pkg'
[0.337s] Level 1:colcon.colcon_core.package_identification:_identify(src/ros_tutorials/turtlesim) by extensions ['colcon_meta']
[0.337s] Level 1:colcon.colcon_core.package_identification:_identify(src/ros_tutorials/turtlesim) by extension 'colcon_meta'
[0.339s] Level 1:colcon.colcon_core.package_identification:_identify(src/ros_tutorials/turtlesim) by extensions ['ros']
[0.339s] Level 1:colcon.colcon_core.package_identification:_identify(src/ros_tutorials/turtlesim) by extension 'ros'
[0.353s] DEBUG:colcon.colcon_core.package_identification:Package 'src/ros_tutorials/turtlesim' with type 'ros.ament_cmake' and name 'turtlesim'
[0.353s] Level 1:colcon.colcon_core.package_discovery:discover_packages(recursive) using defaults
[0.353s] Level 1:colcon.colcon_core.package_discovery:discover_packages(ignore) discover
[0.353s] Level 1:colcon.colcon_core.package_discovery:discover_packages(ignore) using defaults
[0.353s] Level 1:colcon.colcon_core.package_discovery:discover_packages(path) discover
[0.354s] Level 1:colcon.colcon_core.package_discovery:discover_packages(path) using defaults
[0.383s] Level 5:colcon.colcon_core.verb:set package 'turtlesim' build argument 'cmake_args' from command line to 'None'
[0.383s] Level 5:colcon.colcon_core.verb:set package 'turtlesim' build argument 'cmake_target' from command line to 'None'
[0.383s] Level 5:colcon.colcon_core.verb:set package 'turtlesim' build argument 'cmake_target_skip_unavailable' from command line to 'False'
[0.384s] Level 5:colcon.colcon_core.verb:set package 'turtlesim' build argument 'cmake_clean_cache' from command line to 'False'
[0.384s] Level 5:colcon.colcon_core.verb:set package 'turtlesim' build argument 'cmake_clean_first' from command line to 'False'
[0.384s] Level 5:colcon.colcon_core.verb:set package 'turtlesim' build argument 'cmake_force_configure' from command line to 'False'
[0.384s] Level 5:colcon.colcon_core.verb:set package 'turtlesim' build argument 'ament_cmake_args' from command line to 'None'
[0.384s] Level 5:colcon.colcon_core.verb:set package 'turtlesim' build argument 'catkin_cmake_args' from command line to 'None'
[0.384s] Level 5:colcon.colcon_core.verb:set package 'turtlesim' build argument 'catkin_skip_building_tests' from command line to 'False'
[0.384s] DEBUG:colcon.colcon_core.verb:Building package 'turtlesim' with the following arguments: {'ament_cmake_args': None, 'build_base': '/workspaces/ros2/ros2_ws/build/turtlesim', 'catkin_cmake_args': None, 'catkin_skip_building_tests': False, 'cmake_args': None, 'cmake_clean_cache': False, 'cmake_clean_first': False, 'cmake_force_configure': False, 'cmake_target': None, 'cmake_target_skip_unavailable': False, 'install_base': '/workspaces/ros2/ros2_ws/install/turtlesim', 'merge_install': False, 'path': '/workspaces/ros2/ros2_ws/src/ros_tutorials/turtlesim', 'symlink_install': False, 'test_result_base': None}
[0.385s] INFO:colcon.colcon_core.executor:Executing jobs using 'parallel' executor
[0.386s] DEBUG:colcon.colcon_parallel_executor.executor.parallel:run_until_complete
[0.386s] INFO:colcon.colcon_ros.task.ament_cmake.build:Building ROS package in '/workspaces/ros2/ros2_ws/src/ros_tutorials/turtlesim' with build type 'ament_cmake'
[0.386s] INFO:colcon.colcon_cmake.task.cmake.build:Building CMake package in '/workspaces/ros2/ros2_ws/src/ros_tutorials/turtlesim'
[0.389s] INFO:colcon.colcon_core.plugin_system:Skipping extension 'colcon_core.shell.bat': Not used on non-Windows systems
[0.389s] INFO:colcon.colcon_core.shell:Skip shell extension 'powershell' for command environment: Not usable outside of PowerShell
[0.389s] DEBUG:colcon.colcon_core.shell:Skip shell extension 'dsv' for command environment
[0.420s] DEBUG:colcon.colcon_core.event_handler.log_command:Invoking command in '/workspaces/ros2/ros2_ws/build/turtlesim': CMAKE_PREFIX_PATH=/opt/ros/humble /usr/bin/cmake /workspaces/ros2/ros2_ws/src/ros_tutorials/turtlesim -DCMAKE_INSTALL_PREFIX=/workspaces/ros2/ros2_ws/install/turtlesim
[7.808s] DEBUG:colcon.colcon_core.event_handler.log_command:Invoked command in '/workspaces/ros2/ros2_ws/build/turtlesim' returned '0': CMAKE_PREFIX_PATH=/opt/ros/humble /usr/bin/cmake /workspaces/ros2/ros2_ws/src/ros_tutorials/turtlesim -DCMAKE_INSTALL_PREFIX=/workspaces/ros2/ros2_ws/install/turtlesim
[7.816s] DEBUG:colcon.colcon_core.event_handler.log_command:Invoking command in '/workspaces/ros2/ros2_ws/build/turtlesim': CMAKE_PREFIX_PATH=/opt/ros/humble /usr/bin/cmake --build /workspaces/ros2/ros2_ws/build/turtlesim -- -j16 -l16
[32.751s] DEBUG:colcon.colcon_core.event_handler.log_command:Invoked command in '/workspaces/ros2/ros2_ws/build/turtlesim' returned '0': CMAKE_PREFIX_PATH=/opt/ros/humble /usr/bin/cmake --build /workspaces/ros2/ros2_ws/build/turtlesim -- -j16 -l16
[32.945s] DEBUG:colcon.colcon_core.event_handler.log_command:Invoking command in '/workspaces/ros2/ros2_ws/build/turtlesim': CMAKE_PREFIX_PATH=/opt/ros/humble /usr/bin/cmake --install /workspaces/ros2/ros2_ws/build/turtlesim
[49.770s] Level 1:colcon.colcon_core.environment:create_environment_scripts_only(turtlesim)
[49.770s] DEBUG:colcon.colcon_core.event_handler.log_command:Invoked command in '/workspaces/ros2/ros2_ws/build/turtlesim' returned '0': CMAKE_PREFIX_PATH=/opt/ros/humble /usr/bin/cmake --install /workspaces/ros2/ros2_ws/build/turtlesim
[49.772s] Level 1:colcon.colcon_core.environment:checking '/workspaces/ros2/ros2_ws/install/turtlesim' for CMake module files
[49.926s] Level 1:colcon.colcon_core.environment:checking '/workspaces/ros2/ros2_ws/install/turtlesim' for CMake config files
[50.096s] Level 1:colcon.colcon_core.shell:create_environment_hook('turtlesim', 'cmake_prefix_path')
[50.097s] INFO:colcon.colcon_core.shell:Creating environment hook '/workspaces/ros2/ros2_ws/install/turtlesim/share/turtlesim/hook/cmake_prefix_path.ps1'
[50.105s] INFO:colcon.colcon_core.shell:Creating environment descriptor '/workspaces/ros2/ros2_ws/install/turtlesim/share/turtlesim/hook/cmake_prefix_path.dsv'
[50.115s] INFO:colcon.colcon_core.shell:Creating environment hook '/workspaces/ros2/ros2_ws/install/turtlesim/share/turtlesim/hook/cmake_prefix_path.sh'
[50.127s] Level 1:colcon.colcon_core.environment:checking '/workspaces/ros2/ros2_ws/install/turtlesim/lib'
[50.130s] Level 1:colcon.colcon_core.shell:create_environment_hook('turtlesim', 'ld_library_path_lib')
[50.131s] INFO:colcon.colcon_core.shell:Creating environment hook '/workspaces/ros2/ros2_ws/install/turtlesim/share/turtlesim/hook/ld_library_path_lib.ps1'
[50.141s] INFO:colcon.colcon_core.shell:Creating environment descriptor '/workspaces/ros2/ros2_ws/install/turtlesim/share/turtlesim/hook/ld_library_path_lib.dsv'
[50.151s] INFO:colcon.colcon_core.shell:Creating environment hook '/workspaces/ros2/ros2_ws/install/turtlesim/share/turtlesim/hook/ld_library_path_lib.sh'
[50.161s] Level 1:colcon.colcon_core.environment:checking '/workspaces/ros2/ros2_ws/install/turtlesim/bin'
[50.162s] Level 1:colcon.colcon_core.environment:checking '/workspaces/ros2/ros2_ws/install/turtlesim/lib/pkgconfig/turtlesim.pc'
[50.164s] Level 1:colcon.colcon_core.environment:checking '/workspaces/ros2/ros2_ws/install/turtlesim/lib/python3.10/site-packages'
[50.166s] Level 1:colcon.colcon_core.environment:checking '/workspaces/ros2/ros2_ws/install/turtlesim/bin'
[50.167s] INFO:colcon.colcon_core.shell:Creating package script '/workspaces/ros2/ros2_ws/install/turtlesim/share/turtlesim/package.ps1'
[50.175s] INFO:colcon.colcon_core.shell:Creating package descriptor '/workspaces/ros2/ros2_ws/install/turtlesim/share/turtlesim/package.dsv'
[50.184s] INFO:colcon.colcon_core.shell:Creating package script '/workspaces/ros2/ros2_ws/install/turtlesim/share/turtlesim/package.sh'
[50.193s] INFO:colcon.colcon_core.shell:Creating package script '/workspaces/ros2/ros2_ws/install/turtlesim/share/turtlesim/package.bash'
[50.201s] INFO:colcon.colcon_core.shell:Creating package script '/workspaces/ros2/ros2_ws/install/turtlesim/share/turtlesim/package.zsh'
[50.209s] Level 1:colcon.colcon_core.environment:create_file_with_runtime_dependencies(/workspaces/ros2/ros2_ws/install/turtlesim/share/colcon-core/packages/turtlesim)
[50.406s] Level 1:colcon.colcon_core.environment:create_environment_scripts_only(turtlesim)
[50.406s] Level 1:colcon.colcon_core.environment:checking '/workspaces/ros2/ros2_ws/install/turtlesim' for CMake module files
[50.569s] Level 1:colcon.colcon_core.environment:checking '/workspaces/ros2/ros2_ws/install/turtlesim' for CMake config files
[50.735s] Level 1:colcon.colcon_core.shell:create_environment_hook('turtlesim', 'cmake_prefix_path')
[50.736s] INFO:colcon.colcon_core.shell:Creating environment hook '/workspaces/ros2/ros2_ws/install/turtlesim/share/turtlesim/hook/cmake_prefix_path.ps1'
[50.745s] INFO:colcon.colcon_core.shell:Creating environment descriptor '/workspaces/ros2/ros2_ws/install/turtlesim/share/turtlesim/hook/cmake_prefix_path.dsv'
[50.754s] INFO:colcon.colcon_core.shell:Creating environment hook '/workspaces/ros2/ros2_ws/install/turtlesim/share/turtlesim/hook/cmake_prefix_path.sh'
[50.765s] Level 1:colcon.colcon_core.environment:checking '/workspaces/ros2/ros2_ws/install/turtlesim/lib'
[50.767s] Level 1:colcon.colcon_core.shell:create_environment_hook('turtlesim', 'ld_library_path_lib')
[50.768s] INFO:colcon.colcon_core.shell:Creating environment hook '/workspaces/ros2/ros2_ws/install/turtlesim/share/turtlesim/hook/ld_library_path_lib.ps1'
[50.777s] INFO:colcon.colcon_core.shell:Creating environment descriptor '/workspaces/ros2/ros2_ws/install/turtlesim/share/turtlesim/hook/ld_library_path_lib.dsv'
[50.787s] INFO:colcon.colcon_core.shell:Creating environment hook '/workspaces/ros2/ros2_ws/install/turtlesim/share/turtlesim/hook/ld_library_path_lib.sh'
[50.796s] Level 1:colcon.colcon_core.environment:checking '/workspaces/ros2/ros2_ws/install/turtlesim/bin'
[50.797s] Level 1:colcon.colcon_core.environment:checking '/workspaces/ros2/ros2_ws/install/turtlesim/lib/pkgconfig/turtlesim.pc'
[50.799s] Level 1:colcon.colcon_core.environment:checking '/workspaces/ros2/ros2_ws/install/turtlesim/lib/python3.10/site-packages'
[50.800s] Level 1:colcon.colcon_core.environment:checking '/workspaces/ros2/ros2_ws/install/turtlesim/bin'
[50.801s] INFO:colcon.colcon_core.shell:Creating package script '/workspaces/ros2/ros2_ws/install/turtlesim/share/turtlesim/package.ps1'
[50.808s] INFO:colcon.colcon_core.shell:Creating package descriptor '/workspaces/ros2/ros2_ws/install/turtlesim/share/turtlesim/package.dsv'
[50.816s] INFO:colcon.colcon_core.shell:Creating package script '/workspaces/ros2/ros2_ws/install/turtlesim/share/turtlesim/package.sh'
[50.824s] INFO:colcon.colcon_core.shell:Creating package script '/workspaces/ros2/ros2_ws/install/turtlesim/share/turtlesim/package.bash'
[50.832s] INFO:colcon.colcon_core.shell:Creating package script '/workspaces/ros2/ros2_ws/install/turtlesim/share/turtlesim/package.zsh'
[50.840s] Level 1:colcon.colcon_core.environment:create_file_with_runtime_dependencies(/workspaces/ros2/ros2_ws/install/turtlesim/share/colcon-core/packages/turtlesim)
[50.846s] DEBUG:colcon.colcon_parallel_executor.executor.parallel:closing loop
[50.847s] DEBUG:colcon.colcon_parallel_executor.executor.parallel:loop closed
[50.847s] DEBUG:colcon.colcon_parallel_executor.executor.parallel:run_until_complete finished with '0'
[50.847s] DEBUG:colcon.colcon_core.event_reactor:joining thread
[50.858s] INFO:colcon.colcon_core.plugin_system:Skipping extension 'colcon_notification.desktop_notification.notify_send': Could not find 'notify-send'
[50.858s] INFO:colcon.colcon_core.plugin_system:Skipping extension 'colcon_notification.desktop_notification.terminal_notifier': Not used on non-Darwin systems
[50.859s] INFO:colcon.colcon_core.plugin_system:Skipping extension 'colcon_notification.desktop_notification.win32': Not used on non-Windows systems
[50.859s] INFO:colcon.colcon_notification.desktop_notification:Sending desktop notification using 'notify2'
[50.863s] DEBUG:colcon.colcon_notification.desktop_notification.notify2:Failed to initialize notify2: org.freedesktop.DBus.Error.ServiceUnknown: The name org.freedesktop.Notifications was not provided by any .service files
[50.863s] DEBUG:colcon.colcon_core.event_reactor:joined thread
[50.864s] INFO:colcon.colcon_core.shell:Creating prefix script '/workspaces/ros2/ros2_ws/install/local_setup.ps1'
[50.869s] INFO:colcon.colcon_core.shell:Creating prefix util module '/workspaces/ros2/ros2_ws/install/_local_setup_util_ps1.py'
[50.873s] INFO:colcon.colcon_core.shell:Creating prefix chain script '/workspaces/ros2/ros2_ws/install/setup.ps1'
[50.877s] INFO:colcon.colcon_core.shell:Creating prefix script '/workspaces/ros2/ros2_ws/install/local_setup.sh'
[50.881s] INFO:colcon.colcon_core.shell:Creating prefix util module '/workspaces/ros2/ros2_ws/install/_local_setup_util_sh.py'
[50.885s] INFO:colcon.colcon_core.shell:Creating prefix chain script '/workspaces/ros2/ros2_ws/install/setup.sh'
[50.889s] INFO:colcon.colcon_core.shell:Creating prefix script '/workspaces/ros2/ros2_ws/install/local_setup.bash'
[50.892s] INFO:colcon.colcon_core.shell:Creating prefix chain script '/workspaces/ros2/ros2_ws/install/setup.bash'
[50.896s] INFO:colcon.colcon_core.shell:Creating prefix script '/workspaces/ros2/ros2_ws/install/local_setup.zsh'
[50.900s] INFO:colcon.colcon_core.shell:Creating prefix chain script '/workspaces/ros2/ros2_ws/install/setup.zsh'
