[1.819s] Invoking command in '/workspaces/ros2/ros2_ws/src/my_package': PYTHONPATH=/workspaces/ros2/ros2_ws/build/my_package/prefix_override:/workspaces/ros2/ros2_ws/install/my_package/lib/python3.10/site-packages:${PYTHONPATH} /usr/bin/python3 -W ignore:setup.py install is deprecated setup.py egg_info --egg-base ../../build/my_package build --build-base /workspaces/ros2/ros2_ws/build/my_package/build install --record /workspaces/ros2/ros2_ws/build/my_package/install.log --single-version-externally-managed install_data
[2.657s] running egg_info
[2.659s] creating ../../build/my_package/my_package.egg-info
[2.661s] writing ../../build/my_package/my_package.egg-info/PKG-INFO
[2.668s] writing dependency_links to ../../build/my_package/my_package.egg-info/dependency_links.txt
[2.672s] writing entry points to ../../build/my_package/my_package.egg-info/entry_points.txt
[2.676s] writing requirements to ../../build/my_package/my_package.egg-info/requires.txt
[2.678s] writing top-level names to ../../build/my_package/my_package.egg-info/top_level.txt
[2.683s] writing manifest file '../../build/my_package/my_package.egg-info/SOURCES.txt'
[2.708s] reading manifest file '../../build/my_package/my_package.egg-info/SOURCES.txt'
[2.731s] adding license file 'LICENSE'
[2.750s] writing manifest file '../../build/my_package/my_package.egg-info/SOURCES.txt'
[2.753s] running build
[2.754s] running build_py
[2.756s] creating /workspaces/ros2/ros2_ws/build/my_package/build
[2.758s] creating /workspaces/ros2/ros2_ws/build/my_package/build/lib
[2.759s] creating /workspaces/ros2/ros2_ws/build/my_package/build/lib/my_package
[2.766s] copying my_package/my_node.py -> /workspaces/ros2/ros2_ws/build/my_package/build/lib/my_package
[2.782s] copying my_package/__init__.py -> /workspaces/ros2/ros2_ws/build/my_package/build/lib/my_package
[2.792s] running install
[2.792s] running install_lib
[2.807s] creating /workspaces/ros2/ros2_ws/install/my_package/lib/python3.10/site-packages/my_package
[2.819s] copying /workspaces/ros2/ros2_ws/build/my_package/build/lib/my_package/my_node.py -> /workspaces/ros2/ros2_ws/install/my_package/lib/python3.10/site-packages/my_package
[2.841s] copying /workspaces/ros2/ros2_ws/build/my_package/build/lib/my_package/__init__.py -> /workspaces/ros2/ros2_ws/install/my_package/lib/python3.10/site-packages/my_package
[2.864s] byte-compiling /workspaces/ros2/ros2_ws/install/my_package/lib/python3.10/site-packages/my_package/my_node.py to my_node.cpython-310.pyc
[2.893s] byte-compiling /workspaces/ros2/ros2_ws/install/my_package/lib/python3.10/site-packages/my_package/__init__.py to __init__.cpython-310.pyc
[2.919s] running install_data
[2.923s] creating /workspaces/ros2/ros2_ws/install/my_package/share/ament_index
[2.925s] creating /workspaces/ros2/ros2_ws/install/my_package/share/ament_index/resource_index
[2.926s] creating /workspaces/ros2/ros2_ws/install/my_package/share/ament_index/resource_index/packages
[2.934s] copying resource/my_package -> /workspaces/ros2/ros2_ws/install/my_package/share/ament_index/resource_index/packages
[2.952s] copying package.xml -> /workspaces/ros2/ros2_ws/install/my_package/share/my_package
[2.961s] running install_egg_info
[2.976s] Copying ../../build/my_package/my_package.egg-info to /workspaces/ros2/ros2_ws/install/my_package/lib/python3.10/site-packages/my_package-0.0.0-py3.10.egg-info
[3.140s] running install_scripts
[3.204s] Installing my_node script to /workspaces/ros2/ros2_ws/install/my_package/lib/my_package
[3.212s] writing list of installed files to '/workspaces/ros2/ros2_ws/build/my_package/install.log'
[3.238s] Invoked command in '/workspaces/ros2/ros2_ws/src/my_package' returned '0': PYTHONPATH=/workspaces/ros2/ros2_ws/build/my_package/prefix_override:/workspaces/ros2/ros2_ws/install/my_package/lib/python3.10/site-packages:${PYTHONPATH} /usr/bin/python3 -W ignore:setup.py install is deprecated setup.py egg_info --egg-base ../../build/my_package build --build-base /workspaces/ros2/ros2_ws/build/my_package/build install --record /workspaces/ros2/ros2_ws/build/my_package/install.log --single-version-externally-managed install_data
