[0.037s] Invoking command in '/workspaces/ros2/ros2_ws/build/turtlesim': CMAKE_PREFIX_PATH=/opt/ros/humble /usr/bin/cmake --build /workspaces/ros2/ros2_ws/build/turtlesim -- -j16 -l16
[0.352s] [  1%] Built target turtlesim__cpp
[0.445s] [35m[1mConsolidate compiler generated dependencies of target turtlesim__rosidl_generator_c[0m
[0.474s] [35m[1mConsolidate compiler generated dependencies of target turtlesim__rosidl_typesupport_cpp[0m
[0.546s] [35m[1mConsolidate compiler generated dependencies of target turtlesim__rosidl_typesupport_introspection_cpp[0m
[0.578s] [35m[1mConsolidate compiler generated dependencies of target turtlesim__rosidl_typesupport_fastrtps_cpp[0m
[0.757s] [ 11%] Built target turtlesim__rosidl_generator_c
[0.906s] [35m[1mConsolidate compiler generated dependencies of target turtlesim__rosidl_typesupport_c[0m
[0.993s] [35m[1mConsolidate compiler generated dependencies of target turtlesim__rosidl_typesupport_introspection_c[0m
[0.994s] [35m[1mConsolidate compiler generated dependencies of target turtlesim__rosidl_typesupport_fastrtps_c[0m
[1.030s] [ 21%] Built target turtlesim__rosidl_typesupport_cpp
[1.076s] [35m[1mConsolidate compiler generated dependencies of target draw_square[0m
[1.077s] [35m[1mConsolidate compiler generated dependencies of target mimic[0m
[1.078s] [35m[1mConsolidate compiler generated dependencies of target turtle_teleop_key[0m
[1.110s] [35m[1mConsolidate compiler generated dependencies of target turtlesim_node[0m
[1.206s] [ 31%] Built target turtlesim__rosidl_typesupport_introspection_cpp
[1.269s] [ 41%] Built target turtlesim__rosidl_typesupport_c
[1.301s] [ 41%] Built target ament_cmake_python_copy_turtlesim
[1.396s] [ 51%] Built target turtlesim__rosidl_typesupport_fastrtps_cpp
[1.434s] [ 61%] Built target turtlesim__rosidl_typesupport_introspection_c
[1.570s] [ 65%] Built target mimic
[1.571s] [ 65%] Built target draw_square
[1.609s] [ 67%] Built target turtle_teleop_key
[1.615s] running egg_info
[1.617s] writing turtlesim.egg-info/PKG-INFO
[1.620s] writing dependency_links to turtlesim.egg-info/dependency_links.txt
[1.624s] writing top-level names to turtlesim.egg-info/top_level.txt
[1.665s] reading manifest file 'turtlesim.egg-info/SOURCES.txt'
[1.698s] writing manifest file 'turtlesim.egg-info/SOURCES.txt'
[1.725s] [ 67%] Built target ament_cmake_python_build_turtlesim_egg
[1.747s] [ 77%] Built target turtlesim__rosidl_typesupport_fastrtps_c
[1.807s] [ 77%] Built target turtlesim
[1.952s] [ 78%] Built target turtlesim__py
[2.028s] [35m[1mConsolidate compiler generated dependencies of target turtlesim__rosidl_generator_py[0m
[2.033s] [ 79%] [32mBuilding CXX object CMakeFiles/turtlesim_node.dir/src/turtle_frame.cpp.o[0m
[2.439s] [ 88%] Built target turtlesim__rosidl_generator_py
[2.468s] [35m[1mConsolidate compiler generated dependencies of target turtlesim__rosidl_typesupport_introspection_c__pyext[0m
[2.469s] [35m[1mConsolidate compiler generated dependencies of target turtlesim__rosidl_typesupport_fastrtps_c__pyext[0m
[2.470s] [35m[1mConsolidate compiler generated dependencies of target turtlesim__rosidl_typesupport_c__pyext[0m
[2.666s] [ 92%] Built target turtlesim__rosidl_typesupport_introspection_c__pyext
[2.667s] [ 92%] Built target turtlesim__rosidl_typesupport_c__pyext
[2.686s] [ 94%] Built target turtlesim__rosidl_typesupport_fastrtps_c__pyext
[13.914s] [ 95%] [32m[1mLinking CXX executable turtlesim_node[0m
[18.945s] [100%] Built target turtlesim_node
[19.160s] Invoked command in '/workspaces/ros2/ros2_ws/build/turtlesim' returned '0': CMAKE_PREFIX_PATH=/opt/ros/humble /usr/bin/cmake --build /workspaces/ros2/ros2_ws/build/turtlesim -- -j16 -l16
[19.356s] Invoking command in '/workspaces/ros2/ros2_ws/build/turtlesim': CMAKE_PREFIX_PATH=/opt/ros/humble /usr/bin/cmake --install /workspaces/ros2/ros2_ws/build/turtlesim
[19.364s] -- Install configuration: ""
[19.381s] -- Up-to-date: /workspaces/ros2/ros2_ws/install/turtlesim/share/ament_index/resource_index/rosidl_interfaces/turtlesim
[19.390s] -- Up-to-date: /workspaces/ros2/ros2_ws/install/turtlesim/include/turtlesim/turtlesim
[19.405s] -- Up-to-date: /workspaces/ros2/ros2_ws/install/turtlesim/include/turtlesim/turtlesim/action
[19.423s] -- Up-to-date: /workspaces/ros2/ros2_ws/install/turtlesim/include/turtlesim/turtlesim/action/detail
[19.445s] -- Up-to-date: /workspaces/ros2/ros2_ws/install/turtlesim/include/turtlesim/turtlesim/action/detail/rotate_absolute__functions.c
[19.462s] -- Up-to-date: /workspaces/ros2/ros2_ws/install/turtlesim/include/turtlesim/turtlesim/action/detail/rotate_absolute__functions.h
[19.480s] -- Up-to-date: /workspaces/ros2/ros2_ws/install/turtlesim/include/turtlesim/turtlesim/action/detail/rotate_absolute__struct.h
[19.497s] -- Up-to-date: /workspaces/ros2/ros2_ws/install/turtlesim/include/turtlesim/turtlesim/action/detail/rotate_absolute__type_support.h
[19.512s] -- Up-to-date: /workspaces/ros2/ros2_ws/install/turtlesim/include/turtlesim/turtlesim/action/rotate_absolute.h
[19.523s] -- Up-to-date: /workspaces/ros2/ros2_ws/install/turtlesim/include/turtlesim/turtlesim/msg
[19.541s] -- Up-to-date: /workspaces/ros2/ros2_ws/install/turtlesim/include/turtlesim/turtlesim/msg/color.h
[19.554s] -- Up-to-date: /workspaces/ros2/ros2_ws/install/turtlesim/include/turtlesim/turtlesim/msg/detail
[19.577s] -- Up-to-date: /workspaces/ros2/ros2_ws/install/turtlesim/include/turtlesim/turtlesim/msg/detail/color__functions.c
[19.594s] -- Up-to-date: /workspaces/ros2/ros2_ws/install/turtlesim/include/turtlesim/turtlesim/msg/detail/color__functions.h
[19.612s] -- Up-to-date: /workspaces/ros2/ros2_ws/install/turtlesim/include/turtlesim/turtlesim/msg/detail/color__struct.h
[19.629s] -- Up-to-date: /workspaces/ros2/ros2_ws/install/turtlesim/include/turtlesim/turtlesim/msg/detail/color__type_support.h
[19.646s] -- Up-to-date: /workspaces/ros2/ros2_ws/install/turtlesim/include/turtlesim/turtlesim/msg/detail/pose__functions.c
[19.663s] -- Up-to-date: /workspaces/ros2/ros2_ws/install/turtlesim/include/turtlesim/turtlesim/msg/detail/pose__functions.h
[19.680s] -- Up-to-date: /workspaces/ros2/ros2_ws/install/turtlesim/include/turtlesim/turtlesim/msg/detail/pose__struct.h
[19.697s] -- Up-to-date: /workspaces/ros2/ros2_ws/install/turtlesim/include/turtlesim/turtlesim/msg/detail/pose__type_support.h
[19.714s] -- Up-to-date: /workspaces/ros2/ros2_ws/install/turtlesim/include/turtlesim/turtlesim/msg/pose.h
[19.730s] -- Up-to-date: /workspaces/ros2/ros2_ws/install/turtlesim/include/turtlesim/turtlesim/msg/rosidl_generator_c__visibility_control.h
[19.741s] -- Up-to-date: /workspaces/ros2/ros2_ws/install/turtlesim/include/turtlesim/turtlesim/srv
[19.758s] -- Up-to-date: /workspaces/ros2/ros2_ws/install/turtlesim/include/turtlesim/turtlesim/srv/detail
[19.782s] -- Up-to-date: /workspaces/ros2/ros2_ws/install/turtlesim/include/turtlesim/turtlesim/srv/detail/kill__functions.c
[19.800s] -- Up-to-date: /workspaces/ros2/ros2_ws/install/turtlesim/include/turtlesim/turtlesim/srv/detail/kill__functions.h
[19.818s] -- Up-to-date: /workspaces/ros2/ros2_ws/install/turtlesim/include/turtlesim/turtlesim/srv/detail/kill__struct.h
[19.836s] -- Up-to-date: /workspaces/ros2/ros2_ws/install/turtlesim/include/turtlesim/turtlesim/srv/detail/kill__type_support.h
[19.853s] -- Up-to-date: /workspaces/ros2/ros2_ws/install/turtlesim/include/turtlesim/turtlesim/srv/detail/set_pen__functions.c
[19.872s] -- Up-to-date: /workspaces/ros2/ros2_ws/install/turtlesim/include/turtlesim/turtlesim/srv/detail/set_pen__functions.h
[19.890s] -- Up-to-date: /workspaces/ros2/ros2_ws/install/turtlesim/include/turtlesim/turtlesim/srv/detail/set_pen__struct.h
[19.907s] -- Up-to-date: /workspaces/ros2/ros2_ws/install/turtlesim/include/turtlesim/turtlesim/srv/detail/set_pen__type_support.h
[19.927s] -- Up-to-date: /workspaces/ros2/ros2_ws/install/turtlesim/include/turtlesim/turtlesim/srv/detail/spawn__functions.c
[19.945s] -- Up-to-date: /workspaces/ros2/ros2_ws/install/turtlesim/include/turtlesim/turtlesim/srv/detail/spawn__functions.h
[19.963s] -- Up-to-date: /workspaces/ros2/ros2_ws/install/turtlesim/include/turtlesim/turtlesim/srv/detail/spawn__struct.h
[19.981s] -- Up-to-date: /workspaces/ros2/ros2_ws/install/turtlesim/include/turtlesim/turtlesim/srv/detail/spawn__type_support.h
[19.998s] -- Up-to-date: /workspaces/ros2/ros2_ws/install/turtlesim/include/turtlesim/turtlesim/srv/detail/teleport_absolute__functions.c
[20.016s] -- Up-to-date: /workspaces/ros2/ros2_ws/install/turtlesim/include/turtlesim/turtlesim/srv/detail/teleport_absolute__functions.h
[20.033s] -- Up-to-date: /workspaces/ros2/ros2_ws/install/turtlesim/include/turtlesim/turtlesim/srv/detail/teleport_absolute__struct.h
[20.051s] -- Up-to-date: /workspaces/ros2/ros2_ws/install/turtlesim/include/turtlesim/turtlesim/srv/detail/teleport_absolute__type_support.h
[20.069s] -- Up-to-date: /workspaces/ros2/ros2_ws/install/turtlesim/include/turtlesim/turtlesim/srv/detail/teleport_relative__functions.c
[20.086s] -- Up-to-date: /workspaces/ros2/ros2_ws/install/turtlesim/include/turtlesim/turtlesim/srv/detail/teleport_relative__functions.h
[20.103s] -- Up-to-date: /workspaces/ros2/ros2_ws/install/turtlesim/include/turtlesim/turtlesim/srv/detail/teleport_relative__struct.h
[20.122s] -- Up-to-date: /workspaces/ros2/ros2_ws/install/turtlesim/include/turtlesim/turtlesim/srv/detail/teleport_relative__type_support.h
[20.137s] -- Up-to-date: /workspaces/ros2/ros2_ws/install/turtlesim/include/turtlesim/turtlesim/srv/kill.h
[20.152s] -- Up-to-date: /workspaces/ros2/ros2_ws/install/turtlesim/include/turtlesim/turtlesim/srv/set_pen.h
[20.167s] -- Up-to-date: /workspaces/ros2/ros2_ws/install/turtlesim/include/turtlesim/turtlesim/srv/spawn.h
[20.182s] -- Up-to-date: /workspaces/ros2/ros2_ws/install/turtlesim/include/turtlesim/turtlesim/srv/teleport_absolute.h
[20.196s] -- Up-to-date: /workspaces/ros2/ros2_ws/install/turtlesim/include/turtlesim/turtlesim/srv/teleport_relative.h
[20.207s] -- Up-to-date: /workspaces/ros2/ros2_ws/install/turtlesim/share/turtlesim/environment/library_path.sh
[20.222s] -- Up-to-date: /workspaces/ros2/ros2_ws/install/turtlesim/share/turtlesim/environment/library_path.dsv
[20.245s] -- Up-to-date: /workspaces/ros2/ros2_ws/install/turtlesim/lib/libturtlesim__rosidl_generator_c.so
[20.270s] -- Up-to-date: /workspaces/ros2/ros2_ws/install/turtlesim/include/turtlesim/turtlesim
[20.284s] -- Up-to-date: /workspaces/ros2/ros2_ws/install/turtlesim/include/turtlesim/turtlesim/action
[20.300s] -- Up-to-date: /workspaces/ros2/ros2_ws/install/turtlesim/include/turtlesim/turtlesim/action/detail
[20.323s] -- Up-to-date: /workspaces/ros2/ros2_ws/install/turtlesim/include/turtlesim/turtlesim/action/detail/rotate_absolute__rosidl_typesupport_fastrtps_c.h
[20.334s] -- Up-to-date: /workspaces/ros2/ros2_ws/install/turtlesim/include/turtlesim/turtlesim/msg
[20.351s] -- Up-to-date: /workspaces/ros2/ros2_ws/install/turtlesim/include/turtlesim/turtlesim/msg/detail
[20.374s] -- Up-to-date: /workspaces/ros2/ros2_ws/install/turtlesim/include/turtlesim/turtlesim/msg/detail/color__rosidl_typesupport_fastrtps_c.h
[20.391s] -- Up-to-date: /workspaces/ros2/ros2_ws/install/turtlesim/include/turtlesim/turtlesim/msg/detail/pose__rosidl_typesupport_fastrtps_c.h
[20.407s] -- Up-to-date: /workspaces/ros2/ros2_ws/install/turtlesim/include/turtlesim/turtlesim/msg/rosidl_typesupport_fastrtps_c__visibility_control.h
[20.418s] -- Up-to-date: /workspaces/ros2/ros2_ws/install/turtlesim/include/turtlesim/turtlesim/srv
[20.435s] -- Up-to-date: /workspaces/ros2/ros2_ws/install/turtlesim/include/turtlesim/turtlesim/srv/detail
[20.457s] -- Up-to-date: /workspaces/ros2/ros2_ws/install/turtlesim/include/turtlesim/turtlesim/srv/detail/kill__rosidl_typesupport_fastrtps_c.h
[20.476s] -- Up-to-date: /workspaces/ros2/ros2_ws/install/turtlesim/include/turtlesim/turtlesim/srv/detail/set_pen__rosidl_typesupport_fastrtps_c.h
[20.492s] -- Up-to-date: /workspaces/ros2/ros2_ws/install/turtlesim/include/turtlesim/turtlesim/srv/detail/spawn__rosidl_typesupport_fastrtps_c.h
[20.510s] -- Up-to-date: /workspaces/ros2/ros2_ws/install/turtlesim/include/turtlesim/turtlesim/srv/detail/teleport_absolute__rosidl_typesupport_fastrtps_c.h
[20.529s] -- Up-to-date: /workspaces/ros2/ros2_ws/install/turtlesim/include/turtlesim/turtlesim/srv/detail/teleport_relative__rosidl_typesupport_fastrtps_c.h
[20.554s] -- Up-to-date: /workspaces/ros2/ros2_ws/install/turtlesim/lib/libturtlesim__rosidl_typesupport_fastrtps_c.so
[20.580s] -- Up-to-date: /workspaces/ros2/ros2_ws/install/turtlesim/include/turtlesim/turtlesim
[20.594s] -- Up-to-date: /workspaces/ros2/ros2_ws/install/turtlesim/include/turtlesim/turtlesim/action
[20.611s] -- Up-to-date: /workspaces/ros2/ros2_ws/install/turtlesim/include/turtlesim/turtlesim/action/detail
[20.634s] -- Up-to-date: /workspaces/ros2/ros2_ws/install/turtlesim/include/turtlesim/turtlesim/action/detail/rotate_absolute__builder.hpp
[20.651s] -- Up-to-date: /workspaces/ros2/ros2_ws/install/turtlesim/include/turtlesim/turtlesim/action/detail/rotate_absolute__struct.hpp
[20.668s] -- Up-to-date: /workspaces/ros2/ros2_ws/install/turtlesim/include/turtlesim/turtlesim/action/detail/rotate_absolute__traits.hpp
[20.684s] -- Up-to-date: /workspaces/ros2/ros2_ws/install/turtlesim/include/turtlesim/turtlesim/action/rotate_absolute.hpp
[20.694s] -- Up-to-date: /workspaces/ros2/ros2_ws/install/turtlesim/include/turtlesim/turtlesim/msg
[20.714s] -- Up-to-date: /workspaces/ros2/ros2_ws/install/turtlesim/include/turtlesim/turtlesim/msg/color.hpp
[20.726s] -- Up-to-date: /workspaces/ros2/ros2_ws/install/turtlesim/include/turtlesim/turtlesim/msg/detail
[20.748s] -- Up-to-date: /workspaces/ros2/ros2_ws/install/turtlesim/include/turtlesim/turtlesim/msg/detail/color__builder.hpp
[20.765s] -- Up-to-date: /workspaces/ros2/ros2_ws/install/turtlesim/include/turtlesim/turtlesim/msg/detail/color__struct.hpp
[20.783s] -- Up-to-date: /workspaces/ros2/ros2_ws/install/turtlesim/include/turtlesim/turtlesim/msg/detail/color__traits.hpp
[20.800s] -- Up-to-date: /workspaces/ros2/ros2_ws/install/turtlesim/include/turtlesim/turtlesim/msg/detail/pose__builder.hpp
[20.818s] -- Up-to-date: /workspaces/ros2/ros2_ws/install/turtlesim/include/turtlesim/turtlesim/msg/detail/pose__struct.hpp
[20.835s] -- Up-to-date: /workspaces/ros2/ros2_ws/install/turtlesim/include/turtlesim/turtlesim/msg/detail/pose__traits.hpp
[20.850s] -- Up-to-date: /workspaces/ros2/ros2_ws/install/turtlesim/include/turtlesim/turtlesim/msg/pose.hpp
[20.861s] -- Up-to-date: /workspaces/ros2/ros2_ws/install/turtlesim/include/turtlesim/turtlesim/srv
[20.878s] -- Up-to-date: /workspaces/ros2/ros2_ws/install/turtlesim/include/turtlesim/turtlesim/srv/detail
[20.900s] -- Up-to-date: /workspaces/ros2/ros2_ws/install/turtlesim/include/turtlesim/turtlesim/srv/detail/kill__builder.hpp
[20.918s] -- Up-to-date: /workspaces/ros2/ros2_ws/install/turtlesim/include/turtlesim/turtlesim/srv/detail/kill__struct.hpp
[20.935s] -- Up-to-date: /workspaces/ros2/ros2_ws/install/turtlesim/include/turtlesim/turtlesim/srv/detail/kill__traits.hpp
[20.953s] -- Up-to-date: /workspaces/ros2/ros2_ws/install/turtlesim/include/turtlesim/turtlesim/srv/detail/set_pen__builder.hpp
[20.972s] -- Up-to-date: /workspaces/ros2/ros2_ws/install/turtlesim/include/turtlesim/turtlesim/srv/detail/set_pen__struct.hpp
[20.989s] -- Up-to-date: /workspaces/ros2/ros2_ws/install/turtlesim/include/turtlesim/turtlesim/srv/detail/set_pen__traits.hpp
[21.005s] -- Up-to-date: /workspaces/ros2/ros2_ws/install/turtlesim/include/turtlesim/turtlesim/srv/detail/spawn__builder.hpp
[21.024s] -- Up-to-date: /workspaces/ros2/ros2_ws/install/turtlesim/include/turtlesim/turtlesim/srv/detail/spawn__struct.hpp
[21.042s] -- Up-to-date: /workspaces/ros2/ros2_ws/install/turtlesim/include/turtlesim/turtlesim/srv/detail/spawn__traits.hpp
[21.059s] -- Up-to-date: /workspaces/ros2/ros2_ws/install/turtlesim/include/turtlesim/turtlesim/srv/detail/teleport_absolute__builder.hpp
[21.076s] -- Up-to-date: /workspaces/ros2/ros2_ws/install/turtlesim/include/turtlesim/turtlesim/srv/detail/teleport_absolute__struct.hpp
[21.093s] -- Up-to-date: /workspaces/ros2/ros2_ws/install/turtlesim/include/turtlesim/turtlesim/srv/detail/teleport_absolute__traits.hpp
[21.110s] -- Up-to-date: /workspaces/ros2/ros2_ws/install/turtlesim/include/turtlesim/turtlesim/srv/detail/teleport_relative__builder.hpp
[21.129s] -- Up-to-date: /workspaces/ros2/ros2_ws/install/turtlesim/include/turtlesim/turtlesim/srv/detail/teleport_relative__struct.hpp
[21.147s] -- Up-to-date: /workspaces/ros2/ros2_ws/install/turtlesim/include/turtlesim/turtlesim/srv/detail/teleport_relative__traits.hpp
[21.162s] -- Up-to-date: /workspaces/ros2/ros2_ws/install/turtlesim/include/turtlesim/turtlesim/srv/kill.hpp
[21.177s] -- Up-to-date: /workspaces/ros2/ros2_ws/install/turtlesim/include/turtlesim/turtlesim/srv/set_pen.hpp
[21.192s] -- Up-to-date: /workspaces/ros2/ros2_ws/install/turtlesim/include/turtlesim/turtlesim/srv/spawn.hpp
[21.207s] -- Up-to-date: /workspaces/ros2/ros2_ws/install/turtlesim/include/turtlesim/turtlesim/srv/teleport_absolute.hpp
[21.222s] -- Up-to-date: /workspaces/ros2/ros2_ws/install/turtlesim/include/turtlesim/turtlesim/srv/teleport_relative.hpp
[21.232s] -- Up-to-date: /workspaces/ros2/ros2_ws/install/turtlesim/include/turtlesim/turtlesim
[21.247s] -- Up-to-date: /workspaces/ros2/ros2_ws/install/turtlesim/include/turtlesim/turtlesim/action
[21.264s] -- Up-to-date: /workspaces/ros2/ros2_ws/install/turtlesim/include/turtlesim/turtlesim/action/detail
[21.285s] -- Up-to-date: /workspaces/ros2/ros2_ws/install/turtlesim/include/turtlesim/turtlesim/action/detail/dds_fastrtps
[21.309s] -- Up-to-date: /workspaces/ros2/ros2_ws/install/turtlesim/include/turtlesim/turtlesim/action/detail/rotate_absolute__rosidl_typesupport_fastrtps_cpp.hpp
[21.322s] -- Up-to-date: /workspaces/ros2/ros2_ws/install/turtlesim/include/turtlesim/turtlesim/msg
[21.339s] -- Up-to-date: /workspaces/ros2/ros2_ws/install/turtlesim/include/turtlesim/turtlesim/msg/detail
[21.362s] -- Up-to-date: /workspaces/ros2/ros2_ws/install/turtlesim/include/turtlesim/turtlesim/msg/detail/color__rosidl_typesupport_fastrtps_cpp.hpp
[21.376s] -- Up-to-date: /workspaces/ros2/ros2_ws/install/turtlesim/include/turtlesim/turtlesim/msg/detail/dds_fastrtps
[21.401s] -- Up-to-date: /workspaces/ros2/ros2_ws/install/turtlesim/include/turtlesim/turtlesim/msg/detail/pose__rosidl_typesupport_fastrtps_cpp.hpp
[21.418s] -- Up-to-date: /workspaces/ros2/ros2_ws/install/turtlesim/include/turtlesim/turtlesim/msg/rosidl_typesupport_fastrtps_cpp__visibility_control.h
[21.429s] -- Up-to-date: /workspaces/ros2/ros2_ws/install/turtlesim/include/turtlesim/turtlesim/srv
[21.446s] -- Up-to-date: /workspaces/ros2/ros2_ws/install/turtlesim/include/turtlesim/turtlesim/srv/detail
[21.466s] -- Up-to-date: /workspaces/ros2/ros2_ws/install/turtlesim/include/turtlesim/turtlesim/srv/detail/dds_fastrtps
[21.491s] -- Up-to-date: /workspaces/ros2/ros2_ws/install/turtlesim/include/turtlesim/turtlesim/srv/detail/kill__rosidl_typesupport_fastrtps_cpp.hpp
[21.508s] -- Up-to-date: /workspaces/ros2/ros2_ws/install/turtlesim/include/turtlesim/turtlesim/srv/detail/set_pen__rosidl_typesupport_fastrtps_cpp.hpp
[21.527s] -- Up-to-date: /workspaces/ros2/ros2_ws/install/turtlesim/include/turtlesim/turtlesim/srv/detail/spawn__rosidl_typesupport_fastrtps_cpp.hpp
[21.544s] -- Up-to-date: /workspaces/ros2/ros2_ws/install/turtlesim/include/turtlesim/turtlesim/srv/detail/teleport_absolute__rosidl_typesupport_fastrtps_cpp.hpp
[21.561s] -- Up-to-date: /workspaces/ros2/ros2_ws/install/turtlesim/include/turtlesim/turtlesim/srv/detail/teleport_relative__rosidl_typesupport_fastrtps_cpp.hpp
[21.589s] -- Up-to-date: /workspaces/ros2/ros2_ws/install/turtlesim/lib/libturtlesim__rosidl_typesupport_fastrtps_cpp.so
[21.616s] -- Up-to-date: /workspaces/ros2/ros2_ws/install/turtlesim/include/turtlesim/turtlesim
[21.630s] -- Up-to-date: /workspaces/ros2/ros2_ws/install/turtlesim/include/turtlesim/turtlesim/action
[21.647s] -- Up-to-date: /workspaces/ros2/ros2_ws/install/turtlesim/include/turtlesim/turtlesim/action/detail
[21.670s] -- Up-to-date: /workspaces/ros2/ros2_ws/install/turtlesim/include/turtlesim/turtlesim/action/detail/rotate_absolute__rosidl_typesupport_introspection_c.h
[21.689s] -- Up-to-date: /workspaces/ros2/ros2_ws/install/turtlesim/include/turtlesim/turtlesim/action/detail/rotate_absolute__type_support.c
[21.701s] -- Up-to-date: /workspaces/ros2/ros2_ws/install/turtlesim/include/turtlesim/turtlesim/msg
[21.719s] -- Up-to-date: /workspaces/ros2/ros2_ws/install/turtlesim/include/turtlesim/turtlesim/msg/detail
[21.743s] -- Up-to-date: /workspaces/ros2/ros2_ws/install/turtlesim/include/turtlesim/turtlesim/msg/detail/color__rosidl_typesupport_introspection_c.h
[21.760s] -- Up-to-date: /workspaces/ros2/ros2_ws/install/turtlesim/include/turtlesim/turtlesim/msg/detail/color__type_support.c
[21.778s] -- Up-to-date: /workspaces/ros2/ros2_ws/install/turtlesim/include/turtlesim/turtlesim/msg/detail/pose__rosidl_typesupport_introspection_c.h
[21.795s] -- Up-to-date: /workspaces/ros2/ros2_ws/install/turtlesim/include/turtlesim/turtlesim/msg/detail/pose__type_support.c
[21.811s] -- Up-to-date: /workspaces/ros2/ros2_ws/install/turtlesim/include/turtlesim/turtlesim/msg/rosidl_typesupport_introspection_c__visibility_control.h
[21.823s] -- Up-to-date: /workspaces/ros2/ros2_ws/install/turtlesim/include/turtlesim/turtlesim/srv
[21.839s] -- Up-to-date: /workspaces/ros2/ros2_ws/install/turtlesim/include/turtlesim/turtlesim/srv/detail
[21.863s] -- Up-to-date: /workspaces/ros2/ros2_ws/install/turtlesim/include/turtlesim/turtlesim/srv/detail/kill__rosidl_typesupport_introspection_c.h
[21.880s] -- Up-to-date: /workspaces/ros2/ros2_ws/install/turtlesim/include/turtlesim/turtlesim/srv/detail/kill__type_support.c
[21.898s] -- Up-to-date: /workspaces/ros2/ros2_ws/install/turtlesim/include/turtlesim/turtlesim/srv/detail/set_pen__rosidl_typesupport_introspection_c.h
[21.916s] -- Up-to-date: /workspaces/ros2/ros2_ws/install/turtlesim/include/turtlesim/turtlesim/srv/detail/set_pen__type_support.c
[21.934s] -- Up-to-date: /workspaces/ros2/ros2_ws/install/turtlesim/include/turtlesim/turtlesim/srv/detail/spawn__rosidl_typesupport_introspection_c.h
[21.951s] -- Up-to-date: /workspaces/ros2/ros2_ws/install/turtlesim/include/turtlesim/turtlesim/srv/detail/spawn__type_support.c
[21.969s] -- Up-to-date: /workspaces/ros2/ros2_ws/install/turtlesim/include/turtlesim/turtlesim/srv/detail/teleport_absolute__rosidl_typesupport_introspection_c.h
[21.987s] -- Up-to-date: /workspaces/ros2/ros2_ws/install/turtlesim/include/turtlesim/turtlesim/srv/detail/teleport_absolute__type_support.c
[22.005s] -- Up-to-date: /workspaces/ros2/ros2_ws/install/turtlesim/include/turtlesim/turtlesim/srv/detail/teleport_relative__rosidl_typesupport_introspection_c.h
[22.023s] -- Up-to-date: /workspaces/ros2/ros2_ws/install/turtlesim/include/turtlesim/turtlesim/srv/detail/teleport_relative__type_support.c
[22.049s] -- Up-to-date: /workspaces/ros2/ros2_ws/install/turtlesim/lib/libturtlesim__rosidl_typesupport_introspection_c.so
[22.089s] -- Up-to-date: /workspaces/ros2/ros2_ws/install/turtlesim/lib/libturtlesim__rosidl_typesupport_c.so
[22.116s] -- Up-to-date: /workspaces/ros2/ros2_ws/install/turtlesim/include/turtlesim/turtlesim
[22.130s] -- Up-to-date: /workspaces/ros2/ros2_ws/install/turtlesim/include/turtlesim/turtlesim/action
[22.147s] -- Up-to-date: /workspaces/ros2/ros2_ws/install/turtlesim/include/turtlesim/turtlesim/action/detail
[22.170s] -- Up-to-date: /workspaces/ros2/ros2_ws/install/turtlesim/include/turtlesim/turtlesim/action/detail/rotate_absolute__rosidl_typesupport_introspection_cpp.hpp
[22.187s] -- Up-to-date: /workspaces/ros2/ros2_ws/install/turtlesim/include/turtlesim/turtlesim/action/detail/rotate_absolute__type_support.cpp
[22.198s] -- Up-to-date: /workspaces/ros2/ros2_ws/install/turtlesim/include/turtlesim/turtlesim/msg
[22.215s] -- Up-to-date: /workspaces/ros2/ros2_ws/install/turtlesim/include/turtlesim/turtlesim/msg/detail
[22.238s] -- Up-to-date: /workspaces/ros2/ros2_ws/install/turtlesim/include/turtlesim/turtlesim/msg/detail/color__rosidl_typesupport_introspection_cpp.hpp
[22.255s] -- Up-to-date: /workspaces/ros2/ros2_ws/install/turtlesim/include/turtlesim/turtlesim/msg/detail/color__type_support.cpp
[22.271s] -- Up-to-date: /workspaces/ros2/ros2_ws/install/turtlesim/include/turtlesim/turtlesim/msg/detail/pose__rosidl_typesupport_introspection_cpp.hpp
[22.289s] -- Up-to-date: /workspaces/ros2/ros2_ws/install/turtlesim/include/turtlesim/turtlesim/msg/detail/pose__type_support.cpp
[22.300s] -- Up-to-date: /workspaces/ros2/ros2_ws/install/turtlesim/include/turtlesim/turtlesim/srv
[22.317s] -- Up-to-date: /workspaces/ros2/ros2_ws/install/turtlesim/include/turtlesim/turtlesim/srv/detail
[22.340s] -- Up-to-date: /workspaces/ros2/ros2_ws/install/turtlesim/include/turtlesim/turtlesim/srv/detail/kill__rosidl_typesupport_introspection_cpp.hpp
[22.356s] -- Up-to-date: /workspaces/ros2/ros2_ws/install/turtlesim/include/turtlesim/turtlesim/srv/detail/kill__type_support.cpp
[22.374s] -- Up-to-date: /workspaces/ros2/ros2_ws/install/turtlesim/include/turtlesim/turtlesim/srv/detail/set_pen__rosidl_typesupport_introspection_cpp.hpp
[22.391s] -- Up-to-date: /workspaces/ros2/ros2_ws/install/turtlesim/include/turtlesim/turtlesim/srv/detail/set_pen__type_support.cpp
[22.408s] -- Up-to-date: /workspaces/ros2/ros2_ws/install/turtlesim/include/turtlesim/turtlesim/srv/detail/spawn__rosidl_typesupport_introspection_cpp.hpp
[22.426s] -- Up-to-date: /workspaces/ros2/ros2_ws/install/turtlesim/include/turtlesim/turtlesim/srv/detail/spawn__type_support.cpp
[22.443s] -- Up-to-date: /workspaces/ros2/ros2_ws/install/turtlesim/include/turtlesim/turtlesim/srv/detail/teleport_absolute__rosidl_typesupport_introspection_cpp.hpp
[22.460s] -- Up-to-date: /workspaces/ros2/ros2_ws/install/turtlesim/include/turtlesim/turtlesim/srv/detail/teleport_absolute__type_support.cpp
[22.478s] -- Up-to-date: /workspaces/ros2/ros2_ws/install/turtlesim/include/turtlesim/turtlesim/srv/detail/teleport_relative__rosidl_typesupport_introspection_cpp.hpp
[22.495s] -- Up-to-date: /workspaces/ros2/ros2_ws/install/turtlesim/include/turtlesim/turtlesim/srv/detail/teleport_relative__type_support.cpp
[22.520s] -- Up-to-date: /workspaces/ros2/ros2_ws/install/turtlesim/lib/libturtlesim__rosidl_typesupport_introspection_cpp.so
[22.562s] -- Up-to-date: /workspaces/ros2/ros2_ws/install/turtlesim/lib/libturtlesim__rosidl_typesupport_cpp.so
[22.591s] -- Up-to-date: /workspaces/ros2/ros2_ws/install/turtlesim/share/turtlesim/environment/pythonpath.sh
[22.604s] -- Up-to-date: /workspaces/ros2/ros2_ws/install/turtlesim/share/turtlesim/environment/pythonpath.dsv
[22.615s] -- Up-to-date: /workspaces/ros2/ros2_ws/install/turtlesim/local/lib/python3.10/dist-packages/turtlesim-1.4.2-py3.10.egg-info
[22.636s] -- Installing: /workspaces/ros2/ros2_ws/install/turtlesim/local/lib/python3.10/dist-packages/turtlesim-1.4.2-py3.10.egg-info/dependency_links.txt
[22.694s] -- Installing: /workspaces/ros2/ros2_ws/install/turtlesim/local/lib/python3.10/dist-packages/turtlesim-1.4.2-py3.10.egg-info/PKG-INFO
[22.753s] -- Installing: /workspaces/ros2/ros2_ws/install/turtlesim/local/lib/python3.10/dist-packages/turtlesim-1.4.2-py3.10.egg-info/SOURCES.txt
[22.811s] -- Installing: /workspaces/ros2/ros2_ws/install/turtlesim/local/lib/python3.10/dist-packages/turtlesim-1.4.2-py3.10.egg-info/top_level.txt
[22.866s] -- Up-to-date: /workspaces/ros2/ros2_ws/install/turtlesim/local/lib/python3.10/dist-packages/turtlesim
[22.883s] -- Up-to-date: /workspaces/ros2/ros2_ws/install/turtlesim/local/lib/python3.10/dist-packages/turtlesim/action
[22.905s] -- Up-to-date: /workspaces/ros2/ros2_ws/install/turtlesim/local/lib/python3.10/dist-packages/turtlesim/action/_rotate_absolute.py
[22.923s] -- Up-to-date: /workspaces/ros2/ros2_ws/install/turtlesim/local/lib/python3.10/dist-packages/turtlesim/action/_rotate_absolute_s.c
[22.940s] -- Up-to-date: /workspaces/ros2/ros2_ws/install/turtlesim/local/lib/python3.10/dist-packages/turtlesim/action/__init__.py
[22.955s] -- Up-to-date: /workspaces/ros2/ros2_ws/install/turtlesim/local/lib/python3.10/dist-packages/turtlesim/libturtlesim__rosidl_generator_py.so
[22.968s] -- Up-to-date: /workspaces/ros2/ros2_ws/install/turtlesim/local/lib/python3.10/dist-packages/turtlesim/msg
[22.990s] -- Up-to-date: /workspaces/ros2/ros2_ws/install/turtlesim/local/lib/python3.10/dist-packages/turtlesim/msg/_color.py
[23.007s] -- Up-to-date: /workspaces/ros2/ros2_ws/install/turtlesim/local/lib/python3.10/dist-packages/turtlesim/msg/_color_s.c
[23.025s] -- Up-to-date: /workspaces/ros2/ros2_ws/install/turtlesim/local/lib/python3.10/dist-packages/turtlesim/msg/_pose.py
[23.042s] -- Up-to-date: /workspaces/ros2/ros2_ws/install/turtlesim/local/lib/python3.10/dist-packages/turtlesim/msg/_pose_s.c
[23.059s] -- Up-to-date: /workspaces/ros2/ros2_ws/install/turtlesim/local/lib/python3.10/dist-packages/turtlesim/msg/__init__.py
[23.072s] -- Up-to-date: /workspaces/ros2/ros2_ws/install/turtlesim/local/lib/python3.10/dist-packages/turtlesim/srv
[23.095s] -- Up-to-date: /workspaces/ros2/ros2_ws/install/turtlesim/local/lib/python3.10/dist-packages/turtlesim/srv/_kill.py
[23.112s] -- Up-to-date: /workspaces/ros2/ros2_ws/install/turtlesim/local/lib/python3.10/dist-packages/turtlesim/srv/_kill_s.c
[23.130s] -- Up-to-date: /workspaces/ros2/ros2_ws/install/turtlesim/local/lib/python3.10/dist-packages/turtlesim/srv/_set_pen.py
[23.147s] -- Up-to-date: /workspaces/ros2/ros2_ws/install/turtlesim/local/lib/python3.10/dist-packages/turtlesim/srv/_set_pen_s.c
[23.164s] -- Up-to-date: /workspaces/ros2/ros2_ws/install/turtlesim/local/lib/python3.10/dist-packages/turtlesim/srv/_spawn.py
[23.182s] -- Up-to-date: /workspaces/ros2/ros2_ws/install/turtlesim/local/lib/python3.10/dist-packages/turtlesim/srv/_spawn_s.c
[23.198s] -- Up-to-date: /workspaces/ros2/ros2_ws/install/turtlesim/local/lib/python3.10/dist-packages/turtlesim/srv/_teleport_absolute.py
[23.216s] -- Up-to-date: /workspaces/ros2/ros2_ws/install/turtlesim/local/lib/python3.10/dist-packages/turtlesim/srv/_teleport_absolute_s.c
[23.232s] -- Up-to-date: /workspaces/ros2/ros2_ws/install/turtlesim/local/lib/python3.10/dist-packages/turtlesim/srv/_teleport_relative.py
[23.249s] -- Up-to-date: /workspaces/ros2/ros2_ws/install/turtlesim/local/lib/python3.10/dist-packages/turtlesim/srv/_teleport_relative_s.c
[23.266s] -- Up-to-date: /workspaces/ros2/ros2_ws/install/turtlesim/local/lib/python3.10/dist-packages/turtlesim/srv/__init__.py
[23.281s] -- Up-to-date: /workspaces/ros2/ros2_ws/install/turtlesim/local/lib/python3.10/dist-packages/turtlesim/turtlesim_s__rosidl_typesupport_c.cpython-310-x86_64-linux-gnu.so
[23.295s] -- Up-to-date: /workspaces/ros2/ros2_ws/install/turtlesim/local/lib/python3.10/dist-packages/turtlesim/turtlesim_s__rosidl_typesupport_fastrtps_c.cpython-310-x86_64-linux-gnu.so
[23.309s] -- Up-to-date: /workspaces/ros2/ros2_ws/install/turtlesim/local/lib/python3.10/dist-packages/turtlesim/turtlesim_s__rosidl_typesupport_introspection_c.cpython-310-x86_64-linux-gnu.so
[23.324s] -- Up-to-date: /workspaces/ros2/ros2_ws/install/turtlesim/local/lib/python3.10/dist-packages/turtlesim/_turtlesim_s.ep.rosidl_typesupport_c.c
[23.339s] -- Up-to-date: /workspaces/ros2/ros2_ws/install/turtlesim/local/lib/python3.10/dist-packages/turtlesim/_turtlesim_s.ep.rosidl_typesupport_fastrtps_c.c
[23.353s] -- Up-to-date: /workspaces/ros2/ros2_ws/install/turtlesim/local/lib/python3.10/dist-packages/turtlesim/_turtlesim_s.ep.rosidl_typesupport_introspection_c.c
[23.367s] -- Up-to-date: /workspaces/ros2/ros2_ws/install/turtlesim/local/lib/python3.10/dist-packages/turtlesim/__init__.py
[23.651s] Listing '/workspaces/ros2/ros2_ws/install/turtlesim/local/lib/python3.10/dist-packages/turtlesim'...
[23.651s] Listing '/workspaces/ros2/ros2_ws/install/turtlesim/local/lib/python3.10/dist-packages/turtlesim/action'...
[23.652s] Listing '/workspaces/ros2/ros2_ws/install/turtlesim/local/lib/python3.10/dist-packages/turtlesim/msg'...
[23.652s] Listing '/workspaces/ros2/ros2_ws/install/turtlesim/local/lib/python3.10/dist-packages/turtlesim/srv'...
[23.688s] -- Up-to-date: /workspaces/ros2/ros2_ws/install/turtlesim/local/lib/python3.10/dist-packages/turtlesim/turtlesim_s__rosidl_typesupport_fastrtps_c.cpython-310-x86_64-linux-gnu.so
[23.750s] -- Up-to-date: /workspaces/ros2/ros2_ws/install/turtlesim/local/lib/python3.10/dist-packages/turtlesim/turtlesim_s__rosidl_typesupport_introspection_c.cpython-310-x86_64-linux-gnu.so
[23.813s] -- Up-to-date: /workspaces/ros2/ros2_ws/install/turtlesim/local/lib/python3.10/dist-packages/turtlesim/turtlesim_s__rosidl_typesupport_c.cpython-310-x86_64-linux-gnu.so
[23.866s] -- Up-to-date: /workspaces/ros2/ros2_ws/install/turtlesim/lib/libturtlesim__rosidl_generator_py.so
[23.899s] -- Up-to-date: /workspaces/ros2/ros2_ws/install/turtlesim/share/turtlesim/action/RotateAbsolute.idl
[23.915s] -- Up-to-date: /workspaces/ros2/ros2_ws/install/turtlesim/share/turtlesim/msg/Color.idl
[23.932s] -- Up-to-date: /workspaces/ros2/ros2_ws/install/turtlesim/share/turtlesim/msg/Pose.idl
[23.949s] -- Up-to-date: /workspaces/ros2/ros2_ws/install/turtlesim/share/turtlesim/srv/Kill.idl
[23.965s] -- Up-to-date: /workspaces/ros2/ros2_ws/install/turtlesim/share/turtlesim/srv/SetPen.idl
[23.982s] -- Up-to-date: /workspaces/ros2/ros2_ws/install/turtlesim/share/turtlesim/srv/Spawn.idl
[23.998s] -- Up-to-date: /workspaces/ros2/ros2_ws/install/turtlesim/share/turtlesim/srv/TeleportAbsolute.idl
[24.015s] -- Up-to-date: /workspaces/ros2/ros2_ws/install/turtlesim/share/turtlesim/srv/TeleportRelative.idl
[24.033s] -- Up-to-date: /workspaces/ros2/ros2_ws/install/turtlesim/share/turtlesim/action/RotateAbsolute.action
[24.051s] -- Up-to-date: /workspaces/ros2/ros2_ws/install/turtlesim/share/turtlesim/msg/Color.msg
[24.069s] -- Up-to-date: /workspaces/ros2/ros2_ws/install/turtlesim/share/turtlesim/msg/Pose.msg
[24.087s] -- Up-to-date: /workspaces/ros2/ros2_ws/install/turtlesim/share/turtlesim/srv/Kill.srv
[24.101s] -- Up-to-date: /workspaces/ros2/ros2_ws/install/turtlesim/share/turtlesim/srv/Kill_Request.msg
[24.118s] -- Up-to-date: /workspaces/ros2/ros2_ws/install/turtlesim/share/turtlesim/srv/Kill_Response.msg
[24.136s] -- Up-to-date: /workspaces/ros2/ros2_ws/install/turtlesim/share/turtlesim/srv/SetPen.srv
[24.151s] -- Up-to-date: /workspaces/ros2/ros2_ws/install/turtlesim/share/turtlesim/srv/SetPen_Request.msg
[24.167s] -- Up-to-date: /workspaces/ros2/ros2_ws/install/turtlesim/share/turtlesim/srv/SetPen_Response.msg
[24.186s] -- Up-to-date: /workspaces/ros2/ros2_ws/install/turtlesim/share/turtlesim/srv/Spawn.srv
[24.201s] -- Up-to-date: /workspaces/ros2/ros2_ws/install/turtlesim/share/turtlesim/srv/Spawn_Request.msg
[24.216s] -- Up-to-date: /workspaces/ros2/ros2_ws/install/turtlesim/share/turtlesim/srv/Spawn_Response.msg
[24.235s] -- Up-to-date: /workspaces/ros2/ros2_ws/install/turtlesim/share/turtlesim/srv/TeleportAbsolute.srv
[24.250s] -- Up-to-date: /workspaces/ros2/ros2_ws/install/turtlesim/share/turtlesim/srv/TeleportAbsolute_Request.msg
[24.264s] -- Up-to-date: /workspaces/ros2/ros2_ws/install/turtlesim/share/turtlesim/srv/TeleportAbsolute_Response.msg
[24.283s] -- Up-to-date: /workspaces/ros2/ros2_ws/install/turtlesim/share/turtlesim/srv/TeleportRelative.srv
[24.298s] -- Up-to-date: /workspaces/ros2/ros2_ws/install/turtlesim/share/turtlesim/srv/TeleportRelative_Request.msg
[24.313s] -- Up-to-date: /workspaces/ros2/ros2_ws/install/turtlesim/share/turtlesim/srv/TeleportRelative_Response.msg
[24.343s] -- Installing: /workspaces/ros2/ros2_ws/install/turtlesim/lib/turtlesim/turtlesim_node
[24.668s] -- Set runtime path of "/workspaces/ros2/ros2_ws/install/turtlesim/lib/turtlesim/turtlesim_node" to ""
[24.695s] -- Up-to-date: /workspaces/ros2/ros2_ws/install/turtlesim/lib/turtlesim/turtle_teleop_key
[24.744s] -- Up-to-date: /workspaces/ros2/ros2_ws/install/turtlesim/lib/turtlesim/draw_square
[24.791s] -- Up-to-date: /workspaces/ros2/ros2_ws/install/turtlesim/lib/turtlesim/mimic
[24.823s] -- Up-to-date: /workspaces/ros2/ros2_ws/install/turtlesim/share/turtlesim/images
[24.842s] -- Up-to-date: /workspaces/ros2/ros2_ws/install/turtlesim/share/turtlesim/images/ardent.png
[24.858s] -- Up-to-date: /workspaces/ros2/ros2_ws/install/turtlesim/share/turtlesim/images/bouncy.png
[24.872s] -- Up-to-date: /workspaces/ros2/ros2_ws/install/turtlesim/share/turtlesim/images/crystal.png
[24.887s] -- Up-to-date: /workspaces/ros2/ros2_ws/install/turtlesim/share/turtlesim/images/dashing.png
[24.902s] -- Up-to-date: /workspaces/ros2/ros2_ws/install/turtlesim/share/turtlesim/images/eloquent.png
[24.917s] -- Up-to-date: /workspaces/ros2/ros2_ws/install/turtlesim/share/turtlesim/images/foxy.png
[24.933s] -- Up-to-date: /workspaces/ros2/ros2_ws/install/turtlesim/share/turtlesim/images/galactic.png
[24.948s] -- Up-to-date: /workspaces/ros2/ros2_ws/install/turtlesim/share/turtlesim/images/humble.png
[24.963s] -- Up-to-date: /workspaces/ros2/ros2_ws/install/turtlesim/share/turtlesim/images/rolling.png
[24.974s] -- Up-to-date: /workspaces/ros2/ros2_ws/install/turtlesim/share/turtlesim/launch
[24.992s] -- Up-to-date: /workspaces/ros2/ros2_ws/install/turtlesim/share/turtlesim/launch/multisim.launch.py
[25.013s] -- Up-to-date: /workspaces/ros2/ros2_ws/install/turtlesim/share/ament_index/resource_index/package_run_dependencies/turtlesim
[25.036s] -- Up-to-date: /workspaces/ros2/ros2_ws/install/turtlesim/share/ament_index/resource_index/parent_prefix_path/turtlesim
[25.048s] -- Up-to-date: /workspaces/ros2/ros2_ws/install/turtlesim/share/turtlesim/environment/ament_prefix_path.sh
[25.065s] -- Up-to-date: /workspaces/ros2/ros2_ws/install/turtlesim/share/turtlesim/environment/ament_prefix_path.dsv
[25.076s] -- Up-to-date: /workspaces/ros2/ros2_ws/install/turtlesim/share/turtlesim/environment/path.sh
[25.091s] -- Up-to-date: /workspaces/ros2/ros2_ws/install/turtlesim/share/turtlesim/environment/path.dsv
[25.105s] -- Up-to-date: /workspaces/ros2/ros2_ws/install/turtlesim/share/turtlesim/local_setup.bash
[25.119s] -- Up-to-date: /workspaces/ros2/ros2_ws/install/turtlesim/share/turtlesim/local_setup.sh
[25.133s] -- Up-to-date: /workspaces/ros2/ros2_ws/install/turtlesim/share/turtlesim/local_setup.zsh
[25.145s] -- Up-to-date: /workspaces/ros2/ros2_ws/install/turtlesim/share/turtlesim/local_setup.dsv
[25.157s] -- Installing: /workspaces/ros2/ros2_ws/install/turtlesim/share/turtlesim/package.dsv
[25.205s] -- Up-to-date: /workspaces/ros2/ros2_ws/install/turtlesim/share/ament_index/resource_index/packages/turtlesim
[25.236s] -- Up-to-date: /workspaces/ros2/ros2_ws/install/turtlesim/share/turtlesim/cmake/export_turtlesim__rosidl_generator_cExport.cmake
[25.256s] -- Up-to-date: /workspaces/ros2/ros2_ws/install/turtlesim/share/turtlesim/cmake/export_turtlesim__rosidl_generator_cExport-noconfig.cmake
[25.285s] -- Up-to-date: /workspaces/ros2/ros2_ws/install/turtlesim/share/turtlesim/cmake/export_turtlesim__rosidl_typesupport_fastrtps_cExport.cmake
[25.304s] -- Up-to-date: /workspaces/ros2/ros2_ws/install/turtlesim/share/turtlesim/cmake/export_turtlesim__rosidl_typesupport_fastrtps_cExport-noconfig.cmake
[25.334s] -- Up-to-date: /workspaces/ros2/ros2_ws/install/turtlesim/share/turtlesim/cmake/export_turtlesim__rosidl_generator_cppExport.cmake
[25.363s] -- Up-to-date: /workspaces/ros2/ros2_ws/install/turtlesim/share/turtlesim/cmake/export_turtlesim__rosidl_typesupport_fastrtps_cppExport.cmake
[25.384s] -- Up-to-date: /workspaces/ros2/ros2_ws/install/turtlesim/share/turtlesim/cmake/export_turtlesim__rosidl_typesupport_fastrtps_cppExport-noconfig.cmake
[25.411s] -- Up-to-date: /workspaces/ros2/ros2_ws/install/turtlesim/share/turtlesim/cmake/turtlesim__rosidl_typesupport_introspection_cExport.cmake
[25.431s] -- Up-to-date: /workspaces/ros2/ros2_ws/install/turtlesim/share/turtlesim/cmake/turtlesim__rosidl_typesupport_introspection_cExport-noconfig.cmake
[25.461s] -- Up-to-date: /workspaces/ros2/ros2_ws/install/turtlesim/share/turtlesim/cmake/turtlesim__rosidl_typesupport_cExport.cmake
[25.480s] -- Up-to-date: /workspaces/ros2/ros2_ws/install/turtlesim/share/turtlesim/cmake/turtlesim__rosidl_typesupport_cExport-noconfig.cmake
[25.510s] -- Up-to-date: /workspaces/ros2/ros2_ws/install/turtlesim/share/turtlesim/cmake/turtlesim__rosidl_typesupport_introspection_cppExport.cmake
[25.530s] -- Up-to-date: /workspaces/ros2/ros2_ws/install/turtlesim/share/turtlesim/cmake/turtlesim__rosidl_typesupport_introspection_cppExport-noconfig.cmake
[25.559s] -- Up-to-date: /workspaces/ros2/ros2_ws/install/turtlesim/share/turtlesim/cmake/turtlesim__rosidl_typesupport_cppExport.cmake
[25.578s] -- Up-to-date: /workspaces/ros2/ros2_ws/install/turtlesim/share/turtlesim/cmake/turtlesim__rosidl_typesupport_cppExport-noconfig.cmake
[25.607s] -- Up-to-date: /workspaces/ros2/ros2_ws/install/turtlesim/share/turtlesim/cmake/export_turtlesim__rosidl_generator_pyExport.cmake
[25.627s] -- Up-to-date: /workspaces/ros2/ros2_ws/install/turtlesim/share/turtlesim/cmake/export_turtlesim__rosidl_generator_pyExport-noconfig.cmake
[25.641s] -- Up-to-date: /workspaces/ros2/ros2_ws/install/turtlesim/share/turtlesim/cmake/rosidl_cmake-extras.cmake
[25.654s] -- Up-to-date: /workspaces/ros2/ros2_ws/install/turtlesim/share/turtlesim/cmake/ament_cmake_export_dependencies-extras.cmake
[25.668s] -- Up-to-date: /workspaces/ros2/ros2_ws/install/turtlesim/share/turtlesim/cmake/ament_cmake_export_include_directories-extras.cmake
[25.682s] -- Up-to-date: /workspaces/ros2/ros2_ws/install/turtlesim/share/turtlesim/cmake/ament_cmake_export_libraries-extras.cmake
[25.695s] -- Up-to-date: /workspaces/ros2/ros2_ws/install/turtlesim/share/turtlesim/cmake/ament_cmake_export_targets-extras.cmake
[25.709s] -- Up-to-date: /workspaces/ros2/ros2_ws/install/turtlesim/share/turtlesim/cmake/rosidl_cmake_export_typesupport_targets-extras.cmake
[25.723s] -- Up-to-date: /workspaces/ros2/ros2_ws/install/turtlesim/share/turtlesim/cmake/rosidl_cmake_export_typesupport_libraries-extras.cmake
[25.737s] -- Up-to-date: /workspaces/ros2/ros2_ws/install/turtlesim/share/turtlesim/cmake/turtlesimConfig.cmake
[25.747s] -- Up-to-date: /workspaces/ros2/ros2_ws/install/turtlesim/share/turtlesim/cmake/turtlesimConfig-version.cmake
[25.762s] -- Up-to-date: /workspaces/ros2/ros2_ws/install/turtlesim/share/turtlesim/package.xml
[25.775s] Invoked command in '/workspaces/ros2/ros2_ws/build/turtlesim' returned '0': CMAKE_PREFIX_PATH=/opt/ros/humble /usr/bin/cmake --install /workspaces/ros2/ros2_ws/build/turtlesim
